logs/gs_15e_0.0_0.0.log
worst 5 classes in baseline:     {29: 0.0762, 172: 0.0816, 184: 0.0929, 194: 0.098, 154: 0.1323}
current acc on 5 worst classes:  {29: 0.0762, 172: 0.0816, 184: 0.0929, 194: 0.098, 154: 0.1323}
acc diff on 5 worst classes:     {29: 0.0, 172: 0.0, 184: 0.0, 194: 0.0, 154: 0.0}
5 classes with largest diff:     {0: 0.0, 1: 0.0, 2: 0.0, 3: 0.0, 4: 0.0}
5 classes with largest impv:     {0: 0.0, 1: 0.0, 2: 0.0, 3: 0.0, 4: 0.0}

logs/gs_15e_0.0_0.4.log
worst 5 classes in baseline:     {29: 0.0762, 172: 0.0816, 184: 0.0929, 194: 0.098, 154: 0.1323}
current acc on 5 worst classes:  {29: 0.1048, 172: 0.0952, 184: 0.15, 194: 0.084, 154: 0.1746}
acc diff on 5 worst classes:     {29: 0.0286, 172: 0.0136, 184: 0.0571, 194: -0.014, 154: 0.0423}
5 classes with largest diff:     {204: 0.1989, 217: 0.1458, 76: 0.1455, 82: 0.1178, 55: 0.1167}
5 classes with largest impv:     {184: 0.6149, 204: 0.4931, 55: 0.4154, 29: 0.3754, 96: 0.345}

logs/gs_15e_0.2_0.2.log
worst 5 classes in baseline:     {29: 0.0762, 172: 0.0816, 184: 0.0929, 194: 0.098, 154: 0.1323}
current acc on 5 worst classes:  {29: 0.1, 172: 0.0952, 184: 0.1595, 194: 0.1345, 154: 0.1534}
acc diff on 5 worst classes:     {29: 0.0238, 172: 0.0136, 184: 0.0667, 194: 0.0364, 154: 0.0212}
5 classes with largest diff:     {111: 0.1518, 168: 0.127, 204: 0.1261, 0: 0.1253, 98: 0.1161}
5 classes with largest impv:     {184: 0.7183, 118: 0.4614, 79: 0.4563, 198: 0.4033, 168: 0.378}

logs/gs_15e_0.4_0.0.log
worst 5 classes in baseline:     {29: 0.0762, 172: 0.0816, 184: 0.0929, 194: 0.098, 154: 0.1323}
current acc on 5 worst classes:  {29: 0.069, 172: 0.0408, 184: 0.081, 194: 0.0504, 154: 0.1481}
acc diff on 5 worst classes:     {29: -0.0071, 172: -0.0408, 184: -0.0119, 194: -0.0476, 154: 0.0159}
5 classes with largest diff:     {111: 0.1815, 204: 0.1709, 86: 0.164, 174: 0.1548, 217: 0.1488}
5 classes with largest impv:     {204: 0.4237, 86: 0.4189, 111: 0.4121, 55: 0.3559, 217: 0.2857}

