
Dataset: cifar100
Config: more_0.0_0.0
Metric		AUC		Std Dev
----------------------------------------
false_alarm_rate	0.00502038	0.00258028
macro_f1		0.43966757	0.13352339
macro_precision	0.45648670	0.13264477
macro_recall		0.44415883	0.15701408
weighted_f1		0.43966757	0.13352339
weighted_precision	0.45648676	0.13264477
weighted_recall	0.44415889	0.15701408

Config: more_0.0_0.0_1
Metric		AUC		Std Dev
----------------------------------------
false_alarm_rate	0.00501821	0.00262199
macro_f1		0.44020826	0.13387128
macro_precision	0.45700760	0.13282122
macro_recall		0.44437352	0.15542311
weighted_f1		0.44020826	0.13387128
weighted_precision	0.45700763	0.13282122
weighted_recall	0.44437358	0.15542311

Config: more_2.0_2.0
Metric		AUC		Std Dev
----------------------------------------
false_alarm_rate	0.00500642	0.00253467
macro_f1		0.44154171	0.13375138
macro_precision	0.45729051	0.13427030
macro_recall		0.44554121	0.15513433
weighted_f1		0.44154171	0.13375138
weighted_precision	0.45729059	0.13427030
weighted_recall	0.44554124	0.15513433

Config: more_2.0_2.0_1
Metric		AUC		Std Dev
----------------------------------------
false_alarm_rate	0.00503415	0.00262861
macro_f1		0.43519183	0.13284357
macro_precision	0.45263499	0.13329989
macro_recall		0.43911877	0.15443324
weighted_f1		0.43519183	0.13284357
weighted_precision	0.45263508	0.13329989
weighted_recall	0.43911886	0.15443324


Dataset: mit67
Config: more_0.0_0.0
Metric		AUC		Std Dev
----------------------------------------
false_alarm_rate	0.00511623	0.00624268
macro_f1		0.48848015	0.14163699
macro_precision	0.53476901	0.14722344
macro_recall		0.47601744	0.16493307
weighted_f1		0.51596169	0.14163699
weighted_precision	0.53449917	0.14722344
weighted_recall	0.52320852	0.16493307

Config: more_0.0_0.0_1
Metric		AUC		Std Dev
----------------------------------------
false_alarm_rate	0.00508740	0.00605226
macro_f1		0.48615150	0.15069441
macro_precision	0.52821198	0.15136470
macro_recall		0.47575562	0.17512791
weighted_f1		0.51614414	0.15069441
weighted_precision	0.53186614	0.15136470
weighted_recall	0.52512721	0.17512791

Config: more_2.0_2.0
Metric		AUC		Std Dev
----------------------------------------
false_alarm_rate	0.00555730	0.00636648
macro_f1		0.52091094	0.16820435
macro_precision	0.55935281	0.15249421
macro_recall		0.51436835	0.19706354
weighted_f1		0.54945432	0.16820435
weighted_precision	0.56283611	0.15249421
weighted_recall	0.56025149	0.19706354

Config: more_2.0_2.0_1
Metric		AUC		Std Dev
----------------------------------------
false_alarm_rate	0.00553707	0.00643319
macro_f1		0.52552135	0.16799545
macro_precision	0.56627267	0.15947611
macro_recall		0.51701780	0.19407639
weighted_f1		0.55248496	0.16799545
weighted_precision	0.56683346	0.15947611
weighted_recall	0.56163040	0.19407639

