[2024-12-01 15:46:13] INFO:__main__: Model: resnet18
[2024-12-01 15:46:13] INFO:__main__: Dataset: mit67
[2024-12-01 15:46:13] INFO:__main__: Experiment type: more
[2024-12-01 15:46:13] INFO:__main__: Lambda weight: 0.0
[2024-12-01 15:46:13] INFO:__main__: Gamma weight: 0.0
[2024-12-01 15:46:13] INFO:__main__: Training epochs: 10
[2024-12-01 15:46:13] INFO:__main__: Batch size: 64
[2024-12-01 15:46:13] INFO:__main__: Using device: cuda
Verifying dataset images...
Verified 0/12516 images...
Verified 1000/12516 images...
Warning: Failed to load image at data/mit67/train/bar/bar_0527.jpg
Verified 2000/12516 images...
Warning: Failed to load image at data/mit67/train/buffet/Buffet_Lettuce_gif.jpg
Warning: Failed to load image at data/mit67/train/buffet/Buffet_Set_Up_2_gif.jpg
Verified 3000/12516 images...
Warning: Failed to load image at data/mit67/train/closet/closet_gif.jpg
Warning: Failed to load image at data/mit67/train/computerroom/aula_informatica_gif.jpg
Verified 4000/12516 images...
Warning: Failed to load image at data/mit67/train/corridor/down_corridor_frame_gif.jpg
Warning: Failed to load image at data/mit67/train/dentaloffice/Modern_Dental_Office_gif.jpg
Warning: Failed to load image at data/mit67/train/dining_room/stylise_gif.jpg
Warning: Failed to load image at data/mit67/train/fastfood_restaurant/connies_gif.jpg
Warning: Failed to load image at data/mit67/train/fastfood_restaurant/panther_grill_gif.jpg
Warning: Failed to load image at data/mit67/train/fastfood_restaurant/subway_gif.jpg
Verified 5000/12516 images...
Warning: Failed to load image at data/mit67/train/greenhouse/1412_mb_file_0a8c5_gif.jpg
Warning: Failed to load image at data/mit67/train/grocerystore/grocerypic2_gif.jpg
Verified 6000/12516 images...
Warning: Failed to load image at data/mit67/train/kindergarden/ClassroomLarge_gif.jpg
Verified 7000/12516 images...
Warning: Failed to load image at data/mit67/train/laundromat/A1_gif.jpg
Verified 8000/12516 images...
Warning: Failed to load image at data/mit67/train/livingroom/salon28_gif.jpg
Warning: Failed to load image at data/mit67/train/mall/city_stars_mall_egyptgif_gif.jpg
Warning: Failed to load image at data/mit67/train/meeting_room/conferencerm2_gif.jpg
Verified 9000/12516 images...
Warning: Failed to load image at data/mit67/train/poolinside/indooPool_Inside_gif.jpg
Verified 10000/12516 images...
Verified 11000/12516 images...
Warning: Failed to load image at data/mit67/train/waitingroom/vestibul2_gif.jpg
Verified 12000/12516 images...
Warning: Failed to load image at data/mit67/train/winecellar/Img5_gif.jpg
Warning: Failed to load image at data/mit67/train/winecellar/front_gif.jpg
Warning: Failed to load image at data/mit67/train/winecellar/wine_cellar_floor_stone_gif.jpg
Found 12493 valid images out of 12493 total
Verifying dataset images...
Verified 0/3097 images...
Warning: Failed to load image at data/mit67/test/buffet/Buffet_Set_Up_gif.jpg
Warning: Failed to load image at data/mit67/test/closet/closet_design_lg_gif.jpg
Warning: Failed to load image at data/mit67/test/computerroom/url_gif.jpg
Verified 1000/3097 images...
Warning: Failed to load image at data/mit67/test/corridor/Corridor_gif.jpg
Warning: Failed to load image at data/mit67/test/fastfood_restaurant/melvados_gif.jpg
Warning: Failed to load image at data/mit67/test/gameroom/gameroom_gif.jpg
Warning: Failed to load image at data/mit67/test/garage/salmon_garage_after_gif.jpg
Verified 2000/3097 images...
Verified 3000/3097 images...
Found 3090 valid images out of 3090 total
[2024-12-01 15:46:55] INFO:__main__: Initial configuration: len(du): 11244, len(dl): 1249 
[2024-12-01 15:46:55] INFO:__main__: Initialize training the model on `dl` and test on `dtest`
Train Epoch: 0 [0/1249 (0%)]	Loss: 4.506446
====> Epoch: 0 Average loss: 0.0658
Train Epoch: 1 [0/1249 (0%)]	Loss: 3.608298
====> Epoch: 1 Average loss: 0.0567
Train Epoch: 2 [0/1249 (0%)]	Loss: 3.364147
====> Epoch: 2 Average loss: 0.0493
Train Epoch: 3 [0/1249 (0%)]	Loss: 2.928693
====> Epoch: 3 Average loss: 0.0438
Train Epoch: 4 [0/1249 (0%)]	Loss: 2.463020
====> Epoch: 4 Average loss: 0.0401
Train Epoch: 5 [0/1249 (0%)]	Loss: 2.193384
====> Epoch: 5 Average loss: 0.0369
Train Epoch: 6 [0/1249 (0%)]	Loss: 2.347450
====> Epoch: 6 Average loss: 0.0337
Train Epoch: 7 [0/1249 (0%)]	Loss: 1.736174
====> Epoch: 7 Average loss: 0.0317
Train Epoch: 8 [0/1249 (0%)]	Loss: 1.905575
====> Epoch: 8 Average loss: 0.0297
Train Epoch: 9 [0/1249 (0%)]	Loss: 1.395217
====> Epoch: 9 Average loss: 0.0278
[2024-12-01 16:04:17] INFO:__main__: Confusion matrix saved to: confusion_matrices/resnet18/mit67/more_0.0_0.0/initial.npy
[2024-12-01 16:04:17] INFO:__main__: Overall Accuracy: 0.4521
[2024-12-01 16:04:17] INFO:__main__: Mean Precision: 0.4573
[2024-12-01 16:04:17] INFO:__main__: Mean Recall: 0.3147
[2024-12-01 16:04:17] INFO:__main__: Mean False Alarm: 0.0085
[2024-12-01 16:04:17] INFO:__main__: Per-class Precision SD: 0.2951
[2024-12-01 16:04:17] INFO:__main__: Per-class Recall SD: 0.2785
[2024-12-01 16:04:17] INFO:__main__: Per-class False Alarm SD: 0.0146
[2024-12-01 16:04:17] INFO:__main__: Iteration: 0: run prediction on unlabeled data `du` 
[2024-12-01 16:22:28] INFO:__main__: Update size of `dl`  and `du` by adding uncertain 2000 samples in `dl` len(dl): 3249, len(du) 11244
[2024-12-01 16:22:28] INFO:__main__: Update size of `dl`  and `du` by adding 0 hcs samples in `dl` len(dl): 3249, len(du) 11244
[2024-12-01 16:22:28] INFO:__main__: Iteration: 0 fine-tune the model on dh U dl
Train Epoch: 0 [0/3249 (0%)]	Loss: 2.113589
====> Epoch: 0 Average loss: 0.0314
Train Epoch: 1 [0/3249 (0%)]	Loss: 1.947142
====> Epoch: 1 Average loss: 0.0287
Train Epoch: 2 [0/3249 (0%)]	Loss: 1.670758
====> Epoch: 2 Average loss: 0.0264
Train Epoch: 3 [0/3249 (0%)]	Loss: 1.317377
====> Epoch: 3 Average loss: 0.0243
Train Epoch: 4 [0/3249 (0%)]	Loss: 1.453008
====> Epoch: 4 Average loss: 0.0229
Train Epoch: 5 [0/3249 (0%)]	Loss: 1.260568
====> Epoch: 5 Average loss: 0.0216
Train Epoch: 6 [0/3249 (0%)]	Loss: 1.347937
====> Epoch: 6 Average loss: 0.0206
Train Epoch: 7 [0/3249 (0%)]	Loss: 1.324617
====> Epoch: 7 Average loss: 0.0195
Train Epoch: 8 [0/3249 (0%)]	Loss: 1.274396
====> Epoch: 8 Average loss: 0.0187
Train Epoch: 9 [0/3249 (0%)]	Loss: 1.213506
====> Epoch: 9 Average loss: 0.0180
[2024-12-01 17:01:45] INFO:__main__: Confusion matrix saved to: confusion_matrices/resnet18/mit67/more_0.0_0.0/iter_0.npy
[2024-12-01 17:01:45] INFO:__main__: Overall Accuracy: 0.5712
[2024-12-01 17:01:45] INFO:__main__: Mean Precision: 0.6178
[2024-12-01 17:01:45] INFO:__main__: Mean Recall: 0.4932
[2024-12-01 17:01:45] INFO:__main__: Mean False Alarm: 0.0066
[2024-12-01 17:01:45] INFO:__main__: Per-class Precision SD: 0.1720
[2024-12-01 17:01:45] INFO:__main__: Per-class Recall SD: 0.2207
[2024-12-01 17:01:45] INFO:__main__: Per-class False Alarm SD: 0.0087
Total time: 3448.633376598358
Additional time: 0.0019769668579101562
[2024-12-01 17:01:45] INFO:__main__: Iteration: 1: run prediction on unlabeled data `du` 
[2024-12-01 17:04:44] INFO:__main__: Update size of `dl`  and `du` by adding uncertain 2000 samples in `dl` len(dl): 5249, len(du) 9244
[2024-12-01 17:04:44] INFO:__main__: Update size of `dl`  and `du` by adding 5 hcs samples in `dl` len(dl): 5254, len(du) 9244
[2024-12-01 17:04:44] INFO:__main__: Iteration: 1 fine-tune the model on dh U dl
Train Epoch: 0 [0/5254 (0%)]	Loss: 1.321781
====> Epoch: 0 Average loss: 0.0212
Train Epoch: 1 [0/5254 (0%)]	Loss: 1.245711
====> Epoch: 1 Average loss: 0.0203
Train Epoch: 2 [0/5254 (0%)]	Loss: 1.352524
====> Epoch: 2 Average loss: 0.0193
Train Epoch: 3 [0/5254 (0%)]	Loss: 0.952386
====> Epoch: 3 Average loss: 0.0186
Train Epoch: 4 [0/5254 (0%)]	Loss: 0.923750
====> Epoch: 4 Average loss: 0.0179
Train Epoch: 5 [0/5254 (0%)]	Loss: 1.132666
====> Epoch: 5 Average loss: 0.0174
Train Epoch: 6 [0/5254 (0%)]	Loss: 1.008572
====> Epoch: 6 Average loss: 0.0169
Train Epoch: 7 [0/5254 (0%)]	Loss: 1.364015
====> Epoch: 7 Average loss: 0.0165
Train Epoch: 8 [0/5254 (0%)]	Loss: 0.906968
====> Epoch: 8 Average loss: 0.0159
Train Epoch: 9 [0/5254 (0%)]	Loss: 0.901085
====> Epoch: 9 Average loss: 0.0157
[2024-12-01 17:22:41] INFO:__main__: Confusion matrix saved to: confusion_matrices/resnet18/mit67/more_0.0_0.0/iter_1.npy
[2024-12-01 17:22:41] INFO:__main__: Overall Accuracy: 0.5939
[2024-12-01 17:22:41] INFO:__main__: Mean Precision: 0.6221
[2024-12-01 17:22:41] INFO:__main__: Mean Recall: 0.5377
[2024-12-01 17:22:41] INFO:__main__: Mean False Alarm: 0.0062
[2024-12-01 17:22:41] INFO:__main__: Per-class Precision SD: 0.1765
[2024-12-01 17:22:41] INFO:__main__: Per-class Recall SD: 0.2007
[2024-12-01 17:22:41] INFO:__main__: Per-class False Alarm SD: 0.0097
Total time: 1255.9283349514008
Additional time: 0.0019426345825195312
[2024-12-01 17:22:41] INFO:__main__: Iteration: 2: run prediction on unlabeled data `du` 
[2024-12-01 17:24:53] INFO:__main__: Update size of `dl`  and `du` by adding uncertain 2000 samples in `dl` len(dl): 7254, len(du) 7239
[2024-12-01 17:24:53] INFO:__main__: Update size of `dl`  and `du` by adding 24 hcs samples in `dl` len(dl): 7278, len(du) 7239
[2024-12-01 17:24:53] INFO:__main__: Iteration: 2 fine-tune the model on dh U dl
Train Epoch: 0 [0/7278 (0%)]	Loss: 1.346304
====> Epoch: 0 Average loss: 0.0177
Train Epoch: 1 [0/7278 (0%)]	Loss: 0.790746
====> Epoch: 1 Average loss: 0.0172
Train Epoch: 2 [0/7278 (0%)]	Loss: 0.951572
====> Epoch: 2 Average loss: 0.0166
Train Epoch: 3 [0/7278 (0%)]	Loss: 1.153211
====> Epoch: 3 Average loss: 0.0162
Train Epoch: 4 [0/7278 (0%)]	Loss: 1.211631
====> Epoch: 4 Average loss: 0.0159
Train Epoch: 5 [0/7278 (0%)]	Loss: 1.102084
====> Epoch: 5 Average loss: 0.0158
Train Epoch: 6 [0/7278 (0%)]	Loss: 0.886664
====> Epoch: 6 Average loss: 0.0152
Train Epoch: 7 [0/7278 (0%)]	Loss: 0.908264
====> Epoch: 7 Average loss: 0.0148
Train Epoch: 8 [0/7278 (0%)]	Loss: 0.882044
====> Epoch: 8 Average loss: 0.0148
Train Epoch: 9 [0/7278 (0%)]	Loss: 0.756297
====> Epoch: 9 Average loss: 0.0146
[2024-12-01 17:44:13] INFO:__main__: Confusion matrix saved to: confusion_matrices/resnet18/mit67/more_0.0_0.0/iter_2.npy
[2024-12-01 17:44:13] INFO:__main__: Overall Accuracy: 0.6427
[2024-12-01 17:44:13] INFO:__main__: Mean Precision: 0.6532
[2024-12-01 17:44:13] INFO:__main__: Mean Recall: 0.6032
[2024-12-01 17:44:13] INFO:__main__: Mean False Alarm: 0.0055
[2024-12-01 17:44:13] INFO:__main__: Per-class Precision SD: 0.1525
[2024-12-01 17:44:13] INFO:__main__: Per-class Recall SD: 0.1633
[2024-12-01 17:44:13] INFO:__main__: Per-class False Alarm SD: 0.0051
Total time: 1291.7232112884521
Additional time: 0.002126455307006836
[2024-12-01 17:44:13] INFO:__main__: Iteration: 3: run prediction on unlabeled data `du` 
[2024-12-01 17:45:10] INFO:__main__: Update size of `dl`  and `du` by adding uncertain 2000 samples in `dl` len(dl): 9278, len(du) 5215
[2024-12-01 17:45:10] INFO:__main__: Update size of `dl`  and `du` by adding 18 hcs samples in `dl` len(dl): 9296, len(du) 5215
[2024-12-01 17:45:10] INFO:__main__: Iteration: 3 fine-tune the model on dh U dl
Train Epoch: 0 [0/9296 (0%)]	Loss: 0.968181
====> Epoch: 0 Average loss: 0.0161
Train Epoch: 1 [0/9296 (0%)]	Loss: 1.006881
====> Epoch: 1 Average loss: 0.0158
Train Epoch: 2 [0/9296 (0%)]	Loss: 0.937634
====> Epoch: 2 Average loss: 0.0155
Train Epoch: 3 [0/9296 (0%)]	Loss: 0.939442
====> Epoch: 3 Average loss: 0.0153
Train Epoch: 4 [0/9296 (0%)]	Loss: 1.046743
====> Epoch: 4 Average loss: 0.0150
Train Epoch: 5 [0/9296 (0%)]	Loss: 0.738214
====> Epoch: 5 Average loss: 0.0148
Train Epoch: 6 [0/9296 (0%)]	Loss: 0.684028
====> Epoch: 6 Average loss: 0.0146
Train Epoch: 7 [0/9296 (0%)]	Loss: 0.955602
====> Epoch: 7 Average loss: 0.0146
Train Epoch: 8 [0/9296 (0%)]	Loss: 0.976820
====> Epoch: 8 Average loss: 0.0143
Train Epoch: 9 [0/9296 (0%)]	Loss: 0.962532
====> Epoch: 9 Average loss: 0.0141
[2024-12-01 18:04:52] INFO:__main__: Confusion matrix saved to: confusion_matrices/resnet18/mit67/more_0.0_0.0/iter_3.npy
[2024-12-01 18:04:52] INFO:__main__: Overall Accuracy: 0.6469
[2024-12-01 18:04:52] INFO:__main__: Mean Precision: 0.6411
[2024-12-01 18:04:52] INFO:__main__: Mean Recall: 0.6050
[2024-12-01 18:04:52] INFO:__main__: Mean False Alarm: 0.0054
[2024-12-01 18:04:52] INFO:__main__: Per-class Precision SD: 0.1447
[2024-12-01 18:04:52] INFO:__main__: Per-class Recall SD: 0.1720
[2024-12-01 18:04:52] INFO:__main__: Per-class False Alarm SD: 0.0053
Total time: 1238.9922840595245
Additional time: 0.0011889934539794922
[2024-12-01 18:04:52] INFO:__main__: Iteration: 4: run prediction on unlabeled data `du` 
[2024-12-01 18:05:30] INFO:__main__: Update size of `dl`  and `du` by adding uncertain 2000 samples in `dl` len(dl): 11296, len(du) 3197
[2024-12-01 18:05:30] INFO:__main__: Update size of `dl`  and `du` by adding 14 hcs samples in `dl` len(dl): 11310, len(du) 3197
[2024-12-01 18:05:30] INFO:__main__: Iteration: 4 fine-tune the model on dh U dl
Train Epoch: 0 [0/11310 (0%)]	Loss: 0.808517
====> Epoch: 0 Average loss: 0.0153
Train Epoch: 1 [0/11310 (0%)]	Loss: 1.018275
====> Epoch: 1 Average loss: 0.0146
Train Epoch: 2 [0/11310 (0%)]	Loss: 0.853570
====> Epoch: 2 Average loss: 0.0147
Train Epoch: 3 [0/11310 (0%)]	Loss: 0.823861
====> Epoch: 3 Average loss: 0.0146
Train Epoch: 4 [0/11310 (0%)]	Loss: 1.082061
====> Epoch: 4 Average loss: 0.0144
Train Epoch: 5 [0/11310 (0%)]	Loss: 0.700967
====> Epoch: 5 Average loss: 0.0141
Train Epoch: 6 [0/11310 (0%)]	Loss: 1.101281
====> Epoch: 6 Average loss: 0.0140
Train Epoch: 7 [0/11310 (0%)]	Loss: 0.868740
====> Epoch: 7 Average loss: 0.0139
Train Epoch: 8 [0/11310 (0%)]	Loss: 0.729315
====> Epoch: 8 Average loss: 0.0137
Train Epoch: 9 [0/11310 (0%)]	Loss: 0.683595
====> Epoch: 9 Average loss: 0.0138
[2024-12-01 18:28:48] INFO:__main__: Confusion matrix saved to: confusion_matrices/resnet18/mit67/more_0.0_0.0/iter_4.npy
[2024-12-01 18:28:48] INFO:__main__: Overall Accuracy: 0.6544
[2024-12-01 18:28:48] INFO:__main__: Mean Precision: 0.6559
[2024-12-01 18:28:48] INFO:__main__: Mean Recall: 0.6255
[2024-12-01 18:28:48] INFO:__main__: Mean False Alarm: 0.0053
[2024-12-01 18:28:48] INFO:__main__: Per-class Precision SD: 0.1628
[2024-12-01 18:28:48] INFO:__main__: Per-class Recall SD: 0.1745
[2024-12-01 18:28:48] INFO:__main__: Per-class False Alarm SD: 0.0051
Total time: 1435.6977610588074
Additional time: 0.0011527538299560547
[2024-12-01 18:28:48] INFO:__main__: Iteration: 5: run prediction on unlabeled data `du` 
[2024-12-01 18:29:02] INFO:__main__: Update size of `dl`  and `du` by adding uncertain 1183 samples in `dl` len(dl): 12493, len(du) 1183
[2024-12-01 18:29:02] INFO:__main__: Update size of `dl`  and `du` by adding 0 hcs samples in `dl` len(dl): 12493, len(du) 1183
[2024-12-01 18:29:02] INFO:__main__: Iteration: 5 fine-tune the model on dh U dl
Train Epoch: 0 [0/12493 (0%)]	Loss: 1.108050
====> Epoch: 0 Average loss: 0.0141
Train Epoch: 1 [0/12493 (0%)]	Loss: 0.820782
====> Epoch: 1 Average loss: 0.0140
Train Epoch: 2 [0/12493 (0%)]	Loss: 1.017259
====> Epoch: 2 Average loss: 0.0138
Train Epoch: 3 [0/12493 (0%)]	Loss: 0.761853
====> Epoch: 3 Average loss: 0.0138
Train Epoch: 4 [0/12493 (0%)]	Loss: 0.832087
====> Epoch: 4 Average loss: 0.0137
Train Epoch: 5 [0/12493 (0%)]	Loss: 0.906593
====> Epoch: 5 Average loss: 0.0135
Train Epoch: 6 [0/12493 (0%)]	Loss: 0.691699
====> Epoch: 6 Average loss: 0.0134
Train Epoch: 7 [0/12493 (0%)]	Loss: 0.761630
====> Epoch: 7 Average loss: 0.0132
Train Epoch: 8 [0/12493 (0%)]	Loss: 0.940270
====> Epoch: 8 Average loss: 0.0133
Train Epoch: 9 [0/12493 (0%)]	Loss: 0.742411
====> Epoch: 9 Average loss: 0.0131
[2024-12-01 18:55:25] INFO:__main__: Confusion matrix saved to: confusion_matrices/resnet18/mit67/more_0.0_0.0/iter_5.npy
[2024-12-01 18:55:25] INFO:__main__: Overall Accuracy: 0.6547
[2024-12-01 18:55:25] INFO:__main__: Mean Precision: 0.6493
[2024-12-01 18:55:25] INFO:__main__: Mean Recall: 0.6206
[2024-12-01 18:55:25] INFO:__main__: Mean False Alarm: 0.0053
[2024-12-01 18:55:25] INFO:__main__: Per-class Precision SD: 0.1490
[2024-12-01 18:55:25] INFO:__main__: Per-class Recall SD: 0.1680
[2024-12-01 18:55:25] INFO:__main__: Per-class False Alarm SD: 0.0050
Total time: 1597.4897828102112
Additional time: 0.0006844997406005859
[2024-12-01 18:55:25] INFO:__main__: Iteration: 6: run prediction on unlabeled data `du` 
