[2024-11-25 16:13:07] INFO:__main__: Model: resnet18
[2024-11-25 16:13:07] INFO:__main__: Dataset: caltech256
[2024-11-25 16:13:07] INFO:__main__: Experiment type: gs
[2024-11-25 16:13:07] INFO:__main__: Lambda weight: 0.5
[2024-11-25 16:13:07] INFO:__main__: Gamma weight: 0.0
[2024-11-25 16:13:07] INFO:__main__: Training epochs: 10
[2024-11-25 16:13:07] INFO:__main__: Batch size: 64
[2024-11-25 16:13:07] INFO:__main__: Using device: cuda
[2024-11-25 16:13:07] INFO:__main__: Initial configuration: len(du): 21527, len(dl): 2391 
[2024-11-25 16:13:07] INFO:__main__: Initialize training the model on `dl` and test on `dtest`
Train Epoch: 0 [0/2391 (0%)]	Loss: 5.771219
====> Epoch: 0 Average loss: 0.0857
Train Epoch: 1 [0/2391 (0%)]	Loss: 4.757140
====> Epoch: 1 Average loss: 0.0723
Train Epoch: 2 [0/2391 (0%)]	Loss: 4.138726
====> Epoch: 2 Average loss: 0.0620
Train Epoch: 3 [0/2391 (0%)]	Loss: 3.745607
====> Epoch: 3 Average loss: 0.0539
Train Epoch: 4 [0/2391 (0%)]	Loss: 3.350438
====> Epoch: 4 Average loss: 0.0474
Train Epoch: 5 [0/2391 (0%)]	Loss: 2.747569
====> Epoch: 5 Average loss: 0.0416
Train Epoch: 6 [0/2391 (0%)]	Loss: 2.393102
====> Epoch: 6 Average loss: 0.0371
Train Epoch: 7 [0/2391 (0%)]	Loss: 2.115832
====> Epoch: 7 Average loss: 0.0330
Train Epoch: 8 [0/2391 (0%)]	Loss: 1.872284
====> Epoch: 8 Average loss: 0.0298
Train Epoch: 9 [0/2391 (0%)]	Loss: 1.413269
====> Epoch: 9 Average loss: 0.0269
[2024-11-25 16:30:20] INFO:__main__: Confusion matrix saved to: confusion_matrices/resnet18/caltech256/gs_0.5_0.0/initial.npy
[2024-11-25 16:30:20] INFO:__main__: Overall Accuracy: 0.5478
[2024-11-25 16:30:20] INFO:__main__: Mean Precision: 0.5518
[2024-11-25 16:30:20] INFO:__main__: Mean Recall: 0.4887
[2024-11-25 16:30:20] INFO:__main__: Mean False Alarm: 0.0018
[2024-11-25 16:30:20] INFO:__main__: Per-class Precision SD: 0.2942
[2024-11-25 16:30:20] INFO:__main__: Per-class Recall SD: 0.3189
[2024-11-25 16:30:20] INFO:__main__: Per-class False Alarm SD: 0.0025
[2024-11-25 16:30:20] INFO:__main__: Iteration: 0: run prediction on unlabeled data `du` 
[2024-11-25 16:42:22] INFO:__main__: Update size of `dl`  and `du` by adding uncertain 2000 samples in `dl` len(dl): 4391, len(du) 21527
[2024-11-25 16:42:23] INFO:__main__: Update size of `dl`  and `du` by adding 6 hcs samples in `dl` len(dl): 4397, len(du) 21527
[2024-11-25 16:42:23] INFO:__main__: Iteration: 0 fine-tune the model on dh U dl
Train Epoch: 0 [0/4397 (0%)]	Loss: 1.932177
====> Epoch: 0 Average loss: 0.0305
Train Epoch: 1 [0/4397 (0%)]	Loss: 2.211370
====> Epoch: 1 Average loss: 0.0265
Train Epoch: 2 [0/4397 (0%)]	Loss: 1.510454
====> Epoch: 2 Average loss: 0.0238
Train Epoch: 3 [0/4397 (0%)]	Loss: 1.593720
====> Epoch: 3 Average loss: 0.0213
Train Epoch: 4 [0/4397 (0%)]	Loss: 1.305142
====> Epoch: 4 Average loss: 0.0194
Train Epoch: 5 [0/4397 (0%)]	Loss: 1.127568
====> Epoch: 5 Average loss: 0.0178
Train Epoch: 6 [0/4397 (0%)]	Loss: 0.751109
====> Epoch: 6 Average loss: 0.0164
Train Epoch: 7 [0/4397 (0%)]	Loss: 0.941615
====> Epoch: 7 Average loss: 0.0152
Train Epoch: 8 [0/4397 (0%)]	Loss: 0.730992
====> Epoch: 8 Average loss: 0.0142
Train Epoch: 9 [0/4397 (0%)]	Loss: 0.903226
====> Epoch: 9 Average loss: 0.0135
[2024-11-25 17:12:07] INFO:__main__: Confusion matrix saved to: confusion_matrices/resnet18/caltech256/gs_0.5_0.0/iter_0.npy
[2024-11-25 17:12:07] INFO:__main__: Overall Accuracy: 0.6865
[2024-11-25 17:12:07] INFO:__main__: Mean Precision: 0.6990
[2024-11-25 17:12:07] INFO:__main__: Mean Recall: 0.6503
[2024-11-25 17:12:07] INFO:__main__: Mean False Alarm: 0.0012
[2024-11-25 17:12:07] INFO:__main__: Per-class Precision SD: 0.1906
[2024-11-25 17:12:07] INFO:__main__: Per-class Recall SD: 0.2257
[2024-11-25 17:12:07] INFO:__main__: Per-class False Alarm SD: 0.0013
Total time: 2507.9073247909546
Additional time: 0.011624574661254883
[2024-11-25 17:12:07] INFO:__main__: Iteration: 1: run prediction on unlabeled data `du` 
[2024-11-25 17:23:07] INFO:__main__: Update size of `dl`  and `du` by adding uncertain 2000 samples in `dl` len(dl): 6397, len(du) 19521
[2024-11-25 17:23:07] INFO:__main__: Update size of `dl`  and `du` by adding 33 hcs samples in `dl` len(dl): 6430, len(du) 19521
[2024-11-25 17:23:08] INFO:__main__: Iteration: 1 fine-tune the model on dh U dl
Train Epoch: 0 [0/6430 (0%)]	Loss: 0.874791
====> Epoch: 0 Average loss: 0.0167
Train Epoch: 1 [0/6430 (0%)]	Loss: 0.938949
====> Epoch: 1 Average loss: 0.0154
Train Epoch: 2 [0/6430 (0%)]	Loss: 1.231914
====> Epoch: 2 Average loss: 0.0144
Train Epoch: 3 [0/6430 (0%)]	Loss: 0.973066
====> Epoch: 3 Average loss: 0.0135
Train Epoch: 4 [0/6430 (0%)]	Loss: 1.240746
====> Epoch: 4 Average loss: 0.0127
Train Epoch: 5 [0/6430 (0%)]	Loss: 0.971817
====> Epoch: 5 Average loss: 0.0121
Train Epoch: 6 [0/6430 (0%)]	Loss: 0.573311
====> Epoch: 6 Average loss: 0.0115
Train Epoch: 7 [0/6430 (0%)]	Loss: 0.764904
====> Epoch: 7 Average loss: 0.0110
Train Epoch: 8 [0/6430 (0%)]	Loss: 0.563697
====> Epoch: 8 Average loss: 0.0105
Train Epoch: 9 [0/6430 (0%)]	Loss: 0.618378
====> Epoch: 9 Average loss: 0.0100
[2024-11-25 18:04:05] INFO:__main__: Confusion matrix saved to: confusion_matrices/resnet18/caltech256/gs_0.5_0.0/iter_1.npy
[2024-11-25 18:04:05] INFO:__main__: Overall Accuracy: 0.7356
[2024-11-25 18:04:05] INFO:__main__: Mean Precision: 0.7404
[2024-11-25 18:04:05] INFO:__main__: Mean Recall: 0.7079
[2024-11-25 18:04:05] INFO:__main__: Mean False Alarm: 0.0010
[2024-11-25 18:04:05] INFO:__main__: Per-class Precision SD: 0.1619
[2024-11-25 18:04:05] INFO:__main__: Per-class Recall SD: 0.1845
[2024-11-25 18:04:05] INFO:__main__: Per-class False Alarm SD: 0.0010
Total time: 3117.430596113205
Additional time: 0.010489702224731445
[2024-11-25 18:04:05] INFO:__main__: Iteration: 2: run prediction on unlabeled data `du` 
[2024-11-25 18:13:48] INFO:__main__: Update size of `dl`  and `du` by adding uncertain 2000 samples in `dl` len(dl): 8430, len(du) 17488
[2024-11-25 18:13:48] INFO:__main__: Update size of `dl`  and `du` by adding 125 hcs samples in `dl` len(dl): 8555, len(du) 17488
[2024-11-25 18:13:49] INFO:__main__: Iteration: 2 fine-tune the model on dh U dl
Train Epoch: 0 [0/8555 (0%)]	Loss: 0.586882
====> Epoch: 0 Average loss: 0.0136
Train Epoch: 1 [0/8555 (0%)]	Loss: 0.850355
====> Epoch: 1 Average loss: 0.0129
Train Epoch: 2 [0/8555 (0%)]	Loss: 0.828497
====> Epoch: 2 Average loss: 0.0125
Train Epoch: 3 [0/8555 (0%)]	Loss: 0.685874
====> Epoch: 3 Average loss: 0.0120
Train Epoch: 4 [0/8555 (0%)]	Loss: 0.753363
====> Epoch: 4 Average loss: 0.0115
Train Epoch: 5 [0/8555 (0%)]	Loss: 0.763610
====> Epoch: 5 Average loss: 0.0111
Train Epoch: 6 [0/8555 (0%)]	Loss: 0.578441
====> Epoch: 6 Average loss: 0.0106
Train Epoch: 7 [0/8555 (0%)]	Loss: 0.484581
====> Epoch: 7 Average loss: 0.0104
Train Epoch: 8 [0/8555 (0%)]	Loss: 0.410993
====> Epoch: 8 Average loss: 0.0100
Train Epoch: 9 [0/8555 (0%)]	Loss: 0.434071
====> Epoch: 9 Average loss: 0.0097
[2024-11-25 19:06:55] INFO:__main__: Confusion matrix saved to: confusion_matrices/resnet18/caltech256/gs_0.5_0.0/iter_2.npy
[2024-11-25 19:06:55] INFO:__main__: Overall Accuracy: 0.7518
[2024-11-25 19:06:55] INFO:__main__: Mean Precision: 0.7551
[2024-11-25 19:06:55] INFO:__main__: Mean Recall: 0.7277
[2024-11-25 19:06:55] INFO:__main__: Mean False Alarm: 0.0010
[2024-11-25 19:06:55] INFO:__main__: Per-class Precision SD: 0.1503
[2024-11-25 19:06:55] INFO:__main__: Per-class Recall SD: 0.1725
[2024-11-25 19:06:55] INFO:__main__: Per-class False Alarm SD: 0.0010
Total time: 3770.2917478084564
Additional time: 0.00941610336303711
[2024-11-25 19:06:55] INFO:__main__: Iteration: 3: run prediction on unlabeled data `du` 
[2024-11-25 19:15:41] INFO:__main__: Update size of `dl`  and `du` by adding uncertain 2000 samples in `dl` len(dl): 10555, len(du) 15363
[2024-11-25 19:15:41] INFO:__main__: Update size of `dl`  and `du` by adding 157 hcs samples in `dl` len(dl): 10712, len(du) 15363
[2024-11-25 19:15:42] INFO:__main__: Iteration: 3 fine-tune the model on dh U dl
Train Epoch: 0 [0/10712 (0%)]	Loss: 0.454755
====> Epoch: 0 Average loss: 0.0128
Train Epoch: 1 [0/10712 (0%)]	Loss: 0.560554
====> Epoch: 1 Average loss: 0.0124
Train Epoch: 2 [0/10712 (0%)]	Loss: 1.010386
====> Epoch: 2 Average loss: 0.0119
Train Epoch: 3 [0/10712 (0%)]	Loss: 1.004947
====> Epoch: 3 Average loss: 0.0116
Train Epoch: 4 [0/10712 (0%)]	Loss: 0.689318
====> Epoch: 4 Average loss: 0.0112
Train Epoch: 5 [0/10712 (0%)]	Loss: 0.621194
====> Epoch: 5 Average loss: 0.0109
Train Epoch: 6 [0/10712 (0%)]	Loss: 0.782871
====> Epoch: 6 Average loss: 0.0107
Train Epoch: 7 [0/10712 (0%)]	Loss: 0.423585
====> Epoch: 7 Average loss: 0.0104
Train Epoch: 8 [0/10712 (0%)]	Loss: 0.479556
====> Epoch: 8 Average loss: 0.0101
Train Epoch: 9 [0/10712 (0%)]	Loss: 0.488965
====> Epoch: 9 Average loss: 0.0098
[2024-11-25 20:19:13] INFO:__main__: Confusion matrix saved to: confusion_matrices/resnet18/caltech256/gs_0.5_0.0/iter_3.npy
[2024-11-25 20:19:13] INFO:__main__: Overall Accuracy: 0.7612
[2024-11-25 20:19:13] INFO:__main__: Mean Precision: 0.7608
[2024-11-25 20:19:13] INFO:__main__: Mean Recall: 0.7394
[2024-11-25 20:19:13] INFO:__main__: Mean False Alarm: 0.0009
[2024-11-25 20:19:13] INFO:__main__: Per-class Precision SD: 0.1451
[2024-11-25 20:19:13] INFO:__main__: Per-class Recall SD: 0.1630
[2024-11-25 20:19:13] INFO:__main__: Per-class False Alarm SD: 0.0008
Total time: 4338.292192220688
Additional time: 0.008069276809692383
[2024-11-25 20:19:13] INFO:__main__: Iteration: 4: run prediction on unlabeled data `du` 
[2024-11-25 20:26:40] INFO:__main__: Update size of `dl`  and `du` by adding uncertain 2000 samples in `dl` len(dl): 12712, len(du) 13206
[2024-11-25 20:26:40] INFO:__main__: Update size of `dl`  and `du` by adding 117 hcs samples in `dl` len(dl): 12829, len(du) 13206
[2024-11-25 20:26:40] INFO:__main__: Iteration: 4 fine-tune the model on dh U dl
Train Epoch: 0 [0/12829 (0%)]	Loss: 0.613403
====> Epoch: 0 Average loss: 0.0119
Train Epoch: 1 [0/12829 (0%)]	Loss: 0.380312
====> Epoch: 1 Average loss: 0.0115
Train Epoch: 2 [0/12829 (0%)]	Loss: 0.949769
====> Epoch: 2 Average loss: 0.0114
Train Epoch: 3 [0/12829 (0%)]	Loss: 0.969429
====> Epoch: 3 Average loss: 0.0110
Train Epoch: 4 [0/12829 (0%)]	Loss: 0.378292
====> Epoch: 4 Average loss: 0.0107
Train Epoch: 5 [0/12829 (0%)]	Loss: 0.611429
====> Epoch: 5 Average loss: 0.0106
Train Epoch: 6 [0/12829 (0%)]	Loss: 0.681013
====> Epoch: 6 Average loss: 0.0103
Train Epoch: 7 [0/12829 (0%)]	Loss: 0.511043
====> Epoch: 7 Average loss: 0.0101
Train Epoch: 8 [0/12829 (0%)]	Loss: 0.991876
====> Epoch: 8 Average loss: 0.0098
Train Epoch: 9 [0/12829 (0%)]	Loss: 0.398690
====> Epoch: 9 Average loss: 0.0097
[2024-11-25 21:43:22] INFO:__main__: Confusion matrix saved to: confusion_matrices/resnet18/caltech256/gs_0.5_0.0/iter_4.npy
[2024-11-25 21:43:22] INFO:__main__: Overall Accuracy: 0.7634
[2024-11-25 21:43:22] INFO:__main__: Mean Precision: 0.7653
[2024-11-25 21:43:22] INFO:__main__: Mean Recall: 0.7405
[2024-11-25 21:43:22] INFO:__main__: Mean False Alarm: 0.0009
[2024-11-25 21:43:22] INFO:__main__: Per-class Precision SD: 0.1477
[2024-11-25 21:43:22] INFO:__main__: Per-class Recall SD: 0.1644
[2024-11-25 21:43:22] INFO:__main__: Per-class False Alarm SD: 0.0009
Total time: 5048.3945298194885
Additional time: 0.008274316787719727
[2024-11-25 21:43:22] INFO:__main__: Iteration: 5: run prediction on unlabeled data `du` 
[2024-11-25 21:49:50] INFO:__main__: Update size of `dl`  and `du` by adding uncertain 2000 samples in `dl` len(dl): 14829, len(du) 11089
[2024-11-25 21:49:50] INFO:__main__: Update size of `dl`  and `du` by adding 79 hcs samples in `dl` len(dl): 14908, len(du) 11089
[2024-11-25 21:49:50] INFO:__main__: Iteration: 5 fine-tune the model on dh U dl
Train Epoch: 0 [0/14908 (0%)]	Loss: 0.674634
====> Epoch: 0 Average loss: 0.0113
Train Epoch: 1 [0/14908 (0%)]	Loss: 0.559612
====> Epoch: 1 Average loss: 0.0109
Train Epoch: 2 [0/14908 (0%)]	Loss: 0.619340
====> Epoch: 2 Average loss: 0.0108
Train Epoch: 3 [0/14908 (0%)]	Loss: 0.726320
====> Epoch: 3 Average loss: 0.0106
Train Epoch: 4 [0/14908 (0%)]	Loss: 0.555468
====> Epoch: 4 Average loss: 0.0104
Train Epoch: 5 [0/14908 (0%)]	Loss: 0.747512
====> Epoch: 5 Average loss: 0.0101
Train Epoch: 6 [0/14908 (0%)]	Loss: 0.717580
====> Epoch: 6 Average loss: 0.0099
Train Epoch: 7 [0/14908 (0%)]	Loss: 0.689309
====> Epoch: 7 Average loss: 0.0097
Train Epoch: 8 [0/14908 (0%)]	Loss: 0.420179
====> Epoch: 8 Average loss: 0.0096
Train Epoch: 9 [0/14908 (0%)]	Loss: 0.675353
====> Epoch: 9 Average loss: 0.0094
[2024-11-25 23:18:28] INFO:__main__: Confusion matrix saved to: confusion_matrices/resnet18/caltech256/gs_0.5_0.0/iter_5.npy
[2024-11-25 23:18:28] INFO:__main__: Overall Accuracy: 0.7619
[2024-11-25 23:18:28] INFO:__main__: Mean Precision: 0.7715
[2024-11-25 23:18:28] INFO:__main__: Mean Recall: 0.7423
[2024-11-25 23:18:28] INFO:__main__: Mean False Alarm: 0.0009
[2024-11-25 23:18:28] INFO:__main__: Per-class Precision SD: 0.1485
[2024-11-25 23:18:28] INFO:__main__: Per-class Recall SD: 0.1562
[2024-11-25 23:18:28] INFO:__main__: Per-class False Alarm SD: 0.0010
Total time: 5706.191503047943
Additional time: 0.013309955596923828
[2024-11-25 23:18:28] INFO:__main__: Iteration: 6: run prediction on unlabeled data `du` 
[2024-11-25 23:23:55] INFO:__main__: Update size of `dl`  and `du` by adding uncertain 2000 samples in `dl` len(dl): 16908, len(du) 9010
[2024-11-25 23:23:55] INFO:__main__: Update size of `dl`  and `du` by adding 3 hcs samples in `dl` len(dl): 16911, len(du) 9010
[2024-11-25 23:23:55] INFO:__main__: Iteration: 6 fine-tune the model on dh U dl
Train Epoch: 0 [0/16911 (0%)]	Loss: 0.491226
====> Epoch: 0 Average loss: 0.0102
Train Epoch: 1 [0/16911 (0%)]	Loss: 0.779284
====> Epoch: 1 Average loss: 0.0099
Train Epoch: 2 [0/16911 (0%)]	Loss: 0.835017
====> Epoch: 2 Average loss: 0.0097
Train Epoch: 3 [0/16911 (0%)]	Loss: 0.462068
====> Epoch: 3 Average loss: 0.0097
Train Epoch: 4 [0/16911 (0%)]	Loss: 0.427239
====> Epoch: 4 Average loss: 0.0094
Train Epoch: 5 [0/16911 (0%)]	Loss: 0.602254
====> Epoch: 5 Average loss: 0.0093
Train Epoch: 6 [0/16911 (0%)]	Loss: 0.584584
====> Epoch: 6 Average loss: 0.0091
Train Epoch: 7 [0/16911 (0%)]	Loss: 0.420381
====> Epoch: 7 Average loss: 0.0090
Train Epoch: 8 [0/16911 (0%)]	Loss: 0.473236
====> Epoch: 8 Average loss: 0.0089
Train Epoch: 9 [0/16911 (0%)]	Loss: 0.385200
====> Epoch: 9 Average loss: 0.0086
[2024-11-26 01:04:20] INFO:__main__: Confusion matrix saved to: confusion_matrices/resnet18/caltech256/gs_0.5_0.0/iter_6.npy
[2024-11-26 01:04:20] INFO:__main__: Overall Accuracy: 0.7642
[2024-11-26 01:04:20] INFO:__main__: Mean Precision: 0.7781
[2024-11-26 01:04:20] INFO:__main__: Mean Recall: 0.7445
[2024-11-26 01:04:20] INFO:__main__: Mean False Alarm: 0.0009
[2024-11-26 01:04:20] INFO:__main__: Per-class Precision SD: 0.1486
[2024-11-26 01:04:20] INFO:__main__: Per-class Recall SD: 0.1621
[2024-11-26 01:04:20] INFO:__main__: Per-class False Alarm SD: 0.0012
Total time: 6352.096065044403
Additional time: 0.005217313766479492
[2024-11-26 01:04:20] INFO:__main__: Iteration: 7: run prediction on unlabeled data `du` 
[2024-11-26 01:08:37] INFO:__main__: Update size of `dl`  and `du` by adding uncertain 2000 samples in `dl` len(dl): 18911, len(du) 7007
[2024-11-26 01:08:37] INFO:__main__: Update size of `dl`  and `du` by adding 0 hcs samples in `dl` len(dl): 18911, len(du) 7007
[2024-11-26 01:08:37] INFO:__main__: Iteration: 7 fine-tune the model on dh U dl
Train Epoch: 0 [0/18911 (0%)]	Loss: 0.658481
====> Epoch: 0 Average loss: 0.0092
Train Epoch: 1 [0/18911 (0%)]	Loss: 0.247393
====> Epoch: 1 Average loss: 0.0091
Train Epoch: 2 [0/18911 (0%)]	Loss: 0.517085
====> Epoch: 2 Average loss: 0.0088
Train Epoch: 3 [0/18911 (0%)]	Loss: 0.583130
====> Epoch: 3 Average loss: 0.0087
Train Epoch: 4 [0/18911 (0%)]	Loss: 0.501289
====> Epoch: 4 Average loss: 0.0086
Train Epoch: 5 [0/18911 (0%)]	Loss: 0.382695
====> Epoch: 5 Average loss: 0.0085
Train Epoch: 6 [0/18911 (0%)]	Loss: 0.705172
====> Epoch: 6 Average loss: 0.0084
Train Epoch: 7 [0/18911 (0%)]	Loss: 0.548982
====> Epoch: 7 Average loss: 0.0081
Train Epoch: 8 [0/18911 (0%)]	Loss: 0.504940
====> Epoch: 8 Average loss: 0.0080
Train Epoch: 9 [0/18911 (0%)]	Loss: 0.817263
====> Epoch: 9 Average loss: 0.0080
[2024-11-26 03:05:14] INFO:__main__: Confusion matrix saved to: confusion_matrices/resnet18/caltech256/gs_0.5_0.0/iter_7.npy
[2024-11-26 03:05:14] INFO:__main__: Overall Accuracy: 0.7683
[2024-11-26 03:05:14] INFO:__main__: Mean Precision: 0.7765
[2024-11-26 03:05:14] INFO:__main__: Mean Recall: 0.7489
[2024-11-26 03:05:14] INFO:__main__: Mean False Alarm: 0.0009
[2024-11-26 03:05:14] INFO:__main__: Per-class Precision SD: 0.1445
[2024-11-26 03:05:14] INFO:__main__: Per-class Recall SD: 0.1547
[2024-11-26 03:05:14] INFO:__main__: Per-class False Alarm SD: 0.0010
Total time: 7253.824273347855
Additional time: 0.0063397884368896484
[2024-11-26 03:05:14] INFO:__main__: Iteration: 8: run prediction on unlabeled data `du` 
[2024-11-26 03:08:06] INFO:__main__: Update size of `dl`  and `du` by adding uncertain 2000 samples in `dl` len(dl): 20911, len(du) 5007
[2024-11-26 03:08:06] INFO:__main__: Update size of `dl`  and `du` by adding 0 hcs samples in `dl` len(dl): 20911, len(du) 5007
[2024-11-26 03:08:06] INFO:__main__: Iteration: 8 fine-tune the model on dh U dl
Train Epoch: 0 [0/20911 (0%)]	Loss: 0.533575
Train Epoch: 0 [19200/20911 (92%)]	Loss: 0.776762
====> Epoch: 0 Average loss: 0.0085
Train Epoch: 1 [0/20911 (0%)]	Loss: 0.601297
Train Epoch: 1 [19200/20911 (92%)]	Loss: 0.488205
====> Epoch: 1 Average loss: 0.0085
Train Epoch: 2 [0/20911 (0%)]	Loss: 0.426980
Train Epoch: 2 [19200/20911 (92%)]	Loss: 0.624712
====> Epoch: 2 Average loss: 0.0083
Train Epoch: 3 [0/20911 (0%)]	Loss: 0.512534
Train Epoch: 3 [19200/20911 (92%)]	Loss: 0.556454
====> Epoch: 3 Average loss: 0.0081
Train Epoch: 4 [0/20911 (0%)]	Loss: 0.468239
Train Epoch: 4 [19200/20911 (92%)]	Loss: 0.415517
====> Epoch: 4 Average loss: 0.0080
Train Epoch: 5 [0/20911 (0%)]	Loss: 0.451955
Train Epoch: 5 [19200/20911 (92%)]	Loss: 0.421309
====> Epoch: 5 Average loss: 0.0080
Train Epoch: 6 [0/20911 (0%)]	Loss: 0.516412
Train Epoch: 6 [19200/20911 (92%)]	Loss: 0.565419
====> Epoch: 6 Average loss: 0.0078
Train Epoch: 7 [0/20911 (0%)]	Loss: 0.411499
Train Epoch: 7 [19200/20911 (92%)]	Loss: 0.490831
====> Epoch: 7 Average loss: 0.0078
Train Epoch: 8 [0/20911 (0%)]	Loss: 0.589561
Train Epoch: 8 [19200/20911 (92%)]	Loss: 0.786965
====> Epoch: 8 Average loss: 0.0076
Train Epoch: 9 [0/20911 (0%)]	Loss: 0.619197
Train Epoch: 9 [19200/20911 (92%)]	Loss: 0.353849
====> Epoch: 9 Average loss: 0.0076
[2024-11-26 05:16:23] INFO:__main__: Confusion matrix saved to: confusion_matrices/resnet18/caltech256/gs_0.5_0.0/iter_8.npy
[2024-11-26 05:16:23] INFO:__main__: Overall Accuracy: 0.7735
[2024-11-26 05:16:23] INFO:__main__: Mean Precision: 0.7767
[2024-11-26 05:16:23] INFO:__main__: Mean Recall: 0.7571
[2024-11-26 05:16:23] INFO:__main__: Mean False Alarm: 0.0009
[2024-11-26 05:16:23] INFO:__main__: Per-class Precision SD: 0.1435
[2024-11-26 05:16:23] INFO:__main__: Per-class Recall SD: 0.1554
[2024-11-26 05:16:23] INFO:__main__: Per-class False Alarm SD: 0.0008
Total time: 7868.923540830612
Additional time: 0.0060272216796875
[2024-11-26 05:16:23] INFO:__main__: Iteration: 9: run prediction on unlabeled data `du` 
[2024-11-26 05:18:07] INFO:__main__: Update size of `dl`  and `du` by adding uncertain 2000 samples in `dl` len(dl): 22911, len(du) 3007
[2024-11-26 05:18:07] INFO:__main__: Update size of `dl`  and `du` by adding 0 hcs samples in `dl` len(dl): 22911, len(du) 3007
[2024-11-26 05:18:07] INFO:__main__: Iteration: 9 fine-tune the model on dh U dl
Train Epoch: 0 [0/22911 (0%)]	Loss: 0.401829
Train Epoch: 0 [19200/22911 (84%)]	Loss: 0.592862
====> Epoch: 0 Average loss: 0.0080
Train Epoch: 1 [0/22911 (0%)]	Loss: 0.297107
Train Epoch: 1 [19200/22911 (84%)]	Loss: 0.495159
====> Epoch: 1 Average loss: 0.0079
Train Epoch: 2 [0/22911 (0%)]	Loss: 0.386779
Train Epoch: 2 [19200/22911 (84%)]	Loss: 0.531580
====> Epoch: 2 Average loss: 0.0077
Train Epoch: 3 [0/22911 (0%)]	Loss: 0.469123
Train Epoch: 3 [19200/22911 (84%)]	Loss: 0.726789
====> Epoch: 3 Average loss: 0.0077
Train Epoch: 4 [0/22911 (0%)]	Loss: 0.363180
Train Epoch: 4 [19200/22911 (84%)]	Loss: 0.535789
====> Epoch: 4 Average loss: 0.0075
Train Epoch: 5 [0/22911 (0%)]	Loss: 0.456114
Train Epoch: 5 [19200/22911 (84%)]	Loss: 0.278163
====> Epoch: 5 Average loss: 0.0075
Train Epoch: 6 [0/22911 (0%)]	Loss: 0.422101
Train Epoch: 6 [19200/22911 (84%)]	Loss: 0.392609
====> Epoch: 6 Average loss: 0.0074
Train Epoch: 7 [0/22911 (0%)]	Loss: 0.280548
Train Epoch: 7 [19200/22911 (84%)]	Loss: 0.394167
====> Epoch: 7 Average loss: 0.0073
Train Epoch: 8 [0/22911 (0%)]	Loss: 0.300908
Train Epoch: 8 [19200/22911 (84%)]	Loss: 0.418950
====> Epoch: 8 Average loss: 0.0072
Train Epoch: 9 [0/22911 (0%)]	Loss: 0.441867
Train Epoch: 9 [19200/22911 (84%)]	Loss: 0.413162
====> Epoch: 9 Average loss: 0.0071
[2024-11-26 07:38:30] INFO:__main__: Confusion matrix saved to: confusion_matrices/resnet18/caltech256/gs_0.5_0.0/iter_9.npy
[2024-11-26 07:38:30] INFO:__main__: Overall Accuracy: 0.7735
[2024-11-26 07:38:30] INFO:__main__: Mean Precision: 0.7802
[2024-11-26 07:38:30] INFO:__main__: Mean Recall: 0.7559
[2024-11-26 07:38:30] INFO:__main__: Mean False Alarm: 0.0009
[2024-11-26 07:38:30] INFO:__main__: Per-class Precision SD: 0.1452
[2024-11-26 07:38:30] INFO:__main__: Per-class Recall SD: 0.1530
[2024-11-26 07:38:30] INFO:__main__: Per-class False Alarm SD: 0.0009
Total time: 8527.592730760574
Additional time: 0.003908872604370117
[2024-11-26 07:38:30] INFO:__main__: Iteration: 10: run prediction on unlabeled data `du` 
[2024-11-26 07:39:08] INFO:__main__: Update size of `dl`  and `du` by adding uncertain 1007 samples in `dl` len(dl): 23918, len(du) 1007
[2024-11-26 07:39:08] INFO:__main__: Update size of `dl`  and `du` by adding 0 hcs samples in `dl` len(dl): 23918, len(du) 1007
[2024-11-26 07:39:09] INFO:__main__: Iteration: 10 fine-tune the model on dh U dl
Train Epoch: 0 [0/23918 (0%)]	Loss: 0.498572
Train Epoch: 0 [19200/23918 (80%)]	Loss: 0.743342
====> Epoch: 0 Average loss: 0.0074
Train Epoch: 1 [0/23918 (0%)]	Loss: 0.511422
Train Epoch: 1 [19200/23918 (80%)]	Loss: 0.418405
====> Epoch: 1 Average loss: 0.0073
Train Epoch: 2 [0/23918 (0%)]	Loss: 0.425711
Train Epoch: 2 [19200/23918 (80%)]	Loss: 0.361032
====> Epoch: 2 Average loss: 0.0072
Train Epoch: 3 [0/23918 (0%)]	Loss: 0.629455
Train Epoch: 3 [19200/23918 (80%)]	Loss: 0.391459
====> Epoch: 3 Average loss: 0.0072
Train Epoch: 4 [0/23918 (0%)]	Loss: 0.464418
Train Epoch: 4 [19200/23918 (80%)]	Loss: 0.377361
====> Epoch: 4 Average loss: 0.0071
Train Epoch: 5 [0/23918 (0%)]	Loss: 0.301973
Train Epoch: 5 [19200/23918 (80%)]	Loss: 0.423092
====> Epoch: 5 Average loss: 0.0069
Train Epoch: 6 [0/23918 (0%)]	Loss: 0.380415
Train Epoch: 6 [19200/23918 (80%)]	Loss: 0.599467
====> Epoch: 6 Average loss: 0.0069
Train Epoch: 7 [0/23918 (0%)]	Loss: 0.261124
Train Epoch: 7 [19200/23918 (80%)]	Loss: 0.370981
====> Epoch: 7 Average loss: 0.0068
Train Epoch: 8 [0/23918 (0%)]	Loss: 0.450759
Train Epoch: 8 [19200/23918 (80%)]	Loss: 0.293828
====> Epoch: 8 Average loss: 0.0068
Train Epoch: 9 [0/23918 (0%)]	Loss: 0.365480
Train Epoch: 9 [19200/23918 (80%)]	Loss: 0.519060
====> Epoch: 9 Average loss: 0.0067
[2024-11-26 10:03:13] INFO:__main__: Confusion matrix saved to: confusion_matrices/resnet18/caltech256/gs_0.5_0.0/iter_10.npy
[2024-11-26 10:03:13] INFO:__main__: Overall Accuracy: 0.7770
[2024-11-26 10:03:13] INFO:__main__: Mean Precision: 0.7816
[2024-11-26 10:03:13] INFO:__main__: Mean Recall: 0.7595
[2024-11-26 10:03:13] INFO:__main__: Mean False Alarm: 0.0009
[2024-11-26 10:03:13] INFO:__main__: Per-class Precision SD: 0.1450
[2024-11-26 10:03:13] INFO:__main__: Per-class Recall SD: 0.1471
[2024-11-26 10:03:13] INFO:__main__: Per-class False Alarm SD: 0.0008
Total time: 8682.055633544922
Additional time: 0.003541231155395508
[2024-11-26 10:03:13] INFO:__main__: Iteration: 11: run prediction on unlabeled data `du` 
