[2024-12-01 04:18:57] INFO:__main__: Model: resnet18
[2024-12-01 04:18:57] INFO:__main__: Dataset: caltech256
[2024-12-01 04:18:57] INFO:__main__: Experiment type: gs
[2024-12-01 04:18:57] INFO:__main__: Lambda weight: 0.5
[2024-12-01 04:18:57] INFO:__main__: Gamma weight: 1.0
[2024-12-01 04:18:57] INFO:__main__: Training epochs: 10
[2024-12-01 04:18:57] INFO:__main__: Batch size: 64
[2024-12-01 04:18:57] INFO:__main__: Using device: cuda
[2024-12-01 04:18:57] INFO:__main__: Initial configuration: len(du): 21527, len(dl): 2391 
[2024-12-01 04:18:58] INFO:__main__: Initialize training the model on `dl` and test on `dtest`
Train Epoch: 0 [0/2391 (0%)]	Loss: 5.630637
====> Epoch: 0 Average loss: 0.0854
Train Epoch: 1 [0/2391 (0%)]	Loss: 4.950174
====> Epoch: 1 Average loss: 0.0720
Train Epoch: 2 [0/2391 (0%)]	Loss: 4.191971
====> Epoch: 2 Average loss: 0.0620
Train Epoch: 3 [0/2391 (0%)]	Loss: 3.705143
====> Epoch: 3 Average loss: 0.0537
Train Epoch: 4 [0/2391 (0%)]	Loss: 2.815031
====> Epoch: 4 Average loss: 0.0468
Train Epoch: 5 [0/2391 (0%)]	Loss: 2.724983
====> Epoch: 5 Average loss: 0.0412
Train Epoch: 6 [0/2391 (0%)]	Loss: 2.443094
====> Epoch: 6 Average loss: 0.0364
Train Epoch: 7 [0/2391 (0%)]	Loss: 2.273897
====> Epoch: 7 Average loss: 0.0330
Train Epoch: 8 [0/2391 (0%)]	Loss: 1.988413
====> Epoch: 8 Average loss: 0.0294
Train Epoch: 9 [0/2391 (0%)]	Loss: 1.870730
====> Epoch: 9 Average loss: 0.0265
[2024-12-01 04:29:17] INFO:__main__: Confusion matrix saved to: confusion_matrices/resnet18/caltech256/gs_0.5_1.0_1/initial.npy
[2024-12-01 04:29:17] INFO:__main__: Overall Accuracy: 0.5580
[2024-12-01 04:29:17] INFO:__main__: Mean Precision: 0.5786
[2024-12-01 04:29:17] INFO:__main__: Mean Recall: 0.4995
[2024-12-01 04:29:17] INFO:__main__: Mean False Alarm: 0.0017
[2024-12-01 04:29:17] INFO:__main__: Per-class Precision SD: 0.2946
[2024-12-01 04:29:17] INFO:__main__: Per-class Recall SD: 0.3158
[2024-12-01 04:29:17] INFO:__main__: Per-class False Alarm SD: 0.0023
[2024-12-01 04:29:17] INFO:__main__: Iteration: 0: run prediction on unlabeled data `du` 
[2024-12-01 04:44:28] INFO:__main__: Update size of `dl`  and `du` by adding uncertain 2000 samples in `dl` len(dl): 4391, len(du) 21527
[2024-12-01 04:44:28] INFO:__main__: Update size of `dl`  and `du` by adding 9 hcs samples in `dl` len(dl): 4400, len(du) 21527
[2024-12-01 04:44:29] INFO:__main__: Iteration: 0 fine-tune the model on dh U dl
Train Epoch: 0 [0/4400 (0%)]	Loss: 1.933036
====> Epoch: 0 Average loss: 0.0302
Train Epoch: 1 [0/4400 (0%)]	Loss: 1.958106
====> Epoch: 1 Average loss: 0.0266
Train Epoch: 2 [0/4400 (0%)]	Loss: 1.459888
====> Epoch: 2 Average loss: 0.0238
Train Epoch: 3 [0/4400 (0%)]	Loss: 1.401767
====> Epoch: 3 Average loss: 0.0212
Train Epoch: 4 [0/4400 (0%)]	Loss: 1.284439
====> Epoch: 4 Average loss: 0.0194
Train Epoch: 5 [0/4400 (0%)]	Loss: 1.177786
====> Epoch: 5 Average loss: 0.0177
Train Epoch: 6 [0/4400 (0%)]	Loss: 1.250913
====> Epoch: 6 Average loss: 0.0163
Train Epoch: 7 [0/4400 (0%)]	Loss: 1.120176
====> Epoch: 7 Average loss: 0.0152
Train Epoch: 8 [0/4400 (0%)]	Loss: 1.018369
====> Epoch: 8 Average loss: 0.0143
Train Epoch: 9 [0/4400 (0%)]	Loss: 0.953953
====> Epoch: 9 Average loss: 0.0134
[2024-12-01 04:59:20] INFO:__main__: Confusion matrix saved to: confusion_matrices/resnet18/caltech256/gs_0.5_1.0_1/iter_0.npy
[2024-12-01 04:59:20] INFO:__main__: Overall Accuracy: 0.6921
[2024-12-01 04:59:20] INFO:__main__: Mean Precision: 0.7091
[2024-12-01 04:59:20] INFO:__main__: Mean Recall: 0.6554
[2024-12-01 04:59:20] INFO:__main__: Mean False Alarm: 0.0012
[2024-12-01 04:59:20] INFO:__main__: Per-class Precision SD: 0.1895
[2024-12-01 04:59:20] INFO:__main__: Per-class Recall SD: 0.2226
[2024-12-01 04:59:20] INFO:__main__: Per-class False Alarm SD: 0.0015
Total time: 1803.2207551002502
Additional time: 0.009114980697631836
[2024-12-01 04:59:20] INFO:__main__: Iteration: 1: run prediction on unlabeled data `du` 
[2024-12-01 05:07:01] INFO:__main__: Update size of `dl`  and `du` by adding uncertain 2000 samples in `dl` len(dl): 6400, len(du) 19518
[2024-12-01 05:07:01] INFO:__main__: Update size of `dl`  and `du` by adding 43 hcs samples in `dl` len(dl): 6443, len(du) 19518
[2024-12-01 05:07:02] INFO:__main__: Iteration: 1 fine-tune the model on dh U dl
Train Epoch: 0 [0/6443 (0%)]	Loss: 1.101973
====> Epoch: 0 Average loss: 0.0164
Train Epoch: 1 [0/6443 (0%)]	Loss: 1.000343
====> Epoch: 1 Average loss: 0.0153
Train Epoch: 2 [0/6443 (0%)]	Loss: 0.906282
====> Epoch: 2 Average loss: 0.0143
Train Epoch: 3 [0/6443 (0%)]	Loss: 0.745126
====> Epoch: 3 Average loss: 0.0136
Train Epoch: 4 [0/6443 (0%)]	Loss: 0.633539
====> Epoch: 4 Average loss: 0.0127
Train Epoch: 5 [0/6443 (0%)]	Loss: 0.464664
====> Epoch: 5 Average loss: 0.0121
Train Epoch: 6 [0/6443 (0%)]	Loss: 0.536244
====> Epoch: 6 Average loss: 0.0114
Train Epoch: 7 [0/6443 (0%)]	Loss: 0.834214
====> Epoch: 7 Average loss: 0.0111
Train Epoch: 8 [0/6443 (0%)]	Loss: 0.732726
====> Epoch: 8 Average loss: 0.0105
Train Epoch: 9 [0/6443 (0%)]	Loss: 0.814879
====> Epoch: 9 Average loss: 0.0101
[2024-12-01 05:28:01] INFO:__main__: Confusion matrix saved to: confusion_matrices/resnet18/caltech256/gs_0.5_1.0_1/iter_1.npy
[2024-12-01 05:28:01] INFO:__main__: Overall Accuracy: 0.7286
[2024-12-01 05:28:01] INFO:__main__: Mean Precision: 0.7309
[2024-12-01 05:28:01] INFO:__main__: Mean Recall: 0.7018
[2024-12-01 05:28:01] INFO:__main__: Mean False Alarm: 0.0011
[2024-12-01 05:28:01] INFO:__main__: Per-class Precision SD: 0.1666
[2024-12-01 05:28:01] INFO:__main__: Per-class Recall SD: 0.1915
[2024-12-01 05:28:01] INFO:__main__: Per-class False Alarm SD: 0.0010
Total time: 1721.1004977226257
Additional time: 0.007237672805786133
[2024-12-01 05:28:01] INFO:__main__: Iteration: 2: run prediction on unlabeled data `du` 
[2024-12-01 05:32:41] INFO:__main__: Update size of `dl`  and `du` by adding uncertain 2000 samples in `dl` len(dl): 8443, len(du) 17475
[2024-12-01 05:32:41] INFO:__main__: Update size of `dl`  and `du` by adding 127 hcs samples in `dl` len(dl): 8570, len(du) 17475
[2024-12-01 05:32:42] INFO:__main__: Iteration: 2 fine-tune the model on dh U dl
Train Epoch: 0 [0/8570 (0%)]	Loss: 1.029267
====> Epoch: 0 Average loss: 0.0139
Train Epoch: 1 [0/8570 (0%)]	Loss: 0.823847
====> Epoch: 1 Average loss: 0.0132
Train Epoch: 2 [0/8570 (0%)]	Loss: 0.681977
====> Epoch: 2 Average loss: 0.0127
Train Epoch: 3 [0/8570 (0%)]	Loss: 0.732140
====> Epoch: 3 Average loss: 0.0123
Train Epoch: 4 [0/8570 (0%)]	Loss: 0.907949
====> Epoch: 4 Average loss: 0.0118
Train Epoch: 5 [0/8570 (0%)]	Loss: 0.704358
====> Epoch: 5 Average loss: 0.0113
Train Epoch: 6 [0/8570 (0%)]	Loss: 0.806190
====> Epoch: 6 Average loss: 0.0109
Train Epoch: 7 [0/8570 (0%)]	Loss: 0.612899
====> Epoch: 7 Average loss: 0.0106
Train Epoch: 8 [0/8570 (0%)]	Loss: 0.404145
====> Epoch: 8 Average loss: 0.0103
Train Epoch: 9 [0/8570 (0%)]	Loss: 0.326380
====> Epoch: 9 Average loss: 0.0100
[2024-12-01 06:05:11] INFO:__main__: Confusion matrix saved to: confusion_matrices/resnet18/caltech256/gs_0.5_1.0_1/iter_2.npy
[2024-12-01 06:05:11] INFO:__main__: Overall Accuracy: 0.7376
[2024-12-01 06:05:11] INFO:__main__: Mean Precision: 0.7454
[2024-12-01 06:05:11] INFO:__main__: Mean Recall: 0.7111
[2024-12-01 06:05:11] INFO:__main__: Mean False Alarm: 0.0010
[2024-12-01 06:05:11] INFO:__main__: Per-class Precision SD: 0.1625
[2024-12-01 06:05:11] INFO:__main__: Per-class Recall SD: 0.1729
[2024-12-01 06:05:11] INFO:__main__: Per-class False Alarm SD: 0.0011
Total time: 2229.999095916748
Additional time: 0.006415843963623047
[2024-12-01 06:05:11] INFO:__main__: Iteration: 3: run prediction on unlabeled data `du` 
[2024-12-01 06:09:13] INFO:__main__: Update size of `dl`  and `du` by adding uncertain 2000 samples in `dl` len(dl): 10570, len(du) 15348
[2024-12-01 06:09:13] INFO:__main__: Update size of `dl`  and `du` by adding 123 hcs samples in `dl` len(dl): 10693, len(du) 15348
[2024-12-01 06:09:13] INFO:__main__: Iteration: 3 fine-tune the model on dh U dl
Train Epoch: 0 [0/10693 (0%)]	Loss: 0.849075
====> Epoch: 0 Average loss: 0.0125
Train Epoch: 1 [0/10693 (0%)]	Loss: 0.756902
====> Epoch: 1 Average loss: 0.0122
Train Epoch: 2 [0/10693 (0%)]	Loss: 1.063544
====> Epoch: 2 Average loss: 0.0119
Train Epoch: 3 [0/10693 (0%)]	Loss: 0.325069
====> Epoch: 3 Average loss: 0.0115
Train Epoch: 4 [0/10693 (0%)]	Loss: 0.596533
====> Epoch: 4 Average loss: 0.0112
Train Epoch: 5 [0/10693 (0%)]	Loss: 0.563479
====> Epoch: 5 Average loss: 0.0109
Train Epoch: 6 [0/10693 (0%)]	Loss: 0.924636
====> Epoch: 6 Average loss: 0.0106
Train Epoch: 7 [0/10693 (0%)]	Loss: 0.918458
====> Epoch: 7 Average loss: 0.0102
Train Epoch: 8 [0/10693 (0%)]	Loss: 0.583793
====> Epoch: 8 Average loss: 0.0101
Train Epoch: 9 [0/10693 (0%)]	Loss: 0.598957
====> Epoch: 9 Average loss: 0.0098
[2024-12-01 06:44:16] INFO:__main__: Confusion matrix saved to: confusion_matrices/resnet18/caltech256/gs_0.5_1.0_1/iter_3.npy
[2024-12-01 06:44:16] INFO:__main__: Overall Accuracy: 0.7460
[2024-12-01 06:44:16] INFO:__main__: Mean Precision: 0.7489
[2024-12-01 06:44:16] INFO:__main__: Mean Recall: 0.7225
[2024-12-01 06:44:16] INFO:__main__: Mean False Alarm: 0.0010
[2024-12-01 06:44:16] INFO:__main__: Per-class Precision SD: 0.1570
[2024-12-01 06:44:16] INFO:__main__: Per-class Recall SD: 0.1687
[2024-12-01 06:44:16] INFO:__main__: Per-class False Alarm SD: 0.0010
Total time: 2344.3131136894226
Additional time: 0.006628513336181641
[2024-12-01 06:44:16] INFO:__main__: Iteration: 4: run prediction on unlabeled data `du` 
[2024-12-01 06:47:57] INFO:__main__: Update size of `dl`  and `du` by adding uncertain 2000 samples in `dl` len(dl): 12693, len(du) 13225
[2024-12-01 06:47:57] INFO:__main__: Update size of `dl`  and `du` by adding 135 hcs samples in `dl` len(dl): 12828, len(du) 13225
[2024-12-01 06:47:57] INFO:__main__: Iteration: 4 fine-tune the model on dh U dl
Train Epoch: 0 [0/12828 (0%)]	Loss: 0.804622
====> Epoch: 0 Average loss: 0.0123
Train Epoch: 1 [0/12828 (0%)]	Loss: 1.064728
====> Epoch: 1 Average loss: 0.0119
Train Epoch: 2 [0/12828 (0%)]	Loss: 0.646366
====> Epoch: 2 Average loss: 0.0115
Train Epoch: 3 [0/12828 (0%)]	Loss: 0.591425
====> Epoch: 3 Average loss: 0.0112
Train Epoch: 4 [0/12828 (0%)]	Loss: 0.675263
====> Epoch: 4 Average loss: 0.0110
Train Epoch: 5 [0/12828 (0%)]	Loss: 1.024098
====> Epoch: 5 Average loss: 0.0108
Train Epoch: 6 [0/12828 (0%)]	Loss: 0.423868
====> Epoch: 6 Average loss: 0.0105
Train Epoch: 7 [0/12828 (0%)]	Loss: 0.661862
====> Epoch: 7 Average loss: 0.0103
Train Epoch: 8 [0/12828 (0%)]	Loss: 0.917404
====> Epoch: 8 Average loss: 0.0100
Train Epoch: 9 [0/12828 (0%)]	Loss: 0.405876
====> Epoch: 9 Average loss: 0.0098
[2024-12-01 07:28:24] INFO:__main__: Confusion matrix saved to: confusion_matrices/resnet18/caltech256/gs_0.5_1.0_1/iter_4.npy
[2024-12-01 07:28:24] INFO:__main__: Overall Accuracy: 0.7538
[2024-12-01 07:28:24] INFO:__main__: Mean Precision: 0.7568
[2024-12-01 07:28:24] INFO:__main__: Mean Recall: 0.7317
[2024-12-01 07:28:24] INFO:__main__: Mean False Alarm: 0.0010
[2024-12-01 07:28:24] INFO:__main__: Per-class Precision SD: 0.1543
[2024-12-01 07:28:24] INFO:__main__: Per-class Recall SD: 0.1697
[2024-12-01 07:28:24] INFO:__main__: Per-class False Alarm SD: 0.0010
Total time: 2647.9677817821503
Additional time: 0.007404804229736328
[2024-12-01 07:28:24] INFO:__main__: Iteration: 5: run prediction on unlabeled data `du` 
[2024-12-01 07:31:33] INFO:__main__: Update size of `dl`  and `du` by adding uncertain 2000 samples in `dl` len(dl): 14828, len(du) 11090
[2024-12-01 07:31:33] INFO:__main__: Update size of `dl`  and `du` by adding 77 hcs samples in `dl` len(dl): 14905, len(du) 11090
[2024-12-01 07:31:33] INFO:__main__: Iteration: 5 fine-tune the model on dh U dl
Train Epoch: 0 [0/14905 (0%)]	Loss: 0.838621
====> Epoch: 0 Average loss: 0.0114
Train Epoch: 1 [0/14905 (0%)]	Loss: 0.502780
====> Epoch: 1 Average loss: 0.0111
Train Epoch: 2 [0/14905 (0%)]	Loss: 0.887709
====> Epoch: 2 Average loss: 0.0108
Train Epoch: 3 [0/14905 (0%)]	Loss: 0.571967
====> Epoch: 3 Average loss: 0.0106
Train Epoch: 4 [0/14905 (0%)]	Loss: 0.675968
====> Epoch: 4 Average loss: 0.0104
Train Epoch: 5 [0/14905 (0%)]	Loss: 0.493453
====> Epoch: 5 Average loss: 0.0102
Train Epoch: 6 [0/14905 (0%)]	Loss: 0.564383
====> Epoch: 6 Average loss: 0.0100
Train Epoch: 7 [0/14905 (0%)]	Loss: 0.601888
====> Epoch: 7 Average loss: 0.0098
Train Epoch: 8 [0/14905 (0%)]	Loss: 0.787467
====> Epoch: 8 Average loss: 0.0096
Train Epoch: 9 [0/14905 (0%)]	Loss: 0.972220
====> Epoch: 9 Average loss: 0.0095
[2024-12-01 08:18:04] INFO:__main__: Confusion matrix saved to: confusion_matrices/resnet18/caltech256/gs_0.5_1.0_1/iter_5.npy
[2024-12-01 08:18:04] INFO:__main__: Overall Accuracy: 0.7593
[2024-12-01 08:18:04] INFO:__main__: Mean Precision: 0.7617
[2024-12-01 08:18:04] INFO:__main__: Mean Recall: 0.7379
[2024-12-01 08:18:04] INFO:__main__: Mean False Alarm: 0.0009
[2024-12-01 08:18:04] INFO:__main__: Per-class Precision SD: 0.1527
[2024-12-01 08:18:04] INFO:__main__: Per-class Recall SD: 0.1683
[2024-12-01 08:18:04] INFO:__main__: Per-class False Alarm SD: 0.0010
Total time: 2980.864650964737
Additional time: 0.0046803951263427734
[2024-12-01 08:18:04] INFO:__main__: Iteration: 6: run prediction on unlabeled data `du` 
[2024-12-01 08:20:34] INFO:__main__: Update size of `dl`  and `du` by adding uncertain 2000 samples in `dl` len(dl): 16905, len(du) 9013
[2024-12-01 08:20:34] INFO:__main__: Update size of `dl`  and `du` by adding 1 hcs samples in `dl` len(dl): 16906, len(du) 9013
[2024-12-01 08:20:34] INFO:__main__: Iteration: 6 fine-tune the model on dh U dl
Train Epoch: 0 [0/16906 (0%)]	Loss: 0.386541
====> Epoch: 0 Average loss: 0.0101
Train Epoch: 1 [0/16906 (0%)]	Loss: 0.779455
====> Epoch: 1 Average loss: 0.0099
Train Epoch: 2 [0/16906 (0%)]	Loss: 0.840560
====> Epoch: 2 Average loss: 0.0098
Train Epoch: 3 [0/16906 (0%)]	Loss: 0.328523
====> Epoch: 3 Average loss: 0.0096
Train Epoch: 4 [0/16906 (0%)]	Loss: 0.566281
====> Epoch: 4 Average loss: 0.0093
Train Epoch: 5 [0/16906 (0%)]	Loss: 0.770783
====> Epoch: 5 Average loss: 0.0092
Train Epoch: 6 [0/16906 (0%)]	Loss: 0.479002
====> Epoch: 6 Average loss: 0.0090
Train Epoch: 7 [0/16906 (0%)]	Loss: 0.737161
====> Epoch: 7 Average loss: 0.0089
Train Epoch: 8 [0/16906 (0%)]	Loss: 0.396727
====> Epoch: 8 Average loss: 0.0088
Train Epoch: 9 [0/16906 (0%)]	Loss: 0.434125
====> Epoch: 9 Average loss: 0.0085
[2024-12-01 09:12:47] INFO:__main__: Confusion matrix saved to: confusion_matrices/resnet18/caltech256/gs_0.5_1.0_1/iter_6.npy
[2024-12-01 09:12:47] INFO:__main__: Overall Accuracy: 0.7631
[2024-12-01 09:12:47] INFO:__main__: Mean Precision: 0.7634
[2024-12-01 09:12:47] INFO:__main__: Mean Recall: 0.7442
[2024-12-01 09:12:47] INFO:__main__: Mean False Alarm: 0.0009
[2024-12-01 09:12:47] INFO:__main__: Per-class Precision SD: 0.1502
[2024-12-01 09:12:47] INFO:__main__: Per-class Recall SD: 0.1529
[2024-12-01 09:12:47] INFO:__main__: Per-class False Alarm SD: 0.0009
Total time: 3283.0420298576355
Additional time: 0.003961801528930664
[2024-12-01 09:12:47] INFO:__main__: Iteration: 7: run prediction on unlabeled data `du` 
[2024-12-01 09:14:51] INFO:__main__: Update size of `dl`  and `du` by adding uncertain 2000 samples in `dl` len(dl): 18906, len(du) 7012
[2024-12-01 09:14:51] INFO:__main__: Update size of `dl`  and `du` by adding 0 hcs samples in `dl` len(dl): 18906, len(du) 7012
[2024-12-01 09:14:51] INFO:__main__: Iteration: 7 fine-tune the model on dh U dl
Train Epoch: 0 [0/18906 (0%)]	Loss: 0.608597
====> Epoch: 0 Average loss: 0.0093
Train Epoch: 1 [0/18906 (0%)]	Loss: 0.633417
====> Epoch: 1 Average loss: 0.0091
Train Epoch: 2 [0/18906 (0%)]	Loss: 0.827657
====> Epoch: 2 Average loss: 0.0088
Train Epoch: 3 [0/18906 (0%)]	Loss: 0.837851
====> Epoch: 3 Average loss: 0.0087
Train Epoch: 4 [0/18906 (0%)]	Loss: 0.623302
====> Epoch: 4 Average loss: 0.0086
Train Epoch: 5 [0/18906 (0%)]	Loss: 0.742888
====> Epoch: 5 Average loss: 0.0084
Train Epoch: 6 [0/18906 (0%)]	Loss: 0.345607
====> Epoch: 6 Average loss: 0.0083
Train Epoch: 7 [0/18906 (0%)]	Loss: 0.542591
====> Epoch: 7 Average loss: 0.0081
Train Epoch: 8 [0/18906 (0%)]	Loss: 0.485221
====> Epoch: 8 Average loss: 0.0081
Train Epoch: 9 [0/18906 (0%)]	Loss: 0.436794
====> Epoch: 9 Average loss: 0.0079
[2024-12-01 10:10:56] INFO:__main__: Confusion matrix saved to: confusion_matrices/resnet18/caltech256/gs_0.5_1.0_1/iter_7.npy
[2024-12-01 10:10:56] INFO:__main__: Overall Accuracy: 0.7714
[2024-12-01 10:10:56] INFO:__main__: Mean Precision: 0.7703
[2024-12-01 10:10:56] INFO:__main__: Mean Recall: 0.7512
[2024-12-01 10:10:56] INFO:__main__: Mean False Alarm: 0.0009
[2024-12-01 10:10:56] INFO:__main__: Per-class Precision SD: 0.1483
[2024-12-01 10:10:56] INFO:__main__: Per-class Recall SD: 0.1587
[2024-12-01 10:10:56] INFO:__main__: Per-class False Alarm SD: 0.0008
Total time: 3488.8449733257294
Additional time: 0.004016399383544922
[2024-12-01 10:10:56] INFO:__main__: Iteration: 8: run prediction on unlabeled data `du` 
[2024-12-01 10:12:25] INFO:__main__: Update size of `dl`  and `du` by adding uncertain 2000 samples in `dl` len(dl): 20906, len(du) 5012
[2024-12-01 10:12:25] INFO:__main__: Update size of `dl`  and `du` by adding 0 hcs samples in `dl` len(dl): 20906, len(du) 5012
[2024-12-01 10:12:25] INFO:__main__: Iteration: 8 fine-tune the model on dh U dl
Train Epoch: 0 [0/20906 (0%)]	Loss: 0.316436
Train Epoch: 0 [19200/20906 (92%)]	Loss: 0.623055
====> Epoch: 0 Average loss: 0.0085
Train Epoch: 1 [0/20906 (0%)]	Loss: 0.580570
Train Epoch: 1 [19200/20906 (92%)]	Loss: 0.340728
====> Epoch: 1 Average loss: 0.0083
Train Epoch: 2 [0/20906 (0%)]	Loss: 0.474833
Train Epoch: 2 [19200/20906 (92%)]	Loss: 0.394189
====> Epoch: 2 Average loss: 0.0083
Train Epoch: 3 [0/20906 (0%)]	Loss: 0.243110
Train Epoch: 3 [19200/20906 (92%)]	Loss: 0.547520
====> Epoch: 3 Average loss: 0.0082
Train Epoch: 4 [0/20906 (0%)]	Loss: 0.604626
Train Epoch: 4 [19200/20906 (92%)]	Loss: 0.399979
====> Epoch: 4 Average loss: 0.0079
Train Epoch: 5 [0/20906 (0%)]	Loss: 0.595558
Train Epoch: 5 [19200/20906 (92%)]	Loss: 0.270989
====> Epoch: 5 Average loss: 0.0078
Train Epoch: 6 [0/20906 (0%)]	Loss: 0.651164
Train Epoch: 6 [19200/20906 (92%)]	Loss: 0.575091
====> Epoch: 6 Average loss: 0.0078
Train Epoch: 7 [0/20906 (0%)]	Loss: 0.275580
Train Epoch: 7 [19200/20906 (92%)]	Loss: 0.283175
====> Epoch: 7 Average loss: 0.0076
Train Epoch: 8 [0/20906 (0%)]	Loss: 0.288444
Train Epoch: 8 [19200/20906 (92%)]	Loss: 0.463854
====> Epoch: 8 Average loss: 0.0076
Train Epoch: 9 [0/20906 (0%)]	Loss: 0.352622
Train Epoch: 9 [19200/20906 (92%)]	Loss: 0.272283
====> Epoch: 9 Average loss: 0.0075
[2024-12-01 11:15:28] INFO:__main__: Confusion matrix saved to: confusion_matrices/resnet18/caltech256/gs_0.5_1.0_1/iter_8.npy
[2024-12-01 11:15:28] INFO:__main__: Overall Accuracy: 0.7671
[2024-12-01 11:15:28] INFO:__main__: Mean Precision: 0.7688
[2024-12-01 11:15:28] INFO:__main__: Mean Recall: 0.7473
[2024-12-01 11:15:28] INFO:__main__: Mean False Alarm: 0.0009
[2024-12-01 11:15:28] INFO:__main__: Per-class Precision SD: 0.1482
[2024-12-01 11:15:28] INFO:__main__: Per-class Recall SD: 0.1551
[2024-12-01 11:15:28] INFO:__main__: Per-class False Alarm SD: 0.0009
Total time: 3871.608055830002
Additional time: 0.0029675960540771484
[2024-12-01 11:15:28] INFO:__main__: Iteration: 9: run prediction on unlabeled data `du` 
[2024-12-01 11:16:24] INFO:__main__: Update size of `dl`  and `du` by adding uncertain 2000 samples in `dl` len(dl): 22906, len(du) 3012
[2024-12-01 11:16:24] INFO:__main__: Update size of `dl`  and `du` by adding 0 hcs samples in `dl` len(dl): 22906, len(du) 3012
[2024-12-01 11:16:24] INFO:__main__: Iteration: 9 fine-tune the model on dh U dl
Train Epoch: 0 [0/22906 (0%)]	Loss: 0.506657
Train Epoch: 0 [19200/22906 (84%)]	Loss: 0.521205
====> Epoch: 0 Average loss: 0.0080
Train Epoch: 1 [0/22906 (0%)]	Loss: 0.478764
Train Epoch: 1 [19200/22906 (84%)]	Loss: 0.414747
====> Epoch: 1 Average loss: 0.0080
Train Epoch: 2 [0/22906 (0%)]	Loss: 0.436930
Train Epoch: 2 [19200/22906 (84%)]	Loss: 0.717431
====> Epoch: 2 Average loss: 0.0078
Train Epoch: 3 [0/22906 (0%)]	Loss: 0.519049
Train Epoch: 3 [19200/22906 (84%)]	Loss: 0.413130
====> Epoch: 3 Average loss: 0.0077
Train Epoch: 4 [0/22906 (0%)]	Loss: 0.413106
Train Epoch: 4 [19200/22906 (84%)]	Loss: 0.642586
====> Epoch: 4 Average loss: 0.0076
Train Epoch: 5 [0/22906 (0%)]	Loss: 0.383168
Train Epoch: 5 [19200/22906 (84%)]	Loss: 0.386653
====> Epoch: 5 Average loss: 0.0075
Train Epoch: 6 [0/22906 (0%)]	Loss: 0.664173
Train Epoch: 6 [19200/22906 (84%)]	Loss: 0.449216
====> Epoch: 6 Average loss: 0.0074
Train Epoch: 7 [0/22906 (0%)]	Loss: 0.583562
Train Epoch: 7 [19200/22906 (84%)]	Loss: 0.321831
====> Epoch: 7 Average loss: 0.0073
Train Epoch: 8 [0/22906 (0%)]	Loss: 0.393796
Train Epoch: 8 [19200/22906 (84%)]	Loss: 0.354657
====> Epoch: 8 Average loss: 0.0071
Train Epoch: 9 [0/22906 (0%)]	Loss: 0.366617
Train Epoch: 9 [19200/22906 (84%)]	Loss: 0.713983
====> Epoch: 9 Average loss: 0.0071
[2024-12-01 12:25:27] INFO:__main__: Confusion matrix saved to: confusion_matrices/resnet18/caltech256/gs_0.5_1.0_1/iter_9.npy
[2024-12-01 12:25:27] INFO:__main__: Overall Accuracy: 0.7740
[2024-12-01 12:25:27] INFO:__main__: Mean Precision: 0.7742
[2024-12-01 12:25:27] INFO:__main__: Mean Recall: 0.7545
[2024-12-01 12:25:27] INFO:__main__: Mean False Alarm: 0.0009
[2024-12-01 12:25:27] INFO:__main__: Per-class Precision SD: 0.1505
[2024-12-01 12:25:27] INFO:__main__: Per-class Recall SD: 0.1590
[2024-12-01 12:25:27] INFO:__main__: Per-class False Alarm SD: 0.0008
Total time: 4199.032713890076
Additional time: 0.001720428466796875
[2024-12-01 12:25:27] INFO:__main__: Iteration: 10: run prediction on unlabeled data `du` 
[2024-12-01 12:25:48] INFO:__main__: Update size of `dl`  and `du` by adding uncertain 1012 samples in `dl` len(dl): 23918, len(du) 1012
[2024-12-01 12:25:48] INFO:__main__: Update size of `dl`  and `du` by adding 0 hcs samples in `dl` len(dl): 23918, len(du) 1012
[2024-12-01 12:25:48] INFO:__main__: Iteration: 10 fine-tune the model on dh U dl
Train Epoch: 0 [0/23918 (0%)]	Loss: 0.452592
Train Epoch: 0 [19200/23918 (80%)]	Loss: 0.465407
====> Epoch: 0 Average loss: 0.0073
Train Epoch: 1 [0/23918 (0%)]	Loss: 0.441904
Train Epoch: 1 [19200/23918 (80%)]	Loss: 0.370411
====> Epoch: 1 Average loss: 0.0072
Train Epoch: 2 [0/23918 (0%)]	Loss: 0.522440
Train Epoch: 2 [19200/23918 (80%)]	Loss: 0.604613
====> Epoch: 2 Average loss: 0.0070
Train Epoch: 3 [0/23918 (0%)]	Loss: 0.511530
Train Epoch: 3 [19200/23918 (80%)]	Loss: 0.282955
====> Epoch: 3 Average loss: 0.0071
Train Epoch: 4 [0/23918 (0%)]	Loss: 0.395579
Train Epoch: 4 [19200/23918 (80%)]	Loss: 0.427212
====> Epoch: 4 Average loss: 0.0069
Train Epoch: 5 [0/23918 (0%)]	Loss: 0.294858
Train Epoch: 5 [19200/23918 (80%)]	Loss: 0.595494
====> Epoch: 5 Average loss: 0.0069
Train Epoch: 6 [0/23918 (0%)]	Loss: 0.538598
Train Epoch: 6 [19200/23918 (80%)]	Loss: 0.433482
====> Epoch: 6 Average loss: 0.0069
Train Epoch: 7 [0/23918 (0%)]	Loss: 0.457006
Train Epoch: 7 [19200/23918 (80%)]	Loss: 0.404627
====> Epoch: 7 Average loss: 0.0067
Train Epoch: 8 [0/23918 (0%)]	Loss: 0.404294
Train Epoch: 8 [19200/23918 (80%)]	Loss: 0.437166
====> Epoch: 8 Average loss: 0.0066
Train Epoch: 9 [0/23918 (0%)]	Loss: 0.300297
Train Epoch: 9 [19200/23918 (80%)]	Loss: 0.675338
====> Epoch: 9 Average loss: 0.0066
[2024-12-01 13:31:52] INFO:__main__: Confusion matrix saved to: confusion_matrices/resnet18/caltech256/gs_0.5_1.0_1/iter_10.npy
[2024-12-01 13:31:52] INFO:__main__: Overall Accuracy: 0.7709
[2024-12-01 13:31:52] INFO:__main__: Mean Precision: 0.7761
[2024-12-01 13:31:52] INFO:__main__: Mean Recall: 0.7508
[2024-12-01 13:31:52] INFO:__main__: Mean False Alarm: 0.0009
[2024-12-01 13:31:52] INFO:__main__: Per-class Precision SD: 0.1407
[2024-12-01 13:31:52] INFO:__main__: Per-class Recall SD: 0.1528
[2024-12-01 13:31:52] INFO:__main__: Per-class False Alarm SD: 0.0010
Total time: 3984.8767161369324
Additional time: 0.0010027885437011719
[2024-12-01 13:31:52] INFO:__main__: Iteration: 11: run prediction on unlabeled data `du` 
