[2024-11-25 18:18:55] INFO:__main__: Model: resnet18
[2024-11-25 18:18:55] INFO:__main__: Dataset: caltech256
[2024-11-25 18:18:55] INFO:__main__: Experiment type: gs
[2024-11-25 18:18:55] INFO:__main__: Lambda weight: 0.5
[2024-11-25 18:18:55] INFO:__main__: Gamma weight: 2.0
[2024-11-25 18:18:55] INFO:__main__: Training epochs: 10
[2024-11-25 18:18:55] INFO:__main__: Batch size: 64
[2024-11-25 18:18:55] INFO:__main__: Using device: cuda
[2024-11-25 18:18:55] INFO:__main__: Initial configuration: len(du): 21527, len(dl): 2391 
[2024-11-25 18:18:55] INFO:__main__: Initialize training the model on `dl` and test on `dtest`
Train Epoch: 0 [0/2391 (0%)]	Loss: 5.832297
====> Epoch: 0 Average loss: 0.0863
Train Epoch: 1 [0/2391 (0%)]	Loss: 4.865274
====> Epoch: 1 Average loss: 0.0730
Train Epoch: 2 [0/2391 (0%)]	Loss: 4.359177
====> Epoch: 2 Average loss: 0.0631
Train Epoch: 3 [0/2391 (0%)]	Loss: 3.569463
====> Epoch: 3 Average loss: 0.0551
Train Epoch: 4 [0/2391 (0%)]	Loss: 3.384514
====> Epoch: 4 Average loss: 0.0480
Train Epoch: 5 [0/2391 (0%)]	Loss: 2.563147
====> Epoch: 5 Average loss: 0.0424
Train Epoch: 6 [0/2391 (0%)]	Loss: 2.282224
====> Epoch: 6 Average loss: 0.0378
Train Epoch: 7 [0/2391 (0%)]	Loss: 1.988380
====> Epoch: 7 Average loss: 0.0339
Train Epoch: 8 [0/2391 (0%)]	Loss: 2.044839
====> Epoch: 8 Average loss: 0.0304
Train Epoch: 9 [0/2391 (0%)]	Loss: 1.629945
====> Epoch: 9 Average loss: 0.0275
[2024-11-25 18:47:41] INFO:__main__: Confusion matrix saved to: confusion_matrices/resnet18/caltech256/gs_0.5_2.0/initial.npy
[2024-11-25 18:47:41] INFO:__main__: Overall Accuracy: 0.5623
[2024-11-25 18:47:41] INFO:__main__: Mean Precision: 0.5601
[2024-11-25 18:47:41] INFO:__main__: Mean Recall: 0.5015
[2024-11-25 18:47:41] INFO:__main__: Mean False Alarm: 0.0017
[2024-11-25 18:47:41] INFO:__main__: Per-class Precision SD: 0.3022
[2024-11-25 18:47:41] INFO:__main__: Per-class Recall SD: 0.3211
[2024-11-25 18:47:41] INFO:__main__: Per-class False Alarm SD: 0.0026
[2024-11-25 18:47:41] INFO:__main__: Iteration: 0: run prediction on unlabeled data `du` 
[2024-11-25 19:11:13] INFO:__main__: Update size of `dl`  and `du` by adding uncertain 2000 samples in `dl` len(dl): 4391, len(du) 21527
[2024-11-25 19:11:13] INFO:__main__: Update size of `dl`  and `du` by adding 5 hcs samples in `dl` len(dl): 4396, len(du) 21527
[2024-11-25 19:11:14] INFO:__main__: Iteration: 0 fine-tune the model on dh U dl
Train Epoch: 0 [0/4396 (0%)]	Loss: 2.049636
====> Epoch: 0 Average loss: 0.0307
Train Epoch: 1 [0/4396 (0%)]	Loss: 1.688038
====> Epoch: 1 Average loss: 0.0269
Train Epoch: 2 [0/4396 (0%)]	Loss: 1.542565
====> Epoch: 2 Average loss: 0.0240
Train Epoch: 3 [0/4396 (0%)]	Loss: 1.294055
====> Epoch: 3 Average loss: 0.0215
Train Epoch: 4 [0/4396 (0%)]	Loss: 1.344211
====> Epoch: 4 Average loss: 0.0196
Train Epoch: 5 [0/4396 (0%)]	Loss: 1.255716
====> Epoch: 5 Average loss: 0.0178
Train Epoch: 6 [0/4396 (0%)]	Loss: 1.077890
====> Epoch: 6 Average loss: 0.0166
Train Epoch: 7 [0/4396 (0%)]	Loss: 0.954517
====> Epoch: 7 Average loss: 0.0154
Train Epoch: 8 [0/4396 (0%)]	Loss: 0.737642
====> Epoch: 8 Average loss: 0.0143
Train Epoch: 9 [0/4396 (0%)]	Loss: 0.909118
====> Epoch: 9 Average loss: 0.0134
[2024-11-25 19:51:20] INFO:__main__: Confusion matrix saved to: confusion_matrices/resnet18/caltech256/gs_0.5_2.0/iter_0.npy
[2024-11-25 19:51:20] INFO:__main__: Overall Accuracy: 0.7074
[2024-11-25 19:51:20] INFO:__main__: Mean Precision: 0.7239
[2024-11-25 19:51:20] INFO:__main__: Mean Recall: 0.6724
[2024-11-25 19:51:20] INFO:__main__: Mean False Alarm: 0.0011
[2024-11-25 19:51:20] INFO:__main__: Per-class Precision SD: 0.1845
[2024-11-25 19:51:20] INFO:__main__: Per-class Recall SD: 0.2231
[2024-11-25 19:51:20] INFO:__main__: Per-class False Alarm SD: 0.0013
Total time: 3818.7262127399445
Additional time: 0.013336420059204102
[2024-11-25 19:51:20] INFO:__main__: Iteration: 1: run prediction on unlabeled data `du` 
[2024-11-25 20:14:42] INFO:__main__: Update size of `dl`  and `du` by adding uncertain 2000 samples in `dl` len(dl): 6396, len(du) 19522
[2024-11-25 20:14:43] INFO:__main__: Update size of `dl`  and `du` by adding 32 hcs samples in `dl` len(dl): 6428, len(du) 19522
[2024-11-25 20:14:43] INFO:__main__: Iteration: 1 fine-tune the model on dh U dl
Train Epoch: 0 [0/6428 (0%)]	Loss: 0.861945
====> Epoch: 0 Average loss: 0.0165
Train Epoch: 1 [0/6428 (0%)]	Loss: 0.859463
====> Epoch: 1 Average loss: 0.0154
Train Epoch: 2 [0/6428 (0%)]	Loss: 0.839087
====> Epoch: 2 Average loss: 0.0144
Train Epoch: 3 [0/6428 (0%)]	Loss: 0.889745
====> Epoch: 3 Average loss: 0.0135
Train Epoch: 4 [0/6428 (0%)]	Loss: 0.677771
====> Epoch: 4 Average loss: 0.0128
Train Epoch: 5 [0/6428 (0%)]	Loss: 0.831297
====> Epoch: 5 Average loss: 0.0123
Train Epoch: 6 [0/6428 (0%)]	Loss: 0.612781
====> Epoch: 6 Average loss: 0.0116
Train Epoch: 7 [0/6428 (0%)]	Loss: 0.760639
====> Epoch: 7 Average loss: 0.0110
Train Epoch: 8 [0/6428 (0%)]	Loss: 0.688085
====> Epoch: 8 Average loss: 0.0106
Train Epoch: 9 [0/6428 (0%)]	Loss: 0.550002
====> Epoch: 9 Average loss: 0.0100
[2024-11-25 21:35:25] INFO:__main__: Confusion matrix saved to: confusion_matrices/resnet18/caltech256/gs_0.5_2.0/iter_1.npy
[2024-11-25 21:35:25] INFO:__main__: Overall Accuracy: 0.7450
[2024-11-25 21:35:25] INFO:__main__: Mean Precision: 0.7550
[2024-11-25 21:35:25] INFO:__main__: Mean Recall: 0.7182
[2024-11-25 21:35:25] INFO:__main__: Mean False Alarm: 0.0010
[2024-11-25 21:35:25] INFO:__main__: Per-class Precision SD: 0.1681
[2024-11-25 21:35:25] INFO:__main__: Per-class Recall SD: 0.1838
[2024-11-25 21:35:25] INFO:__main__: Per-class False Alarm SD: 0.0011
Total time: 6244.441442489624
Additional time: 0.01439666748046875
[2024-11-25 21:35:25] INFO:__main__: Iteration: 2: run prediction on unlabeled data `du` 
[2024-11-25 21:50:34] INFO:__main__: Update size of `dl`  and `du` by adding uncertain 2000 samples in `dl` len(dl): 8428, len(du) 17490
[2024-11-25 21:50:36] INFO:__main__: Update size of `dl`  and `du` by adding 98 hcs samples in `dl` len(dl): 8526, len(du) 17490
[2024-11-25 21:50:36] INFO:__main__: Iteration: 2 fine-tune the model on dh U dl
Train Epoch: 0 [0/8526 (0%)]	Loss: 0.661224
====> Epoch: 0 Average loss: 0.0135
Train Epoch: 1 [0/8526 (0%)]	Loss: 0.489875
====> Epoch: 1 Average loss: 0.0128
Train Epoch: 2 [0/8526 (0%)]	Loss: 0.643016
====> Epoch: 2 Average loss: 0.0124
Train Epoch: 3 [0/8526 (0%)]	Loss: 0.761497
====> Epoch: 3 Average loss: 0.0118
Train Epoch: 4 [0/8526 (0%)]	Loss: 0.682434
====> Epoch: 4 Average loss: 0.0113
Train Epoch: 5 [0/8526 (0%)]	Loss: 0.637013
====> Epoch: 5 Average loss: 0.0110
Train Epoch: 6 [0/8526 (0%)]	Loss: 0.729112
====> Epoch: 6 Average loss: 0.0106
Train Epoch: 7 [0/8526 (0%)]	Loss: 0.580038
====> Epoch: 7 Average loss: 0.0102
Train Epoch: 8 [0/8526 (0%)]	Loss: 0.369216
====> Epoch: 8 Average loss: 0.0099
Train Epoch: 9 [0/8526 (0%)]	Loss: 0.456701
====> Epoch: 9 Average loss: 0.0095
[2024-11-25 23:45:04] INFO:__main__: Confusion matrix saved to: confusion_matrices/resnet18/caltech256/gs_0.5_2.0/iter_2.npy
[2024-11-25 23:45:05] INFO:__main__: Overall Accuracy: 0.7584
[2024-11-25 23:45:05] INFO:__main__: Mean Precision: 0.7620
[2024-11-25 23:45:05] INFO:__main__: Mean Recall: 0.7373
[2024-11-25 23:45:05] INFO:__main__: Mean False Alarm: 0.0009
[2024-11-25 23:45:05] INFO:__main__: Per-class Precision SD: 0.1650
[2024-11-25 23:45:05] INFO:__main__: Per-class Recall SD: 0.1756
[2024-11-25 23:45:05] INFO:__main__: Per-class False Alarm SD: 0.0009
Total time: 7779.943479776382
Additional time: 0.009955167770385742
[2024-11-25 23:45:05] INFO:__main__: Iteration: 3: run prediction on unlabeled data `du` 
[2024-11-25 23:57:54] INFO:__main__: Update size of `dl`  and `du` by adding uncertain 2000 samples in `dl` len(dl): 10526, len(du) 15392
[2024-11-25 23:57:54] INFO:__main__: Update size of `dl`  and `du` by adding 124 hcs samples in `dl` len(dl): 10650, len(du) 15392
[2024-11-25 23:57:55] INFO:__main__: Iteration: 3 fine-tune the model on dh U dl
Train Epoch: 0 [0/10650 (0%)]	Loss: 0.699778
====> Epoch: 0 Average loss: 0.0124
Train Epoch: 1 [0/10650 (0%)]	Loss: 0.653362
====> Epoch: 1 Average loss: 0.0119
Train Epoch: 2 [0/10650 (0%)]	Loss: 0.739747
====> Epoch: 2 Average loss: 0.0116
Train Epoch: 3 [0/10650 (0%)]	Loss: 0.878855
====> Epoch: 3 Average loss: 0.0113
Train Epoch: 4 [0/10650 (0%)]	Loss: 0.634192
====> Epoch: 4 Average loss: 0.0108
Train Epoch: 5 [0/10650 (0%)]	Loss: 0.606034
====> Epoch: 5 Average loss: 0.0106
Train Epoch: 6 [0/10650 (0%)]	Loss: 0.599052
====> Epoch: 6 Average loss: 0.0103
Train Epoch: 7 [0/10650 (0%)]	Loss: 0.491703
====> Epoch: 7 Average loss: 0.0101
Train Epoch: 8 [0/10650 (0%)]	Loss: 0.528424
====> Epoch: 8 Average loss: 0.0098
Train Epoch: 9 [0/10650 (0%)]	Loss: 0.552581
====> Epoch: 9 Average loss: 0.0095
[2024-11-26 02:00:58] INFO:__main__: Confusion matrix saved to: confusion_matrices/resnet18/caltech256/gs_0.5_2.0/iter_3.npy
[2024-11-26 02:00:58] INFO:__main__: Overall Accuracy: 0.7653
[2024-11-26 02:00:58] INFO:__main__: Mean Precision: 0.7680
[2024-11-26 02:00:58] INFO:__main__: Mean Recall: 0.7434
[2024-11-26 02:00:58] INFO:__main__: Mean False Alarm: 0.0009
[2024-11-26 02:00:58] INFO:__main__: Per-class Precision SD: 0.1544
[2024-11-26 02:00:58] INFO:__main__: Per-class Recall SD: 0.1717
[2024-11-26 02:00:58] INFO:__main__: Per-class False Alarm SD: 0.0009
Total time: 8153.870941162109
Additional time: 0.01054835319519043
[2024-11-26 02:00:58] INFO:__main__: Iteration: 4: run prediction on unlabeled data `du` 
[2024-11-26 02:12:10] INFO:__main__: Update size of `dl`  and `du` by adding uncertain 2000 samples in `dl` len(dl): 12650, len(du) 13268
[2024-11-26 02:12:10] INFO:__main__: Update size of `dl`  and `du` by adding 113 hcs samples in `dl` len(dl): 12763, len(du) 13268
[2024-11-26 02:12:11] INFO:__main__: Iteration: 4 fine-tune the model on dh U dl
Train Epoch: 0 [0/12763 (0%)]	Loss: 1.092423
====> Epoch: 0 Average loss: 0.0115
Train Epoch: 1 [0/12763 (0%)]	Loss: 0.494522
====> Epoch: 1 Average loss: 0.0113
Train Epoch: 2 [0/12763 (0%)]	Loss: 0.700673
====> Epoch: 2 Average loss: 0.0110
Train Epoch: 3 [0/12763 (0%)]	Loss: 0.610442
====> Epoch: 3 Average loss: 0.0106
Train Epoch: 4 [0/12763 (0%)]	Loss: 0.732404
====> Epoch: 4 Average loss: 0.0104
Train Epoch: 5 [0/12763 (0%)]	Loss: 0.619715
====> Epoch: 5 Average loss: 0.0102
Train Epoch: 6 [0/12763 (0%)]	Loss: 0.961029
====> Epoch: 6 Average loss: 0.0100
Train Epoch: 7 [0/12763 (0%)]	Loss: 0.463640
====> Epoch: 7 Average loss: 0.0097
Train Epoch: 8 [0/12763 (0%)]	Loss: 0.694858
====> Epoch: 8 Average loss: 0.0095
Train Epoch: 9 [0/12763 (0%)]	Loss: 0.341488
====> Epoch: 9 Average loss: 0.0093
[2024-11-26 04:30:19] INFO:__main__: Confusion matrix saved to: confusion_matrices/resnet18/caltech256/gs_0.5_2.0/iter_4.npy
[2024-11-26 04:30:19] INFO:__main__: Overall Accuracy: 0.7695
[2024-11-26 04:30:19] INFO:__main__: Mean Precision: 0.7706
[2024-11-26 04:30:19] INFO:__main__: Mean Recall: 0.7493
[2024-11-26 04:30:19] INFO:__main__: Mean False Alarm: 0.0009
[2024-11-26 04:30:19] INFO:__main__: Per-class Precision SD: 0.1547
[2024-11-26 04:30:19] INFO:__main__: Per-class Recall SD: 0.1643
[2024-11-26 04:30:19] INFO:__main__: Per-class False Alarm SD: 0.0008
Total time: 8960.481965065002
Additional time: 0.008409738540649414
[2024-11-26 04:30:19] INFO:__main__: Iteration: 5: run prediction on unlabeled data `du` 
[2024-11-26 04:39:05] INFO:__main__: Update size of `dl`  and `du` by adding uncertain 2000 samples in `dl` len(dl): 14763, len(du) 11155
[2024-11-26 04:39:05] INFO:__main__: Update size of `dl`  and `du` by adding 84 hcs samples in `dl` len(dl): 14847, len(du) 11155
[2024-11-26 04:39:05] INFO:__main__: Iteration: 5 fine-tune the model on dh U dl
Train Epoch: 0 [0/14847 (0%)]	Loss: 0.505880
====> Epoch: 0 Average loss: 0.0107
Train Epoch: 1 [0/14847 (0%)]	Loss: 0.813057
====> Epoch: 1 Average loss: 0.0106
Train Epoch: 2 [0/14847 (0%)]	Loss: 0.388635
====> Epoch: 2 Average loss: 0.0102
Train Epoch: 3 [0/14847 (0%)]	Loss: 0.404609
====> Epoch: 3 Average loss: 0.0100
Train Epoch: 4 [0/14847 (0%)]	Loss: 0.512689
====> Epoch: 4 Average loss: 0.0098
Train Epoch: 5 [0/14847 (0%)]	Loss: 1.075347
====> Epoch: 5 Average loss: 0.0096
Train Epoch: 6 [0/14847 (0%)]	Loss: 0.499776
====> Epoch: 6 Average loss: 0.0095
Train Epoch: 7 [0/14847 (0%)]	Loss: 0.265126
====> Epoch: 7 Average loss: 0.0092
Train Epoch: 8 [0/14847 (0%)]	Loss: 0.414002
====> Epoch: 8 Average loss: 0.0091
Train Epoch: 9 [0/14847 (0%)]	Loss: 0.518748
====> Epoch: 9 Average loss: 0.0089
[2024-11-26 07:32:25] INFO:__main__: Confusion matrix saved to: confusion_matrices/resnet18/caltech256/gs_0.5_2.0/iter_5.npy
[2024-11-26 07:32:25] INFO:__main__: Overall Accuracy: 0.7798
[2024-11-26 07:32:25] INFO:__main__: Mean Precision: 0.7769
[2024-11-26 07:32:25] INFO:__main__: Mean Recall: 0.7616
[2024-11-26 07:32:25] INFO:__main__: Mean False Alarm: 0.0009
[2024-11-26 07:32:25] INFO:__main__: Per-class Precision SD: 0.1433
[2024-11-26 07:32:25] INFO:__main__: Per-class Recall SD: 0.1548
[2024-11-26 07:32:25] INFO:__main__: Per-class False Alarm SD: 0.0007
Total time: 10926.399284601212
Additional time: 0.007798194885253906
[2024-11-26 07:32:25] INFO:__main__: Iteration: 6: run prediction on unlabeled data `du` 
[2024-11-26 07:40:12] INFO:__main__: Update size of `dl`  and `du` by adding uncertain 2000 samples in `dl` len(dl): 16847, len(du) 9071
[2024-11-26 07:40:12] INFO:__main__: Update size of `dl`  and `du` by adding 1 hcs samples in `dl` len(dl): 16848, len(du) 9071
[2024-11-26 07:40:12] INFO:__main__: Iteration: 6 fine-tune the model on dh U dl
Train Epoch: 0 [0/16848 (0%)]	Loss: 0.499259
====> Epoch: 0 Average loss: 0.0097
Train Epoch: 1 [0/16848 (0%)]	Loss: 0.579363
====> Epoch: 1 Average loss: 0.0095
Train Epoch: 2 [0/16848 (0%)]	Loss: 0.396109
====> Epoch: 2 Average loss: 0.0094
Train Epoch: 3 [0/16848 (0%)]	Loss: 0.365310
====> Epoch: 3 Average loss: 0.0092
Train Epoch: 4 [0/16848 (0%)]	Loss: 0.433155
====> Epoch: 4 Average loss: 0.0090
Train Epoch: 5 [0/16848 (0%)]	Loss: 0.386667
====> Epoch: 5 Average loss: 0.0089
Train Epoch: 6 [0/16848 (0%)]	Loss: 0.575746
====> Epoch: 6 Average loss: 0.0086
Train Epoch: 7 [0/16848 (0%)]	Loss: 0.505325
====> Epoch: 7 Average loss: 0.0085
Train Epoch: 8 [0/16848 (0%)]	Loss: 0.613981
====> Epoch: 8 Average loss: 0.0084
Train Epoch: 9 [0/16848 (0%)]	Loss: 0.572901
====> Epoch: 9 Average loss: 0.0082
[2024-11-26 10:39:04] INFO:__main__: Confusion matrix saved to: confusion_matrices/resnet18/caltech256/gs_0.5_2.0/iter_6.npy
[2024-11-26 10:39:04] INFO:__main__: Overall Accuracy: 0.7716
[2024-11-26 10:39:04] INFO:__main__: Mean Precision: 0.7714
[2024-11-26 10:39:04] INFO:__main__: Mean Recall: 0.7536
[2024-11-26 10:39:04] INFO:__main__: Mean False Alarm: 0.0009
[2024-11-26 10:39:04] INFO:__main__: Per-class Precision SD: 0.1469
[2024-11-26 10:39:04] INFO:__main__: Per-class Recall SD: 0.1580
[2024-11-26 10:39:04] INFO:__main__: Per-class False Alarm SD: 0.0008
Total time: 11198.647806167603
Additional time: 0.007376909255981445
[2024-11-26 10:39:04] INFO:__main__: Iteration: 7: run prediction on unlabeled data `du` 
[2024-11-26 10:45:16] INFO:__main__: Update size of `dl`  and `du` by adding uncertain 2000 samples in `dl` len(dl): 18848, len(du) 7070
[2024-11-26 10:45:16] INFO:__main__: Update size of `dl`  and `du` by adding 0 hcs samples in `dl` len(dl): 18848, len(du) 7070
[2024-11-26 10:45:16] INFO:__main__: Iteration: 7 fine-tune the model on dh U dl
Train Epoch: 0 [0/18848 (0%)]	Loss: 0.432315
====> Epoch: 0 Average loss: 0.0090
Train Epoch: 1 [0/18848 (0%)]	Loss: 0.467035
====> Epoch: 1 Average loss: 0.0088
Train Epoch: 2 [0/18848 (0%)]	Loss: 0.597100
====> Epoch: 2 Average loss: 0.0086
Train Epoch: 3 [0/18848 (0%)]	Loss: 0.365423
====> Epoch: 3 Average loss: 0.0085
Train Epoch: 4 [0/18848 (0%)]	Loss: 0.832892
====> Epoch: 4 Average loss: 0.0083
Train Epoch: 5 [0/18848 (0%)]	Loss: 0.557402
====> Epoch: 5 Average loss: 0.0082
Train Epoch: 6 [0/18848 (0%)]	Loss: 0.642819
====> Epoch: 6 Average loss: 0.0081
Train Epoch: 7 [0/18848 (0%)]	Loss: 0.272191
====> Epoch: 7 Average loss: 0.0079
Train Epoch: 8 [0/18848 (0%)]	Loss: 0.509970
====> Epoch: 8 Average loss: 0.0078
Train Epoch: 9 [0/18848 (0%)]	Loss: 0.271665
====> Epoch: 9 Average loss: 0.0076
[2024-11-26 14:14:24] INFO:__main__: Confusion matrix saved to: confusion_matrices/resnet18/caltech256/gs_0.5_2.0/iter_7.npy
[2024-11-26 14:14:24] INFO:__main__: Overall Accuracy: 0.7845
[2024-11-26 14:14:24] INFO:__main__: Mean Precision: 0.7867
[2024-11-26 14:14:24] INFO:__main__: Mean Recall: 0.7675
[2024-11-26 14:14:24] INFO:__main__: Mean False Alarm: 0.0008
[2024-11-26 14:14:24] INFO:__main__: Per-class Precision SD: 0.1397
[2024-11-26 14:14:24] INFO:__main__: Per-class Recall SD: 0.1591
[2024-11-26 14:14:24] INFO:__main__: Per-class False Alarm SD: 0.0008
Total time: 12920.07620882988
Additional time: 0.007941246032714844
[2024-11-26 14:14:24] INFO:__main__: Iteration: 8: run prediction on unlabeled data `du` 
[2024-11-26 14:19:28] INFO:__main__: Update size of `dl`  and `du` by adding uncertain 2000 samples in `dl` len(dl): 20848, len(du) 5070
[2024-11-26 14:19:28] INFO:__main__: Update size of `dl`  and `du` by adding 0 hcs samples in `dl` len(dl): 20848, len(du) 5070
[2024-11-26 14:19:28] INFO:__main__: Iteration: 8 fine-tune the model on dh U dl
Train Epoch: 0 [0/20848 (0%)]	Loss: 0.730680
Train Epoch: 0 [19200/20848 (92%)]	Loss: 0.327687
====> Epoch: 0 Average loss: 0.0083
Train Epoch: 1 [0/20848 (0%)]	Loss: 0.504450
Train Epoch: 1 [19200/20848 (92%)]	Loss: 0.498322
====> Epoch: 1 Average loss: 0.0082
Train Epoch: 2 [0/20848 (0%)]	Loss: 0.438888
Train Epoch: 2 [19200/20848 (92%)]	Loss: 0.645062
====> Epoch: 2 Average loss: 0.0080
Train Epoch: 3 [0/20848 (0%)]	Loss: 0.733630
Train Epoch: 3 [19200/20848 (92%)]	Loss: 0.519060
====> Epoch: 3 Average loss: 0.0078
Train Epoch: 4 [0/20848 (0%)]	Loss: 0.704389
Train Epoch: 4 [19200/20848 (92%)]	Loss: 0.554084
====> Epoch: 4 Average loss: 0.0078
Train Epoch: 5 [0/20848 (0%)]	Loss: 0.423150
Train Epoch: 5 [19200/20848 (92%)]	Loss: 0.573288
====> Epoch: 5 Average loss: 0.0076
Train Epoch: 6 [0/20848 (0%)]	Loss: 0.499244
Train Epoch: 6 [19200/20848 (92%)]	Loss: 0.439897
====> Epoch: 6 Average loss: 0.0075
Train Epoch: 7 [0/20848 (0%)]	Loss: 0.304029
Train Epoch: 7 [19200/20848 (92%)]	Loss: 0.472898
====> Epoch: 7 Average loss: 0.0074
Train Epoch: 8 [0/20848 (0%)]	Loss: 0.394165
Train Epoch: 8 [19200/20848 (92%)]	Loss: 0.458667
====> Epoch: 8 Average loss: 0.0073
Train Epoch: 9 [0/20848 (0%)]	Loss: 0.601930
Train Epoch: 9 [19200/20848 (92%)]	Loss: 0.522999
====> Epoch: 9 Average loss: 0.0072
[2024-11-26 18:02:32] INFO:__main__: Confusion matrix saved to: confusion_matrices/resnet18/caltech256/gs_0.5_2.0/iter_8.npy
[2024-11-26 18:02:32] INFO:__main__: Overall Accuracy: 0.7859
[2024-11-26 18:02:32] INFO:__main__: Mean Precision: 0.7858
[2024-11-26 18:02:32] INFO:__main__: Mean Recall: 0.7687
[2024-11-26 18:02:32] INFO:__main__: Mean False Alarm: 0.0008
[2024-11-26 18:02:32] INFO:__main__: Per-class Precision SD: 0.1450
[2024-11-26 18:02:32] INFO:__main__: Per-class Recall SD: 0.1573
[2024-11-26 18:02:32] INFO:__main__: Per-class False Alarm SD: 0.0008
Total time: 13688.115295886993
Additional time: 0.006195545196533203
[2024-11-26 18:02:32] INFO:__main__: Iteration: 9: run prediction on unlabeled data `du` 
[2024-11-26 18:05:03] INFO:__main__: Update size of `dl`  and `du` by adding uncertain 2000 samples in `dl` len(dl): 22848, len(du) 3070
[2024-11-26 18:05:03] INFO:__main__: Update size of `dl`  and `du` by adding 0 hcs samples in `dl` len(dl): 22848, len(du) 3070
[2024-11-26 18:05:03] INFO:__main__: Iteration: 9 fine-tune the model on dh U dl
Train Epoch: 0 [0/22848 (0%)]	Loss: 0.576515
Train Epoch: 0 [19200/22848 (84%)]	Loss: 0.421698
====> Epoch: 0 Average loss: 0.0078
Train Epoch: 1 [0/22848 (0%)]	Loss: 0.514062
Train Epoch: 1 [19200/22848 (84%)]	Loss: 0.595790
====> Epoch: 1 Average loss: 0.0077
Train Epoch: 2 [0/22848 (0%)]	Loss: 0.518654
Train Epoch: 2 [19200/22848 (84%)]	Loss: 0.212386
====> Epoch: 2 Average loss: 0.0075
Train Epoch: 3 [0/22848 (0%)]	Loss: 0.621055
Train Epoch: 3 [19200/22848 (84%)]	Loss: 0.371748
====> Epoch: 3 Average loss: 0.0074
Train Epoch: 4 [0/22848 (0%)]	Loss: 0.641153
Train Epoch: 4 [19200/22848 (84%)]	Loss: 0.390061
====> Epoch: 4 Average loss: 0.0074
Train Epoch: 5 [0/22848 (0%)]	Loss: 0.578820
Train Epoch: 5 [19200/22848 (84%)]	Loss: 0.537928
====> Epoch: 5 Average loss: 0.0072
Train Epoch: 6 [0/22848 (0%)]	Loss: 0.469183
Train Epoch: 6 [19200/22848 (84%)]	Loss: 0.357635
====> Epoch: 6 Average loss: 0.0072
Train Epoch: 7 [0/22848 (0%)]	Loss: 0.486840
Train Epoch: 7 [19200/22848 (84%)]	Loss: 0.336007
====> Epoch: 7 Average loss: 0.0070
Train Epoch: 8 [0/22848 (0%)]	Loss: 0.703659
Train Epoch: 8 [19200/22848 (84%)]	Loss: 0.484817
====> Epoch: 8 Average loss: 0.0070
Train Epoch: 9 [0/22848 (0%)]	Loss: 0.276289
Train Epoch: 9 [19200/22848 (84%)]	Loss: 0.395904
====> Epoch: 9 Average loss: 0.0069
[2024-11-26 22:14:41] INFO:__main__: Confusion matrix saved to: confusion_matrices/resnet18/caltech256/gs_0.5_2.0/iter_9.npy
[2024-11-26 22:14:41] INFO:__main__: Overall Accuracy: 0.7859
[2024-11-26 22:14:41] INFO:__main__: Mean Precision: 0.7862
[2024-11-26 22:14:41] INFO:__main__: Mean Recall: 0.7692
[2024-11-26 22:14:41] INFO:__main__: Mean False Alarm: 0.0008
[2024-11-26 22:14:41] INFO:__main__: Per-class Precision SD: 0.1404
[2024-11-26 22:14:41] INFO:__main__: Per-class Recall SD: 0.1520
[2024-11-26 22:14:41] INFO:__main__: Per-class False Alarm SD: 0.0008
Total time: 15128.594359874725
Additional time: 0.0038313865661621094
[2024-11-26 22:14:41] INFO:__main__: Iteration: 10: run prediction on unlabeled data `du` 
[2024-11-26 22:15:59] INFO:__main__: Update size of `dl`  and `du` by adding uncertain 1070 samples in `dl` len(dl): 23918, len(du) 1070
[2024-11-26 22:15:59] INFO:__main__: Update size of `dl`  and `du` by adding 0 hcs samples in `dl` len(dl): 23918, len(du) 1070
[2024-11-26 22:15:59] INFO:__main__: Iteration: 10 fine-tune the model on dh U dl
Train Epoch: 0 [0/23918 (0%)]	Loss: 0.267698
Train Epoch: 0 [19200/23918 (80%)]	Loss: 0.384894
====> Epoch: 0 Average loss: 0.0072
Train Epoch: 1 [0/23918 (0%)]	Loss: 0.712487
Train Epoch: 1 [19200/23918 (80%)]	Loss: 0.758402
====> Epoch: 1 Average loss: 0.0071
Train Epoch: 2 [0/23918 (0%)]	Loss: 0.257248
Train Epoch: 2 [19200/23918 (80%)]	Loss: 0.414143
====> Epoch: 2 Average loss: 0.0070
Train Epoch: 3 [0/23918 (0%)]	Loss: 0.420544
Train Epoch: 3 [19200/23918 (80%)]	Loss: 0.377632
====> Epoch: 3 Average loss: 0.0069
Train Epoch: 4 [0/23918 (0%)]	Loss: 0.628507
Train Epoch: 4 [19200/23918 (80%)]	Loss: 0.380704
====> Epoch: 4 Average loss: 0.0069
Train Epoch: 5 [0/23918 (0%)]	Loss: 0.579068
Train Epoch: 5 [19200/23918 (80%)]	Loss: 0.326916
====> Epoch: 5 Average loss: 0.0067
Train Epoch: 6 [0/23918 (0%)]	Loss: 0.296355
Train Epoch: 6 [19200/23918 (80%)]	Loss: 0.373910
====> Epoch: 6 Average loss: 0.0067
Train Epoch: 7 [0/23918 (0%)]	Loss: 0.469994
Train Epoch: 7 [19200/23918 (80%)]	Loss: 0.449944
====> Epoch: 7 Average loss: 0.0066
Train Epoch: 8 [0/23918 (0%)]	Loss: 0.498565
Train Epoch: 8 [19200/23918 (80%)]	Loss: 0.550385
====> Epoch: 8 Average loss: 0.0066
Train Epoch: 9 [0/23918 (0%)]	Loss: 0.556704
Train Epoch: 9 [19200/23918 (80%)]	Loss: 0.347769
====> Epoch: 9 Average loss: 0.0065
[2024-11-27 01:24:14] INFO:__main__: Confusion matrix saved to: confusion_matrices/resnet18/caltech256/gs_0.5_2.0/iter_10.npy
[2024-11-27 01:24:14] INFO:__main__: Overall Accuracy: 0.7900
[2024-11-27 01:24:14] INFO:__main__: Mean Precision: 0.7862
[2024-11-27 01:24:14] INFO:__main__: Mean Recall: 0.7737
[2024-11-27 01:24:14] INFO:__main__: Mean False Alarm: 0.0008
[2024-11-27 01:24:14] INFO:__main__: Per-class Precision SD: 0.1347
[2024-11-27 01:24:14] INFO:__main__: Per-class Recall SD: 0.1571
[2024-11-27 01:24:14] INFO:__main__: Per-class False Alarm SD: 0.0007
Total time: 11373.411135196686
Additional time: 0.003631114959716797
[2024-11-27 01:24:14] INFO:__main__: Iteration: 11: run prediction on unlabeled data `du` 
