[2024-11-25 16:13:17] INFO:__main__: Model: resnet18
[2024-11-25 16:13:17] INFO:__main__: Dataset: caltech256
[2024-11-25 16:13:17] INFO:__main__: Experiment type: gs
[2024-11-25 16:13:17] INFO:__main__: Lambda weight: 0.5
[2024-11-25 16:13:17] INFO:__main__: Gamma weight: 0.5
[2024-11-25 16:13:17] INFO:__main__: Training epochs: 10
[2024-11-25 16:13:17] INFO:__main__: Batch size: 64
[2024-11-25 16:13:17] INFO:__main__: Using device: cuda
[2024-11-25 16:13:17] INFO:__main__: Initial configuration: len(du): 21527, len(dl): 2391 
[2024-11-25 16:13:18] INFO:__main__: Initialize training the model on `dl` and test on `dtest`
Train Epoch: 0 [0/2391 (0%)]	Loss: 5.697125
====> Epoch: 0 Average loss: 0.0865
Train Epoch: 1 [0/2391 (0%)]	Loss: 4.983822
====> Epoch: 1 Average loss: 0.0731
Train Epoch: 2 [0/2391 (0%)]	Loss: 3.860716
====> Epoch: 2 Average loss: 0.0627
Train Epoch: 3 [0/2391 (0%)]	Loss: 3.297500
====> Epoch: 3 Average loss: 0.0544
Train Epoch: 4 [0/2391 (0%)]	Loss: 2.944956
====> Epoch: 4 Average loss: 0.0474
Train Epoch: 5 [0/2391 (0%)]	Loss: 2.681285
====> Epoch: 5 Average loss: 0.0421
Train Epoch: 6 [0/2391 (0%)]	Loss: 2.490773
====> Epoch: 6 Average loss: 0.0373
Train Epoch: 7 [0/2391 (0%)]	Loss: 2.087582
====> Epoch: 7 Average loss: 0.0332
Train Epoch: 8 [0/2391 (0%)]	Loss: 2.036185
====> Epoch: 8 Average loss: 0.0301
Train Epoch: 9 [0/2391 (0%)]	Loss: 1.789951
====> Epoch: 9 Average loss: 0.0271
[2024-11-25 16:31:05] INFO:__main__: Confusion matrix saved to: confusion_matrices/resnet18/caltech256/gs_0.5_0.5/initial.npy
[2024-11-25 16:31:05] INFO:__main__: Overall Accuracy: 0.5508
[2024-11-25 16:31:05] INFO:__main__: Mean Precision: 0.5394
[2024-11-25 16:31:05] INFO:__main__: Mean Recall: 0.4912
[2024-11-25 16:31:05] INFO:__main__: Mean False Alarm: 0.0018
[2024-11-25 16:31:05] INFO:__main__: Per-class Precision SD: 0.3034
[2024-11-25 16:31:05] INFO:__main__: Per-class Recall SD: 0.3199
[2024-11-25 16:31:05] INFO:__main__: Per-class False Alarm SD: 0.0023
[2024-11-25 16:31:05] INFO:__main__: Iteration: 0: run prediction on unlabeled data `du` 
[2024-11-25 16:42:54] INFO:__main__: Update size of `dl`  and `du` by adding uncertain 2000 samples in `dl` len(dl): 4391, len(du) 21527
[2024-11-25 16:42:54] INFO:__main__: Update size of `dl`  and `du` by adding 7 hcs samples in `dl` len(dl): 4398, len(du) 21527
[2024-11-25 16:42:55] INFO:__main__: Iteration: 0 fine-tune the model on dh U dl
Train Epoch: 0 [0/4398 (0%)]	Loss: 2.106981
====> Epoch: 0 Average loss: 0.0310
Train Epoch: 1 [0/4398 (0%)]	Loss: 1.995358
====> Epoch: 1 Average loss: 0.0271
Train Epoch: 2 [0/4398 (0%)]	Loss: 1.734559
====> Epoch: 2 Average loss: 0.0242
Train Epoch: 3 [0/4398 (0%)]	Loss: 1.443970
====> Epoch: 3 Average loss: 0.0217
Train Epoch: 4 [0/4398 (0%)]	Loss: 1.245503
====> Epoch: 4 Average loss: 0.0198
Train Epoch: 5 [0/4398 (0%)]	Loss: 1.260568
====> Epoch: 5 Average loss: 0.0180
Train Epoch: 6 [0/4398 (0%)]	Loss: 1.195092
====> Epoch: 6 Average loss: 0.0165
Train Epoch: 7 [0/4398 (0%)]	Loss: 1.045123
====> Epoch: 7 Average loss: 0.0155
Train Epoch: 8 [0/4398 (0%)]	Loss: 1.038233
====> Epoch: 8 Average loss: 0.0144
Train Epoch: 9 [0/4398 (0%)]	Loss: 0.766729
====> Epoch: 9 Average loss: 0.0135
[2024-11-25 17:12:39] INFO:__main__: Confusion matrix saved to: confusion_matrices/resnet18/caltech256/gs_0.5_0.5/iter_0.npy
[2024-11-25 17:12:39] INFO:__main__: Overall Accuracy: 0.6960
[2024-11-25 17:12:39] INFO:__main__: Mean Precision: 0.7086
[2024-11-25 17:12:39] INFO:__main__: Mean Recall: 0.6608
[2024-11-25 17:12:39] INFO:__main__: Mean False Alarm: 0.0012
[2024-11-25 17:12:39] INFO:__main__: Per-class Precision SD: 0.1840
[2024-11-25 17:12:39] INFO:__main__: Per-class Recall SD: 0.2201
[2024-11-25 17:12:39] INFO:__main__: Per-class False Alarm SD: 0.0013
Total time: 2494.3105943202972
Additional time: 0.012563943862915039
[2024-11-25 17:12:39] INFO:__main__: Iteration: 1: run prediction on unlabeled data `du` 
[2024-11-25 17:23:32] INFO:__main__: Update size of `dl`  and `du` by adding uncertain 2000 samples in `dl` len(dl): 6398, len(du) 19520
[2024-11-25 17:23:32] INFO:__main__: Update size of `dl`  and `du` by adding 56 hcs samples in `dl` len(dl): 6454, len(du) 19520
[2024-11-25 17:23:33] INFO:__main__: Iteration: 1 fine-tune the model on dh U dl
Train Epoch: 0 [0/6454 (0%)]	Loss: 0.807498
====> Epoch: 0 Average loss: 0.0169
Train Epoch: 1 [0/6454 (0%)]	Loss: 0.857816
====> Epoch: 1 Average loss: 0.0156
Train Epoch: 2 [0/6454 (0%)]	Loss: 1.068925
====> Epoch: 2 Average loss: 0.0147
Train Epoch: 3 [0/6454 (0%)]	Loss: 0.995638
====> Epoch: 3 Average loss: 0.0138
Train Epoch: 4 [0/6454 (0%)]	Loss: 0.599486
====> Epoch: 4 Average loss: 0.0132
Train Epoch: 5 [0/6454 (0%)]	Loss: 1.027114
====> Epoch: 5 Average loss: 0.0125
Train Epoch: 6 [0/6454 (0%)]	Loss: 0.780051
====> Epoch: 6 Average loss: 0.0118
Train Epoch: 7 [0/6454 (0%)]	Loss: 0.723122
====> Epoch: 7 Average loss: 0.0113
Train Epoch: 8 [0/6454 (0%)]	Loss: 0.832322
====> Epoch: 8 Average loss: 0.0109
Train Epoch: 9 [0/6454 (0%)]	Loss: 0.694073
====> Epoch: 9 Average loss: 0.0104
