[2024-12-01 10:08:33] INFO:__main__: Model: resnet18
[2024-12-01 10:08:33] INFO:__main__: Dataset: caltech256
[2024-12-01 10:08:33] INFO:__main__: Experiment type: gs
[2024-12-01 10:08:33] INFO:__main__: Lambda weight: 1.0
[2024-12-01 10:08:33] INFO:__main__: Gamma weight: 0.0
[2024-12-01 10:08:33] INFO:__main__: Training epochs: 10
[2024-12-01 10:08:33] INFO:__main__: Batch size: 64
[2024-12-01 10:08:33] INFO:__main__: Using device: cuda
[2024-12-01 10:08:33] INFO:__main__: Initial configuration: len(du): 21527, len(dl): 2391 
[2024-12-01 10:08:34] INFO:__main__: Initialize training the model on `dl` and test on `dtest`
Train Epoch: 0 [0/2391 (0%)]	Loss: 5.890041
====> Epoch: 0 Average loss: 0.0861
Train Epoch: 1 [0/2391 (0%)]	Loss: 4.628761
====> Epoch: 1 Average loss: 0.0728
Train Epoch: 2 [0/2391 (0%)]	Loss: 3.990285
====> Epoch: 2 Average loss: 0.0629
Train Epoch: 3 [0/2391 (0%)]	Loss: 3.327761
====> Epoch: 3 Average loss: 0.0546
Train Epoch: 4 [0/2391 (0%)]	Loss: 2.798430
====> Epoch: 4 Average loss: 0.0476
Train Epoch: 5 [0/2391 (0%)]	Loss: 2.626024
====> Epoch: 5 Average loss: 0.0419
Train Epoch: 6 [0/2391 (0%)]	Loss: 2.337396
====> Epoch: 6 Average loss: 0.0370
Train Epoch: 7 [0/2391 (0%)]	Loss: 2.181340
====> Epoch: 7 Average loss: 0.0329
Train Epoch: 8 [0/2391 (0%)]	Loss: 1.725598
====> Epoch: 8 Average loss: 0.0295
Train Epoch: 9 [0/2391 (0%)]	Loss: 1.840318
====> Epoch: 9 Average loss: 0.0270
[2024-12-01 10:19:19] INFO:__main__: Confusion matrix saved to: confusion_matrices/resnet18/caltech256/gs_1.0_0.0_1/initial.npy
[2024-12-01 10:19:19] INFO:__main__: Overall Accuracy: 0.5474
[2024-12-01 10:19:19] INFO:__main__: Mean Precision: 0.5369
[2024-12-01 10:19:19] INFO:__main__: Mean Recall: 0.4879
[2024-12-01 10:19:19] INFO:__main__: Mean False Alarm: 0.0018
[2024-12-01 10:19:19] INFO:__main__: Per-class Precision SD: 0.3009
[2024-12-01 10:19:19] INFO:__main__: Per-class Recall SD: 0.3180
[2024-12-01 10:19:19] INFO:__main__: Per-class False Alarm SD: 0.0025
[2024-12-01 10:19:19] INFO:__main__: Iteration: 0: run prediction on unlabeled data `du` 
[2024-12-01 10:26:14] INFO:__main__: Update size of `dl`  and `du` by adding uncertain 2000 samples in `dl` len(dl): 4391, len(du) 21527
[2024-12-01 10:26:14] INFO:__main__: Update size of `dl`  and `du` by adding 5 hcs samples in `dl` len(dl): 4396, len(du) 21527
[2024-12-01 10:26:14] INFO:__main__: Iteration: 0 fine-tune the model on dh U dl
Train Epoch: 0 [0/4396 (0%)]	Loss: 1.778348
====> Epoch: 0 Average loss: 0.0304
Train Epoch: 1 [0/4396 (0%)]	Loss: 1.727455
====> Epoch: 1 Average loss: 0.0268
Train Epoch: 2 [0/4396 (0%)]	Loss: 1.326089
====> Epoch: 2 Average loss: 0.0238
Train Epoch: 3 [0/4396 (0%)]	Loss: 1.332868
====> Epoch: 3 Average loss: 0.0215
Train Epoch: 4 [0/4396 (0%)]	Loss: 1.337936
====> Epoch: 4 Average loss: 0.0194
Train Epoch: 5 [0/4396 (0%)]	Loss: 1.344892
====> Epoch: 5 Average loss: 0.0178
Train Epoch: 6 [0/4396 (0%)]	Loss: 0.938934
====> Epoch: 6 Average loss: 0.0164
Train Epoch: 7 [0/4396 (0%)]	Loss: 0.879607
====> Epoch: 7 Average loss: 0.0155
Train Epoch: 8 [0/4396 (0%)]	Loss: 1.024903
====> Epoch: 8 Average loss: 0.0143
Train Epoch: 9 [0/4396 (0%)]	Loss: 0.912518
====> Epoch: 9 Average loss: 0.0134
[2024-12-01 10:36:18] INFO:__main__: Confusion matrix saved to: confusion_matrices/resnet18/caltech256/gs_1.0_0.0_1/iter_0.npy
[2024-12-01 10:36:18] INFO:__main__: Overall Accuracy: 0.6992
[2024-12-01 10:36:18] INFO:__main__: Mean Precision: 0.7102
[2024-12-01 10:36:18] INFO:__main__: Mean Recall: 0.6658
[2024-12-01 10:36:18] INFO:__main__: Mean False Alarm: 0.0012
[2024-12-01 10:36:18] INFO:__main__: Per-class Precision SD: 0.1901
[2024-12-01 10:36:18] INFO:__main__: Per-class Recall SD: 0.2072
[2024-12-01 10:36:18] INFO:__main__: Per-class False Alarm SD: 0.0012
Total time: 1018.9989235401154
Additional time: 0.009029388427734375
[2024-12-01 10:36:18] INFO:__main__: Iteration: 1: run prediction on unlabeled data `du` 
[2024-12-01 10:40:19] INFO:__main__: Update size of `dl`  and `du` by adding uncertain 2000 samples in `dl` len(dl): 6396, len(du) 19522
[2024-12-01 10:40:19] INFO:__main__: Update size of `dl`  and `du` by adding 56 hcs samples in `dl` len(dl): 6452, len(du) 19522
[2024-12-01 10:40:20] INFO:__main__: Iteration: 1 fine-tune the model on dh U dl
Train Epoch: 0 [0/6452 (0%)]	Loss: 0.677323
====> Epoch: 0 Average loss: 0.0167
Train Epoch: 1 [0/6452 (0%)]	Loss: 1.095994
====> Epoch: 1 Average loss: 0.0157
Train Epoch: 2 [0/6452 (0%)]	Loss: 1.204449
====> Epoch: 2 Average loss: 0.0146
Train Epoch: 3 [0/6452 (0%)]	Loss: 0.534951
====> Epoch: 3 Average loss: 0.0137
Train Epoch: 4 [0/6452 (0%)]	Loss: 0.884373
====> Epoch: 4 Average loss: 0.0131
Train Epoch: 5 [0/6452 (0%)]	Loss: 0.576377
====> Epoch: 5 Average loss: 0.0123
Train Epoch: 6 [0/6452 (0%)]	Loss: 0.801375
====> Epoch: 6 Average loss: 0.0119
Train Epoch: 7 [0/6452 (0%)]	Loss: 0.777628
====> Epoch: 7 Average loss: 0.0113
Train Epoch: 8 [0/6452 (0%)]	Loss: 0.715751
====> Epoch: 8 Average loss: 0.0107
Train Epoch: 9 [0/6452 (0%)]	Loss: 0.548972
====> Epoch: 9 Average loss: 0.0103
[2024-12-01 10:49:54] INFO:__main__: Confusion matrix saved to: confusion_matrices/resnet18/caltech256/gs_1.0_0.0_1/iter_1.npy
[2024-12-01 10:49:54] INFO:__main__: Overall Accuracy: 0.7224
[2024-12-01 10:49:54] INFO:__main__: Mean Precision: 0.7229
[2024-12-01 10:49:54] INFO:__main__: Mean Recall: 0.6949
[2024-12-01 10:49:54] INFO:__main__: Mean False Alarm: 0.0011
[2024-12-01 10:49:54] INFO:__main__: Per-class Precision SD: 0.1749
[2024-12-01 10:49:54] INFO:__main__: Per-class Recall SD: 0.1869
[2024-12-01 10:49:54] INFO:__main__: Per-class False Alarm SD: 0.0009
Total time: 815.1455230712891
Additional time: 0.00746464729309082
[2024-12-01 10:49:54] INFO:__main__: Iteration: 2: run prediction on unlabeled data `du` 
[2024-12-01 10:52:43] INFO:__main__: Update size of `dl`  and `du` by adding uncertain 2000 samples in `dl` len(dl): 8452, len(du) 17466
[2024-12-01 10:52:43] INFO:__main__: Update size of `dl`  and `du` by adding 96 hcs samples in `dl` len(dl): 8548, len(du) 17466
[2024-12-01 10:52:44] INFO:__main__: Iteration: 2 fine-tune the model on dh U dl
Train Epoch: 0 [0/8548 (0%)]	Loss: 1.155367
====> Epoch: 0 Average loss: 0.0134
Train Epoch: 1 [0/8548 (0%)]	Loss: 0.912194
====> Epoch: 1 Average loss: 0.0130
Train Epoch: 2 [0/8548 (0%)]	Loss: 0.950216
====> Epoch: 2 Average loss: 0.0122
Train Epoch: 3 [0/8548 (0%)]	Loss: 0.724478
====> Epoch: 3 Average loss: 0.0118
Train Epoch: 4 [0/8548 (0%)]	Loss: 0.729879
====> Epoch: 4 Average loss: 0.0113
Train Epoch: 5 [0/8548 (0%)]	Loss: 0.653631
====> Epoch: 5 Average loss: 0.0109
Train Epoch: 6 [0/8548 (0%)]	Loss: 0.635765
====> Epoch: 6 Average loss: 0.0106
Train Epoch: 7 [0/8548 (0%)]	Loss: 0.763149
====> Epoch: 7 Average loss: 0.0101
Train Epoch: 8 [0/8548 (0%)]	Loss: 0.562612
====> Epoch: 8 Average loss: 0.0098
Train Epoch: 9 [0/8548 (0%)]	Loss: 0.538489
====> Epoch: 9 Average loss: 0.0096
[2024-12-01 11:06:04] INFO:__main__: Confusion matrix saved to: confusion_matrices/resnet18/caltech256/gs_1.0_0.0_1/iter_2.npy
[2024-12-01 11:06:04] INFO:__main__: Overall Accuracy: 0.7475
[2024-12-01 11:06:04] INFO:__main__: Mean Precision: 0.7514
[2024-12-01 11:06:04] INFO:__main__: Mean Recall: 0.7235
[2024-12-01 11:06:04] INFO:__main__: Mean False Alarm: 0.0010
[2024-12-01 11:06:04] INFO:__main__: Per-class Precision SD: 0.1629
[2024-12-01 11:06:04] INFO:__main__: Per-class Recall SD: 0.1704
[2024-12-01 11:06:04] INFO:__main__: Per-class False Alarm SD: 0.0010
Total time: 969.9441606998444
Additional time: 0.008300542831420898
[2024-12-01 11:06:04] INFO:__main__: Iteration: 3: run prediction on unlabeled data `du` 
[2024-12-01 11:09:01] INFO:__main__: Update size of `dl`  and `du` by adding uncertain 2000 samples in `dl` len(dl): 10548, len(du) 15370
[2024-12-01 11:09:01] INFO:__main__: Update size of `dl`  and `du` by adding 140 hcs samples in `dl` len(dl): 10688, len(du) 15370
[2024-12-01 11:09:01] INFO:__main__: Iteration: 3 fine-tune the model on dh U dl
Train Epoch: 0 [0/10688 (0%)]	Loss: 1.067371
====> Epoch: 0 Average loss: 0.0126
Train Epoch: 1 [0/10688 (0%)]	Loss: 0.928561
====> Epoch: 1 Average loss: 0.0122
Train Epoch: 2 [0/10688 (0%)]	Loss: 0.867477
====> Epoch: 2 Average loss: 0.0117
Train Epoch: 3 [0/10688 (0%)]	Loss: 0.687230
====> Epoch: 3 Average loss: 0.0114
Train Epoch: 4 [0/10688 (0%)]	Loss: 1.137795
====> Epoch: 4 Average loss: 0.0111
Train Epoch: 5 [0/10688 (0%)]	Loss: 0.567524
====> Epoch: 5 Average loss: 0.0108
Train Epoch: 6 [0/10688 (0%)]	Loss: 0.716356
====> Epoch: 6 Average loss: 0.0105
Train Epoch: 7 [0/10688 (0%)]	Loss: 0.439561
====> Epoch: 7 Average loss: 0.0102
Train Epoch: 8 [0/10688 (0%)]	Loss: 0.562929
====> Epoch: 8 Average loss: 0.0099
Train Epoch: 9 [0/10688 (0%)]	Loss: 0.655423
====> Epoch: 9 Average loss: 0.0097
[2024-12-01 11:24:42] INFO:__main__: Confusion matrix saved to: confusion_matrices/resnet18/caltech256/gs_1.0_0.0_1/iter_3.npy
[2024-12-01 11:24:42] INFO:__main__: Overall Accuracy: 0.7528
[2024-12-01 11:24:42] INFO:__main__: Mean Precision: 0.7540
[2024-12-01 11:24:42] INFO:__main__: Mean Recall: 0.7312
[2024-12-01 11:24:42] INFO:__main__: Mean False Alarm: 0.0010
[2024-12-01 11:24:42] INFO:__main__: Per-class Precision SD: 0.1611
[2024-12-01 11:24:42] INFO:__main__: Per-class Recall SD: 0.1656
[2024-12-01 11:24:42] INFO:__main__: Per-class False Alarm SD: 0.0009
Total time: 1118.6671953201294
Additional time: 0.006514072418212891
[2024-12-01 11:24:42] INFO:__main__: Iteration: 4: run prediction on unlabeled data `du` 
[2024-12-01 11:27:08] INFO:__main__: Update size of `dl`  and `du` by adding uncertain 2000 samples in `dl` len(dl): 12688, len(du) 13230
[2024-12-01 11:27:08] INFO:__main__: Update size of `dl`  and `du` by adding 120 hcs samples in `dl` len(dl): 12808, len(du) 13230
[2024-12-01 11:27:09] INFO:__main__: Iteration: 4 fine-tune the model on dh U dl
Train Epoch: 0 [0/12808 (0%)]	Loss: 0.714440
====> Epoch: 0 Average loss: 0.0118
Train Epoch: 1 [0/12808 (0%)]	Loss: 0.616799
====> Epoch: 1 Average loss: 0.0115
Train Epoch: 2 [0/12808 (0%)]	Loss: 0.784475
====> Epoch: 2 Average loss: 0.0110
Train Epoch: 3 [0/12808 (0%)]	Loss: 0.619824
====> Epoch: 3 Average loss: 0.0108
Train Epoch: 4 [0/12808 (0%)]	Loss: 0.634162
====> Epoch: 4 Average loss: 0.0107
Train Epoch: 5 [0/12808 (0%)]	Loss: 0.734462
====> Epoch: 5 Average loss: 0.0104
Train Epoch: 6 [0/12808 (0%)]	Loss: 1.095798
====> Epoch: 6 Average loss: 0.0101
Train Epoch: 7 [0/12808 (0%)]	Loss: 0.679365
====> Epoch: 7 Average loss: 0.0099
Train Epoch: 8 [0/12808 (0%)]	Loss: 0.691670
====> Epoch: 8 Average loss: 0.0096
Train Epoch: 9 [0/12808 (0%)]	Loss: 0.497808
====> Epoch: 9 Average loss: 0.0095
[2024-12-01 11:46:33] INFO:__main__: Confusion matrix saved to: confusion_matrices/resnet18/caltech256/gs_1.0_0.0_1/iter_4.npy
[2024-12-01 11:46:33] INFO:__main__: Overall Accuracy: 0.7559
[2024-12-01 11:46:33] INFO:__main__: Mean Precision: 0.7620
[2024-12-01 11:46:33] INFO:__main__: Mean Recall: 0.7349
[2024-12-01 11:46:33] INFO:__main__: Mean False Alarm: 0.0010
[2024-12-01 11:46:33] INFO:__main__: Per-class Precision SD: 0.1551
[2024-12-01 11:46:33] INFO:__main__: Per-class Recall SD: 0.1603
[2024-12-01 11:46:33] INFO:__main__: Per-class False Alarm SD: 0.0011
Total time: 1310.5320522785187
Additional time: 0.005779743194580078
[2024-12-01 11:46:33] INFO:__main__: Iteration: 5: run prediction on unlabeled data `du` 
[2024-12-01 11:48:26] INFO:__main__: Update size of `dl`  and `du` by adding uncertain 2000 samples in `dl` len(dl): 14808, len(du) 11110
[2024-12-01 11:48:26] INFO:__main__: Update size of `dl`  and `du` by adding 86 hcs samples in `dl` len(dl): 14894, len(du) 11110
[2024-12-01 11:48:26] INFO:__main__: Iteration: 5 fine-tune the model on dh U dl
Train Epoch: 0 [0/14894 (0%)]	Loss: 1.264550
====> Epoch: 0 Average loss: 0.0109
Train Epoch: 1 [0/14894 (0%)]	Loss: 0.930565
====> Epoch: 1 Average loss: 0.0108
Train Epoch: 2 [0/14894 (0%)]	Loss: 0.556035
====> Epoch: 2 Average loss: 0.0105
Train Epoch: 3 [0/14894 (0%)]	Loss: 0.489143
====> Epoch: 3 Average loss: 0.0103
Train Epoch: 4 [0/14894 (0%)]	Loss: 0.902233
====> Epoch: 4 Average loss: 0.0101
Train Epoch: 5 [0/14894 (0%)]	Loss: 0.631195
====> Epoch: 5 Average loss: 0.0098
Train Epoch: 6 [0/14894 (0%)]	Loss: 1.168634
====> Epoch: 6 Average loss: 0.0096
Train Epoch: 7 [0/14894 (0%)]	Loss: 0.525353
====> Epoch: 7 Average loss: 0.0095
Train Epoch: 8 [0/14894 (0%)]	Loss: 0.458683
====> Epoch: 8 Average loss: 0.0093
Train Epoch: 9 [0/14894 (0%)]	Loss: 0.364292
====> Epoch: 9 Average loss: 0.0091
[2024-12-01 12:13:14] INFO:__main__: Confusion matrix saved to: confusion_matrices/resnet18/caltech256/gs_1.0_0.0_1/iter_5.npy
[2024-12-01 12:13:14] INFO:__main__: Overall Accuracy: 0.7617
[2024-12-01 12:13:14] INFO:__main__: Mean Precision: 0.7677
[2024-12-01 12:13:14] INFO:__main__: Mean Recall: 0.7412
[2024-12-01 12:13:14] INFO:__main__: Mean False Alarm: 0.0009
[2024-12-01 12:13:14] INFO:__main__: Per-class Precision SD: 0.1533
[2024-12-01 12:13:14] INFO:__main__: Per-class Recall SD: 0.1533
[2024-12-01 12:13:14] INFO:__main__: Per-class False Alarm SD: 0.0011
Total time: 1600.864862203598
Additional time: 0.006866931915283203
[2024-12-01 12:13:14] INFO:__main__: Iteration: 6: run prediction on unlabeled data `du` 
[2024-12-01 12:14:22] INFO:__main__: Update size of `dl`  and `du` by adding uncertain 2000 samples in `dl` len(dl): 16894, len(du) 9024
[2024-12-01 12:14:22] INFO:__main__: Update size of `dl`  and `du` by adding 5 hcs samples in `dl` len(dl): 16899, len(du) 9024
[2024-12-01 12:14:22] INFO:__main__: Iteration: 6 fine-tune the model on dh U dl
Train Epoch: 0 [0/16899 (0%)]	Loss: 0.677173
====> Epoch: 0 Average loss: 0.0100
Train Epoch: 1 [0/16899 (0%)]	Loss: 0.470726
====> Epoch: 1 Average loss: 0.0098
Train Epoch: 2 [0/16899 (0%)]	Loss: 0.689690
====> Epoch: 2 Average loss: 0.0097
Train Epoch: 3 [0/16899 (0%)]	Loss: 0.591600
====> Epoch: 3 Average loss: 0.0095
Train Epoch: 4 [0/16899 (0%)]	Loss: 0.870556
====> Epoch: 4 Average loss: 0.0093
Train Epoch: 5 [0/16899 (0%)]	Loss: 0.433509
====> Epoch: 5 Average loss: 0.0093
Train Epoch: 6 [0/16899 (0%)]	Loss: 0.541198
====> Epoch: 6 Average loss: 0.0090
Train Epoch: 7 [0/16899 (0%)]	Loss: 0.390275
====> Epoch: 7 Average loss: 0.0089
Train Epoch: 8 [0/16899 (0%)]	Loss: 0.514199
====> Epoch: 8 Average loss: 0.0085
Train Epoch: 9 [0/16899 (0%)]	Loss: 1.075876
====> Epoch: 9 Average loss: 0.0086
[2024-12-01 12:42:54] INFO:__main__: Confusion matrix saved to: confusion_matrices/resnet18/caltech256/gs_1.0_0.0_1/iter_6.npy
[2024-12-01 12:42:54] INFO:__main__: Overall Accuracy: 0.7663
[2024-12-01 12:42:54] INFO:__main__: Mean Precision: 0.7679
[2024-12-01 12:42:54] INFO:__main__: Mean Recall: 0.7472
[2024-12-01 12:42:54] INFO:__main__: Mean False Alarm: 0.0009
[2024-12-01 12:42:54] INFO:__main__: Per-class Precision SD: 0.1430
[2024-12-01 12:42:54] INFO:__main__: Per-class Recall SD: 0.1523
[2024-12-01 12:42:54] INFO:__main__: Per-class False Alarm SD: 0.0009
Total time: 1780.213699579239
Additional time: 0.0042536258697509766
[2024-12-01 12:42:54] INFO:__main__: Iteration: 7: run prediction on unlabeled data `du` 
[2024-12-01 12:43:55] INFO:__main__: Update size of `dl`  and `du` by adding uncertain 2000 samples in `dl` len(dl): 18899, len(du) 7019
[2024-12-01 12:43:55] INFO:__main__: Update size of `dl`  and `du` by adding 0 hcs samples in `dl` len(dl): 18899, len(du) 7019
[2024-12-01 12:43:55] INFO:__main__: Iteration: 7 fine-tune the model on dh U dl
Train Epoch: 0 [0/18899 (0%)]	Loss: 0.441099
====> Epoch: 0 Average loss: 0.0091
Train Epoch: 1 [0/18899 (0%)]	Loss: 0.430914
====> Epoch: 1 Average loss: 0.0089
Train Epoch: 2 [0/18899 (0%)]	Loss: 0.548015
====> Epoch: 2 Average loss: 0.0087
Train Epoch: 3 [0/18899 (0%)]	Loss: 0.385892
====> Epoch: 3 Average loss: 0.0085
Train Epoch: 4 [0/18899 (0%)]	Loss: 0.576206
====> Epoch: 4 Average loss: 0.0085
Train Epoch: 5 [0/18899 (0%)]	Loss: 0.848877
====> Epoch: 5 Average loss: 0.0083
Train Epoch: 6 [0/18899 (0%)]	Loss: 0.481299
====> Epoch: 6 Average loss: 0.0082
Train Epoch: 7 [0/18899 (0%)]	Loss: 0.625993
====> Epoch: 7 Average loss: 0.0080
Train Epoch: 8 [0/18899 (0%)]	Loss: 0.340821
====> Epoch: 8 Average loss: 0.0079
Train Epoch: 9 [0/18899 (0%)]	Loss: 0.320737
====> Epoch: 9 Average loss: 0.0078
[2024-12-01 13:14:18] INFO:__main__: Confusion matrix saved to: confusion_matrices/resnet18/caltech256/gs_1.0_0.0_1/iter_7.npy
[2024-12-01 13:14:18] INFO:__main__: Overall Accuracy: 0.7687
[2024-12-01 13:14:18] INFO:__main__: Mean Precision: 0.7703
[2024-12-01 13:14:18] INFO:__main__: Mean Recall: 0.7478
[2024-12-01 13:14:18] INFO:__main__: Mean False Alarm: 0.0009
[2024-12-01 13:14:18] INFO:__main__: Per-class Precision SD: 0.1545
[2024-12-01 13:14:18] INFO:__main__: Per-class Recall SD: 0.1585
[2024-12-01 13:14:18] INFO:__main__: Per-class False Alarm SD: 0.0009
Total time: 1884.0297429561615
Additional time: 0.002920389175415039
[2024-12-01 13:14:18] INFO:__main__: Iteration: 8: run prediction on unlabeled data `du` 
[2024-12-01 13:14:54] INFO:__main__: Update size of `dl`  and `du` by adding uncertain 2000 samples in `dl` len(dl): 20899, len(du) 5019
[2024-12-01 13:14:54] INFO:__main__: Update size of `dl`  and `du` by adding 0 hcs samples in `dl` len(dl): 20899, len(du) 5019
[2024-12-01 13:14:54] INFO:__main__: Iteration: 8 fine-tune the model on dh U dl
Train Epoch: 0 [0/20899 (0%)]	Loss: 0.297656
Train Epoch: 0 [19200/20899 (92%)]	Loss: 0.629697
====> Epoch: 0 Average loss: 0.0084
Train Epoch: 1 [0/20899 (0%)]	Loss: 0.451207
Train Epoch: 1 [19200/20899 (92%)]	Loss: 0.655859
====> Epoch: 1 Average loss: 0.0083
Train Epoch: 2 [0/20899 (0%)]	Loss: 0.526560
Train Epoch: 2 [19200/20899 (92%)]	Loss: 0.674700
====> Epoch: 2 Average loss: 0.0081
Train Epoch: 3 [0/20899 (0%)]	Loss: 0.565514
Train Epoch: 3 [19200/20899 (92%)]	Loss: 0.310754
====> Epoch: 3 Average loss: 0.0080
Train Epoch: 4 [0/20899 (0%)]	Loss: 0.373691
Train Epoch: 4 [19200/20899 (92%)]	Loss: 0.551179
====> Epoch: 4 Average loss: 0.0078
Train Epoch: 5 [0/20899 (0%)]	Loss: 0.499040
Train Epoch: 5 [19200/20899 (92%)]	Loss: 0.419937
====> Epoch: 5 Average loss: 0.0078
Train Epoch: 6 [0/20899 (0%)]	Loss: 0.449547
Train Epoch: 6 [19200/20899 (92%)]	Loss: 0.529507
====> Epoch: 6 Average loss: 0.0076
Train Epoch: 7 [0/20899 (0%)]	Loss: 0.439656
Train Epoch: 7 [19200/20899 (92%)]	Loss: 0.453167
====> Epoch: 7 Average loss: 0.0076
Train Epoch: 8 [0/20899 (0%)]	Loss: 0.535894
Train Epoch: 8 [19200/20899 (92%)]	Loss: 0.725768
====> Epoch: 8 Average loss: 0.0074
Train Epoch: 9 [0/20899 (0%)]	Loss: 0.644171
Train Epoch: 9 [19200/20899 (92%)]	Loss: 0.555530
====> Epoch: 9 Average loss: 0.0074
[2024-12-01 13:47:47] INFO:__main__: Confusion matrix saved to: confusion_matrices/resnet18/caltech256/gs_1.0_0.0_1/iter_8.npy
[2024-12-01 13:47:47] INFO:__main__: Overall Accuracy: 0.7764
[2024-12-01 13:47:47] INFO:__main__: Mean Precision: 0.7745
[2024-12-01 13:47:47] INFO:__main__: Mean Recall: 0.7585
[2024-12-01 13:47:47] INFO:__main__: Mean False Alarm: 0.0009
[2024-12-01 13:47:47] INFO:__main__: Per-class Precision SD: 0.1394
[2024-12-01 13:47:47] INFO:__main__: Per-class Recall SD: 0.1488
[2024-12-01 13:47:47] INFO:__main__: Per-class False Alarm SD: 0.0008
Total time: 2009.4280998706818
Additional time: 0.0031740665435791016
[2024-12-01 13:47:47] INFO:__main__: Iteration: 9: run prediction on unlabeled data `du` 
[2024-12-01 13:48:10] INFO:__main__: Update size of `dl`  and `du` by adding uncertain 2000 samples in `dl` len(dl): 22899, len(du) 3019
[2024-12-01 13:48:10] INFO:__main__: Update size of `dl`  and `du` by adding 0 hcs samples in `dl` len(dl): 22899, len(du) 3019
[2024-12-01 13:48:10] INFO:__main__: Iteration: 9 fine-tune the model on dh U dl
Train Epoch: 0 [0/22899 (0%)]	Loss: 0.289638
Train Epoch: 0 [19200/22899 (84%)]	Loss: 0.472544
====> Epoch: 0 Average loss: 0.0079
Train Epoch: 1 [0/22899 (0%)]	Loss: 0.592155
Train Epoch: 1 [19200/22899 (84%)]	Loss: 0.368687
====> Epoch: 1 Average loss: 0.0078
Train Epoch: 2 [0/22899 (0%)]	Loss: 0.474171
Train Epoch: 2 [19200/22899 (84%)]	Loss: 0.531577
====> Epoch: 2 Average loss: 0.0076
Train Epoch: 3 [0/22899 (0%)]	Loss: 0.570724
Train Epoch: 3 [19200/22899 (84%)]	Loss: 0.918298
====> Epoch: 3 Average loss: 0.0076
Train Epoch: 4 [0/22899 (0%)]	Loss: 0.404652
Train Epoch: 4 [19200/22899 (84%)]	Loss: 0.527266
====> Epoch: 4 Average loss: 0.0074
Train Epoch: 5 [0/22899 (0%)]	Loss: 0.426247
Train Epoch: 5 [19200/22899 (84%)]	Loss: 0.387926
====> Epoch: 5 Average loss: 0.0074
Train Epoch: 6 [0/22899 (0%)]	Loss: 0.486983
Train Epoch: 6 [19200/22899 (84%)]	Loss: 0.496091
====> Epoch: 6 Average loss: 0.0072
Train Epoch: 7 [0/22899 (0%)]	Loss: 0.402511
Train Epoch: 7 [19200/22899 (84%)]	Loss: 0.549117
====> Epoch: 7 Average loss: 0.0072
Train Epoch: 8 [0/22899 (0%)]	Loss: 0.361565
Train Epoch: 8 [19200/22899 (84%)]	Loss: 0.394079
====> Epoch: 8 Average loss: 0.0070
Train Epoch: 9 [0/22899 (0%)]	Loss: 0.430361
Train Epoch: 9 [19200/22899 (84%)]	Loss: 0.434831
====> Epoch: 9 Average loss: 0.0070
[2024-12-01 14:24:16] INFO:__main__: Confusion matrix saved to: confusion_matrices/resnet18/caltech256/gs_1.0_0.0_1/iter_9.npy
[2024-12-01 14:24:16] INFO:__main__: Overall Accuracy: 0.7769
[2024-12-01 14:24:16] INFO:__main__: Mean Precision: 0.7777
[2024-12-01 14:24:16] INFO:__main__: Mean Recall: 0.7595
[2024-12-01 14:24:16] INFO:__main__: Mean False Alarm: 0.0009
[2024-12-01 14:24:16] INFO:__main__: Per-class Precision SD: 0.1466
[2024-12-01 14:24:16] INFO:__main__: Per-class Recall SD: 0.1488
[2024-12-01 14:24:16] INFO:__main__: Per-class False Alarm SD: 0.0008
Total time: 2188.7401020526886
Additional time: 0.0017004013061523438
[2024-12-01 14:24:16] INFO:__main__: Iteration: 10: run prediction on unlabeled data `du` 
[2024-12-01 14:24:25] INFO:__main__: Update size of `dl`  and `du` by adding uncertain 1019 samples in `dl` len(dl): 23918, len(du) 1019
[2024-12-01 14:24:25] INFO:__main__: Update size of `dl`  and `du` by adding 0 hcs samples in `dl` len(dl): 23918, len(du) 1019
[2024-12-01 14:24:25] INFO:__main__: Iteration: 10 fine-tune the model on dh U dl
Train Epoch: 0 [0/23918 (0%)]	Loss: 0.431151
Train Epoch: 0 [19200/23918 (80%)]	Loss: 0.339853
====> Epoch: 0 Average loss: 0.0072
Train Epoch: 1 [0/23918 (0%)]	Loss: 0.493391
Train Epoch: 1 [19200/23918 (80%)]	Loss: 0.566029
====> Epoch: 1 Average loss: 0.0072
Train Epoch: 2 [0/23918 (0%)]	Loss: 0.505779
Train Epoch: 2 [19200/23918 (80%)]	Loss: 0.550157
====> Epoch: 2 Average loss: 0.0070
Train Epoch: 3 [0/23918 (0%)]	Loss: 0.444859
Train Epoch: 3 [19200/23918 (80%)]	Loss: 0.499603
====> Epoch: 3 Average loss: 0.0069
Train Epoch: 4 [0/23918 (0%)]	Loss: 0.234754
Train Epoch: 4 [19200/23918 (80%)]	Loss: 0.459438
====> Epoch: 4 Average loss: 0.0069
Train Epoch: 5 [0/23918 (0%)]	Loss: 0.404756
Train Epoch: 5 [19200/23918 (80%)]	Loss: 0.539467
====> Epoch: 5 Average loss: 0.0069
Train Epoch: 6 [0/23918 (0%)]	Loss: 0.589813
Train Epoch: 6 [19200/23918 (80%)]	Loss: 0.522520
====> Epoch: 6 Average loss: 0.0067
Train Epoch: 7 [0/23918 (0%)]	Loss: 0.505204
Train Epoch: 7 [19200/23918 (80%)]	Loss: 0.567686
====> Epoch: 7 Average loss: 0.0067
Train Epoch: 8 [0/23918 (0%)]	Loss: 0.432451
Train Epoch: 8 [19200/23918 (80%)]	Loss: 0.381837
====> Epoch: 8 Average loss: 0.0067
Train Epoch: 9 [0/23918 (0%)]	Loss: 0.223913
Train Epoch: 9 [19200/23918 (80%)]	Loss: 0.462101
====> Epoch: 9 Average loss: 0.0065
[2024-12-01 15:03:10] INFO:__main__: Confusion matrix saved to: confusion_matrices/resnet18/caltech256/gs_1.0_0.0_1/iter_10.npy
[2024-12-01 15:03:10] INFO:__main__: Overall Accuracy: 0.7767
[2024-12-01 15:03:10] INFO:__main__: Mean Precision: 0.7764
[2024-12-01 15:03:10] INFO:__main__: Mean Recall: 0.7583
[2024-12-01 15:03:10] INFO:__main__: Mean False Alarm: 0.0009
[2024-12-01 15:03:10] INFO:__main__: Per-class Precision SD: 0.1392
[2024-12-01 15:03:10] INFO:__main__: Per-class Recall SD: 0.1529
[2024-12-01 15:03:10] INFO:__main__: Per-class False Alarm SD: 0.0008
Total time: 2333.8197400569916
Additional time: 0.0015437602996826172
[2024-12-01 15:03:10] INFO:__main__: Iteration: 11: run prediction on unlabeled data `du` 
