[2024-11-22 23:01:45] INFO:__main__: Model: resnet18
[2024-11-22 23:01:45] INFO:__main__: Dataset: caltech256
[2024-11-22 23:01:45] INFO:__main__: Experiment type: gs
[2024-11-22 23:01:45] INFO:__main__: Lambda weight: 1.0
[2024-11-22 23:01:45] INFO:__main__: Gamma weight: 1.0
[2024-11-22 23:01:45] INFO:__main__: Training epochs: 1
[2024-11-22 23:01:45] INFO:__main__: Batch size: 16
[2024-11-22 23:01:46] INFO:__main__: Using device: cuda
[2024-11-22 23:01:46] INFO:__main__: Initial configuration: len(du): 21527, len(dl): 2391 
[2024-11-22 23:01:46] INFO:__main__: Initialize training the model on `dl` and test on `dtest`
Train Epoch: 0 [0/2391 (0%)]	Loss: 5.737639
====> Epoch: 0 Average loss: 0.3360
Confusion Matrix:
[[0. 0. 0. ... 0. 0. 0.]
 [0. 0. 0. ... 0. 0. 0.]
 [0. 0. 0. ... 0. 6. 0.]
 ...
 [0. 0. 0. ... 0. 0. 0.]
 [0. 0. 0. ... 0. 0. 0.]
 [0. 0. 0. ... 0. 0. 0.]]
