[2024-12-01 04:27:17] INFO:__main__: Model: resnet18
[2024-12-01 04:27:17] INFO:__main__: Dataset: caltech256
[2024-12-01 04:27:17] INFO:__main__: Experiment type: gs
[2024-12-01 04:27:17] INFO:__main__: Lambda weight: 1.0
[2024-12-01 04:27:17] INFO:__main__: Gamma weight: 1.0
[2024-12-01 04:27:17] INFO:__main__: Training epochs: 10
[2024-12-01 04:27:17] INFO:__main__: Batch size: 64
[2024-12-01 04:27:17] INFO:__main__: Using device: cuda
[2024-12-01 04:27:17] INFO:__main__: Initial configuration: len(du): 21527, len(dl): 2391 
[2024-12-01 04:27:29] INFO:__main__: Initialize training the model on `dl` and test on `dtest`
Train Epoch: 0 [0/2391 (0%)]	Loss: 5.721709
====> Epoch: 0 Average loss: 0.0863
Train Epoch: 1 [0/2391 (0%)]	Loss: 4.510017
====> Epoch: 1 Average loss: 0.0728
Train Epoch: 2 [0/2391 (0%)]	Loss: 4.020067
====> Epoch: 2 Average loss: 0.0626
Train Epoch: 3 [0/2391 (0%)]	Loss: 3.736340
====> Epoch: 3 Average loss: 0.0545
Train Epoch: 4 [0/2391 (0%)]	Loss: 3.223960
====> Epoch: 4 Average loss: 0.0476
Train Epoch: 5 [0/2391 (0%)]	Loss: 2.635877
====> Epoch: 5 Average loss: 0.0417
Train Epoch: 6 [0/2391 (0%)]	Loss: 2.477502
====> Epoch: 6 Average loss: 0.0372
Train Epoch: 7 [0/2391 (0%)]	Loss: 1.936287
====> Epoch: 7 Average loss: 0.0333
Train Epoch: 8 [0/2391 (0%)]	Loss: 2.035858
====> Epoch: 8 Average loss: 0.0297
Train Epoch: 9 [0/2391 (0%)]	Loss: 1.661493
====> Epoch: 9 Average loss: 0.0271
[2024-12-01 04:36:08] INFO:__main__: Confusion matrix saved to: confusion_matrices/resnet18/caltech256/gs_1.0_1.0_1/initial.npy
[2024-12-01 04:36:08] INFO:__main__: Overall Accuracy: 0.5546
[2024-12-01 04:36:08] INFO:__main__: Mean Precision: 0.5608
[2024-12-01 04:36:08] INFO:__main__: Mean Recall: 0.4938
[2024-12-01 04:36:08] INFO:__main__: Mean False Alarm: 0.0017
[2024-12-01 04:36:08] INFO:__main__: Per-class Precision SD: 0.3056
[2024-12-01 04:36:08] INFO:__main__: Per-class Recall SD: 0.3192
[2024-12-01 04:36:08] INFO:__main__: Per-class False Alarm SD: 0.0026
[2024-12-01 04:36:08] INFO:__main__: Iteration: 0: run prediction on unlabeled data `du` 
[2024-12-01 04:42:56] INFO:__main__: Update size of `dl`  and `du` by adding uncertain 2000 samples in `dl` len(dl): 4391, len(du) 21527
[2024-12-01 04:42:56] INFO:__main__: Update size of `dl`  and `du` by adding 2 hcs samples in `dl` len(dl): 4393, len(du) 21527
[2024-12-01 04:42:56] INFO:__main__: Iteration: 0 fine-tune the model on dh U dl
Train Epoch: 0 [0/4393 (0%)]	Loss: 1.846168
====> Epoch: 0 Average loss: 0.0304
Train Epoch: 1 [0/4393 (0%)]	Loss: 1.776004
====> Epoch: 1 Average loss: 0.0266
Train Epoch: 2 [0/4393 (0%)]	Loss: 1.337259
====> Epoch: 2 Average loss: 0.0236
Train Epoch: 3 [0/4393 (0%)]	Loss: 1.372388
====> Epoch: 3 Average loss: 0.0214
Train Epoch: 4 [0/4393 (0%)]	Loss: 1.265969
====> Epoch: 4 Average loss: 0.0194
Train Epoch: 5 [0/4393 (0%)]	Loss: 0.865109
====> Epoch: 5 Average loss: 0.0178
Train Epoch: 6 [0/4393 (0%)]	Loss: 1.138934
====> Epoch: 6 Average loss: 0.0165
Train Epoch: 7 [0/4393 (0%)]	Loss: 0.719262
====> Epoch: 7 Average loss: 0.0152
Train Epoch: 8 [0/4393 (0%)]	Loss: 0.837077
====> Epoch: 8 Average loss: 0.0143
Train Epoch: 9 [0/4393 (0%)]	Loss: 0.843267
====> Epoch: 9 Average loss: 0.0133
[2024-12-01 04:55:07] INFO:__main__: Confusion matrix saved to: confusion_matrices/resnet18/caltech256/gs_1.0_1.0_1/iter_0.npy
[2024-12-01 04:55:07] INFO:__main__: Overall Accuracy: 0.6946
[2024-12-01 04:55:07] INFO:__main__: Mean Precision: 0.7197
[2024-12-01 04:55:07] INFO:__main__: Mean Recall: 0.6581
[2024-12-01 04:55:07] INFO:__main__: Mean False Alarm: 0.0012
[2024-12-01 04:55:07] INFO:__main__: Per-class Precision SD: 0.1974
[2024-12-01 04:55:07] INFO:__main__: Per-class Recall SD: 0.2251
[2024-12-01 04:55:07] INFO:__main__: Per-class False Alarm SD: 0.0015
Total time: 1139.2791974544525
Additional time: 0.008166074752807617
[2024-12-01 04:55:07] INFO:__main__: Iteration: 1: run prediction on unlabeled data `du` 
[2024-12-01 05:01:45] INFO:__main__: Update size of `dl`  and `du` by adding uncertain 2000 samples in `dl` len(dl): 6393, len(du) 19525
[2024-12-01 05:01:45] INFO:__main__: Update size of `dl`  and `du` by adding 40 hcs samples in `dl` len(dl): 6433, len(du) 19525
[2024-12-01 05:01:46] INFO:__main__: Iteration: 1 fine-tune the model on dh U dl
Train Epoch: 0 [0/6433 (0%)]	Loss: 1.015935
====> Epoch: 0 Average loss: 0.0165
Train Epoch: 1 [0/6433 (0%)]	Loss: 0.940597
====> Epoch: 1 Average loss: 0.0155
Train Epoch: 2 [0/6433 (0%)]	Loss: 1.123202
====> Epoch: 2 Average loss: 0.0147
Train Epoch: 3 [0/6433 (0%)]	Loss: 0.944472
====> Epoch: 3 Average loss: 0.0137
Train Epoch: 4 [0/6433 (0%)]	Loss: 0.635518
====> Epoch: 4 Average loss: 0.0129
Train Epoch: 5 [0/6433 (0%)]	Loss: 0.641403
====> Epoch: 5 Average loss: 0.0122
Train Epoch: 6 [0/6433 (0%)]	Loss: 0.596478
====> Epoch: 6 Average loss: 0.0118
Train Epoch: 7 [0/6433 (0%)]	Loss: 0.723595
====> Epoch: 7 Average loss: 0.0111
Train Epoch: 8 [0/6433 (0%)]	Loss: 0.541538
====> Epoch: 8 Average loss: 0.0107
Train Epoch: 9 [0/6433 (0%)]	Loss: 0.756024
====> Epoch: 9 Average loss: 0.0102
[2024-12-01 05:18:57] INFO:__main__: Confusion matrix saved to: confusion_matrices/resnet18/caltech256/gs_1.0_1.0_1/iter_1.npy
[2024-12-01 05:18:57] INFO:__main__: Overall Accuracy: 0.7337
[2024-12-01 05:18:57] INFO:__main__: Mean Precision: 0.7409
[2024-12-01 05:18:57] INFO:__main__: Mean Recall: 0.7050
[2024-12-01 05:18:57] INFO:__main__: Mean False Alarm: 0.0010
[2024-12-01 05:18:57] INFO:__main__: Per-class Precision SD: 0.1683
[2024-12-01 05:18:57] INFO:__main__: Per-class Recall SD: 0.1904
[2024-12-01 05:18:57] INFO:__main__: Per-class False Alarm SD: 0.0011
Total time: 1429.9930665493011
Additional time: 0.008177757263183594
[2024-12-01 05:18:57] INFO:__main__: Iteration: 2: run prediction on unlabeled data `du` 
[2024-12-01 05:26:11] INFO:__main__: Update size of `dl`  and `du` by adding uncertain 2000 samples in `dl` len(dl): 8433, len(du) 17485
[2024-12-01 05:26:11] INFO:__main__: Update size of `dl`  and `du` by adding 105 hcs samples in `dl` len(dl): 8538, len(du) 17485
[2024-12-01 05:26:12] INFO:__main__: Iteration: 2 fine-tune the model on dh U dl
Train Epoch: 0 [0/8538 (0%)]	Loss: 0.921621
====> Epoch: 0 Average loss: 0.0133
Train Epoch: 1 [0/8538 (0%)]	Loss: 0.858379
====> Epoch: 1 Average loss: 0.0127
Train Epoch: 2 [0/8538 (0%)]	Loss: 0.875161
====> Epoch: 2 Average loss: 0.0122
Train Epoch: 3 [0/8538 (0%)]	Loss: 0.587575
====> Epoch: 3 Average loss: 0.0117
Train Epoch: 4 [0/8538 (0%)]	Loss: 1.009720
====> Epoch: 4 Average loss: 0.0112
Train Epoch: 5 [0/8538 (0%)]	Loss: 0.758805
====> Epoch: 5 Average loss: 0.0108
Train Epoch: 6 [0/8538 (0%)]	Loss: 0.555830
====> Epoch: 6 Average loss: 0.0105
Train Epoch: 7 [0/8538 (0%)]	Loss: 0.492436
====> Epoch: 7 Average loss: 0.0101
Train Epoch: 8 [0/8538 (0%)]	Loss: 0.523665
====> Epoch: 8 Average loss: 0.0097
Train Epoch: 9 [0/8538 (0%)]	Loss: 0.500914
====> Epoch: 9 Average loss: 0.0096
[2024-12-01 05:48:26] INFO:__main__: Confusion matrix saved to: confusion_matrices/resnet18/caltech256/gs_1.0_1.0_1/iter_2.npy
[2024-12-01 05:48:26] INFO:__main__: Overall Accuracy: 0.7462
[2024-12-01 05:48:26] INFO:__main__: Mean Precision: 0.7530
[2024-12-01 05:48:26] INFO:__main__: Mean Recall: 0.7192
[2024-12-01 05:48:26] INFO:__main__: Mean False Alarm: 0.0010
[2024-12-01 05:48:26] INFO:__main__: Per-class Precision SD: 0.1612
[2024-12-01 05:48:26] INFO:__main__: Per-class Recall SD: 0.1736
[2024-12-01 05:48:26] INFO:__main__: Per-class False Alarm SD: 0.0011
Total time: 1769.225117444992
Additional time: 0.007090091705322266
[2024-12-01 05:48:26] INFO:__main__: Iteration: 3: run prediction on unlabeled data `du` 
[2024-12-01 05:54:10] INFO:__main__: Update size of `dl`  and `du` by adding uncertain 2000 samples in `dl` len(dl): 10538, len(du) 15380
[2024-12-01 05:54:10] INFO:__main__: Update size of `dl`  and `du` by adding 110 hcs samples in `dl` len(dl): 10648, len(du) 15380
[2024-12-01 05:54:10] INFO:__main__: Iteration: 3 fine-tune the model on dh U dl
Train Epoch: 0 [0/10648 (0%)]	Loss: 0.672430
====> Epoch: 0 Average loss: 0.0123
Train Epoch: 1 [0/10648 (0%)]	Loss: 1.042604
====> Epoch: 1 Average loss: 0.0118
Train Epoch: 2 [0/10648 (0%)]	Loss: 0.823092
====> Epoch: 2 Average loss: 0.0114
Train Epoch: 3 [0/10648 (0%)]	Loss: 0.521074
====> Epoch: 3 Average loss: 0.0112
Train Epoch: 4 [0/10648 (0%)]	Loss: 1.021308
====> Epoch: 4 Average loss: 0.0108
Train Epoch: 5 [0/10648 (0%)]	Loss: 0.723681
====> Epoch: 5 Average loss: 0.0104
Train Epoch: 6 [0/10648 (0%)]	Loss: 1.192371
====> Epoch: 6 Average loss: 0.0102
Train Epoch: 7 [0/10648 (0%)]	Loss: 0.736720
====> Epoch: 7 Average loss: 0.0100
Train Epoch: 8 [0/10648 (0%)]	Loss: 0.581380
====> Epoch: 8 Average loss: 0.0096
Train Epoch: 9 [0/10648 (0%)]	Loss: 0.587772
====> Epoch: 9 Average loss: 0.0094
[2024-12-01 06:26:51] INFO:__main__: Confusion matrix saved to: confusion_matrices/resnet18/caltech256/gs_1.0_1.0_1/iter_3.npy
[2024-12-01 06:26:51] INFO:__main__: Overall Accuracy: 0.7564
[2024-12-01 06:26:51] INFO:__main__: Mean Precision: 0.7601
[2024-12-01 06:26:51] INFO:__main__: Mean Recall: 0.7321
[2024-12-01 06:26:51] INFO:__main__: Mean False Alarm: 0.0010
[2024-12-01 06:26:51] INFO:__main__: Per-class Precision SD: 0.1562
[2024-12-01 06:26:51] INFO:__main__: Per-class Recall SD: 0.1693
[2024-12-01 06:26:51] INFO:__main__: Per-class False Alarm SD: 0.0009
Total time: 2305.214398622513
Additional time: 0.006387472152709961
[2024-12-01 06:26:51] INFO:__main__: Iteration: 4: run prediction on unlabeled data `du` 
[2024-12-01 06:31:50] INFO:__main__: Update size of `dl`  and `du` by adding uncertain 2000 samples in `dl` len(dl): 12648, len(du) 13270
[2024-12-01 06:31:50] INFO:__main__: Update size of `dl`  and `du` by adding 92 hcs samples in `dl` len(dl): 12740, len(du) 13270
[2024-12-01 06:31:51] INFO:__main__: Iteration: 4 fine-tune the model on dh U dl
Train Epoch: 0 [0/12740 (0%)]	Loss: 0.342979
====> Epoch: 0 Average loss: 0.0113
Train Epoch: 1 [0/12740 (0%)]	Loss: 0.833182
====> Epoch: 1 Average loss: 0.0111
Train Epoch: 2 [0/12740 (0%)]	Loss: 0.433377
====> Epoch: 2 Average loss: 0.0109
Train Epoch: 3 [0/12740 (0%)]	Loss: 0.643005
====> Epoch: 3 Average loss: 0.0106
Train Epoch: 4 [0/12740 (0%)]	Loss: 0.576166
====> Epoch: 4 Average loss: 0.0103
Train Epoch: 5 [0/12740 (0%)]	Loss: 0.482527
====> Epoch: 5 Average loss: 0.0100
Train Epoch: 6 [0/12740 (0%)]	Loss: 0.558682
====> Epoch: 6 Average loss: 0.0099
Train Epoch: 7 [0/12740 (0%)]	Loss: 0.542108
====> Epoch: 7 Average loss: 0.0095
Train Epoch: 8 [0/12740 (0%)]	Loss: 0.330382
====> Epoch: 8 Average loss: 0.0094
Train Epoch: 9 [0/12740 (0%)]	Loss: 0.534346
====> Epoch: 9 Average loss: 0.0093
[2024-12-01 07:07:09] INFO:__main__: Confusion matrix saved to: confusion_matrices/resnet18/caltech256/gs_1.0_1.0_1/iter_4.npy
[2024-12-01 07:07:09] INFO:__main__: Overall Accuracy: 0.7622
[2024-12-01 07:07:09] INFO:__main__: Mean Precision: 0.7666
[2024-12-01 07:07:09] INFO:__main__: Mean Recall: 0.7399
[2024-12-01 07:07:09] INFO:__main__: Mean False Alarm: 0.0009
[2024-12-01 07:07:09] INFO:__main__: Per-class Precision SD: 0.1579
[2024-12-01 07:07:09] INFO:__main__: Per-class Recall SD: 0.1644
[2024-12-01 07:07:09] INFO:__main__: Per-class False Alarm SD: 0.0009
Total time: 2417.2688298225403
Additional time: 0.005969047546386719
[2024-12-01 07:07:09] INFO:__main__: Iteration: 5: run prediction on unlabeled data `du` 
[2024-12-01 07:10:24] INFO:__main__: Update size of `dl`  and `du` by adding uncertain 2000 samples in `dl` len(dl): 14740, len(du) 11178
[2024-12-01 07:10:24] INFO:__main__: Update size of `dl`  and `du` by adding 80 hcs samples in `dl` len(dl): 14820, len(du) 11178
[2024-12-01 07:10:24] INFO:__main__: Iteration: 5 fine-tune the model on dh U dl
Train Epoch: 0 [0/14820 (0%)]	Loss: 0.555287
====> Epoch: 0 Average loss: 0.0106
Train Epoch: 1 [0/14820 (0%)]	Loss: 0.615216
====> Epoch: 1 Average loss: 0.0104
Train Epoch: 2 [0/14820 (0%)]	Loss: 0.365076
====> Epoch: 2 Average loss: 0.0101
Train Epoch: 3 [0/14820 (0%)]	Loss: 0.797781
====> Epoch: 3 Average loss: 0.0100
Train Epoch: 4 [0/14820 (0%)]	Loss: 0.793018
====> Epoch: 4 Average loss: 0.0098
Train Epoch: 5 [0/14820 (0%)]	Loss: 1.155523
====> Epoch: 5 Average loss: 0.0096
Train Epoch: 6 [0/14820 (0%)]	Loss: 0.697939
====> Epoch: 6 Average loss: 0.0094
Train Epoch: 7 [0/14820 (0%)]	Loss: 0.620922
====> Epoch: 7 Average loss: 0.0092
Train Epoch: 8 [0/14820 (0%)]	Loss: 0.578999
====> Epoch: 8 Average loss: 0.0089
Train Epoch: 9 [0/14820 (0%)]	Loss: 0.662944
====> Epoch: 9 Average loss: 0.0088
[2024-12-01 07:54:49] INFO:__main__: Confusion matrix saved to: confusion_matrices/resnet18/caltech256/gs_1.0_1.0_1/iter_5.npy
[2024-12-01 07:54:49] INFO:__main__: Overall Accuracy: 0.7718
[2024-12-01 07:54:49] INFO:__main__: Mean Precision: 0.7747
[2024-12-01 07:54:49] INFO:__main__: Mean Recall: 0.7501
[2024-12-01 07:54:49] INFO:__main__: Mean False Alarm: 0.0009
[2024-12-01 07:54:49] INFO:__main__: Per-class Precision SD: 0.1559
[2024-12-01 07:54:49] INFO:__main__: Per-class Recall SD: 0.1619
[2024-12-01 07:54:49] INFO:__main__: Per-class False Alarm SD: 0.0009
Total time: 2860.3384993076324
Additional time: 0.0054340362548828125
[2024-12-01 07:54:49] INFO:__main__: Iteration: 6: run prediction on unlabeled data `du` 
[2024-12-01 07:58:01] INFO:__main__: Update size of `dl`  and `du` by adding uncertain 2000 samples in `dl` len(dl): 16820, len(du) 9098
[2024-12-01 07:58:01] INFO:__main__: Update size of `dl`  and `du` by adding 3 hcs samples in `dl` len(dl): 16823, len(du) 9098
[2024-12-01 07:58:01] INFO:__main__: Iteration: 6 fine-tune the model on dh U dl
Train Epoch: 0 [0/16823 (0%)]	Loss: 0.614954
====> Epoch: 0 Average loss: 0.0095
Train Epoch: 1 [0/16823 (0%)]	Loss: 0.445137
====> Epoch: 1 Average loss: 0.0094
Train Epoch: 2 [0/16823 (0%)]	Loss: 0.506145
====> Epoch: 2 Average loss: 0.0092
Train Epoch: 3 [0/16823 (0%)]	Loss: 0.435554
====> Epoch: 3 Average loss: 0.0090
Train Epoch: 4 [0/16823 (0%)]	Loss: 0.462608
====> Epoch: 4 Average loss: 0.0088
Train Epoch: 5 [0/16823 (0%)]	Loss: 0.603126
====> Epoch: 5 Average loss: 0.0087
Train Epoch: 6 [0/16823 (0%)]	Loss: 0.376848
====> Epoch: 6 Average loss: 0.0086
Train Epoch: 7 [0/16823 (0%)]	Loss: 0.522484
====> Epoch: 7 Average loss: 0.0083
Train Epoch: 8 [0/16823 (0%)]	Loss: 0.384974
====> Epoch: 8 Average loss: 0.0082
Train Epoch: 9 [0/16823 (0%)]	Loss: 0.498319
====> Epoch: 9 Average loss: 0.0080
[2024-12-01 08:51:21] INFO:__main__: Confusion matrix saved to: confusion_matrices/resnet18/caltech256/gs_1.0_1.0_1/iter_6.npy
[2024-12-01 08:51:21] INFO:__main__: Overall Accuracy: 0.7719
[2024-12-01 08:51:21] INFO:__main__: Mean Precision: 0.7699
[2024-12-01 08:51:21] INFO:__main__: Mean Recall: 0.7518
[2024-12-01 08:51:21] INFO:__main__: Mean False Alarm: 0.0009
[2024-12-01 08:51:21] INFO:__main__: Per-class Precision SD: 0.1442
[2024-12-01 08:51:21] INFO:__main__: Per-class Recall SD: 0.1579
[2024-12-01 08:51:21] INFO:__main__: Per-class False Alarm SD: 0.0008
Total time: 3392.3249921798706
Additional time: 0.005431175231933594
[2024-12-01 08:51:21] INFO:__main__: Iteration: 7: run prediction on unlabeled data `du` 
[2024-12-01 08:53:27] INFO:__main__: Update size of `dl`  and `du` by adding uncertain 2000 samples in `dl` len(dl): 18823, len(du) 7095
[2024-12-01 08:53:27] INFO:__main__: Update size of `dl`  and `du` by adding 0 hcs samples in `dl` len(dl): 18823, len(du) 7095
[2024-12-01 08:53:27] INFO:__main__: Iteration: 7 fine-tune the model on dh U dl
Train Epoch: 0 [0/18823 (0%)]	Loss: 0.536667
====> Epoch: 0 Average loss: 0.0087
Train Epoch: 1 [0/18823 (0%)]	Loss: 0.781995
====> Epoch: 1 Average loss: 0.0087
Train Epoch: 2 [0/18823 (0%)]	Loss: 0.410345
====> Epoch: 2 Average loss: 0.0085
Train Epoch: 3 [0/18823 (0%)]	Loss: 0.508304
====> Epoch: 3 Average loss: 0.0084
Train Epoch: 4 [0/18823 (0%)]	Loss: 0.514223
====> Epoch: 4 Average loss: 0.0081
Train Epoch: 5 [0/18823 (0%)]	Loss: 0.636318
====> Epoch: 5 Average loss: 0.0080
Train Epoch: 6 [0/18823 (0%)]	Loss: 0.378368
====> Epoch: 6 Average loss: 0.0079
Train Epoch: 7 [0/18823 (0%)]	Loss: 0.533462
====> Epoch: 7 Average loss: 0.0077
Train Epoch: 8 [0/18823 (0%)]	Loss: 0.680556
====> Epoch: 8 Average loss: 0.0077
Train Epoch: 9 [0/18823 (0%)]	Loss: 0.526202
====> Epoch: 9 Average loss: 0.0076
[2024-12-01 09:53:50] INFO:__main__: Confusion matrix saved to: confusion_matrices/resnet18/caltech256/gs_1.0_1.0_1/iter_7.npy
[2024-12-01 09:53:50] INFO:__main__: Overall Accuracy: 0.7750
[2024-12-01 09:53:50] INFO:__main__: Mean Precision: 0.7732
[2024-12-01 09:53:50] INFO:__main__: Mean Recall: 0.7554
[2024-12-01 09:53:50] INFO:__main__: Mean False Alarm: 0.0009
[2024-12-01 09:53:50] INFO:__main__: Per-class Precision SD: 0.1472
[2024-12-01 09:53:50] INFO:__main__: Per-class Recall SD: 0.1584
[2024-12-01 09:53:50] INFO:__main__: Per-class False Alarm SD: 0.0007
Total time: 3748.5785224437714
Additional time: 0.003075122833251953
[2024-12-01 09:53:50] INFO:__main__: Iteration: 8: run prediction on unlabeled data `du` 
[2024-12-01 09:55:02] INFO:__main__: Update size of `dl`  and `du` by adding uncertain 2000 samples in `dl` len(dl): 20823, len(du) 5095
[2024-12-01 09:55:02] INFO:__main__: Update size of `dl`  and `du` by adding 0 hcs samples in `dl` len(dl): 20823, len(du) 5095
[2024-12-01 09:55:02] INFO:__main__: Iteration: 8 fine-tune the model on dh U dl
Train Epoch: 0 [0/20823 (0%)]	Loss: 0.645041
Train Epoch: 0 [19200/20823 (92%)]	Loss: 0.546629
====> Epoch: 0 Average loss: 0.0082
Train Epoch: 1 [0/20823 (0%)]	Loss: 0.387755
Train Epoch: 1 [19200/20823 (92%)]	Loss: 0.490034
====> Epoch: 1 Average loss: 0.0081
Train Epoch: 2 [0/20823 (0%)]	Loss: 0.469676
Train Epoch: 2 [19200/20823 (92%)]	Loss: 0.276471
====> Epoch: 2 Average loss: 0.0079
Train Epoch: 3 [0/20823 (0%)]	Loss: 0.653398
Train Epoch: 3 [19200/20823 (92%)]	Loss: 0.536421
====> Epoch: 3 Average loss: 0.0078
Train Epoch: 4 [0/20823 (0%)]	Loss: 0.623187
Train Epoch: 4 [19200/20823 (92%)]	Loss: 0.773126
====> Epoch: 4 Average loss: 0.0077
Train Epoch: 5 [0/20823 (0%)]	Loss: 0.658001
Train Epoch: 5 [19200/20823 (92%)]	Loss: 0.575970
====> Epoch: 5 Average loss: 0.0075
Train Epoch: 6 [0/20823 (0%)]	Loss: 0.347093
Train Epoch: 6 [19200/20823 (92%)]	Loss: 0.405250
====> Epoch: 6 Average loss: 0.0075
Train Epoch: 7 [0/20823 (0%)]	Loss: 0.484958
Train Epoch: 7 [19200/20823 (92%)]	Loss: 0.431936
====> Epoch: 7 Average loss: 0.0074
Train Epoch: 8 [0/20823 (0%)]	Loss: 0.472558
Train Epoch: 8 [19200/20823 (92%)]	Loss: 0.500981
====> Epoch: 8 Average loss: 0.0071
Train Epoch: 9 [0/20823 (0%)]	Loss: 0.323694
Train Epoch: 9 [19200/20823 (92%)]	Loss: 0.311378
====> Epoch: 9 Average loss: 0.0072
[2024-12-01 11:00:42] INFO:__main__: Confusion matrix saved to: confusion_matrices/resnet18/caltech256/gs_1.0_1.0_1/iter_8.npy
[2024-12-01 11:00:42] INFO:__main__: Overall Accuracy: 0.7726
[2024-12-01 11:00:42] INFO:__main__: Mean Precision: 0.7743
[2024-12-01 11:00:42] INFO:__main__: Mean Recall: 0.7508
[2024-12-01 11:00:42] INFO:__main__: Mean False Alarm: 0.0009
[2024-12-01 11:00:42] INFO:__main__: Per-class Precision SD: 0.1509
[2024-12-01 11:00:42] INFO:__main__: Per-class Recall SD: 0.1614
[2024-12-01 11:00:42] INFO:__main__: Per-class False Alarm SD: 0.0009
Total time: 4011.7379331588745
Additional time: 0.0033652782440185547
[2024-12-01 11:00:42] INFO:__main__: Iteration: 9: run prediction on unlabeled data `du` 
[2024-12-01 11:02:00] INFO:__main__: Update size of `dl`  and `du` by adding uncertain 2000 samples in `dl` len(dl): 22823, len(du) 3095
[2024-12-01 11:02:00] INFO:__main__: Update size of `dl`  and `du` by adding 0 hcs samples in `dl` len(dl): 22823, len(du) 3095
[2024-12-01 11:02:00] INFO:__main__: Iteration: 9 fine-tune the model on dh U dl
Train Epoch: 0 [0/22823 (0%)]	Loss: 0.782313
Train Epoch: 0 [19200/22823 (84%)]	Loss: 0.410687
====> Epoch: 0 Average loss: 0.0077
Train Epoch: 1 [0/22823 (0%)]	Loss: 0.470595
Train Epoch: 1 [19200/22823 (84%)]	Loss: 0.402498
====> Epoch: 1 Average loss: 0.0076
Train Epoch: 2 [0/22823 (0%)]	Loss: 0.426205
Train Epoch: 2 [19200/22823 (84%)]	Loss: 0.361616
====> Epoch: 2 Average loss: 0.0074
Train Epoch: 3 [0/22823 (0%)]	Loss: 0.312645
Train Epoch: 3 [19200/22823 (84%)]	Loss: 0.576370
====> Epoch: 3 Average loss: 0.0073
Train Epoch: 4 [0/22823 (0%)]	Loss: 0.391079
Train Epoch: 4 [19200/22823 (84%)]	Loss: 0.328636
====> Epoch: 4 Average loss: 0.0072
Train Epoch: 5 [0/22823 (0%)]	Loss: 0.358343
Train Epoch: 5 [19200/22823 (84%)]	Loss: 0.447261
====> Epoch: 5 Average loss: 0.0072
Train Epoch: 6 [0/22823 (0%)]	Loss: 0.466938
Train Epoch: 6 [19200/22823 (84%)]	Loss: 0.346990
====> Epoch: 6 Average loss: 0.0070
Train Epoch: 7 [0/22823 (0%)]	Loss: 0.350532
Train Epoch: 7 [19200/22823 (84%)]	Loss: 0.415908
====> Epoch: 7 Average loss: 0.0069
Train Epoch: 8 [0/22823 (0%)]	Loss: 0.399871
Train Epoch: 8 [19200/22823 (84%)]	Loss: 0.354209
====> Epoch: 8 Average loss: 0.0068
Train Epoch: 9 [0/22823 (0%)]	Loss: 0.296775
Train Epoch: 9 [19200/22823 (84%)]	Loss: 0.432203
====> Epoch: 9 Average loss: 0.0067
[2024-12-01 12:12:11] INFO:__main__: Confusion matrix saved to: confusion_matrices/resnet18/caltech256/gs_1.0_1.0_1/iter_9.npy
[2024-12-01 12:12:11] INFO:__main__: Overall Accuracy: 0.7772
[2024-12-01 12:12:11] INFO:__main__: Mean Precision: 0.7756
[2024-12-01 12:12:11] INFO:__main__: Mean Recall: 0.7575
[2024-12-01 12:12:11] INFO:__main__: Mean False Alarm: 0.0009
[2024-12-01 12:12:11] INFO:__main__: Per-class Precision SD: 0.1460
[2024-12-01 12:12:11] INFO:__main__: Per-class Recall SD: 0.1542
[2024-12-01 12:12:11] INFO:__main__: Per-class False Alarm SD: 0.0007
Total time: 4289.319860696793
Additional time: 0.0018143653869628906
[2024-12-01 12:12:11] INFO:__main__: Iteration: 10: run prediction on unlabeled data `du` 
[2024-12-01 12:12:31] INFO:__main__: Update size of `dl`  and `du` by adding uncertain 1095 samples in `dl` len(dl): 23918, len(du) 1095
[2024-12-01 12:12:31] INFO:__main__: Update size of `dl`  and `du` by adding 0 hcs samples in `dl` len(dl): 23918, len(du) 1095
[2024-12-01 12:12:31] INFO:__main__: Iteration: 10 fine-tune the model on dh U dl
Train Epoch: 0 [0/23918 (0%)]	Loss: 0.621045
Train Epoch: 0 [19200/23918 (80%)]	Loss: 0.458560
====> Epoch: 0 Average loss: 0.0071
Train Epoch: 1 [0/23918 (0%)]	Loss: 0.205389
Train Epoch: 1 [19200/23918 (80%)]	Loss: 0.605079
====> Epoch: 1 Average loss: 0.0070
Train Epoch: 2 [0/23918 (0%)]	Loss: 0.413717
Train Epoch: 2 [19200/23918 (80%)]	Loss: 0.461358
====> Epoch: 2 Average loss: 0.0069
Train Epoch: 3 [0/23918 (0%)]	Loss: 0.379710
Train Epoch: 3 [19200/23918 (80%)]	Loss: 0.309982
====> Epoch: 3 Average loss: 0.0068
Train Epoch: 4 [0/23918 (0%)]	Loss: 0.609287
Train Epoch: 4 [19200/23918 (80%)]	Loss: 0.565199
====> Epoch: 4 Average loss: 0.0067
Train Epoch: 5 [0/23918 (0%)]	Loss: 0.615985
Train Epoch: 5 [19200/23918 (80%)]	Loss: 0.294948
====> Epoch: 5 Average loss: 0.0066
Train Epoch: 6 [0/23918 (0%)]	Loss: 0.558945
Train Epoch: 6 [19200/23918 (80%)]	Loss: 0.499088
====> Epoch: 6 Average loss: 0.0066
Train Epoch: 7 [0/23918 (0%)]	Loss: 0.468857
Train Epoch: 7 [19200/23918 (80%)]	Loss: 0.364149
====> Epoch: 7 Average loss: 0.0065
Train Epoch: 8 [0/23918 (0%)]	Loss: 0.306419
Train Epoch: 8 [19200/23918 (80%)]	Loss: 0.497318
====> Epoch: 8 Average loss: 0.0064
Train Epoch: 9 [0/23918 (0%)]	Loss: 0.447590
Train Epoch: 9 [19200/23918 (80%)]	Loss: 0.518371
====> Epoch: 9 Average loss: 0.0063
[2024-12-01 13:21:28] INFO:__main__: Confusion matrix saved to: confusion_matrices/resnet18/caltech256/gs_1.0_1.0_1/iter_10.npy
[2024-12-01 13:21:28] INFO:__main__: Overall Accuracy: 0.7793
[2024-12-01 13:21:28] INFO:__main__: Mean Precision: 0.7821
[2024-12-01 13:21:28] INFO:__main__: Mean Recall: 0.7592
[2024-12-01 13:21:28] INFO:__main__: Mean False Alarm: 0.0009
[2024-12-01 13:21:28] INFO:__main__: Per-class Precision SD: 0.1426
[2024-12-01 13:21:28] INFO:__main__: Per-class Recall SD: 0.1500
[2024-12-01 13:21:28] INFO:__main__: Per-class False Alarm SD: 0.0008
Total time: 4157.062629699707
Additional time: 0.0017125606536865234
[2024-12-01 13:21:28] INFO:__main__: Iteration: 11: run prediction on unlabeled data `du` 
