[2024-11-26 10:30:22] INFO:__main__: Model: resnet18
[2024-11-26 10:30:22] INFO:__main__: Dataset: caltech256
[2024-11-26 10:30:22] INFO:__main__: Experiment type: gs
[2024-11-26 10:30:22] INFO:__main__: Lambda weight: 2.0
[2024-11-26 10:30:22] INFO:__main__: Gamma weight: 0.0
[2024-11-26 10:30:22] INFO:__main__: Training epochs: 10
[2024-11-26 10:30:22] INFO:__main__: Batch size: 64
[2024-11-26 10:30:22] INFO:__main__: Using device: cuda
[2024-11-26 10:30:22] INFO:__main__: Initial configuration: len(du): 21527, len(dl): 2391 
[2024-11-26 10:30:22] INFO:__main__: Initialize training the model on `dl` and test on `dtest`
Train Epoch: 0 [0/2391 (0%)]	Loss: 5.701159
====> Epoch: 0 Average loss: 0.0866
Train Epoch: 1 [0/2391 (0%)]	Loss: 4.949120
====> Epoch: 1 Average loss: 0.0728
Train Epoch: 2 [0/2391 (0%)]	Loss: 4.028740
====> Epoch: 2 Average loss: 0.0628
Train Epoch: 3 [0/2391 (0%)]	Loss: 3.851589
====> Epoch: 3 Average loss: 0.0543
Train Epoch: 4 [0/2391 (0%)]	Loss: 3.089296
====> Epoch: 4 Average loss: 0.0475
Train Epoch: 5 [0/2391 (0%)]	Loss: 2.776000
====> Epoch: 5 Average loss: 0.0416
Train Epoch: 6 [0/2391 (0%)]	Loss: 2.310236
====> Epoch: 6 Average loss: 0.0372
Train Epoch: 7 [0/2391 (0%)]	Loss: 2.034184
====> Epoch: 7 Average loss: 0.0331
Train Epoch: 8 [0/2391 (0%)]	Loss: 1.924231
====> Epoch: 8 Average loss: 0.0297
Train Epoch: 9 [0/2391 (0%)]	Loss: 1.686069
====> Epoch: 9 Average loss: 0.0270
[2024-11-26 10:42:19] INFO:__main__: Confusion matrix saved to: confusion_matrices/resnet18/caltech256/gs_2.0_0.0/initial.npy
[2024-11-26 10:42:19] INFO:__main__: Overall Accuracy: 0.5476
[2024-11-26 10:42:19] INFO:__main__: Mean Precision: 0.5378
[2024-11-26 10:42:19] INFO:__main__: Mean Recall: 0.4896
[2024-11-26 10:42:19] INFO:__main__: Mean False Alarm: 0.0018
[2024-11-26 10:42:19] INFO:__main__: Per-class Precision SD: 0.2902
[2024-11-26 10:42:19] INFO:__main__: Per-class Recall SD: 0.3163
[2024-11-26 10:42:19] INFO:__main__: Per-class False Alarm SD: 0.0023
[2024-11-26 10:42:19] INFO:__main__: Iteration: 0: run prediction on unlabeled data `du` 
[2024-11-26 10:50:12] INFO:__main__: Update size of `dl`  and `du` by adding uncertain 2000 samples in `dl` len(dl): 4391, len(du) 21527
[2024-11-26 10:50:12] INFO:__main__: Update size of `dl`  and `du` by adding 5 hcs samples in `dl` len(dl): 4396, len(du) 21527
[2024-11-26 10:50:13] INFO:__main__: Iteration: 0 fine-tune the model on dh U dl
Train Epoch: 0 [0/4396 (0%)]	Loss: 2.282540
====> Epoch: 0 Average loss: 0.0309
Train Epoch: 1 [0/4396 (0%)]	Loss: 1.778759
====> Epoch: 1 Average loss: 0.0270
Train Epoch: 2 [0/4396 (0%)]	Loss: 1.570738
====> Epoch: 2 Average loss: 0.0240
Train Epoch: 3 [0/4396 (0%)]	Loss: 1.524246
====> Epoch: 3 Average loss: 0.0216
Train Epoch: 4 [0/4396 (0%)]	Loss: 1.317619
====> Epoch: 4 Average loss: 0.0198
Train Epoch: 5 [0/4396 (0%)]	Loss: 1.028781
====> Epoch: 5 Average loss: 0.0181
Train Epoch: 6 [0/4396 (0%)]	Loss: 1.072766
====> Epoch: 6 Average loss: 0.0167
Train Epoch: 7 [0/4396 (0%)]	Loss: 1.090431
====> Epoch: 7 Average loss: 0.0155
Train Epoch: 8 [0/4396 (0%)]	Loss: 0.874697
====> Epoch: 8 Average loss: 0.0145
Train Epoch: 9 [0/4396 (0%)]	Loss: 0.887590
====> Epoch: 9 Average loss: 0.0136
[2024-11-26 11:10:13] INFO:__main__: Confusion matrix saved to: confusion_matrices/resnet18/caltech256/gs_2.0_0.0/iter_0.npy
[2024-11-26 11:10:13] INFO:__main__: Overall Accuracy: 0.6969
[2024-11-26 11:10:13] INFO:__main__: Mean Precision: 0.7188
[2024-11-26 11:10:13] INFO:__main__: Mean Recall: 0.6618
[2024-11-26 11:10:13] INFO:__main__: Mean False Alarm: 0.0012
[2024-11-26 11:10:13] INFO:__main__: Per-class Precision SD: 0.1846
[2024-11-26 11:10:13] INFO:__main__: Per-class Recall SD: 0.2186
[2024-11-26 11:10:13] INFO:__main__: Per-class False Alarm SD: 0.0014
Total time: 1674.4616980552673
Additional time: 0.024512290954589844
[2024-11-26 11:10:13] INFO:__main__: Iteration: 1: run prediction on unlabeled data `du` 
[2024-11-26 11:17:22] INFO:__main__: Update size of `dl`  and `du` by adding uncertain 2000 samples in `dl` len(dl): 6396, len(du) 19522
[2024-11-26 11:17:22] INFO:__main__: Update size of `dl`  and `du` by adding 54 hcs samples in `dl` len(dl): 6450, len(du) 19522
[2024-11-26 11:17:22] INFO:__main__: Iteration: 1 fine-tune the model on dh U dl
Train Epoch: 0 [0/6450 (0%)]	Loss: 1.132984
====> Epoch: 0 Average loss: 0.0170
Train Epoch: 1 [0/6450 (0%)]	Loss: 0.874147
====> Epoch: 1 Average loss: 0.0159
Train Epoch: 2 [0/6450 (0%)]	Loss: 0.951324
====> Epoch: 2 Average loss: 0.0150
Train Epoch: 3 [0/6450 (0%)]	Loss: 0.534861
====> Epoch: 3 Average loss: 0.0139
Train Epoch: 4 [0/6450 (0%)]	Loss: 1.015522
====> Epoch: 4 Average loss: 0.0133
Train Epoch: 5 [0/6450 (0%)]	Loss: 0.488039
====> Epoch: 5 Average loss: 0.0126
Train Epoch: 6 [0/6450 (0%)]	Loss: 0.855069
====> Epoch: 6 Average loss: 0.0120
Train Epoch: 7 [0/6450 (0%)]	Loss: 0.512931
====> Epoch: 7 Average loss: 0.0115
Train Epoch: 8 [0/6450 (0%)]	Loss: 0.710323
====> Epoch: 8 Average loss: 0.0110
Train Epoch: 9 [0/6450 (0%)]	Loss: 0.597890
====> Epoch: 9 Average loss: 0.0107
[2024-11-26 11:47:31] INFO:__main__: Confusion matrix saved to: confusion_matrices/resnet18/caltech256/gs_2.0_0.0/iter_1.npy
[2024-11-26 11:47:31] INFO:__main__: Overall Accuracy: 0.7342
[2024-11-26 11:47:31] INFO:__main__: Mean Precision: 0.7428
[2024-11-26 11:47:31] INFO:__main__: Mean Recall: 0.7066
[2024-11-26 11:47:31] INFO:__main__: Mean False Alarm: 0.0010
[2024-11-26 11:47:31] INFO:__main__: Per-class Precision SD: 0.1612
[2024-11-26 11:47:31] INFO:__main__: Per-class Recall SD: 0.1871
[2024-11-26 11:47:31] INFO:__main__: Per-class False Alarm SD: 0.0011
Total time: 2237.671130180359
Additional time: 0.011866569519042969
[2024-11-26 11:47:31] INFO:__main__: Iteration: 2: run prediction on unlabeled data `du` 
[2024-11-26 11:53:56] INFO:__main__: Update size of `dl`  and `du` by adding uncertain 2000 samples in `dl` len(dl): 8450, len(du) 17468
[2024-11-26 11:53:56] INFO:__main__: Update size of `dl`  and `du` by adding 90 hcs samples in `dl` len(dl): 8540, len(du) 17468
[2024-11-26 11:53:57] INFO:__main__: Iteration: 2 fine-tune the model on dh U dl
Train Epoch: 0 [0/8540 (0%)]	Loss: 0.971067
====> Epoch: 0 Average loss: 0.0136
Train Epoch: 1 [0/8540 (0%)]	Loss: 0.506568
====> Epoch: 1 Average loss: 0.0130
Train Epoch: 2 [0/8540 (0%)]	Loss: 0.781708
====> Epoch: 2 Average loss: 0.0124
Train Epoch: 3 [0/8540 (0%)]	Loss: 0.689374
====> Epoch: 3 Average loss: 0.0118
Train Epoch: 4 [0/8540 (0%)]	Loss: 0.920136
====> Epoch: 4 Average loss: 0.0116
Train Epoch: 5 [0/8540 (0%)]	Loss: 0.555083
====> Epoch: 5 Average loss: 0.0110
Train Epoch: 6 [0/8540 (0%)]	Loss: 0.579059
====> Epoch: 6 Average loss: 0.0106
Train Epoch: 7 [0/8540 (0%)]	Loss: 0.598963
====> Epoch: 7 Average loss: 0.0102
Train Epoch: 8 [0/8540 (0%)]	Loss: 0.561013
====> Epoch: 8 Average loss: 0.0099
Train Epoch: 9 [0/8540 (0%)]	Loss: 0.335318
====> Epoch: 9 Average loss: 0.0096
[2024-11-26 12:32:38] INFO:__main__: Confusion matrix saved to: confusion_matrices/resnet18/caltech256/gs_2.0_0.0/iter_2.npy
[2024-11-26 12:32:38] INFO:__main__: Overall Accuracy: 0.7491
[2024-11-26 12:32:38] INFO:__main__: Mean Precision: 0.7578
[2024-11-26 12:32:38] INFO:__main__: Mean Recall: 0.7249
[2024-11-26 12:32:38] INFO:__main__: Mean False Alarm: 0.0010
[2024-11-26 12:32:38] INFO:__main__: Per-class Precision SD: 0.1541
[2024-11-26 12:32:38] INFO:__main__: Per-class Recall SD: 0.1698
[2024-11-26 12:32:38] INFO:__main__: Per-class False Alarm SD: 0.0011
Total time: 2706.8640530109406
Additional time: 0.00934910774230957
[2024-11-26 12:32:38] INFO:__main__: Iteration: 3: run prediction on unlabeled data `du` 
[2024-11-26 12:38:31] INFO:__main__: Update size of `dl`  and `du` by adding uncertain 2000 samples in `dl` len(dl): 10540, len(du) 15378
[2024-11-26 12:38:31] INFO:__main__: Update size of `dl`  and `du` by adding 122 hcs samples in `dl` len(dl): 10662, len(du) 15378
[2024-11-26 12:38:31] INFO:__main__: Iteration: 3 fine-tune the model on dh U dl
Train Epoch: 0 [0/10662 (0%)]	Loss: 0.845247
====> Epoch: 0 Average loss: 0.0123
Train Epoch: 1 [0/10662 (0%)]	Loss: 0.592767
====> Epoch: 1 Average loss: 0.0120
Train Epoch: 2 [0/10662 (0%)]	Loss: 0.797130
====> Epoch: 2 Average loss: 0.0116
Train Epoch: 3 [0/10662 (0%)]	Loss: 0.717863
====> Epoch: 3 Average loss: 0.0113
Train Epoch: 4 [0/10662 (0%)]	Loss: 0.722033
====> Epoch: 4 Average loss: 0.0109
Train Epoch: 5 [0/10662 (0%)]	Loss: 0.777086
====> Epoch: 5 Average loss: 0.0106
Train Epoch: 6 [0/10662 (0%)]	Loss: 0.562137
====> Epoch: 6 Average loss: 0.0103
Train Epoch: 7 [0/10662 (0%)]	Loss: 0.819119
====> Epoch: 7 Average loss: 0.0101
Train Epoch: 8 [0/10662 (0%)]	Loss: 0.765878
====> Epoch: 8 Average loss: 0.0098
Train Epoch: 9 [0/10662 (0%)]	Loss: 0.372086
====> Epoch: 9 Average loss: 0.0097
[2024-11-26 13:23:23] INFO:__main__: Confusion matrix saved to: confusion_matrices/resnet18/caltech256/gs_2.0_0.0/iter_3.npy
[2024-11-26 13:23:23] INFO:__main__: Overall Accuracy: 0.7613
[2024-11-26 13:23:23] INFO:__main__: Mean Precision: 0.7676
[2024-11-26 13:23:23] INFO:__main__: Mean Recall: 0.7397
[2024-11-26 13:23:23] INFO:__main__: Mean False Alarm: 0.0009
[2024-11-26 13:23:23] INFO:__main__: Per-class Precision SD: 0.1531
[2024-11-26 13:23:23] INFO:__main__: Per-class Recall SD: 0.1694
[2024-11-26 13:23:23] INFO:__main__: Per-class False Alarm SD: 0.0009
Total time: 3045.0460035800934
Additional time: 0.008679628372192383
[2024-11-26 13:23:23] INFO:__main__: Iteration: 4: run prediction on unlabeled data `du` 
[2024-11-26 13:28:15] INFO:__main__: Update size of `dl`  and `du` by adding uncertain 2000 samples in `dl` len(dl): 12662, len(du) 13256
[2024-11-26 13:28:15] INFO:__main__: Update size of `dl`  and `du` by adding 124 hcs samples in `dl` len(dl): 12786, len(du) 13256
[2024-11-26 13:28:16] INFO:__main__: Iteration: 4 fine-tune the model on dh U dl
Train Epoch: 0 [0/12786 (0%)]	Loss: 0.533271
====> Epoch: 0 Average loss: 0.0119
Train Epoch: 1 [0/12786 (0%)]	Loss: 0.596617
====> Epoch: 1 Average loss: 0.0115
Train Epoch: 2 [0/12786 (0%)]	Loss: 0.721785
====> Epoch: 2 Average loss: 0.0112
Train Epoch: 3 [0/12786 (0%)]	Loss: 0.780480
====> Epoch: 3 Average loss: 0.0110
Train Epoch: 4 [0/12786 (0%)]	Loss: 0.546234
====> Epoch: 4 Average loss: 0.0107
Train Epoch: 5 [0/12786 (0%)]	Loss: 0.692280
====> Epoch: 5 Average loss: 0.0104
Train Epoch: 6 [0/12786 (0%)]	Loss: 0.951663
====> Epoch: 6 Average loss: 0.0102
Train Epoch: 7 [0/12786 (0%)]	Loss: 0.687273
====> Epoch: 7 Average loss: 0.0102
Train Epoch: 8 [0/12786 (0%)]	Loss: 0.780290
====> Epoch: 8 Average loss: 0.0098
Train Epoch: 9 [0/12786 (0%)]	Loss: 0.411872
====> Epoch: 9 Average loss: 0.0096
[2024-11-26 14:21:13] INFO:__main__: Confusion matrix saved to: confusion_matrices/resnet18/caltech256/gs_2.0_0.0/iter_4.npy
[2024-11-26 14:21:13] INFO:__main__: Overall Accuracy: 0.7622
[2024-11-26 14:21:13] INFO:__main__: Mean Precision: 0.7644
[2024-11-26 14:21:13] INFO:__main__: Mean Recall: 0.7408
[2024-11-26 14:21:13] INFO:__main__: Mean False Alarm: 0.0009
[2024-11-26 14:21:13] INFO:__main__: Per-class Precision SD: 0.1545
[2024-11-26 14:21:13] INFO:__main__: Per-class Recall SD: 0.1680
[2024-11-26 14:21:13] INFO:__main__: Per-class False Alarm SD: 0.0009
Total time: 3470.4090735912323
Additional time: 0.0074977874755859375
[2024-11-26 14:21:13] INFO:__main__: Iteration: 5: run prediction on unlabeled data `du` 
[2024-11-26 14:25:28] INFO:__main__: Update size of `dl`  and `du` by adding uncertain 2000 samples in `dl` len(dl): 14786, len(du) 11132
[2024-11-26 14:25:28] INFO:__main__: Update size of `dl`  and `du` by adding 77 hcs samples in `dl` len(dl): 14863, len(du) 11132
[2024-11-26 14:25:28] INFO:__main__: Iteration: 5 fine-tune the model on dh U dl
Train Epoch: 0 [0/14863 (0%)]	Loss: 0.439385
====> Epoch: 0 Average loss: 0.0110
Train Epoch: 1 [0/14863 (0%)]	Loss: 0.724276
====> Epoch: 1 Average loss: 0.0107
Train Epoch: 2 [0/14863 (0%)]	Loss: 0.272386
====> Epoch: 2 Average loss: 0.0104
Train Epoch: 3 [0/14863 (0%)]	Loss: 0.810896
====> Epoch: 3 Average loss: 0.0103
Train Epoch: 4 [0/14863 (0%)]	Loss: 0.870376
====> Epoch: 4 Average loss: 0.0100
Train Epoch: 5 [0/14863 (0%)]	Loss: 0.701032
====> Epoch: 5 Average loss: 0.0098
Train Epoch: 6 [0/14863 (0%)]	Loss: 0.477185
====> Epoch: 6 Average loss: 0.0096
Train Epoch: 7 [0/14863 (0%)]	Loss: 0.493941
====> Epoch: 7 Average loss: 0.0095
Train Epoch: 8 [0/14863 (0%)]	Loss: 0.367900
====> Epoch: 8 Average loss: 0.0093
Train Epoch: 9 [0/14863 (0%)]	Loss: 0.530456
====> Epoch: 9 Average loss: 0.0091
[2024-11-26 15:26:52] INFO:__main__: Confusion matrix saved to: confusion_matrices/resnet18/caltech256/gs_2.0_0.0/iter_5.npy
[2024-11-26 15:26:52] INFO:__main__: Overall Accuracy: 0.7654
[2024-11-26 15:26:52] INFO:__main__: Mean Precision: 0.7713
[2024-11-26 15:26:52] INFO:__main__: Mean Recall: 0.7452
[2024-11-26 15:26:52] INFO:__main__: Mean False Alarm: 0.0009
[2024-11-26 15:26:52] INFO:__main__: Per-class Precision SD: 0.1504
[2024-11-26 15:26:52] INFO:__main__: Per-class Recall SD: 0.1588
[2024-11-26 15:26:52] INFO:__main__: Per-class False Alarm SD: 0.0009
Total time: 3938.270521402359
Additional time: 0.007170438766479492
[2024-11-26 15:26:52] INFO:__main__: Iteration: 6: run prediction on unlabeled data `du` 
[2024-11-26 15:30:16] INFO:__main__: Update size of `dl`  and `du` by adding uncertain 2000 samples in `dl` len(dl): 16863, len(du) 9055
[2024-11-26 15:30:16] INFO:__main__: Update size of `dl`  and `du` by adding 2 hcs samples in `dl` len(dl): 16865, len(du) 9055
[2024-11-26 15:30:16] INFO:__main__: Iteration: 6 fine-tune the model on dh U dl
Train Epoch: 0 [0/16865 (0%)]	Loss: 0.646211
====> Epoch: 0 Average loss: 0.0097
Train Epoch: 1 [0/16865 (0%)]	Loss: 0.707154
====> Epoch: 1 Average loss: 0.0096
Train Epoch: 2 [0/16865 (0%)]	Loss: 0.644593
====> Epoch: 2 Average loss: 0.0094
Train Epoch: 3 [0/16865 (0%)]	Loss: 0.435140
====> Epoch: 3 Average loss: 0.0091
Train Epoch: 4 [0/16865 (0%)]	Loss: 0.279177
====> Epoch: 4 Average loss: 0.0090
Train Epoch: 5 [0/16865 (0%)]	Loss: 0.481774
====> Epoch: 5 Average loss: 0.0089
Train Epoch: 6 [0/16865 (0%)]	Loss: 0.452183
====> Epoch: 6 Average loss: 0.0087
Train Epoch: 7 [0/16865 (0%)]	Loss: 0.708868
====> Epoch: 7 Average loss: 0.0086
Train Epoch: 8 [0/16865 (0%)]	Loss: 0.660161
====> Epoch: 8 Average loss: 0.0084
Train Epoch: 9 [0/16865 (0%)]	Loss: 0.620749
====> Epoch: 9 Average loss: 0.0083
[2024-11-26 16:37:36] INFO:__main__: Confusion matrix saved to: confusion_matrices/resnet18/caltech256/gs_2.0_0.0/iter_6.npy
[2024-11-26 16:37:36] INFO:__main__: Overall Accuracy: 0.7682
[2024-11-26 16:37:36] INFO:__main__: Mean Precision: 0.7748
[2024-11-26 16:37:36] INFO:__main__: Mean Recall: 0.7494
[2024-11-26 16:37:36] INFO:__main__: Mean False Alarm: 0.0009
[2024-11-26 16:37:36] INFO:__main__: Per-class Precision SD: 0.1499
[2024-11-26 16:37:36] INFO:__main__: Per-class Recall SD: 0.1575
[2024-11-26 16:37:36] INFO:__main__: Per-class False Alarm SD: 0.0010
Total time: 4244.088752985001
Additional time: 0.005323171615600586
[2024-11-26 16:37:36] INFO:__main__: Iteration: 7: run prediction on unlabeled data `du` 
[2024-11-26 16:40:07] INFO:__main__: Update size of `dl`  and `du` by adding uncertain 2000 samples in `dl` len(dl): 18865, len(du) 7053
[2024-11-26 16:40:07] INFO:__main__: Update size of `dl`  and `du` by adding 0 hcs samples in `dl` len(dl): 18865, len(du) 7053
[2024-11-26 16:40:07] INFO:__main__: Iteration: 7 fine-tune the model on dh U dl
Train Epoch: 0 [0/18865 (0%)]	Loss: 0.294937
====> Epoch: 0 Average loss: 0.0089
Train Epoch: 1 [0/18865 (0%)]	Loss: 0.571488
====> Epoch: 1 Average loss: 0.0088
Train Epoch: 2 [0/18865 (0%)]	Loss: 0.311499
====> Epoch: 2 Average loss: 0.0086
Train Epoch: 3 [0/18865 (0%)]	Loss: 0.427078
====> Epoch: 3 Average loss: 0.0085
Train Epoch: 4 [0/18865 (0%)]	Loss: 0.383192
====> Epoch: 4 Average loss: 0.0083
Train Epoch: 5 [0/18865 (0%)]	Loss: 0.559744
====> Epoch: 5 Average loss: 0.0083
Train Epoch: 6 [0/18865 (0%)]	Loss: 0.472869
====> Epoch: 6 Average loss: 0.0081
Train Epoch: 7 [0/18865 (0%)]	Loss: 0.480500
====> Epoch: 7 Average loss: 0.0080
Train Epoch: 8 [0/18865 (0%)]	Loss: 0.588765
====> Epoch: 8 Average loss: 0.0079
Train Epoch: 9 [0/18865 (0%)]	Loss: 0.299328
====> Epoch: 9 Average loss: 0.0077
[2024-11-26 17:54:58] INFO:__main__: Confusion matrix saved to: confusion_matrices/resnet18/caltech256/gs_2.0_0.0/iter_7.npy
[2024-11-26 17:54:58] INFO:__main__: Overall Accuracy: 0.7740
[2024-11-26 17:54:58] INFO:__main__: Mean Precision: 0.7780
[2024-11-26 17:54:58] INFO:__main__: Mean Recall: 0.7540
[2024-11-26 17:54:58] INFO:__main__: Mean False Alarm: 0.0009
[2024-11-26 17:54:58] INFO:__main__: Per-class Precision SD: 0.1524
[2024-11-26 17:54:58] INFO:__main__: Per-class Recall SD: 0.1511
[2024-11-26 17:54:58] INFO:__main__: Per-class False Alarm SD: 0.0009
Total time: 4641.910076379776
Additional time: 0.005309104919433594
[2024-11-26 17:54:58] INFO:__main__: Iteration: 8: run prediction on unlabeled data `du` 
[2024-11-26 17:56:51] INFO:__main__: Update size of `dl`  and `du` by adding uncertain 2000 samples in `dl` len(dl): 20865, len(du) 5053
[2024-11-26 17:56:51] INFO:__main__: Update size of `dl`  and `du` by adding 0 hcs samples in `dl` len(dl): 20865, len(du) 5053
[2024-11-26 17:56:51] INFO:__main__: Iteration: 8 fine-tune the model on dh U dl
Train Epoch: 0 [0/20865 (0%)]	Loss: 0.371865
Train Epoch: 0 [19200/20865 (92%)]	Loss: 0.679076
====> Epoch: 0 Average loss: 0.0086
Train Epoch: 1 [0/20865 (0%)]	Loss: 0.446911
Train Epoch: 1 [19200/20865 (92%)]	Loss: 0.870423
====> Epoch: 1 Average loss: 0.0086
Train Epoch: 2 [0/20865 (0%)]	Loss: 0.620592
Train Epoch: 2 [19200/20865 (92%)]	Loss: 0.487425
====> Epoch: 2 Average loss: 0.0084
Train Epoch: 3 [0/20865 (0%)]	Loss: 0.487080
Train Epoch: 3 [19200/20865 (92%)]	Loss: 0.626098
====> Epoch: 3 Average loss: 0.0083
Train Epoch: 4 [0/20865 (0%)]	Loss: 0.328247
Train Epoch: 4 [19200/20865 (92%)]	Loss: 0.383309
====> Epoch: 4 Average loss: 0.0082
Train Epoch: 5 [0/20865 (0%)]	Loss: 0.496497
Train Epoch: 5 [19200/20865 (92%)]	Loss: 0.434231
====> Epoch: 5 Average loss: 0.0080
Train Epoch: 6 [0/20865 (0%)]	Loss: 0.255855
Train Epoch: 6 [19200/20865 (92%)]	Loss: 0.763830
====> Epoch: 6 Average loss: 0.0080
Train Epoch: 7 [0/20865 (0%)]	Loss: 0.493249
Train Epoch: 7 [19200/20865 (92%)]	Loss: 0.511350
====> Epoch: 7 Average loss: 0.0078
Train Epoch: 8 [0/20865 (0%)]	Loss: 0.675969
Train Epoch: 8 [19200/20865 (92%)]	Loss: 0.438296
====> Epoch: 8 Average loss: 0.0078
Train Epoch: 9 [0/20865 (0%)]	Loss: 0.315807
Train Epoch: 9 [19200/20865 (92%)]	Loss: 0.549359
====> Epoch: 9 Average loss: 0.0076
[2024-11-26 19:20:46] INFO:__main__: Confusion matrix saved to: confusion_matrices/resnet18/caltech256/gs_2.0_0.0/iter_8.npy
[2024-11-26 19:20:46] INFO:__main__: Overall Accuracy: 0.7711
[2024-11-26 19:20:46] INFO:__main__: Mean Precision: 0.7771
[2024-11-26 19:20:46] INFO:__main__: Mean Recall: 0.7519
[2024-11-26 19:20:46] INFO:__main__: Mean False Alarm: 0.0009
[2024-11-26 19:20:46] INFO:__main__: Per-class Precision SD: 0.1513
[2024-11-26 19:20:46] INFO:__main__: Per-class Recall SD: 0.1657
[2024-11-26 19:20:46] INFO:__main__: Per-class False Alarm SD: 0.0010
Total time: 5148.7947363853455
Additional time: 0.0051877498626708984
[2024-11-26 19:20:46] INFO:__main__: Iteration: 9: run prediction on unlabeled data `du` 
[2024-11-26 19:22:00] INFO:__main__: Update size of `dl`  and `du` by adding uncertain 2000 samples in `dl` len(dl): 22865, len(du) 3053
[2024-11-26 19:22:00] INFO:__main__: Update size of `dl`  and `du` by adding 0 hcs samples in `dl` len(dl): 22865, len(du) 3053
[2024-11-26 19:22:00] INFO:__main__: Iteration: 9 fine-tune the model on dh U dl
Train Epoch: 0 [0/22865 (0%)]	Loss: 0.903015
Train Epoch: 0 [19200/22865 (84%)]	Loss: 0.467360
====> Epoch: 0 Average loss: 0.0079
Train Epoch: 1 [0/22865 (0%)]	Loss: 0.489379
Train Epoch: 1 [19200/22865 (84%)]	Loss: 0.369555
====> Epoch: 1 Average loss: 0.0077
Train Epoch: 2 [0/22865 (0%)]	Loss: 0.532122
Train Epoch: 2 [19200/22865 (84%)]	Loss: 0.701510
====> Epoch: 2 Average loss: 0.0076
Train Epoch: 3 [0/22865 (0%)]	Loss: 0.324175
Train Epoch: 3 [19200/22865 (84%)]	Loss: 0.567038
====> Epoch: 3 Average loss: 0.0075
Train Epoch: 4 [0/22865 (0%)]	Loss: 0.580860
Train Epoch: 4 [19200/22865 (84%)]	Loss: 0.692216
====> Epoch: 4 Average loss: 0.0074
Train Epoch: 5 [0/22865 (0%)]	Loss: 0.564625
Train Epoch: 5 [19200/22865 (84%)]	Loss: 0.385230
====> Epoch: 5 Average loss: 0.0073
Train Epoch: 6 [0/22865 (0%)]	Loss: 0.522012
Train Epoch: 6 [19200/22865 (84%)]	Loss: 0.335609
====> Epoch: 6 Average loss: 0.0073
Train Epoch: 7 [0/22865 (0%)]	Loss: 0.641843
Train Epoch: 7 [19200/22865 (84%)]	Loss: 0.441095
====> Epoch: 7 Average loss: 0.0071
Train Epoch: 8 [0/22865 (0%)]	Loss: 0.390299
Train Epoch: 8 [19200/22865 (84%)]	Loss: 0.354372
====> Epoch: 8 Average loss: 0.0070
Train Epoch: 9 [0/22865 (0%)]	Loss: 0.506461
Train Epoch: 9 [19200/22865 (84%)]	Loss: 0.418833
====> Epoch: 9 Average loss: 0.0069
[2024-11-26 20:54:09] INFO:__main__: Confusion matrix saved to: confusion_matrices/resnet18/caltech256/gs_2.0_0.0/iter_9.npy
[2024-11-26 20:54:09] INFO:__main__: Overall Accuracy: 0.7781
[2024-11-26 20:54:09] INFO:__main__: Mean Precision: 0.7792
[2024-11-26 20:54:09] INFO:__main__: Mean Recall: 0.7617
[2024-11-26 20:54:09] INFO:__main__: Mean False Alarm: 0.0009
[2024-11-26 20:54:09] INFO:__main__: Per-class Precision SD: 0.1502
[2024-11-26 20:54:09] INFO:__main__: Per-class Recall SD: 0.1532
[2024-11-26 20:54:09] INFO:__main__: Per-class False Alarm SD: 0.0008
Total time: 5602.83132815361
Additional time: 0.0039310455322265625
[2024-11-26 20:54:09] INFO:__main__: Iteration: 10: run prediction on unlabeled data `du` 
[2024-11-26 20:54:37] INFO:__main__: Update size of `dl`  and `du` by adding uncertain 1053 samples in `dl` len(dl): 23918, len(du) 1053
[2024-11-26 20:54:37] INFO:__main__: Update size of `dl`  and `du` by adding 0 hcs samples in `dl` len(dl): 23918, len(du) 1053
[2024-11-26 20:54:37] INFO:__main__: Iteration: 10 fine-tune the model on dh U dl
Train Epoch: 0 [0/23918 (0%)]	Loss: 0.526741
Train Epoch: 0 [19200/23918 (80%)]	Loss: 0.256454
====> Epoch: 0 Average loss: 0.0072
Train Epoch: 1 [0/23918 (0%)]	Loss: 0.597526
Train Epoch: 1 [19200/23918 (80%)]	Loss: 0.626431
====> Epoch: 1 Average loss: 0.0072
Train Epoch: 2 [0/23918 (0%)]	Loss: 0.505091
Train Epoch: 2 [19200/23918 (80%)]	Loss: 0.399672
====> Epoch: 2 Average loss: 0.0070
Train Epoch: 3 [0/23918 (0%)]	Loss: 0.419601
Train Epoch: 3 [19200/23918 (80%)]	Loss: 0.515045
====> Epoch: 3 Average loss: 0.0070
Train Epoch: 4 [0/23918 (0%)]	Loss: 0.403908
Train Epoch: 4 [19200/23918 (80%)]	Loss: 0.525338
====> Epoch: 4 Average loss: 0.0069
Train Epoch: 5 [0/23918 (0%)]	Loss: 0.389152
Train Epoch: 5 [19200/23918 (80%)]	Loss: 0.413423
====> Epoch: 5 Average loss: 0.0069
Train Epoch: 6 [0/23918 (0%)]	Loss: 0.337498
Train Epoch: 6 [19200/23918 (80%)]	Loss: 0.503254
====> Epoch: 6 Average loss: 0.0068
Train Epoch: 7 [0/23918 (0%)]	Loss: 0.428822
Train Epoch: 7 [19200/23918 (80%)]	Loss: 0.536001
====> Epoch: 7 Average loss: 0.0067
Train Epoch: 8 [0/23918 (0%)]	Loss: 0.305071
Train Epoch: 8 [19200/23918 (80%)]	Loss: 0.732474
====> Epoch: 8 Average loss: 0.0066
Train Epoch: 9 [0/23918 (0%)]	Loss: 0.346258
Train Epoch: 9 [19200/23918 (80%)]	Loss: 0.428690
====> Epoch: 9 Average loss: 0.0065
[2024-11-26 22:20:11] INFO:__main__: Confusion matrix saved to: confusion_matrices/resnet18/caltech256/gs_2.0_0.0/iter_10.npy
[2024-11-26 22:20:11] INFO:__main__: Overall Accuracy: 0.7840
[2024-11-26 22:20:11] INFO:__main__: Mean Precision: 0.7848
[2024-11-26 22:20:11] INFO:__main__: Mean Recall: 0.7668
[2024-11-26 22:20:11] INFO:__main__: Mean False Alarm: 0.0008
[2024-11-26 22:20:11] INFO:__main__: Per-class Precision SD: 0.1388
[2024-11-26 22:20:11] INFO:__main__: Per-class Recall SD: 0.1463
[2024-11-26 22:20:11] INFO:__main__: Per-class False Alarm SD: 0.0008
Total time: 5161.8470022678375
Additional time: 0.0038640499114990234
[2024-11-26 22:20:11] INFO:__main__: Iteration: 11: run prediction on unlabeled data `du` 
