[2024-11-25 18:16:21] INFO:__main__: Model: resnet18
[2024-11-25 18:16:21] INFO:__main__: Dataset: caltech256
[2024-11-25 18:16:21] INFO:__main__: Experiment type: gs
[2024-11-25 18:16:21] INFO:__main__: Lambda weight: 2.0
[2024-11-25 18:16:21] INFO:__main__: Gamma weight: 1.0
[2024-11-25 18:16:21] INFO:__main__: Training epochs: 10
[2024-11-25 18:16:21] INFO:__main__: Batch size: 64
[2024-11-25 18:16:21] INFO:__main__: Using device: cuda
[2024-11-25 18:16:21] INFO:__main__: Initial configuration: len(du): 21527, len(dl): 2391 
[2024-11-25 18:16:22] INFO:__main__: Initialize training the model on `dl` and test on `dtest`
Train Epoch: 0 [0/2391 (0%)]	Loss: 5.793775
====> Epoch: 0 Average loss: 0.0864
Train Epoch: 1 [0/2391 (0%)]	Loss: 4.578175
====> Epoch: 1 Average loss: 0.0732
Train Epoch: 2 [0/2391 (0%)]	Loss: 4.464515
====> Epoch: 2 Average loss: 0.0632
Train Epoch: 3 [0/2391 (0%)]	Loss: 3.913210
====> Epoch: 3 Average loss: 0.0548
Train Epoch: 4 [0/2391 (0%)]	Loss: 2.955073
====> Epoch: 4 Average loss: 0.0480
Train Epoch: 5 [0/2391 (0%)]	Loss: 2.730130
====> Epoch: 5 Average loss: 0.0423
Train Epoch: 6 [0/2391 (0%)]	Loss: 2.307962
====> Epoch: 6 Average loss: 0.0377
Train Epoch: 7 [0/2391 (0%)]	Loss: 2.099463
====> Epoch: 7 Average loss: 0.0337
Train Epoch: 8 [0/2391 (0%)]	Loss: 1.760500
====> Epoch: 8 Average loss: 0.0304
Train Epoch: 9 [0/2391 (0%)]	Loss: 1.607265
====> Epoch: 9 Average loss: 0.0274
[2024-11-25 18:43:30] INFO:__main__: Confusion matrix saved to: confusion_matrices/resnet18/caltech256/gs_2.0_1.0/initial.npy
[2024-11-25 18:43:30] INFO:__main__: Overall Accuracy: 0.5633
[2024-11-25 18:43:30] INFO:__main__: Mean Precision: 0.5472
[2024-11-25 18:43:30] INFO:__main__: Mean Recall: 0.5028
[2024-11-25 18:43:30] INFO:__main__: Mean False Alarm: 0.0017
[2024-11-25 18:43:30] INFO:__main__: Per-class Precision SD: 0.3043
[2024-11-25 18:43:30] INFO:__main__: Per-class Recall SD: 0.3247
[2024-11-25 18:43:30] INFO:__main__: Per-class False Alarm SD: 0.0023
[2024-11-25 18:43:30] INFO:__main__: Iteration: 0: run prediction on unlabeled data `du` 
[2024-11-25 19:07:57] INFO:__main__: Update size of `dl`  and `du` by adding uncertain 2000 samples in `dl` len(dl): 4391, len(du) 21527
[2024-11-25 19:07:57] INFO:__main__: Update size of `dl`  and `du` by adding 7 hcs samples in `dl` len(dl): 4398, len(du) 21527
[2024-11-25 19:07:58] INFO:__main__: Iteration: 0 fine-tune the model on dh U dl
Train Epoch: 0 [0/4398 (0%)]	Loss: 1.641598
====> Epoch: 0 Average loss: 0.0310
Train Epoch: 1 [0/4398 (0%)]	Loss: 1.807732
====> Epoch: 1 Average loss: 0.0271
Train Epoch: 2 [0/4398 (0%)]	Loss: 1.630452
====> Epoch: 2 Average loss: 0.0242
Train Epoch: 3 [0/4398 (0%)]	Loss: 1.607039
====> Epoch: 3 Average loss: 0.0218
Train Epoch: 4 [0/4398 (0%)]	Loss: 1.410263
====> Epoch: 4 Average loss: 0.0199
Train Epoch: 5 [0/4398 (0%)]	Loss: 0.976775
====> Epoch: 5 Average loss: 0.0182
Train Epoch: 6 [0/4398 (0%)]	Loss: 1.150287
====> Epoch: 6 Average loss: 0.0169
Train Epoch: 7 [0/4398 (0%)]	Loss: 0.971740
====> Epoch: 7 Average loss: 0.0157
Train Epoch: 8 [0/4398 (0%)]	Loss: 0.959962
====> Epoch: 8 Average loss: 0.0147
Train Epoch: 9 [0/4398 (0%)]	Loss: 0.807818
====> Epoch: 9 Average loss: 0.0137
[2024-11-25 19:48:29] INFO:__main__: Confusion matrix saved to: confusion_matrices/resnet18/caltech256/gs_2.0_1.0/iter_0.npy
[2024-11-25 19:48:29] INFO:__main__: Overall Accuracy: 0.7083
[2024-11-25 19:48:29] INFO:__main__: Mean Precision: 0.7147
[2024-11-25 19:48:29] INFO:__main__: Mean Recall: 0.6725
[2024-11-25 19:48:29] INFO:__main__: Mean False Alarm: 0.0011
[2024-11-25 19:48:29] INFO:__main__: Per-class Precision SD: 0.2028
[2024-11-25 19:48:29] INFO:__main__: Per-class Recall SD: 0.2268
[2024-11-25 19:48:29] INFO:__main__: Per-class False Alarm SD: 0.0013
Total time: 3898.703830718994
Additional time: 0.016208171844482422
[2024-11-25 19:48:29] INFO:__main__: Iteration: 1: run prediction on unlabeled data `du` 
[2024-11-25 20:11:20] INFO:__main__: Update size of `dl`  and `du` by adding uncertain 2000 samples in `dl` len(dl): 6398, len(du) 19520
[2024-11-25 20:11:22] INFO:__main__: Update size of `dl`  and `du` by adding 53 hcs samples in `dl` len(dl): 6451, len(du) 19520
[2024-11-25 20:11:23] INFO:__main__: Iteration: 1 fine-tune the model on dh U dl
Train Epoch: 0 [0/6451 (0%)]	Loss: 1.213685
====> Epoch: 0 Average loss: 0.0172
Train Epoch: 1 [0/6451 (0%)]	Loss: 0.951722
====> Epoch: 1 Average loss: 0.0160
Train Epoch: 2 [0/6451 (0%)]	Loss: 1.070765
====> Epoch: 2 Average loss: 0.0150
Train Epoch: 3 [0/6451 (0%)]	Loss: 0.898505
====> Epoch: 3 Average loss: 0.0142
Train Epoch: 4 [0/6451 (0%)]	Loss: 0.736859
====> Epoch: 4 Average loss: 0.0134
Train Epoch: 5 [0/6451 (0%)]	Loss: 0.779228
====> Epoch: 5 Average loss: 0.0127
Train Epoch: 6 [0/6451 (0%)]	Loss: 0.582101
====> Epoch: 6 Average loss: 0.0121
Train Epoch: 7 [0/6451 (0%)]	Loss: 0.690527
====> Epoch: 7 Average loss: 0.0115
Train Epoch: 8 [0/6451 (0%)]	Loss: 0.596179
====> Epoch: 8 Average loss: 0.0111
Train Epoch: 9 [0/6451 (0%)]	Loss: 0.572240
====> Epoch: 9 Average loss: 0.0106
[2024-11-25 21:16:43] INFO:__main__: Confusion matrix saved to: confusion_matrices/resnet18/caltech256/gs_2.0_1.0/iter_1.npy
[2024-11-25 21:16:44] INFO:__main__: Overall Accuracy: 0.7427
[2024-11-25 21:16:44] INFO:__main__: Mean Precision: 0.7483
[2024-11-25 21:16:44] INFO:__main__: Mean Recall: 0.7144
[2024-11-25 21:16:44] INFO:__main__: Mean False Alarm: 0.0010
[2024-11-25 21:16:44] INFO:__main__: Per-class Precision SD: 0.1691
[2024-11-25 21:16:44] INFO:__main__: Per-class Recall SD: 0.1955
[2024-11-25 21:16:44] INFO:__main__: Per-class False Alarm SD: 0.0010
Total time: 5294.649782419205
Additional time: 0.012309551239013672
[2024-11-25 21:16:44] INFO:__main__: Iteration: 2: run prediction on unlabeled data `du` 
[2024-11-25 21:38:12] INFO:__main__: Update size of `dl`  and `du` by adding uncertain 2000 samples in `dl` len(dl): 8451, len(du) 17467
[2024-11-25 21:38:12] INFO:__main__: Update size of `dl`  and `du` by adding 86 hcs samples in `dl` len(dl): 8537, len(du) 17467
[2024-11-25 21:38:13] INFO:__main__: Iteration: 2 fine-tune the model on dh U dl
Train Epoch: 0 [0/8537 (0%)]	Loss: 0.885906
====> Epoch: 0 Average loss: 0.0137
Train Epoch: 1 [0/8537 (0%)]	Loss: 0.849182
====> Epoch: 1 Average loss: 0.0131
Train Epoch: 2 [0/8537 (0%)]	Loss: 0.684968
====> Epoch: 2 Average loss: 0.0126
Train Epoch: 3 [0/8537 (0%)]	Loss: 0.798676
====> Epoch: 3 Average loss: 0.0121
Train Epoch: 4 [0/8537 (0%)]	Loss: 0.507321
====> Epoch: 4 Average loss: 0.0116
Train Epoch: 5 [0/8537 (0%)]	Loss: 0.873620
====> Epoch: 5 Average loss: 0.0112
Train Epoch: 6 [0/8537 (0%)]	Loss: 0.888266
====> Epoch: 6 Average loss: 0.0109
Train Epoch: 7 [0/8537 (0%)]	Loss: 0.663270
====> Epoch: 7 Average loss: 0.0105
Train Epoch: 8 [0/8537 (0%)]	Loss: 0.409663
====> Epoch: 8 Average loss: 0.0102
Train Epoch: 9 [0/8537 (0%)]	Loss: 0.988594
====> Epoch: 9 Average loss: 0.0098
[2024-11-25 23:11:08] INFO:__main__: Confusion matrix saved to: confusion_matrices/resnet18/caltech256/gs_2.0_1.0/iter_2.npy
[2024-11-25 23:11:08] INFO:__main__: Overall Accuracy: 0.7610
[2024-11-25 23:11:08] INFO:__main__: Mean Precision: 0.7642
[2024-11-25 23:11:08] INFO:__main__: Mean Recall: 0.7377
[2024-11-25 23:11:08] INFO:__main__: Mean False Alarm: 0.0009
[2024-11-25 23:11:08] INFO:__main__: Per-class Precision SD: 0.1634
[2024-11-25 23:11:08] INFO:__main__: Per-class Recall SD: 0.1744
[2024-11-25 23:11:08] INFO:__main__: Per-class False Alarm SD: 0.0009
Total time: 6864.739463329315
Additional time: 0.009996414184570312
[2024-11-25 23:11:08] INFO:__main__: Iteration: 3: run prediction on unlabeled data `du` 
[2024-11-25 23:32:55] INFO:__main__: Update size of `dl`  and `du` by adding uncertain 2000 samples in `dl` len(dl): 10537, len(du) 15381
[2024-11-25 23:32:55] INFO:__main__: Update size of `dl`  and `du` by adding 133 hcs samples in `dl` len(dl): 10670, len(du) 15381
[2024-11-25 23:32:56] INFO:__main__: Iteration: 3 fine-tune the model on dh U dl
Train Epoch: 0 [0/10670 (0%)]	Loss: 1.281243
====> Epoch: 0 Average loss: 0.0128
Train Epoch: 1 [0/10670 (0%)]	Loss: 0.453025
====> Epoch: 1 Average loss: 0.0122
Train Epoch: 2 [0/10670 (0%)]	Loss: 0.695505
====> Epoch: 2 Average loss: 0.0118
Train Epoch: 3 [0/10670 (0%)]	Loss: 0.505305
====> Epoch: 3 Average loss: 0.0116
Train Epoch: 4 [0/10670 (0%)]	Loss: 0.890508
====> Epoch: 4 Average loss: 0.0112
Train Epoch: 5 [0/10670 (0%)]	Loss: 0.822905
====> Epoch: 5 Average loss: 0.0109
Train Epoch: 6 [0/10670 (0%)]	Loss: 0.667274
====> Epoch: 6 Average loss: 0.0106
Train Epoch: 7 [0/10670 (0%)]	Loss: 0.622540
====> Epoch: 7 Average loss: 0.0103
Train Epoch: 8 [0/10670 (0%)]	Loss: 0.578984
====> Epoch: 8 Average loss: 0.0100
Train Epoch: 9 [0/10670 (0%)]	Loss: 0.918659
====> Epoch: 9 Average loss: 0.0099
[2024-11-26 01:20:04] INFO:__main__: Confusion matrix saved to: confusion_matrices/resnet18/caltech256/gs_2.0_1.0/iter_3.npy
[2024-11-26 01:20:05] INFO:__main__: Overall Accuracy: 0.7668
[2024-11-26 01:20:05] INFO:__main__: Mean Precision: 0.7662
[2024-11-26 01:20:05] INFO:__main__: Mean Recall: 0.7461
[2024-11-26 01:20:05] INFO:__main__: Mean False Alarm: 0.0009
[2024-11-26 01:20:05] INFO:__main__: Per-class Precision SD: 0.1480
[2024-11-26 01:20:05] INFO:__main__: Per-class Recall SD: 0.1724
[2024-11-26 01:20:05] INFO:__main__: Per-class False Alarm SD: 0.0009
Total time: 7736.270138502121
Additional time: 0.010082006454467773
[2024-11-26 01:20:05] INFO:__main__: Iteration: 4: run prediction on unlabeled data `du` 
[2024-11-26 01:35:16] INFO:__main__: Update size of `dl`  and `du` by adding uncertain 2000 samples in `dl` len(dl): 12670, len(du) 13248
[2024-11-26 01:35:17] INFO:__main__: Update size of `dl`  and `du` by adding 116 hcs samples in `dl` len(dl): 12786, len(du) 13248
[2024-11-26 01:35:17] INFO:__main__: Iteration: 4 fine-tune the model on dh U dl
Train Epoch: 0 [0/12786 (0%)]	Loss: 0.867279
====> Epoch: 0 Average loss: 0.0118
Train Epoch: 1 [0/12786 (0%)]	Loss: 0.824985
====> Epoch: 1 Average loss: 0.0116
Train Epoch: 2 [0/12786 (0%)]	Loss: 0.893721
====> Epoch: 2 Average loss: 0.0112
Train Epoch: 3 [0/12786 (0%)]	Loss: 0.539906
====> Epoch: 3 Average loss: 0.0109
Train Epoch: 4 [0/12786 (0%)]	Loss: 0.723783
====> Epoch: 4 Average loss: 0.0106
Train Epoch: 5 [0/12786 (0%)]	Loss: 0.615045
====> Epoch: 5 Average loss: 0.0105
Train Epoch: 6 [0/12786 (0%)]	Loss: 0.462430
====> Epoch: 6 Average loss: 0.0102
Train Epoch: 7 [0/12786 (0%)]	Loss: 0.496508
====> Epoch: 7 Average loss: 0.0100
Train Epoch: 8 [0/12786 (0%)]	Loss: 0.609494
====> Epoch: 8 Average loss: 0.0099
Train Epoch: 9 [0/12786 (0%)]	Loss: 0.527986
====> Epoch: 9 Average loss: 0.0096
[2024-11-26 03:43:40] INFO:__main__: Confusion matrix saved to: confusion_matrices/resnet18/caltech256/gs_2.0_1.0/iter_4.npy
[2024-11-26 03:43:40] INFO:__main__: Overall Accuracy: 0.7770
[2024-11-26 03:43:40] INFO:__main__: Mean Precision: 0.7734
[2024-11-26 03:43:40] INFO:__main__: Mean Recall: 0.7578
[2024-11-26 03:43:40] INFO:__main__: Mean False Alarm: 0.0009
[2024-11-26 03:43:40] INFO:__main__: Per-class Precision SD: 0.1465
[2024-11-26 03:43:40] INFO:__main__: Per-class Recall SD: 0.1699
[2024-11-26 03:43:40] INFO:__main__: Per-class False Alarm SD: 0.0008
Total time: 8615.559969902039
Additional time: 0.008982658386230469
[2024-11-26 03:43:40] INFO:__main__: Iteration: 5: run prediction on unlabeled data `du` 
[2024-11-26 03:56:14] INFO:__main__: Update size of `dl`  and `du` by adding uncertain 2000 samples in `dl` len(dl): 14786, len(du) 11132
[2024-11-26 03:56:14] INFO:__main__: Update size of `dl`  and `du` by adding 70 hcs samples in `dl` len(dl): 14856, len(du) 11132
[2024-11-26 03:56:15] INFO:__main__: Iteration: 5 fine-tune the model on dh U dl
Train Epoch: 0 [0/14856 (0%)]	Loss: 0.715160
====> Epoch: 0 Average loss: 0.0110
Train Epoch: 1 [0/14856 (0%)]	Loss: 0.679956
====> Epoch: 1 Average loss: 0.0108
Train Epoch: 2 [0/14856 (0%)]	Loss: 0.358286
====> Epoch: 2 Average loss: 0.0106
Train Epoch: 3 [0/14856 (0%)]	Loss: 0.651898
====> Epoch: 3 Average loss: 0.0104
Train Epoch: 4 [0/14856 (0%)]	Loss: 1.017487
====> Epoch: 4 Average loss: 0.0102
Train Epoch: 5 [0/14856 (0%)]	Loss: 0.442802
====> Epoch: 5 Average loss: 0.0100
Train Epoch: 6 [0/14856 (0%)]	Loss: 0.620694
====> Epoch: 6 Average loss: 0.0098
Train Epoch: 7 [0/14856 (0%)]	Loss: 0.579731
====> Epoch: 7 Average loss: 0.0095
Train Epoch: 8 [0/14856 (0%)]	Loss: 0.378062
====> Epoch: 8 Average loss: 0.0094
Train Epoch: 9 [0/14856 (0%)]	Loss: 0.488949
====> Epoch: 9 Average loss: 0.0093
[2024-11-26 06:13:27] INFO:__main__: Confusion matrix saved to: confusion_matrices/resnet18/caltech256/gs_2.0_1.0/iter_5.npy
[2024-11-26 06:13:27] INFO:__main__: Overall Accuracy: 0.7810
[2024-11-26 06:13:27] INFO:__main__: Mean Precision: 0.7821
[2024-11-26 06:13:27] INFO:__main__: Mean Recall: 0.7623
[2024-11-26 06:13:27] INFO:__main__: Mean False Alarm: 0.0009
[2024-11-26 06:13:27] INFO:__main__: Per-class Precision SD: 0.1418
[2024-11-26 06:13:27] INFO:__main__: Per-class Recall SD: 0.1556
[2024-11-26 06:13:27] INFO:__main__: Per-class False Alarm SD: 0.0009
Total time: 8986.884009599686
Additional time: 0.007559299468994141
[2024-11-26 06:13:27] INFO:__main__: Iteration: 6: run prediction on unlabeled data `du` 
[2024-11-26 06:24:32] INFO:__main__: Update size of `dl`  and `du` by adding uncertain 2000 samples in `dl` len(dl): 16856, len(du) 9062
[2024-11-26 06:24:32] INFO:__main__: Update size of `dl`  and `du` by adding 5 hcs samples in `dl` len(dl): 16861, len(du) 9062
[2024-11-26 06:24:32] INFO:__main__: Iteration: 6 fine-tune the model on dh U dl
Train Epoch: 0 [0/16861 (0%)]	Loss: 0.786887
====> Epoch: 0 Average loss: 0.0100
Train Epoch: 1 [0/16861 (0%)]	Loss: 0.419123
====> Epoch: 1 Average loss: 0.0097
Train Epoch: 2 [0/16861 (0%)]	Loss: 0.570259
====> Epoch: 2 Average loss: 0.0096
Train Epoch: 3 [0/16861 (0%)]	Loss: 0.457524
====> Epoch: 3 Average loss: 0.0093
Train Epoch: 4 [0/16861 (0%)]	Loss: 0.605083
====> Epoch: 4 Average loss: 0.0092
Train Epoch: 5 [0/16861 (0%)]	Loss: 0.544707
====> Epoch: 5 Average loss: 0.0091
Train Epoch: 6 [0/16861 (0%)]	Loss: 0.524208
====> Epoch: 6 Average loss: 0.0089
Train Epoch: 7 [0/16861 (0%)]	Loss: 0.499909
====> Epoch: 7 Average loss: 0.0088
Train Epoch: 8 [0/16861 (0%)]	Loss: 0.347356
====> Epoch: 8 Average loss: 0.0086
Train Epoch: 9 [0/16861 (0%)]	Loss: 0.362854
====> Epoch: 9 Average loss: 0.0085
[2024-11-26 09:28:29] INFO:__main__: Confusion matrix saved to: confusion_matrices/resnet18/caltech256/gs_2.0_1.0/iter_6.npy
[2024-11-26 09:28:29] INFO:__main__: Overall Accuracy: 0.7767
[2024-11-26 09:28:29] INFO:__main__: Mean Precision: 0.7799
[2024-11-26 09:28:29] INFO:__main__: Mean Recall: 0.7567
[2024-11-26 09:28:29] INFO:__main__: Mean False Alarm: 0.0009
[2024-11-26 09:28:29] INFO:__main__: Per-class Precision SD: 0.1506
[2024-11-26 09:28:29] INFO:__main__: Per-class Recall SD: 0.1691
[2024-11-26 09:28:29] INFO:__main__: Per-class False Alarm SD: 0.0010
Total time: 11702.347668647766
Additional time: 0.00785207748413086
[2024-11-26 09:28:29] INFO:__main__: Iteration: 7: run prediction on unlabeled data `du` 
[2024-11-26 09:36:36] INFO:__main__: Update size of `dl`  and `du` by adding uncertain 2000 samples in `dl` len(dl): 18861, len(du) 7057
[2024-11-26 09:36:36] INFO:__main__: Update size of `dl`  and `du` by adding 0 hcs samples in `dl` len(dl): 18861, len(du) 7057
[2024-11-26 09:36:37] INFO:__main__: Iteration: 7 fine-tune the model on dh U dl
Train Epoch: 0 [0/18861 (0%)]	Loss: 0.465790
====> Epoch: 0 Average loss: 0.0091
Train Epoch: 1 [0/18861 (0%)]	Loss: 0.413764
====> Epoch: 1 Average loss: 0.0089
Train Epoch: 2 [0/18861 (0%)]	Loss: 0.307064
====> Epoch: 2 Average loss: 0.0088
Train Epoch: 3 [0/18861 (0%)]	Loss: 0.469264
====> Epoch: 3 Average loss: 0.0086
Train Epoch: 4 [0/18861 (0%)]	Loss: 0.777482
====> Epoch: 4 Average loss: 0.0084
Train Epoch: 5 [0/18861 (0%)]	Loss: 0.301083
====> Epoch: 5 Average loss: 0.0084
Train Epoch: 6 [0/18861 (0%)]	Loss: 0.372316
====> Epoch: 6 Average loss: 0.0082
Train Epoch: 7 [0/18861 (0%)]	Loss: 0.368092
====> Epoch: 7 Average loss: 0.0081
Train Epoch: 8 [0/18861 (0%)]	Loss: 0.621529
====> Epoch: 8 Average loss: 0.0079
Train Epoch: 9 [0/18861 (0%)]	Loss: 0.534128
====> Epoch: 9 Average loss: 0.0079
[2024-11-26 12:43:45] INFO:__main__: Confusion matrix saved to: confusion_matrices/resnet18/caltech256/gs_2.0_1.0/iter_7.npy
[2024-11-26 12:43:45] INFO:__main__: Overall Accuracy: 0.7815
[2024-11-26 12:43:45] INFO:__main__: Mean Precision: 0.7803
[2024-11-26 12:43:45] INFO:__main__: Mean Recall: 0.7610
[2024-11-26 12:43:45] INFO:__main__: Mean False Alarm: 0.0009
[2024-11-26 12:43:45] INFO:__main__: Per-class Precision SD: 0.1458
[2024-11-26 12:43:45] INFO:__main__: Per-class Recall SD: 0.1693
[2024-11-26 12:43:45] INFO:__main__: Per-class False Alarm SD: 0.0008
Total time: 11715.785830259323
Additional time: 0.008060455322265625
[2024-11-26 12:43:45] INFO:__main__: Iteration: 8: run prediction on unlabeled data `du` 
[2024-11-26 12:49:17] INFO:__main__: Update size of `dl`  and `du` by adding uncertain 2000 samples in `dl` len(dl): 20861, len(du) 5057
[2024-11-26 12:49:17] INFO:__main__: Update size of `dl`  and `du` by adding 0 hcs samples in `dl` len(dl): 20861, len(du) 5057
[2024-11-26 12:49:17] INFO:__main__: Iteration: 8 fine-tune the model on dh U dl
Train Epoch: 0 [0/20861 (0%)]	Loss: 0.321443
Train Epoch: 0 [19200/20861 (92%)]	Loss: 0.540594
====> Epoch: 0 Average loss: 0.0084
Train Epoch: 1 [0/20861 (0%)]	Loss: 0.623711
Train Epoch: 1 [19200/20861 (92%)]	Loss: 0.649346
====> Epoch: 1 Average loss: 0.0082
Train Epoch: 2 [0/20861 (0%)]	Loss: 0.304902
Train Epoch: 2 [19200/20861 (92%)]	Loss: 0.579639
====> Epoch: 2 Average loss: 0.0081
Train Epoch: 3 [0/20861 (0%)]	Loss: 0.531714
Train Epoch: 3 [19200/20861 (92%)]	Loss: 0.586878
====> Epoch: 3 Average loss: 0.0080
Train Epoch: 4 [0/20861 (0%)]	Loss: 0.461773
Train Epoch: 4 [19200/20861 (92%)]	Loss: 0.341431
====> Epoch: 4 Average loss: 0.0079
Train Epoch: 5 [0/20861 (0%)]	Loss: 0.633471
Train Epoch: 5 [19200/20861 (92%)]	Loss: 0.373739
====> Epoch: 5 Average loss: 0.0077
Train Epoch: 6 [0/20861 (0%)]	Loss: 0.328716
Train Epoch: 6 [19200/20861 (92%)]	Loss: 0.528188
====> Epoch: 6 Average loss: 0.0076
Train Epoch: 7 [0/20861 (0%)]	Loss: 0.522077
Train Epoch: 7 [19200/20861 (92%)]	Loss: 0.542271
====> Epoch: 7 Average loss: 0.0075
Train Epoch: 8 [0/20861 (0%)]	Loss: 0.380680
Train Epoch: 8 [19200/20861 (92%)]	Loss: 0.417928
====> Epoch: 8 Average loss: 0.0074
Train Epoch: 9 [0/20861 (0%)]	Loss: 0.416843
Train Epoch: 9 [19200/20861 (92%)]	Loss: 0.458404
====> Epoch: 9 Average loss: 0.0073
[2024-11-26 16:33:09] INFO:__main__: Confusion matrix saved to: confusion_matrices/resnet18/caltech256/gs_2.0_1.0/iter_8.npy
[2024-11-26 16:33:09] INFO:__main__: Overall Accuracy: 0.7823
[2024-11-26 16:33:09] INFO:__main__: Mean Precision: 0.7784
[2024-11-26 16:33:09] INFO:__main__: Mean Recall: 0.7653
[2024-11-26 16:33:09] INFO:__main__: Mean False Alarm: 0.0009
[2024-11-26 16:33:09] INFO:__main__: Per-class Precision SD: 0.1395
[2024-11-26 16:33:09] INFO:__main__: Per-class Recall SD: 0.1606
[2024-11-26 16:33:09] INFO:__main__: Per-class False Alarm SD: 0.0007
Total time: 13763.516438007355
Additional time: 0.005396127700805664
[2024-11-26 16:33:09] INFO:__main__: Iteration: 9: run prediction on unlabeled data `du` 
[2024-11-26 16:35:42] INFO:__main__: Update size of `dl`  and `du` by adding uncertain 2000 samples in `dl` len(dl): 22861, len(du) 3057
[2024-11-26 16:35:42] INFO:__main__: Update size of `dl`  and `du` by adding 0 hcs samples in `dl` len(dl): 22861, len(du) 3057
[2024-11-26 16:35:42] INFO:__main__: Iteration: 9 fine-tune the model on dh U dl
Train Epoch: 0 [0/22861 (0%)]	Loss: 0.448502
Train Epoch: 0 [19200/22861 (84%)]	Loss: 0.423549
====> Epoch: 0 Average loss: 0.0079
Train Epoch: 1 [0/22861 (0%)]	Loss: 0.467051
Train Epoch: 1 [19200/22861 (84%)]	Loss: 0.488296
====> Epoch: 1 Average loss: 0.0077
Train Epoch: 2 [0/22861 (0%)]	Loss: 0.643941
Train Epoch: 2 [19200/22861 (84%)]	Loss: 0.430574
====> Epoch: 2 Average loss: 0.0077
Train Epoch: 3 [0/22861 (0%)]	Loss: 0.404276
Train Epoch: 3 [19200/22861 (84%)]	Loss: 0.628463
====> Epoch: 3 Average loss: 0.0075
Train Epoch: 4 [0/22861 (0%)]	Loss: 0.447241
Train Epoch: 4 [19200/22861 (84%)]	Loss: 0.553537
====> Epoch: 4 Average loss: 0.0075
Train Epoch: 5 [0/22861 (0%)]	Loss: 0.416369
Train Epoch: 5 [19200/22861 (84%)]	Loss: 0.413801
====> Epoch: 5 Average loss: 0.0074
Train Epoch: 6 [0/22861 (0%)]	Loss: 0.616049
Train Epoch: 6 [19200/22861 (84%)]	Loss: 0.313739
====> Epoch: 6 Average loss: 0.0072
Train Epoch: 7 [0/22861 (0%)]	Loss: 0.664867
Train Epoch: 7 [19200/22861 (84%)]	Loss: 0.397730
====> Epoch: 7 Average loss: 0.0072
Train Epoch: 8 [0/22861 (0%)]	Loss: 0.482642
Train Epoch: 8 [19200/22861 (84%)]	Loss: 0.419956
====> Epoch: 8 Average loss: 0.0070
Train Epoch: 9 [0/22861 (0%)]	Loss: 0.246965
Train Epoch: 9 [19200/22861 (84%)]	Loss: 0.317990
====> Epoch: 9 Average loss: 0.0070
[2024-11-26 20:45:27] INFO:__main__: Confusion matrix saved to: confusion_matrices/resnet18/caltech256/gs_2.0_1.0/iter_9.npy
[2024-11-26 20:45:27] INFO:__main__: Overall Accuracy: 0.7924
[2024-11-26 20:45:27] INFO:__main__: Mean Precision: 0.7878
[2024-11-26 20:45:27] INFO:__main__: Mean Recall: 0.7762
[2024-11-26 20:45:27] INFO:__main__: Mean False Alarm: 0.0008
[2024-11-26 20:45:27] INFO:__main__: Per-class Precision SD: 0.1371
[2024-11-26 20:45:27] INFO:__main__: Per-class Recall SD: 0.1602
[2024-11-26 20:45:27] INFO:__main__: Per-class False Alarm SD: 0.0007
Total time: 15138.551303625107
Additional time: 0.005328655242919922
[2024-11-26 20:45:27] INFO:__main__: Iteration: 10: run prediction on unlabeled data `du` 
[2024-11-26 20:46:22] INFO:__main__: Update size of `dl`  and `du` by adding uncertain 1057 samples in `dl` len(dl): 23918, len(du) 1057
[2024-11-26 20:46:22] INFO:__main__: Update size of `dl`  and `du` by adding 0 hcs samples in `dl` len(dl): 23918, len(du) 1057
[2024-11-26 20:46:22] INFO:__main__: Iteration: 10 fine-tune the model on dh U dl
Train Epoch: 0 [0/23918 (0%)]	Loss: 0.432697
Train Epoch: 0 [19200/23918 (80%)]	Loss: 0.400277
====> Epoch: 0 Average loss: 0.0073
Train Epoch: 1 [0/23918 (0%)]	Loss: 0.474066
Train Epoch: 1 [19200/23918 (80%)]	Loss: 0.417721
====> Epoch: 1 Average loss: 0.0072
Train Epoch: 2 [0/23918 (0%)]	Loss: 0.731903
Train Epoch: 2 [19200/23918 (80%)]	Loss: 0.541208
====> Epoch: 2 Average loss: 0.0071
Train Epoch: 3 [0/23918 (0%)]	Loss: 0.462552
Train Epoch: 3 [19200/23918 (80%)]	Loss: 0.382815
====> Epoch: 3 Average loss: 0.0070
Train Epoch: 4 [0/23918 (0%)]	Loss: 0.796190
Train Epoch: 4 [19200/23918 (80%)]	Loss: 0.544946
====> Epoch: 4 Average loss: 0.0069
Train Epoch: 5 [0/23918 (0%)]	Loss: 0.287341
Train Epoch: 5 [19200/23918 (80%)]	Loss: 0.408803
====> Epoch: 5 Average loss: 0.0068
Train Epoch: 6 [0/23918 (0%)]	Loss: 0.481321
Train Epoch: 6 [19200/23918 (80%)]	Loss: 0.447136
====> Epoch: 6 Average loss: 0.0068
Train Epoch: 7 [0/23918 (0%)]	Loss: 0.422703
Train Epoch: 7 [19200/23918 (80%)]	Loss: 0.484487
====> Epoch: 7 Average loss: 0.0066
Train Epoch: 8 [0/23918 (0%)]	Loss: 0.403476
Train Epoch: 8 [19200/23918 (80%)]	Loss: 0.357939
====> Epoch: 8 Average loss: 0.0066
Train Epoch: 9 [0/23918 (0%)]	Loss: 0.595240
Train Epoch: 9 [19200/23918 (80%)]	Loss: 0.484880
====> Epoch: 9 Average loss: 0.0066
[2024-11-27 00:55:51] INFO:__main__: Confusion matrix saved to: confusion_matrices/resnet18/caltech256/gs_2.0_1.0/iter_10.npy
[2024-11-27 00:55:52] INFO:__main__: Overall Accuracy: 0.7886
[2024-11-27 00:55:52] INFO:__main__: Mean Precision: 0.7859
[2024-11-27 00:55:52] INFO:__main__: Mean Recall: 0.7719
[2024-11-27 00:55:52] INFO:__main__: Mean False Alarm: 0.0008
[2024-11-27 00:55:52] INFO:__main__: Per-class Precision SD: 0.1377
[2024-11-27 00:55:52] INFO:__main__: Per-class Recall SD: 0.1526
[2024-11-27 00:55:52] INFO:__main__: Per-class False Alarm SD: 0.0007
Total time: 15024.351862430573
Additional time: 0.003003358840942383
[2024-11-27 00:55:52] INFO:__main__: Iteration: 11: run prediction on unlabeled data `du` 
