[2024-12-01 15:38:32] INFO:__main__: Model: resnet18
[2024-12-01 15:38:32] INFO:__main__: Dataset: cifar100
[2024-12-01 15:38:32] INFO:__main__: Experiment type: more
[2024-12-01 15:38:32] INFO:__main__: Lambda weight: 0.0
[2024-12-01 15:38:32] INFO:__main__: Gamma weight: 0.0
[2024-12-01 15:38:32] INFO:__main__: Training epochs: 10
[2024-12-01 15:38:32] INFO:__main__: Batch size: 64
[2024-12-01 15:38:32] INFO:__main__: Using device: cuda
[2024-12-01 15:38:32] INFO:__main__: Initial configuration: len(du): 45000, len(dl): 5000 
[2024-12-01 15:38:33] INFO:__main__: Initialize training the model on `dl` and test on `dtest`
Train Epoch: 0 [0/5000 (0%)]	Loss: 4.757406
====> Epoch: 0 Average loss: 0.0702
Train Epoch: 1 [0/5000 (0%)]	Loss: 3.980687
====> Epoch: 1 Average loss: 0.0593
Train Epoch: 2 [0/5000 (0%)]	Loss: 3.690007
====> Epoch: 2 Average loss: 0.0518
Train Epoch: 3 [0/5000 (0%)]	Loss: 2.794193
====> Epoch: 3 Average loss: 0.0469
Train Epoch: 4 [0/5000 (0%)]	Loss: 2.974941
====> Epoch: 4 Average loss: 0.0432
Train Epoch: 5 [0/5000 (0%)]	Loss: 2.780579
====> Epoch: 5 Average loss: 0.0407
Train Epoch: 6 [0/5000 (0%)]	Loss: 2.382309
====> Epoch: 6 Average loss: 0.0390
Train Epoch: 7 [0/5000 (0%)]	Loss: 2.491984
====> Epoch: 7 Average loss: 0.0371
Train Epoch: 8 [0/5000 (0%)]	Loss: 2.135739
====> Epoch: 8 Average loss: 0.0359
Train Epoch: 9 [0/5000 (0%)]	Loss: 2.175307
====> Epoch: 9 Average loss: 0.0346
[2024-12-01 15:45:25] INFO:__main__: Confusion matrix saved to: confusion_matrices/resnet18/cifar100/more_0.0_0.0_1/initial.npy
[2024-12-01 15:45:25] INFO:__main__: Overall Accuracy: 0.3694
[2024-12-01 15:45:25] INFO:__main__: Mean Precision: 0.4028
[2024-12-01 15:45:25] INFO:__main__: Mean Recall: 0.3694
[2024-12-01 15:45:25] INFO:__main__: Mean False Alarm: 0.0064
[2024-12-01 15:45:25] INFO:__main__: Per-class Precision SD: 0.1559
[2024-12-01 15:45:25] INFO:__main__: Per-class Recall SD: 0.1854
[2024-12-01 15:45:25] INFO:__main__: Per-class False Alarm SD: 0.0050
[2024-12-01 15:45:25] INFO:__main__: Iteration: 0: run prediction on unlabeled data `du` 
[2024-12-01 15:49:55] INFO:__main__: Update size of `dl`  and `du` by adding uncertain 2000 samples in `dl` len(dl): 7000, len(du) 45000
[2024-12-01 15:49:55] INFO:__main__: Update size of `dl`  and `du` by adding 0 hcs samples in `dl` len(dl): 7000, len(du) 45000
[2024-12-01 15:49:56] INFO:__main__: Iteration: 0 fine-tune the model on dh U dl
Train Epoch: 0 [0/7000 (0%)]	Loss: 2.534973
====> Epoch: 0 Average loss: 0.0353
Train Epoch: 1 [0/7000 (0%)]	Loss: 2.354427
====> Epoch: 1 Average loss: 0.0342
Train Epoch: 2 [0/7000 (0%)]	Loss: 2.065291
====> Epoch: 2 Average loss: 0.0332
Train Epoch: 3 [0/7000 (0%)]	Loss: 2.162785
====> Epoch: 3 Average loss: 0.0325
Train Epoch: 4 [0/7000 (0%)]	Loss: 1.992540
====> Epoch: 4 Average loss: 0.0318
Train Epoch: 5 [0/7000 (0%)]	Loss: 1.904240
====> Epoch: 5 Average loss: 0.0308
Train Epoch: 6 [0/7000 (0%)]	Loss: 1.891347
====> Epoch: 6 Average loss: 0.0306
Train Epoch: 7 [0/7000 (0%)]	Loss: 1.755772
====> Epoch: 7 Average loss: 0.0298
Train Epoch: 8 [0/7000 (0%)]	Loss: 1.826882
====> Epoch: 8 Average loss: 0.0294
Train Epoch: 9 [0/7000 (0%)]	Loss: 2.007539
====> Epoch: 9 Average loss: 0.0290
[2024-12-01 15:59:18] INFO:__main__: Confusion matrix saved to: confusion_matrices/resnet18/cifar100/more_0.0_0.0_1/iter_0.npy
[2024-12-01 15:59:18] INFO:__main__: Overall Accuracy: 0.4203
[2024-12-01 15:59:18] INFO:__main__: Mean Precision: 0.4447
[2024-12-01 15:59:18] INFO:__main__: Mean Recall: 0.4203
[2024-12-01 15:59:18] INFO:__main__: Mean False Alarm: 0.0059
[2024-12-01 15:59:18] INFO:__main__: Per-class Precision SD: 0.1484
[2024-12-01 15:59:18] INFO:__main__: Per-class Recall SD: 0.1751
[2024-12-01 15:59:18] INFO:__main__: Per-class False Alarm SD: 0.0036
Total time: 833.5373361110687
Additional time: 0.007488250732421875
[2024-12-01 15:59:18] INFO:__main__: Iteration: 1: run prediction on unlabeled data `du` 
[2024-12-01 16:03:40] INFO:__main__: Update size of `dl`  and `du` by adding uncertain 2000 samples in `dl` len(dl): 9000, len(du) 43000
[2024-12-01 16:03:40] INFO:__main__: Update size of `dl`  and `du` by adding 13 hcs samples in `dl` len(dl): 9013, len(du) 43000
[2024-12-01 16:03:42] INFO:__main__: Iteration: 1 fine-tune the model on dh U dl
Train Epoch: 0 [0/9013 (0%)]	Loss: 1.691393
====> Epoch: 0 Average loss: 0.0302
Train Epoch: 1 [0/9013 (0%)]	Loss: 1.813885
====> Epoch: 1 Average loss: 0.0296
Train Epoch: 2 [0/9013 (0%)]	Loss: 1.914508
====> Epoch: 2 Average loss: 0.0293
Train Epoch: 3 [0/9013 (0%)]	Loss: 1.543142
====> Epoch: 3 Average loss: 0.0287
Train Epoch: 4 [0/9013 (0%)]	Loss: 1.777500
====> Epoch: 4 Average loss: 0.0285
Train Epoch: 5 [0/9013 (0%)]	Loss: 1.847450
====> Epoch: 5 Average loss: 0.0282
Train Epoch: 6 [0/9013 (0%)]	Loss: 1.742724
====> Epoch: 6 Average loss: 0.0277
Train Epoch: 7 [0/9013 (0%)]	Loss: 1.893549
====> Epoch: 7 Average loss: 0.0276
Train Epoch: 8 [0/9013 (0%)]	Loss: 1.577780
====> Epoch: 8 Average loss: 0.0274
Train Epoch: 9 [0/9013 (0%)]	Loss: 1.558032
====> Epoch: 9 Average loss: 0.0272
[2024-12-01 16:15:19] INFO:__main__: Confusion matrix saved to: confusion_matrices/resnet18/cifar100/more_0.0_0.0_1/iter_1.npy
[2024-12-01 16:15:19] INFO:__main__: Overall Accuracy: 0.4394
[2024-12-01 16:15:19] INFO:__main__: Mean Precision: 0.4576
[2024-12-01 16:15:19] INFO:__main__: Mean Recall: 0.4394
[2024-12-01 16:15:19] INFO:__main__: Mean False Alarm: 0.0057
[2024-12-01 16:15:19] INFO:__main__: Per-class Precision SD: 0.1474
[2024-12-01 16:15:19] INFO:__main__: Per-class Recall SD: 0.1620
[2024-12-01 16:15:19] INFO:__main__: Per-class False Alarm SD: 0.0032
Total time: 960.5079190731049
Additional time: 0.044846534729003906
[2024-12-01 16:15:19] INFO:__main__: Iteration: 2: run prediction on unlabeled data `du` 
[2024-12-01 16:19:25] INFO:__main__: Update size of `dl`  and `du` by adding uncertain 2000 samples in `dl` len(dl): 11013, len(du) 40987
[2024-12-01 16:19:25] INFO:__main__: Update size of `dl`  and `du` by adding 15 hcs samples in `dl` len(dl): 11028, len(du) 40987
[2024-12-01 16:19:27] INFO:__main__: Iteration: 2 fine-tune the model on dh U dl
Train Epoch: 0 [0/11028 (0%)]	Loss: 1.860154
====> Epoch: 0 Average loss: 0.0282
Train Epoch: 1 [0/11028 (0%)]	Loss: 1.910196
====> Epoch: 1 Average loss: 0.0279
Train Epoch: 2 [0/11028 (0%)]	Loss: 1.925011
====> Epoch: 2 Average loss: 0.0275
Train Epoch: 3 [0/11028 (0%)]	Loss: 1.489610
====> Epoch: 3 Average loss: 0.0275
Train Epoch: 4 [0/11028 (0%)]	Loss: 1.747945
====> Epoch: 4 Average loss: 0.0274
Train Epoch: 5 [0/11028 (0%)]	Loss: 1.813439
====> Epoch: 5 Average loss: 0.0270
Train Epoch: 6 [0/11028 (0%)]	Loss: 2.104860
====> Epoch: 6 Average loss: 0.0271
Train Epoch: 7 [0/11028 (0%)]	Loss: 1.936973
====> Epoch: 7 Average loss: 0.0267
Train Epoch: 8 [0/11028 (0%)]	Loss: 1.975635
====> Epoch: 8 Average loss: 0.0266
Train Epoch: 9 [0/11028 (0%)]	Loss: 1.527258
====> Epoch: 9 Average loss: 0.0261
[2024-12-01 16:31:29] INFO:__main__: Confusion matrix saved to: confusion_matrices/resnet18/cifar100/more_0.0_0.0_1/iter_2.npy
[2024-12-01 16:31:29] INFO:__main__: Overall Accuracy: 0.4558
[2024-12-01 16:31:29] INFO:__main__: Mean Precision: 0.4750
[2024-12-01 16:31:29] INFO:__main__: Mean Recall: 0.4558
[2024-12-01 16:31:29] INFO:__main__: Mean False Alarm: 0.0055
[2024-12-01 16:31:29] INFO:__main__: Per-class Precision SD: 0.1462
[2024-12-01 16:31:29] INFO:__main__: Per-class Recall SD: 0.1629
[2024-12-01 16:31:29] INFO:__main__: Per-class False Alarm SD: 0.0034
Total time: 969.5508472919464
Additional time: 0.007508754730224609
[2024-12-01 16:31:29] INFO:__main__: Iteration: 3: run prediction on unlabeled data `du` 
[2024-12-01 16:34:44] INFO:__main__: Update size of `dl`  and `du` by adding uncertain 2000 samples in `dl` len(dl): 13028, len(du) 38972
[2024-12-01 16:34:44] INFO:__main__: Update size of `dl`  and `du` by adding 32 hcs samples in `dl` len(dl): 13060, len(du) 38972
[2024-12-01 16:34:46] INFO:__main__: Iteration: 3 fine-tune the model on dh U dl
Train Epoch: 0 [0/13060 (0%)]	Loss: 1.671245
====> Epoch: 0 Average loss: 0.0274
Train Epoch: 1 [0/13060 (0%)]	Loss: 1.400942
====> Epoch: 1 Average loss: 0.0274
Train Epoch: 2 [0/13060 (0%)]	Loss: 1.986151
====> Epoch: 2 Average loss: 0.0272
Train Epoch: 3 [0/13060 (0%)]	Loss: 1.706232
====> Epoch: 3 Average loss: 0.0270
Train Epoch: 4 [0/13060 (0%)]	Loss: 1.663891
====> Epoch: 4 Average loss: 0.0268
Train Epoch: 5 [0/13060 (0%)]	Loss: 1.322771
====> Epoch: 5 Average loss: 0.0267
Train Epoch: 6 [0/13060 (0%)]	Loss: 1.768652
====> Epoch: 6 Average loss: 0.0265
Train Epoch: 7 [0/13060 (0%)]	Loss: 2.040399
====> Epoch: 7 Average loss: 0.0262
Train Epoch: 8 [0/13060 (0%)]	Loss: 1.903795
====> Epoch: 8 Average loss: 0.0263
Train Epoch: 9 [0/13060 (0%)]	Loss: 1.666942
====> Epoch: 9 Average loss: 0.0263
[2024-12-01 16:48:51] INFO:__main__: Confusion matrix saved to: confusion_matrices/resnet18/cifar100/more_0.0_0.0_1/iter_3.npy
[2024-12-01 16:48:51] INFO:__main__: Overall Accuracy: 0.4553
[2024-12-01 16:48:51] INFO:__main__: Mean Precision: 0.4710
[2024-12-01 16:48:51] INFO:__main__: Mean Recall: 0.4553
[2024-12-01 16:48:51] INFO:__main__: Mean False Alarm: 0.0055
[2024-12-01 16:48:51] INFO:__main__: Per-class Precision SD: 0.1388
[2024-12-01 16:48:51] INFO:__main__: Per-class Recall SD: 0.1718
[2024-12-01 16:48:51] INFO:__main__: Per-class False Alarm SD: 0.0031
Total time: 1042.547117471695
Additional time: 0.012180566787719727
[2024-12-01 16:48:51] INFO:__main__: Iteration: 4: run prediction on unlabeled data `du` 
[2024-12-01 16:52:02] INFO:__main__: Update size of `dl`  and `du` by adding uncertain 2000 samples in `dl` len(dl): 15060, len(du) 36940
[2024-12-01 16:52:02] INFO:__main__: Update size of `dl`  and `du` by adding 32 hcs samples in `dl` len(dl): 15092, len(du) 36940
[2024-12-01 16:52:04] INFO:__main__: Iteration: 4 fine-tune the model on dh U dl
Train Epoch: 0 [0/15092 (0%)]	Loss: 1.511141
====> Epoch: 0 Average loss: 0.0269
Train Epoch: 1 [0/15092 (0%)]	Loss: 1.536262
====> Epoch: 1 Average loss: 0.0268
Train Epoch: 2 [0/15092 (0%)]	Loss: 1.664730
====> Epoch: 2 Average loss: 0.0267
Train Epoch: 3 [0/15092 (0%)]	Loss: 1.471786
====> Epoch: 3 Average loss: 0.0265
Train Epoch: 4 [0/15092 (0%)]	Loss: 1.767290
====> Epoch: 4 Average loss: 0.0266
Train Epoch: 5 [0/15092 (0%)]	Loss: 1.907171
====> Epoch: 5 Average loss: 0.0261
Train Epoch: 6 [0/15092 (0%)]	Loss: 1.536847
====> Epoch: 6 Average loss: 0.0260
Train Epoch: 7 [0/15092 (0%)]	Loss: 1.584524
====> Epoch: 7 Average loss: 0.0259
Train Epoch: 8 [0/15092 (0%)]	Loss: 2.037268
====> Epoch: 8 Average loss: 0.0259
Train Epoch: 9 [0/15092 (0%)]	Loss: 2.050738
====> Epoch: 9 Average loss: 0.0257
[2024-12-01 17:08:19] INFO:__main__: Confusion matrix saved to: confusion_matrices/resnet18/cifar100/more_0.0_0.0_1/iter_4.npy
[2024-12-01 17:08:19] INFO:__main__: Overall Accuracy: 0.4731
[2024-12-01 17:08:19] INFO:__main__: Mean Precision: 0.4803
[2024-12-01 17:08:19] INFO:__main__: Mean Recall: 0.4731
[2024-12-01 17:08:19] INFO:__main__: Mean False Alarm: 0.0053
[2024-12-01 17:08:19] INFO:__main__: Per-class Precision SD: 0.1395
[2024-12-01 17:08:19] INFO:__main__: Per-class Recall SD: 0.1632
[2024-12-01 17:08:19] INFO:__main__: Per-class False Alarm SD: 0.0024
Total time: 1167.6377754211426
Additional time: 0.013566017150878906
[2024-12-01 17:08:19] INFO:__main__: Iteration: 5: run prediction on unlabeled data `du` 
[2024-12-01 17:11:07] INFO:__main__: Update size of `dl`  and `du` by adding uncertain 2000 samples in `dl` len(dl): 17092, len(du) 34908
[2024-12-01 17:11:07] INFO:__main__: Update size of `dl`  and `du` by adding 16 hcs samples in `dl` len(dl): 17108, len(du) 34908
[2024-12-01 17:11:08] INFO:__main__: Iteration: 5 fine-tune the model on dh U dl
Train Epoch: 0 [0/17108 (0%)]	Loss: 1.743495
====> Epoch: 0 Average loss: 0.0266
Train Epoch: 1 [0/17108 (0%)]	Loss: 1.672046
====> Epoch: 1 Average loss: 0.0267
Train Epoch: 2 [0/17108 (0%)]	Loss: 1.579811
====> Epoch: 2 Average loss: 0.0265
Train Epoch: 3 [0/17108 (0%)]	Loss: 1.759895
====> Epoch: 3 Average loss: 0.0261
Train Epoch: 4 [0/17108 (0%)]	Loss: 1.329671
====> Epoch: 4 Average loss: 0.0260
Train Epoch: 5 [0/17108 (0%)]	Loss: 1.724486
====> Epoch: 5 Average loss: 0.0258
Train Epoch: 6 [0/17108 (0%)]	Loss: 1.582531
====> Epoch: 6 Average loss: 0.0259
Train Epoch: 7 [0/17108 (0%)]	Loss: 1.600404
====> Epoch: 7 Average loss: 0.0259
Train Epoch: 8 [0/17108 (0%)]	Loss: 1.276008
====> Epoch: 8 Average loss: 0.0257
Train Epoch: 9 [0/17108 (0%)]	Loss: 1.414438
====> Epoch: 9 Average loss: 0.0258
[2024-12-01 17:23:58] INFO:__main__: Confusion matrix saved to: confusion_matrices/resnet18/cifar100/more_0.0_0.0_1/iter_5.npy
[2024-12-01 17:23:58] INFO:__main__: Overall Accuracy: 0.4742
[2024-12-01 17:23:58] INFO:__main__: Mean Precision: 0.4847
[2024-12-01 17:23:58] INFO:__main__: Mean Recall: 0.4742
[2024-12-01 17:23:58] INFO:__main__: Mean False Alarm: 0.0053
[2024-12-01 17:23:58] INFO:__main__: Per-class Precision SD: 0.1327
[2024-12-01 17:23:58] INFO:__main__: Per-class Recall SD: 0.1631
[2024-12-01 17:23:58] INFO:__main__: Per-class False Alarm SD: 0.0025
Total time: 939.427220582962
Additional time: 0.006166696548461914
[2024-12-01 17:23:58] INFO:__main__: Iteration: 6: run prediction on unlabeled data `du` 
[2024-12-01 17:25:46] INFO:__main__: Update size of `dl`  and `du` by adding uncertain 2000 samples in `dl` len(dl): 19108, len(du) 32892
[2024-12-01 17:25:46] INFO:__main__: Update size of `dl`  and `du` by adding 0 hcs samples in `dl` len(dl): 19108, len(du) 32892
[2024-12-01 17:25:47] INFO:__main__: Iteration: 6 fine-tune the model on dh U dl
Train Epoch: 0 [0/19108 (0%)]	Loss: 1.807658
====> Epoch: 0 Average loss: 0.0263
Train Epoch: 1 [0/19108 (0%)]	Loss: 1.703507
====> Epoch: 1 Average loss: 0.0263
Train Epoch: 2 [0/19108 (0%)]	Loss: 1.265431
====> Epoch: 2 Average loss: 0.0259
Train Epoch: 3 [0/19108 (0%)]	Loss: 1.726426
====> Epoch: 3 Average loss: 0.0262
Train Epoch: 4 [0/19108 (0%)]	Loss: 1.606112
====> Epoch: 4 Average loss: 0.0259
Train Epoch: 5 [0/19108 (0%)]	Loss: 1.614613
====> Epoch: 5 Average loss: 0.0259
Train Epoch: 6 [0/19108 (0%)]	Loss: 1.714667
====> Epoch: 6 Average loss: 0.0259
Train Epoch: 7 [0/19108 (0%)]	Loss: 1.403480
====> Epoch: 7 Average loss: 0.0258
Train Epoch: 8 [0/19108 (0%)]	Loss: 1.683037
====> Epoch: 8 Average loss: 0.0255
Train Epoch: 9 [0/19108 (0%)]	Loss: 1.606353
====> Epoch: 9 Average loss: 0.0256
[2024-12-01 17:40:06] INFO:__main__: Confusion matrix saved to: confusion_matrices/resnet18/cifar100/more_0.0_0.0_1/iter_6.npy
[2024-12-01 17:40:06] INFO:__main__: Overall Accuracy: 0.4716
[2024-12-01 17:40:06] INFO:__main__: Mean Precision: 0.4857
[2024-12-01 17:40:06] INFO:__main__: Mean Recall: 0.4716
[2024-12-01 17:40:06] INFO:__main__: Mean False Alarm: 0.0053
[2024-12-01 17:40:06] INFO:__main__: Per-class Precision SD: 0.1398
[2024-12-01 17:40:06] INFO:__main__: Per-class Recall SD: 0.1596
[2024-12-01 17:40:06] INFO:__main__: Per-class False Alarm SD: 0.0029
Total time: 967.7716081142426
Additional time: 0.010831117630004883
[2024-12-01 17:40:06] INFO:__main__: Iteration: 7: run prediction on unlabeled data `du` 
[2024-12-01 17:41:46] INFO:__main__: Update size of `dl`  and `du` by adding uncertain 2000 samples in `dl` len(dl): 21108, len(du) 30892
[2024-12-01 17:41:47] INFO:__main__: Update size of `dl`  and `du` by adding 0 hcs samples in `dl` len(dl): 21108, len(du) 30892
[2024-12-01 17:41:47] INFO:__main__: Iteration: 7 fine-tune the model on dh U dl
Train Epoch: 0 [0/21108 (0%)]	Loss: 1.306572
Train Epoch: 0 [19200/21108 (91%)]	Loss: 2.260987
====> Epoch: 0 Average loss: 0.0259
Train Epoch: 1 [0/21108 (0%)]	Loss: 1.756863
Train Epoch: 1 [19200/21108 (91%)]	Loss: 1.711877
====> Epoch: 1 Average loss: 0.0259
Train Epoch: 2 [0/21108 (0%)]	Loss: 1.904324
Train Epoch: 2 [19200/21108 (91%)]	Loss: 1.612429
====> Epoch: 2 Average loss: 0.0257
Train Epoch: 3 [0/21108 (0%)]	Loss: 1.367108
Train Epoch: 3 [19200/21108 (91%)]	Loss: 1.848712
====> Epoch: 3 Average loss: 0.0257
Train Epoch: 4 [0/21108 (0%)]	Loss: 1.399244
Train Epoch: 4 [19200/21108 (91%)]	Loss: 1.538731
====> Epoch: 4 Average loss: 0.0258
Train Epoch: 5 [0/21108 (0%)]	Loss: 1.843986
Train Epoch: 5 [19200/21108 (91%)]	Loss: 1.985065
====> Epoch: 5 Average loss: 0.0257
Train Epoch: 6 [0/21108 (0%)]	Loss: 1.385043
Train Epoch: 6 [19200/21108 (91%)]	Loss: 1.587213
====> Epoch: 6 Average loss: 0.0256
Train Epoch: 7 [0/21108 (0%)]	Loss: 1.643290
Train Epoch: 7 [19200/21108 (91%)]	Loss: 1.449022
====> Epoch: 7 Average loss: 0.0256
Train Epoch: 8 [0/21108 (0%)]	Loss: 1.699032
Train Epoch: 8 [19200/21108 (91%)]	Loss: 1.500802
====> Epoch: 8 Average loss: 0.0255
Train Epoch: 9 [0/21108 (0%)]	Loss: 1.732921
Train Epoch: 9 [19200/21108 (91%)]	Loss: 1.528498
====> Epoch: 9 Average loss: 0.0254
[2024-12-01 17:57:21] INFO:__main__: Confusion matrix saved to: confusion_matrices/resnet18/cifar100/more_0.0_0.0_1/iter_7.npy
[2024-12-01 17:57:21] INFO:__main__: Overall Accuracy: 0.4854
[2024-12-01 17:57:21] INFO:__main__: Mean Precision: 0.4906
[2024-12-01 17:57:21] INFO:__main__: Mean Recall: 0.4854
[2024-12-01 17:57:21] INFO:__main__: Mean False Alarm: 0.0052
[2024-12-01 17:57:21] INFO:__main__: Per-class Precision SD: 0.1307
[2024-12-01 17:57:21] INFO:__main__: Per-class Recall SD: 0.1656
[2024-12-01 17:57:21] INFO:__main__: Per-class False Alarm SD: 0.0022
Total time: 1035.3727688789368
Additional time: 0.005629062652587891
[2024-12-01 17:57:21] INFO:__main__: Iteration: 8: run prediction on unlabeled data `du` 
[2024-12-01 17:58:55] INFO:__main__: Update size of `dl`  and `du` by adding uncertain 2000 samples in `dl` len(dl): 23108, len(du) 28892
[2024-12-01 17:58:55] INFO:__main__: Update size of `dl`  and `du` by adding 0 hcs samples in `dl` len(dl): 23108, len(du) 28892
[2024-12-01 17:58:56] INFO:__main__: Iteration: 8 fine-tune the model on dh U dl
Train Epoch: 0 [0/23108 (0%)]	Loss: 1.550844
Train Epoch: 0 [19200/23108 (83%)]	Loss: 1.927007
====> Epoch: 0 Average loss: 0.0262
Train Epoch: 1 [0/23108 (0%)]	Loss: 1.613445
Train Epoch: 1 [19200/23108 (83%)]	Loss: 1.793346
====> Epoch: 1 Average loss: 0.0260
Train Epoch: 2 [0/23108 (0%)]	Loss: 1.395665
Train Epoch: 2 [19200/23108 (83%)]	Loss: 1.634390
====> Epoch: 2 Average loss: 0.0259
Train Epoch: 3 [0/23108 (0%)]	Loss: 1.223807
Train Epoch: 3 [19200/23108 (83%)]	Loss: 1.345586
====> Epoch: 3 Average loss: 0.0257
Train Epoch: 4 [0/23108 (0%)]	Loss: 1.685285
Train Epoch: 4 [19200/23108 (83%)]	Loss: 1.638463
====> Epoch: 4 Average loss: 0.0257
Train Epoch: 5 [0/23108 (0%)]	Loss: 1.584887
Train Epoch: 5 [19200/23108 (83%)]	Loss: 1.711177
====> Epoch: 5 Average loss: 0.0258
Train Epoch: 6 [0/23108 (0%)]	Loss: 1.396999
Train Epoch: 6 [19200/23108 (83%)]	Loss: 1.985200
====> Epoch: 6 Average loss: 0.0258
Train Epoch: 7 [0/23108 (0%)]	Loss: 1.665013
Train Epoch: 7 [19200/23108 (83%)]	Loss: 1.950490
====> Epoch: 7 Average loss: 0.0256
Train Epoch: 8 [0/23108 (0%)]	Loss: 1.560506
Train Epoch: 8 [19200/23108 (83%)]	Loss: 1.702455
====> Epoch: 8 Average loss: 0.0256
Train Epoch: 9 [0/23108 (0%)]	Loss: 1.686104
Train Epoch: 9 [19200/23108 (83%)]	Loss: 1.879931
====> Epoch: 9 Average loss: 0.0257
[2024-12-01 18:15:50] INFO:__main__: Confusion matrix saved to: confusion_matrices/resnet18/cifar100/more_0.0_0.0_1/iter_8.npy
[2024-12-01 18:15:50] INFO:__main__: Overall Accuracy: 0.4788
[2024-12-01 18:15:50] INFO:__main__: Mean Precision: 0.4962
[2024-12-01 18:15:50] INFO:__main__: Mean Recall: 0.4788
[2024-12-01 18:15:50] INFO:__main__: Mean False Alarm: 0.0053
[2024-12-01 18:15:50] INFO:__main__: Per-class Precision SD: 0.1435
[2024-12-01 18:15:50] INFO:__main__: Per-class Recall SD: 0.1602
[2024-12-01 18:15:50] INFO:__main__: Per-class False Alarm SD: 0.0028
Total time: 1108.4702322483063
Additional time: 0.006109714508056641
[2024-12-01 18:15:50] INFO:__main__: Iteration: 9: run prediction on unlabeled data `du` 
[2024-12-01 18:17:17] INFO:__main__: Update size of `dl`  and `du` by adding uncertain 2000 samples in `dl` len(dl): 25108, len(du) 26892
[2024-12-01 18:17:17] INFO:__main__: Update size of `dl`  and `du` by adding 0 hcs samples in `dl` len(dl): 25108, len(du) 26892
[2024-12-01 18:17:18] INFO:__main__: Iteration: 9 fine-tune the model on dh U dl
Train Epoch: 0 [0/25108 (0%)]	Loss: 2.012483
Train Epoch: 0 [19200/25108 (76%)]	Loss: 1.756064
====> Epoch: 0 Average loss: 0.0259
Train Epoch: 1 [0/25108 (0%)]	Loss: 1.510095
Train Epoch: 1 [19200/25108 (76%)]	Loss: 2.001651
====> Epoch: 1 Average loss: 0.0258
Train Epoch: 2 [0/25108 (0%)]	Loss: 1.713782
Train Epoch: 2 [19200/25108 (76%)]	Loss: 1.584999
====> Epoch: 2 Average loss: 0.0259
Train Epoch: 3 [0/25108 (0%)]	Loss: 1.728416
Train Epoch: 3 [19200/25108 (76%)]	Loss: 1.626378
====> Epoch: 3 Average loss: 0.0259
Train Epoch: 4 [0/25108 (0%)]	Loss: 1.809714
Train Epoch: 4 [19200/25108 (76%)]	Loss: 1.473893
====> Epoch: 4 Average loss: 0.0258
Train Epoch: 5 [0/25108 (0%)]	Loss: 1.816395
Train Epoch: 5 [19200/25108 (76%)]	Loss: 1.468421
====> Epoch: 5 Average loss: 0.0256
Train Epoch: 6 [0/25108 (0%)]	Loss: 1.392950
Train Epoch: 6 [19200/25108 (76%)]	Loss: 1.833201
====> Epoch: 6 Average loss: 0.0257
Train Epoch: 7 [0/25108 (0%)]	Loss: 1.856142
Train Epoch: 7 [19200/25108 (76%)]	Loss: 1.232313
====> Epoch: 7 Average loss: 0.0255
Train Epoch: 8 [0/25108 (0%)]	Loss: 1.477601
Train Epoch: 8 [19200/25108 (76%)]	Loss: 1.660107
====> Epoch: 8 Average loss: 0.0255
Train Epoch: 9 [0/25108 (0%)]	Loss: 1.778333
Train Epoch: 9 [19200/25108 (76%)]	Loss: 1.525759
====> Epoch: 9 Average loss: 0.0255
[2024-12-01 18:35:23] INFO:__main__: Confusion matrix saved to: confusion_matrices/resnet18/cifar100/more_0.0_0.0_1/iter_9.npy
[2024-12-01 18:35:23] INFO:__main__: Overall Accuracy: 0.4858
[2024-12-01 18:35:23] INFO:__main__: Mean Precision: 0.4943
[2024-12-01 18:35:23] INFO:__main__: Mean Recall: 0.4858
[2024-12-01 18:35:23] INFO:__main__: Mean False Alarm: 0.0052
[2024-12-01 18:35:23] INFO:__main__: Per-class Precision SD: 0.1407
[2024-12-01 18:35:23] INFO:__main__: Per-class Recall SD: 0.1698
[2024-12-01 18:35:23] INFO:__main__: Per-class False Alarm SD: 0.0025
Total time: 1173.3866221904755
Additional time: 0.005052089691162109
[2024-12-01 18:35:23] INFO:__main__: Iteration: 10: run prediction on unlabeled data `du` 
[2024-12-01 18:36:44] INFO:__main__: Update size of `dl`  and `du` by adding uncertain 2000 samples in `dl` len(dl): 27108, len(du) 24892
[2024-12-01 18:36:44] INFO:__main__: Update size of `dl`  and `du` by adding 0 hcs samples in `dl` len(dl): 27108, len(du) 24892
[2024-12-01 18:36:45] INFO:__main__: Iteration: 10 fine-tune the model on dh U dl
Train Epoch: 0 [0/27108 (0%)]	Loss: 1.554249
Train Epoch: 0 [19200/27108 (71%)]	Loss: 1.805288
====> Epoch: 0 Average loss: 0.0260
Train Epoch: 1 [0/27108 (0%)]	Loss: 1.492183
Train Epoch: 1 [19200/27108 (71%)]	Loss: 1.921519
====> Epoch: 1 Average loss: 0.0258
Train Epoch: 2 [0/27108 (0%)]	Loss: 1.610066
Train Epoch: 2 [19200/27108 (71%)]	Loss: 1.460795
====> Epoch: 2 Average loss: 0.0258
Train Epoch: 3 [0/27108 (0%)]	Loss: 1.779043
Train Epoch: 3 [19200/27108 (71%)]	Loss: 1.547112
====> Epoch: 3 Average loss: 0.0258
Train Epoch: 4 [0/27108 (0%)]	Loss: 1.554688
Train Epoch: 4 [19200/27108 (71%)]	Loss: 1.600764
====> Epoch: 4 Average loss: 0.0258
Train Epoch: 5 [0/27108 (0%)]	Loss: 1.895736
Train Epoch: 5 [19200/27108 (71%)]	Loss: 1.886079
====> Epoch: 5 Average loss: 0.0257
Train Epoch: 6 [0/27108 (0%)]	Loss: 1.299366
Train Epoch: 6 [19200/27108 (71%)]	Loss: 1.812774
====> Epoch: 6 Average loss: 0.0256
Train Epoch: 7 [0/27108 (0%)]	Loss: 1.817982
Train Epoch: 7 [19200/27108 (71%)]	Loss: 1.976213
====> Epoch: 7 Average loss: 0.0256
Train Epoch: 8 [0/27108 (0%)]	Loss: 1.220769
Train Epoch: 8 [19200/27108 (71%)]	Loss: 1.771276
====> Epoch: 8 Average loss: 0.0256
Train Epoch: 9 [0/27108 (0%)]	Loss: 1.542534
Train Epoch: 9 [19200/27108 (71%)]	Loss: 1.881357
====> Epoch: 9 Average loss: 0.0255
[2024-12-01 18:56:23] INFO:__main__: Confusion matrix saved to: confusion_matrices/resnet18/cifar100/more_0.0_0.0_1/iter_10.npy
[2024-12-01 18:56:23] INFO:__main__: Overall Accuracy: 0.4945
[2024-12-01 18:56:23] INFO:__main__: Mean Precision: 0.5021
[2024-12-01 18:56:23] INFO:__main__: Mean Recall: 0.4945
[2024-12-01 18:56:23] INFO:__main__: Mean False Alarm: 0.0051
[2024-12-01 18:56:23] INFO:__main__: Per-class Precision SD: 0.1381
[2024-12-01 18:56:23] INFO:__main__: Per-class Recall SD: 0.1603
[2024-12-01 18:56:23] INFO:__main__: Per-class False Alarm SD: 0.0022
Total time: 1259.9265658855438
Additional time: 0.004615068435668945
[2024-12-01 18:56:23] INFO:__main__: Iteration: 11: run prediction on unlabeled data `du` 
[2024-12-01 18:57:38] INFO:__main__: Update size of `dl`  and `du` by adding uncertain 2000 samples in `dl` len(dl): 29108, len(du) 22892
[2024-12-01 18:57:38] INFO:__main__: Update size of `dl`  and `du` by adding 0 hcs samples in `dl` len(dl): 29108, len(du) 22892
[2024-12-01 18:57:38] INFO:__main__: Iteration: 11 fine-tune the model on dh U dl
Train Epoch: 0 [0/29108 (0%)]	Loss: 2.007675
Train Epoch: 0 [19200/29108 (66%)]	Loss: 1.765805
====> Epoch: 0 Average loss: 0.0257
Train Epoch: 1 [0/29108 (0%)]	Loss: 1.759976
Train Epoch: 1 [19200/29108 (66%)]	Loss: 1.775955
====> Epoch: 1 Average loss: 0.0259
Train Epoch: 2 [0/29108 (0%)]	Loss: 1.690055
Train Epoch: 2 [19200/29108 (66%)]	Loss: 1.374168
====> Epoch: 2 Average loss: 0.0258
Train Epoch: 3 [0/29108 (0%)]	Loss: 1.710249
Train Epoch: 3 [19200/29108 (66%)]	Loss: 1.297233
====> Epoch: 3 Average loss: 0.0256
Train Epoch: 4 [0/29108 (0%)]	Loss: 1.442799
Train Epoch: 4 [19200/29108 (66%)]	Loss: 1.659928
====> Epoch: 4 Average loss: 0.0257
Train Epoch: 5 [0/29108 (0%)]	Loss: 1.785227
Train Epoch: 5 [19200/29108 (66%)]	Loss: 1.602459
====> Epoch: 5 Average loss: 0.0256
Train Epoch: 6 [0/29108 (0%)]	Loss: 1.856521
Train Epoch: 6 [19200/29108 (66%)]	Loss: 1.484477
====> Epoch: 6 Average loss: 0.0257
Train Epoch: 7 [0/29108 (0%)]	Loss: 1.807929
Train Epoch: 7 [19200/29108 (66%)]	Loss: 1.748980
====> Epoch: 7 Average loss: 0.0256
Train Epoch: 8 [0/29108 (0%)]	Loss: 1.316555
Train Epoch: 8 [19200/29108 (66%)]	Loss: 1.209672
====> Epoch: 8 Average loss: 0.0254
Train Epoch: 9 [0/29108 (0%)]	Loss: 1.358868
Train Epoch: 9 [19200/29108 (66%)]	Loss: 1.804313
====> Epoch: 9 Average loss: 0.0255
[2024-12-01 19:18:45] INFO:__main__: Confusion matrix saved to: confusion_matrices/resnet18/cifar100/more_0.0_0.0_1/iter_11.npy
[2024-12-01 19:18:45] INFO:__main__: Overall Accuracy: 0.4863
[2024-12-01 19:18:45] INFO:__main__: Mean Precision: 0.5003
[2024-12-01 19:18:45] INFO:__main__: Mean Recall: 0.4863
[2024-12-01 19:18:45] INFO:__main__: Mean False Alarm: 0.0052
[2024-12-01 19:18:45] INFO:__main__: Per-class Precision SD: 0.1401
[2024-12-01 19:18:45] INFO:__main__: Per-class Recall SD: 0.1628
[2024-12-01 19:18:45] INFO:__main__: Per-class False Alarm SD: 0.0028
Total time: 1342.172534942627
Additional time: 0.004292488098144531
[2024-12-01 19:18:45] INFO:__main__: Iteration: 12: run prediction on unlabeled data `du` 
[2024-12-01 19:19:54] INFO:__main__: Update size of `dl`  and `du` by adding uncertain 2000 samples in `dl` len(dl): 31108, len(du) 20892
[2024-12-01 19:19:54] INFO:__main__: Update size of `dl`  and `du` by adding 0 hcs samples in `dl` len(dl): 31108, len(du) 20892
[2024-12-01 19:19:54] INFO:__main__: Iteration: 12 fine-tune the model on dh U dl
Train Epoch: 0 [0/31108 (0%)]	Loss: 1.873534
Train Epoch: 0 [19200/31108 (62%)]	Loss: 1.744433
====> Epoch: 0 Average loss: 0.0260
Train Epoch: 1 [0/31108 (0%)]	Loss: 1.715987
Train Epoch: 1 [19200/31108 (62%)]	Loss: 1.966852
====> Epoch: 1 Average loss: 0.0259
Train Epoch: 2 [0/31108 (0%)]	Loss: 1.799913
Train Epoch: 2 [19200/31108 (62%)]	Loss: 1.704124
====> Epoch: 2 Average loss: 0.0259
Train Epoch: 3 [0/31108 (0%)]	Loss: 1.659364
Train Epoch: 3 [19200/31108 (62%)]	Loss: 1.666808
====> Epoch: 3 Average loss: 0.0258
Train Epoch: 4 [0/31108 (0%)]	Loss: 1.786973
Train Epoch: 4 [19200/31108 (62%)]	Loss: 1.443794
====> Epoch: 4 Average loss: 0.0258
Train Epoch: 5 [0/31108 (0%)]	Loss: 1.542817
Train Epoch: 5 [19200/31108 (62%)]	Loss: 1.527833
====> Epoch: 5 Average loss: 0.0258
Train Epoch: 6 [0/31108 (0%)]	Loss: 1.834617
Train Epoch: 6 [19200/31108 (62%)]	Loss: 1.989326
====> Epoch: 6 Average loss: 0.0259
Train Epoch: 7 [0/31108 (0%)]	Loss: 1.372393
Train Epoch: 7 [19200/31108 (62%)]	Loss: 1.466890
====> Epoch: 7 Average loss: 0.0257
Train Epoch: 8 [0/31108 (0%)]	Loss: 1.692867
Train Epoch: 8 [19200/31108 (62%)]	Loss: 1.336991
====> Epoch: 8 Average loss: 0.0256
Train Epoch: 9 [0/31108 (0%)]	Loss: 1.688452
Train Epoch: 9 [19200/31108 (62%)]	Loss: 1.331788
====> Epoch: 9 Average loss: 0.0259
[2024-12-01 19:42:15] INFO:__main__: Confusion matrix saved to: confusion_matrices/resnet18/cifar100/more_0.0_0.0_1/iter_12.npy
[2024-12-01 19:42:15] INFO:__main__: Overall Accuracy: 0.4969
[2024-12-01 19:42:15] INFO:__main__: Mean Precision: 0.5079
[2024-12-01 19:42:15] INFO:__main__: Mean Recall: 0.4969
[2024-12-01 19:42:15] INFO:__main__: Mean False Alarm: 0.0051
[2024-12-01 19:42:15] INFO:__main__: Per-class Precision SD: 0.1449
[2024-12-01 19:42:15] INFO:__main__: Per-class Recall SD: 0.1649
[2024-12-01 19:42:15] INFO:__main__: Per-class False Alarm SD: 0.0025
Total time: 1410.2364597320557
Additional time: 0.0038030147552490234
[2024-12-01 19:42:15] INFO:__main__: Iteration: 13: run prediction on unlabeled data `du` 
[2024-12-01 19:43:17] INFO:__main__: Update size of `dl`  and `du` by adding uncertain 2000 samples in `dl` len(dl): 33108, len(du) 18892
[2024-12-01 19:43:17] INFO:__main__: Update size of `dl`  and `du` by adding 0 hcs samples in `dl` len(dl): 33108, len(du) 18892
[2024-12-01 19:43:18] INFO:__main__: Iteration: 13 fine-tune the model on dh U dl
Train Epoch: 0 [0/33108 (0%)]	Loss: 1.893535
Train Epoch: 0 [19200/33108 (58%)]	Loss: 1.515187
====> Epoch: 0 Average loss: 0.0257
Train Epoch: 1 [0/33108 (0%)]	Loss: 1.464881
Train Epoch: 1 [19200/33108 (58%)]	Loss: 1.587130
====> Epoch: 1 Average loss: 0.0259
Train Epoch: 2 [0/33108 (0%)]	Loss: 1.505042
Train Epoch: 2 [19200/33108 (58%)]	Loss: 1.633056
====> Epoch: 2 Average loss: 0.0258
Train Epoch: 3 [0/33108 (0%)]	Loss: 1.365398
Train Epoch: 3 [19200/33108 (58%)]	Loss: 1.823854
====> Epoch: 3 Average loss: 0.0259
Train Epoch: 4 [0/33108 (0%)]	Loss: 1.523197
Train Epoch: 4 [19200/33108 (58%)]	Loss: 1.223162
====> Epoch: 4 Average loss: 0.0257
Train Epoch: 5 [0/33108 (0%)]	Loss: 1.279753
Train Epoch: 5 [19200/33108 (58%)]	Loss: 1.759423
====> Epoch: 5 Average loss: 0.0258
Train Epoch: 6 [0/33108 (0%)]	Loss: 1.517145
Train Epoch: 6 [19200/33108 (58%)]	Loss: 1.569646
====> Epoch: 6 Average loss: 0.0258
Train Epoch: 7 [0/33108 (0%)]	Loss: 1.815233
Train Epoch: 7 [19200/33108 (58%)]	Loss: 1.921857
====> Epoch: 7 Average loss: 0.0257
Train Epoch: 8 [0/33108 (0%)]	Loss: 1.505138
Train Epoch: 8 [19200/33108 (58%)]	Loss: 1.906628
====> Epoch: 8 Average loss: 0.0257
Train Epoch: 9 [0/33108 (0%)]	Loss: 1.694890
Train Epoch: 9 [19200/33108 (58%)]	Loss: 1.605004
====> Epoch: 9 Average loss: 0.0257
[2024-12-01 20:07:14] INFO:__main__: Confusion matrix saved to: confusion_matrices/resnet18/cifar100/more_0.0_0.0_1/iter_13.npy
[2024-12-01 20:07:14] INFO:__main__: Overall Accuracy: 0.5074
[2024-12-01 20:07:14] INFO:__main__: Mean Precision: 0.5172
[2024-12-01 20:07:14] INFO:__main__: Mean Recall: 0.5074
[2024-12-01 20:07:14] INFO:__main__: Mean False Alarm: 0.0050
[2024-12-01 20:07:14] INFO:__main__: Per-class Precision SD: 0.1385
[2024-12-01 20:07:14] INFO:__main__: Per-class Recall SD: 0.1645
[2024-12-01 20:07:14] INFO:__main__: Per-class False Alarm SD: 0.0026
Total time: 1498.4844374656677
Additional time: 0.005033254623413086
[2024-12-01 20:07:14] INFO:__main__: Iteration: 14: run prediction on unlabeled data `du` 
[2024-12-01 20:08:08] INFO:__main__: Update size of `dl`  and `du` by adding uncertain 2000 samples in `dl` len(dl): 35108, len(du) 16892
[2024-12-01 20:08:08] INFO:__main__: Update size of `dl`  and `du` by adding 0 hcs samples in `dl` len(dl): 35108, len(du) 16892
[2024-12-01 20:08:09] INFO:__main__: Iteration: 14 fine-tune the model on dh U dl
Train Epoch: 0 [0/35108 (0%)]	Loss: 1.373981
Train Epoch: 0 [19200/35108 (55%)]	Loss: 1.647443
====> Epoch: 0 Average loss: 0.0257
Train Epoch: 1 [0/35108 (0%)]	Loss: 1.760634
Train Epoch: 1 [19200/35108 (55%)]	Loss: 1.562400
====> Epoch: 1 Average loss: 0.0259
Train Epoch: 2 [0/35108 (0%)]	Loss: 1.911138
Train Epoch: 2 [19200/35108 (55%)]	Loss: 2.089554
====> Epoch: 2 Average loss: 0.0258
Train Epoch: 3 [0/35108 (0%)]	Loss: 1.734640
Train Epoch: 3 [19200/35108 (55%)]	Loss: 1.854026
====> Epoch: 3 Average loss: 0.0259
Train Epoch: 4 [0/35108 (0%)]	Loss: 1.883608
Train Epoch: 4 [19200/35108 (55%)]	Loss: 1.376319
====> Epoch: 4 Average loss: 0.0258
Train Epoch: 5 [0/35108 (0%)]	Loss: 1.495813
Train Epoch: 5 [19200/35108 (55%)]	Loss: 1.850194
====> Epoch: 5 Average loss: 0.0258
Train Epoch: 6 [0/35108 (0%)]	Loss: 1.749127
Train Epoch: 6 [19200/35108 (55%)]	Loss: 1.618147
====> Epoch: 6 Average loss: 0.0258
Train Epoch: 7 [0/35108 (0%)]	Loss: 1.800497
Train Epoch: 7 [19200/35108 (55%)]	Loss: 1.713488
====> Epoch: 7 Average loss: 0.0258
Train Epoch: 8 [0/35108 (0%)]	Loss: 1.400190
Train Epoch: 8 [19200/35108 (55%)]	Loss: 1.813072
====> Epoch: 8 Average loss: 0.0257
Train Epoch: 9 [0/35108 (0%)]	Loss: 1.566728
Train Epoch: 9 [19200/35108 (55%)]	Loss: 1.548653
====> Epoch: 9 Average loss: 0.0256
[2024-12-01 20:33:24] INFO:__main__: Confusion matrix saved to: confusion_matrices/resnet18/cifar100/more_0.0_0.0_1/iter_14.npy
[2024-12-01 20:33:24] INFO:__main__: Overall Accuracy: 0.4955
[2024-12-01 20:33:24] INFO:__main__: Mean Precision: 0.5078
[2024-12-01 20:33:24] INFO:__main__: Mean Recall: 0.4955
[2024-12-01 20:33:24] INFO:__main__: Mean False Alarm: 0.0051
[2024-12-01 20:33:24] INFO:__main__: Per-class Precision SD: 0.1406
[2024-12-01 20:33:24] INFO:__main__: Per-class Recall SD: 0.1637
[2024-12-01 20:33:24] INFO:__main__: Per-class False Alarm SD: 0.0025
Total time: 1569.6753947734833
Additional time: 0.0032646656036376953
[2024-12-01 20:33:24] INFO:__main__: Iteration: 15: run prediction on unlabeled data `du` 
[2024-12-01 20:34:11] INFO:__main__: Update size of `dl`  and `du` by adding uncertain 2000 samples in `dl` len(dl): 37108, len(du) 14892
[2024-12-01 20:34:11] INFO:__main__: Update size of `dl`  and `du` by adding 0 hcs samples in `dl` len(dl): 37108, len(du) 14892
[2024-12-01 20:34:11] INFO:__main__: Iteration: 15 fine-tune the model on dh U dl
Train Epoch: 0 [0/37108 (0%)]	Loss: 1.822912
Train Epoch: 0 [19200/37108 (52%)]	Loss: 1.391340
====> Epoch: 0 Average loss: 0.0258
Train Epoch: 1 [0/37108 (0%)]	Loss: 1.494692
Train Epoch: 1 [19200/37108 (52%)]	Loss: 1.759983
====> Epoch: 1 Average loss: 0.0260
Train Epoch: 2 [0/37108 (0%)]	Loss: 1.684921
Train Epoch: 2 [19200/37108 (52%)]	Loss: 1.537468
====> Epoch: 2 Average loss: 0.0256
Train Epoch: 3 [0/37108 (0%)]	Loss: 1.545460
Train Epoch: 3 [19200/37108 (52%)]	Loss: 1.323015
====> Epoch: 3 Average loss: 0.0257
Train Epoch: 4 [0/37108 (0%)]	Loss: 1.377276
Train Epoch: 4 [19200/37108 (52%)]	Loss: 1.816304
====> Epoch: 4 Average loss: 0.0258
Train Epoch: 5 [0/37108 (0%)]	Loss: 1.274969
Train Epoch: 5 [19200/37108 (52%)]	Loss: 1.774097
====> Epoch: 5 Average loss: 0.0256
Train Epoch: 6 [0/37108 (0%)]	Loss: 1.494259
Train Epoch: 6 [19200/37108 (52%)]	Loss: 1.132358
====> Epoch: 6 Average loss: 0.0257
Train Epoch: 7 [0/37108 (0%)]	Loss: 1.559836
Train Epoch: 7 [19200/37108 (52%)]	Loss: 1.730247
====> Epoch: 7 Average loss: 0.0256
Train Epoch: 8 [0/37108 (0%)]	Loss: 1.879651
Train Epoch: 8 [19200/37108 (52%)]	Loss: 1.567770
====> Epoch: 8 Average loss: 0.0256
Train Epoch: 9 [0/37108 (0%)]	Loss: 1.783542
Train Epoch: 9 [19200/37108 (52%)]	Loss: 1.701801
====> Epoch: 9 Average loss: 0.0256
[2024-12-01 21:00:37] INFO:__main__: Confusion matrix saved to: confusion_matrices/resnet18/cifar100/more_0.0_0.0_1/iter_15.npy
[2024-12-01 21:00:37] INFO:__main__: Overall Accuracy: 0.4987
[2024-12-01 21:00:37] INFO:__main__: Mean Precision: 0.5048
[2024-12-01 21:00:37] INFO:__main__: Mean Recall: 0.4987
[2024-12-01 21:00:37] INFO:__main__: Mean False Alarm: 0.0051
[2024-12-01 21:00:37] INFO:__main__: Per-class Precision SD: 0.1401
[2024-12-01 21:00:37] INFO:__main__: Per-class Recall SD: 0.1600
[2024-12-01 21:00:37] INFO:__main__: Per-class False Alarm SD: 0.0022
Total time: 1633.8410513401031
Additional time: 0.0029125213623046875
[2024-12-01 21:00:37] INFO:__main__: Iteration: 16: run prediction on unlabeled data `du` 
[2024-12-01 21:01:19] INFO:__main__: Update size of `dl`  and `du` by adding uncertain 2000 samples in `dl` len(dl): 39108, len(du) 12892
[2024-12-01 21:01:19] INFO:__main__: Update size of `dl`  and `du` by adding 0 hcs samples in `dl` len(dl): 39108, len(du) 12892
[2024-12-01 21:01:20] INFO:__main__: Iteration: 16 fine-tune the model on dh U dl
Train Epoch: 0 [0/39108 (0%)]	Loss: 1.645523
Train Epoch: 0 [19200/39108 (49%)]	Loss: 1.453028
