[2024-12-01 15:38:13] INFO:__main__: Model: resnet18
[2024-12-01 15:38:13] INFO:__main__: Dataset: cifar100
[2024-12-01 15:38:13] INFO:__main__: Experiment type: more
[2024-12-01 15:38:13] INFO:__main__: Lambda weight: 0.0
[2024-12-01 15:38:13] INFO:__main__: Gamma weight: 0.0
[2024-12-01 15:38:13] INFO:__main__: Training epochs: 10
[2024-12-01 15:38:13] INFO:__main__: Batch size: 64
[2024-12-01 15:38:13] INFO:__main__: Using device: cuda
[2024-12-01 15:38:14] INFO:__main__: Initial configuration: len(du): 45000, len(dl): 5000 
[2024-12-01 15:38:14] INFO:__main__: Initialize training the model on `dl` and test on `dtest`
Train Epoch: 0 [0/5000 (0%)]	Loss: 4.806410
====> Epoch: 0 Average loss: 0.0702
Train Epoch: 1 [0/5000 (0%)]	Loss: 3.770164
====> Epoch: 1 Average loss: 0.0591
Train Epoch: 2 [0/5000 (0%)]	Loss: 3.474107
====> Epoch: 2 Average loss: 0.0520
Train Epoch: 3 [0/5000 (0%)]	Loss: 3.084587
====> Epoch: 3 Average loss: 0.0467
Train Epoch: 4 [0/5000 (0%)]	Loss: 2.828201
====> Epoch: 4 Average loss: 0.0437
Train Epoch: 5 [0/5000 (0%)]	Loss: 2.683926
====> Epoch: 5 Average loss: 0.0412
Train Epoch: 6 [0/5000 (0%)]	Loss: 2.384600
====> Epoch: 6 Average loss: 0.0392
Train Epoch: 7 [0/5000 (0%)]	Loss: 2.307717
====> Epoch: 7 Average loss: 0.0373
Train Epoch: 8 [0/5000 (0%)]	Loss: 2.348208
====> Epoch: 8 Average loss: 0.0359
Train Epoch: 9 [0/5000 (0%)]	Loss: 2.244882
====> Epoch: 9 Average loss: 0.0348
[2024-12-01 15:45:08] INFO:__main__: Confusion matrix saved to: confusion_matrices/resnet18/cifar100/more_0.0_0.0/initial.npy
[2024-12-01 15:45:08] INFO:__main__: Overall Accuracy: 0.3755
[2024-12-01 15:45:08] INFO:__main__: Mean Precision: 0.4076
[2024-12-01 15:45:08] INFO:__main__: Mean Recall: 0.3755
[2024-12-01 15:45:08] INFO:__main__: Mean False Alarm: 0.0063
[2024-12-01 15:45:08] INFO:__main__: Per-class Precision SD: 0.1539
[2024-12-01 15:45:08] INFO:__main__: Per-class Recall SD: 0.2064
[2024-12-01 15:45:08] INFO:__main__: Per-class False Alarm SD: 0.0050
[2024-12-01 15:45:08] INFO:__main__: Iteration: 0: run prediction on unlabeled data `du` 
[2024-12-01 15:49:38] INFO:__main__: Update size of `dl`  and `du` by adding uncertain 2000 samples in `dl` len(dl): 7000, len(du) 45000
[2024-12-01 15:49:38] INFO:__main__: Update size of `dl`  and `du` by adding 0 hcs samples in `dl` len(dl): 7000, len(du) 45000
[2024-12-01 15:49:40] INFO:__main__: Iteration: 0 fine-tune the model on dh U dl
Train Epoch: 0 [0/7000 (0%)]	Loss: 2.248852
====> Epoch: 0 Average loss: 0.0352
Train Epoch: 1 [0/7000 (0%)]	Loss: 1.899378
====> Epoch: 1 Average loss: 0.0341
Train Epoch: 2 [0/7000 (0%)]	Loss: 1.954131
====> Epoch: 2 Average loss: 0.0330
Train Epoch: 3 [0/7000 (0%)]	Loss: 2.090871
====> Epoch: 3 Average loss: 0.0321
Train Epoch: 4 [0/7000 (0%)]	Loss: 2.120406
====> Epoch: 4 Average loss: 0.0316
Train Epoch: 5 [0/7000 (0%)]	Loss: 2.453741
====> Epoch: 5 Average loss: 0.0307
Train Epoch: 6 [0/7000 (0%)]	Loss: 2.417841
====> Epoch: 6 Average loss: 0.0302
Train Epoch: 7 [0/7000 (0%)]	Loss: 1.502766
====> Epoch: 7 Average loss: 0.0298
Train Epoch: 8 [0/7000 (0%)]	Loss: 2.210099
====> Epoch: 8 Average loss: 0.0291
Train Epoch: 9 [0/7000 (0%)]	Loss: 1.567320
====> Epoch: 9 Average loss: 0.0288
[2024-12-01 15:59:08] INFO:__main__: Confusion matrix saved to: confusion_matrices/resnet18/cifar100/more_0.0_0.0/iter_0.npy
[2024-12-01 15:59:08] INFO:__main__: Overall Accuracy: 0.4211
[2024-12-01 15:59:08] INFO:__main__: Mean Precision: 0.4349
[2024-12-01 15:59:08] INFO:__main__: Mean Recall: 0.4211
[2024-12-01 15:59:08] INFO:__main__: Mean False Alarm: 0.0058
[2024-12-01 15:59:08] INFO:__main__: Per-class Precision SD: 0.1442
[2024-12-01 15:59:08] INFO:__main__: Per-class Recall SD: 0.1759
[2024-12-01 15:59:08] INFO:__main__: Per-class False Alarm SD: 0.0032
Total time: 840.2427732944489
Additional time: 0.01052403450012207
[2024-12-01 15:59:08] INFO:__main__: Iteration: 1: run prediction on unlabeled data `du` 
[2024-12-01 16:03:31] INFO:__main__: Update size of `dl`  and `du` by adding uncertain 2000 samples in `dl` len(dl): 9000, len(du) 43000
[2024-12-01 16:03:31] INFO:__main__: Update size of `dl`  and `du` by adding 8 hcs samples in `dl` len(dl): 9008, len(du) 43000
[2024-12-01 16:03:32] INFO:__main__: Iteration: 1 fine-tune the model on dh U dl
Train Epoch: 0 [0/9008 (0%)]	Loss: 1.673916
====> Epoch: 0 Average loss: 0.0300
Train Epoch: 1 [0/9008 (0%)]	Loss: 1.658004
====> Epoch: 1 Average loss: 0.0296
Train Epoch: 2 [0/9008 (0%)]	Loss: 1.928306
====> Epoch: 2 Average loss: 0.0290
Train Epoch: 3 [0/9008 (0%)]	Loss: 1.502767
====> Epoch: 3 Average loss: 0.0288
Train Epoch: 4 [0/9008 (0%)]	Loss: 1.591756
====> Epoch: 4 Average loss: 0.0285
Train Epoch: 5 [0/9008 (0%)]	Loss: 1.616420
====> Epoch: 5 Average loss: 0.0281
Train Epoch: 6 [0/9008 (0%)]	Loss: 1.807057
====> Epoch: 6 Average loss: 0.0276
Train Epoch: 7 [0/9008 (0%)]	Loss: 1.904751
====> Epoch: 7 Average loss: 0.0275
Train Epoch: 8 [0/9008 (0%)]	Loss: 1.834610
====> Epoch: 8 Average loss: 0.0272
Train Epoch: 9 [0/9008 (0%)]	Loss: 1.712215
====> Epoch: 9 Average loss: 0.0268
[2024-12-01 16:14:58] INFO:__main__: Confusion matrix saved to: confusion_matrices/resnet18/cifar100/more_0.0_0.0/iter_1.npy
[2024-12-01 16:14:58] INFO:__main__: Overall Accuracy: 0.4371
[2024-12-01 16:14:58] INFO:__main__: Mean Precision: 0.4566
[2024-12-01 16:14:58] INFO:__main__: Mean Recall: 0.4371
[2024-12-01 16:14:58] INFO:__main__: Mean False Alarm: 0.0057
[2024-12-01 16:14:58] INFO:__main__: Per-class Precision SD: 0.1478
[2024-12-01 16:14:58] INFO:__main__: Per-class Recall SD: 0.1718
[2024-12-01 16:14:58] INFO:__main__: Per-class False Alarm SD: 0.0035
Total time: 950.3820986747742
Additional time: 0.0073337554931640625
[2024-12-01 16:14:58] INFO:__main__: Iteration: 2: run prediction on unlabeled data `du` 
[2024-12-01 16:19:05] INFO:__main__: Update size of `dl`  and `du` by adding uncertain 2000 samples in `dl` len(dl): 11008, len(du) 40992
[2024-12-01 16:19:05] INFO:__main__: Update size of `dl`  and `du` by adding 27 hcs samples in `dl` len(dl): 11035, len(du) 40992
[2024-12-01 16:19:07] INFO:__main__: Iteration: 2 fine-tune the model on dh U dl
Train Epoch: 0 [0/11035 (0%)]	Loss: 1.705662
====> Epoch: 0 Average loss: 0.0285
Train Epoch: 1 [0/11035 (0%)]	Loss: 1.813251
====> Epoch: 1 Average loss: 0.0280
Train Epoch: 2 [0/11035 (0%)]	Loss: 2.100596
====> Epoch: 2 Average loss: 0.0279
Train Epoch: 3 [0/11035 (0%)]	Loss: 1.654218
====> Epoch: 3 Average loss: 0.0275
Train Epoch: 4 [0/11035 (0%)]	Loss: 1.232949
====> Epoch: 4 Average loss: 0.0273
Train Epoch: 5 [0/11035 (0%)]	Loss: 1.674864
====> Epoch: 5 Average loss: 0.0270
Train Epoch: 6 [0/11035 (0%)]	Loss: 1.946833
====> Epoch: 6 Average loss: 0.0269
Train Epoch: 7 [0/11035 (0%)]	Loss: 1.452810
====> Epoch: 7 Average loss: 0.0266
Train Epoch: 8 [0/11035 (0%)]	Loss: 1.721943
====> Epoch: 8 Average loss: 0.0265
Train Epoch: 9 [0/11035 (0%)]	Loss: 1.866916
====> Epoch: 9 Average loss: 0.0264
[2024-12-01 16:31:18] INFO:__main__: Confusion matrix saved to: confusion_matrices/resnet18/cifar100/more_0.0_0.0/iter_2.npy
[2024-12-01 16:31:18] INFO:__main__: Overall Accuracy: 0.4495
[2024-12-01 16:31:18] INFO:__main__: Mean Precision: 0.4660
[2024-12-01 16:31:18] INFO:__main__: Mean Recall: 0.4495
[2024-12-01 16:31:18] INFO:__main__: Mean False Alarm: 0.0056
[2024-12-01 16:31:18] INFO:__main__: Per-class Precision SD: 0.1429
[2024-12-01 16:31:18] INFO:__main__: Per-class Recall SD: 0.1657
[2024-12-01 16:31:18] INFO:__main__: Per-class False Alarm SD: 0.0027
Total time: 979.6304790973663
Additional time: 0.007142305374145508
[2024-12-01 16:31:18] INFO:__main__: Iteration: 3: run prediction on unlabeled data `du` 
[2024-12-01 16:34:36] INFO:__main__: Update size of `dl`  and `du` by adding uncertain 2000 samples in `dl` len(dl): 13035, len(du) 38965
[2024-12-01 16:34:36] INFO:__main__: Update size of `dl`  and `du` by adding 42 hcs samples in `dl` len(dl): 13077, len(du) 38965
[2024-12-01 16:34:37] INFO:__main__: Iteration: 3 fine-tune the model on dh U dl
Train Epoch: 0 [0/13077 (0%)]	Loss: 1.522759
====> Epoch: 0 Average loss: 0.0276
Train Epoch: 1 [0/13077 (0%)]	Loss: 1.712167
====> Epoch: 1 Average loss: 0.0277
Train Epoch: 2 [0/13077 (0%)]	Loss: 1.585015
====> Epoch: 2 Average loss: 0.0273
Train Epoch: 3 [0/13077 (0%)]	Loss: 1.859766
====> Epoch: 3 Average loss: 0.0271
Train Epoch: 4 [0/13077 (0%)]	Loss: 1.469517
====> Epoch: 4 Average loss: 0.0270
Train Epoch: 5 [0/13077 (0%)]	Loss: 2.020187
====> Epoch: 5 Average loss: 0.0267
Train Epoch: 6 [0/13077 (0%)]	Loss: 2.011718
====> Epoch: 6 Average loss: 0.0269
Train Epoch: 7 [0/13077 (0%)]	Loss: 1.928425
====> Epoch: 7 Average loss: 0.0265
Train Epoch: 8 [0/13077 (0%)]	Loss: 1.652094
====> Epoch: 8 Average loss: 0.0264
Train Epoch: 9 [0/13077 (0%)]	Loss: 1.523165
====> Epoch: 9 Average loss: 0.0261
[2024-12-01 16:48:47] INFO:__main__: Confusion matrix saved to: confusion_matrices/resnet18/cifar100/more_0.0_0.0/iter_3.npy
[2024-12-01 16:48:47] INFO:__main__: Overall Accuracy: 0.4591
[2024-12-01 16:48:47] INFO:__main__: Mean Precision: 0.4766
[2024-12-01 16:48:47] INFO:__main__: Mean Recall: 0.4591
[2024-12-01 16:48:47] INFO:__main__: Mean False Alarm: 0.0055
[2024-12-01 16:48:47] INFO:__main__: Per-class Precision SD: 0.1415
[2024-12-01 16:48:47] INFO:__main__: Per-class Recall SD: 0.1582
[2024-12-01 16:48:47] INFO:__main__: Per-class False Alarm SD: 0.0031
Total time: 1049.1412332057953
Additional time: 0.007444143295288086
[2024-12-01 16:48:47] INFO:__main__: Iteration: 4: run prediction on unlabeled data `du` 
[2024-12-01 16:51:58] INFO:__main__: Update size of `dl`  and `du` by adding uncertain 2000 samples in `dl` len(dl): 15077, len(du) 36923
[2024-12-01 16:51:58] INFO:__main__: Update size of `dl`  and `du` by adding 25 hcs samples in `dl` len(dl): 15102, len(du) 36923
[2024-12-01 16:51:59] INFO:__main__: Iteration: 4 fine-tune the model on dh U dl
Train Epoch: 0 [0/15102 (0%)]	Loss: 1.880847
====> Epoch: 0 Average loss: 0.0270
Train Epoch: 1 [0/15102 (0%)]	Loss: 1.632831
====> Epoch: 1 Average loss: 0.0271
Train Epoch: 2 [0/15102 (0%)]	Loss: 1.763860
====> Epoch: 2 Average loss: 0.0269
Train Epoch: 3 [0/15102 (0%)]	Loss: 1.941415
====> Epoch: 3 Average loss: 0.0266
Train Epoch: 4 [0/15102 (0%)]	Loss: 1.741023
====> Epoch: 4 Average loss: 0.0264
Train Epoch: 5 [0/15102 (0%)]	Loss: 1.630737
====> Epoch: 5 Average loss: 0.0261
Train Epoch: 6 [0/15102 (0%)]	Loss: 1.681534
====> Epoch: 6 Average loss: 0.0263
Train Epoch: 7 [0/15102 (0%)]	Loss: 2.038740
====> Epoch: 7 Average loss: 0.0263
Train Epoch: 8 [0/15102 (0%)]	Loss: 1.463062
====> Epoch: 8 Average loss: 0.0261
Train Epoch: 9 [0/15102 (0%)]	Loss: 1.730086
====> Epoch: 9 Average loss: 0.0260
[2024-12-01 17:08:19] INFO:__main__: Confusion matrix saved to: confusion_matrices/resnet18/cifar100/more_0.0_0.0/iter_4.npy
[2024-12-01 17:08:19] INFO:__main__: Overall Accuracy: 0.4673
[2024-12-01 17:08:19] INFO:__main__: Mean Precision: 0.4837
[2024-12-01 17:08:19] INFO:__main__: Mean Recall: 0.4673
[2024-12-01 17:08:19] INFO:__main__: Mean False Alarm: 0.0054
[2024-12-01 17:08:19] INFO:__main__: Per-class Precision SD: 0.1403
[2024-12-01 17:08:19] INFO:__main__: Per-class Recall SD: 0.1629
[2024-12-01 17:08:19] INFO:__main__: Per-class False Alarm SD: 0.0027
Total time: 1171.626541852951
Additional time: 0.0064775943756103516
[2024-12-01 17:08:19] INFO:__main__: Iteration: 5: run prediction on unlabeled data `du` 
[2024-12-01 17:11:07] INFO:__main__: Update size of `dl`  and `du` by adding uncertain 2000 samples in `dl` len(dl): 17102, len(du) 34898
[2024-12-01 17:11:08] INFO:__main__: Update size of `dl`  and `du` by adding 12 hcs samples in `dl` len(dl): 17114, len(du) 34898
[2024-12-01 17:11:09] INFO:__main__: Iteration: 5 fine-tune the model on dh U dl
Train Epoch: 0 [0/17114 (0%)]	Loss: 1.568209
====> Epoch: 0 Average loss: 0.0270
Train Epoch: 1 [0/17114 (0%)]	Loss: 1.712950
====> Epoch: 1 Average loss: 0.0268
Train Epoch: 2 [0/17114 (0%)]	Loss: 1.668462
====> Epoch: 2 Average loss: 0.0269
Train Epoch: 3 [0/17114 (0%)]	Loss: 1.325214
====> Epoch: 3 Average loss: 0.0266
Train Epoch: 4 [0/17114 (0%)]	Loss: 1.715284
====> Epoch: 4 Average loss: 0.0266
Train Epoch: 5 [0/17114 (0%)]	Loss: 2.170486
====> Epoch: 5 Average loss: 0.0263
Train Epoch: 6 [0/17114 (0%)]	Loss: 1.784300
====> Epoch: 6 Average loss: 0.0262
Train Epoch: 7 [0/17114 (0%)]	Loss: 1.816171
====> Epoch: 7 Average loss: 0.0261
Train Epoch: 8 [0/17114 (0%)]	Loss: 1.810986
====> Epoch: 8 Average loss: 0.0260
Train Epoch: 9 [0/17114 (0%)]	Loss: 1.792765
====> Epoch: 9 Average loss: 0.0258
[2024-12-01 17:24:00] INFO:__main__: Confusion matrix saved to: confusion_matrices/resnet18/cifar100/more_0.0_0.0/iter_5.npy
[2024-12-01 17:24:00] INFO:__main__: Overall Accuracy: 0.4754
[2024-12-01 17:24:00] INFO:__main__: Mean Precision: 0.4879
[2024-12-01 17:24:00] INFO:__main__: Mean Recall: 0.4754
[2024-12-01 17:24:00] INFO:__main__: Mean False Alarm: 0.0053
[2024-12-01 17:24:00] INFO:__main__: Per-class Precision SD: 0.1385
[2024-12-01 17:24:00] INFO:__main__: Per-class Recall SD: 0.1561
[2024-12-01 17:24:00] INFO:__main__: Per-class False Alarm SD: 0.0027
Total time: 941.4047284126282
Additional time: 0.005799055099487305
[2024-12-01 17:24:00] INFO:__main__: Iteration: 6: run prediction on unlabeled data `du` 
[2024-12-01 17:25:48] INFO:__main__: Update size of `dl`  and `du` by adding uncertain 2000 samples in `dl` len(dl): 19114, len(du) 32886
[2024-12-01 17:25:48] INFO:__main__: Update size of `dl`  and `du` by adding 0 hcs samples in `dl` len(dl): 19114, len(du) 32886
[2024-12-01 17:25:49] INFO:__main__: Iteration: 6 fine-tune the model on dh U dl
Train Epoch: 0 [0/19114 (0%)]	Loss: 1.513800
====> Epoch: 0 Average loss: 0.0264
Train Epoch: 1 [0/19114 (0%)]	Loss: 1.919019
====> Epoch: 1 Average loss: 0.0266
Train Epoch: 2 [0/19114 (0%)]	Loss: 1.862161
====> Epoch: 2 Average loss: 0.0265
Train Epoch: 3 [0/19114 (0%)]	Loss: 1.653392
====> Epoch: 3 Average loss: 0.0264
Train Epoch: 4 [0/19114 (0%)]	Loss: 1.526021
====> Epoch: 4 Average loss: 0.0259
Train Epoch: 5 [0/19114 (0%)]	Loss: 1.513105
====> Epoch: 5 Average loss: 0.0260
Train Epoch: 6 [0/19114 (0%)]	Loss: 1.416183
====> Epoch: 6 Average loss: 0.0260
Train Epoch: 7 [0/19114 (0%)]	Loss: 1.520629
====> Epoch: 7 Average loss: 0.0260
Train Epoch: 8 [0/19114 (0%)]	Loss: 1.757030
====> Epoch: 8 Average loss: 0.0259
Train Epoch: 9 [0/19114 (0%)]	Loss: 1.727697
====> Epoch: 9 Average loss: 0.0257
[2024-12-01 17:40:10] INFO:__main__: Confusion matrix saved to: confusion_matrices/resnet18/cifar100/more_0.0_0.0/iter_6.npy
[2024-12-01 17:40:10] INFO:__main__: Overall Accuracy: 0.4725
[2024-12-01 17:40:10] INFO:__main__: Mean Precision: 0.4832
[2024-12-01 17:40:10] INFO:__main__: Mean Recall: 0.4725
[2024-12-01 17:40:10] INFO:__main__: Mean False Alarm: 0.0053
[2024-12-01 17:40:10] INFO:__main__: Per-class Precision SD: 0.1434
[2024-12-01 17:40:10] INFO:__main__: Per-class Recall SD: 0.1724
[2024-12-01 17:40:10] INFO:__main__: Per-class False Alarm SD: 0.0028
Total time: 969.3092555999756
Additional time: 0.00635218620300293
[2024-12-01 17:40:10] INFO:__main__: Iteration: 7: run prediction on unlabeled data `du` 
[2024-12-01 17:41:50] INFO:__main__: Update size of `dl`  and `du` by adding uncertain 2000 samples in `dl` len(dl): 21114, len(du) 30886
[2024-12-01 17:41:50] INFO:__main__: Update size of `dl`  and `du` by adding 0 hcs samples in `dl` len(dl): 21114, len(du) 30886
[2024-12-01 17:41:51] INFO:__main__: Iteration: 7 fine-tune the model on dh U dl
Train Epoch: 0 [0/21114 (0%)]	Loss: 1.365116
Train Epoch: 0 [19200/21114 (91%)]	Loss: 1.572007
====> Epoch: 0 Average loss: 0.0264
Train Epoch: 1 [0/21114 (0%)]	Loss: 1.520792
Train Epoch: 1 [19200/21114 (91%)]	Loss: 1.617507
====> Epoch: 1 Average loss: 0.0262
Train Epoch: 2 [0/21114 (0%)]	Loss: 1.651827
Train Epoch: 2 [19200/21114 (91%)]	Loss: 1.644692
====> Epoch: 2 Average loss: 0.0260
Train Epoch: 3 [0/21114 (0%)]	Loss: 1.841456
Train Epoch: 3 [19200/21114 (91%)]	Loss: 1.751298
====> Epoch: 3 Average loss: 0.0259
Train Epoch: 4 [0/21114 (0%)]	Loss: 1.710827
Train Epoch: 4 [19200/21114 (91%)]	Loss: 1.108598
====> Epoch: 4 Average loss: 0.0260
Train Epoch: 5 [0/21114 (0%)]	Loss: 1.571302
Train Epoch: 5 [19200/21114 (91%)]	Loss: 1.585713
====> Epoch: 5 Average loss: 0.0259
Train Epoch: 6 [0/21114 (0%)]	Loss: 1.935669
Train Epoch: 6 [19200/21114 (91%)]	Loss: 1.811201
====> Epoch: 6 Average loss: 0.0259
Train Epoch: 7 [0/21114 (0%)]	Loss: 1.486934
Train Epoch: 7 [19200/21114 (91%)]	Loss: 1.213028
====> Epoch: 7 Average loss: 0.0257
Train Epoch: 8 [0/21114 (0%)]	Loss: 1.774521
Train Epoch: 8 [19200/21114 (91%)]	Loss: 1.566383
====> Epoch: 8 Average loss: 0.0257
Train Epoch: 9 [0/21114 (0%)]	Loss: 1.797622
Train Epoch: 9 [19200/21114 (91%)]	Loss: 1.536647
====> Epoch: 9 Average loss: 0.0256
[2024-12-01 17:57:28] INFO:__main__: Confusion matrix saved to: confusion_matrices/resnet18/cifar100/more_0.0_0.0/iter_7.npy
[2024-12-01 17:57:28] INFO:__main__: Overall Accuracy: 0.4867
[2024-12-01 17:57:28] INFO:__main__: Mean Precision: 0.4941
[2024-12-01 17:57:28] INFO:__main__: Mean Recall: 0.4867
[2024-12-01 17:57:28] INFO:__main__: Mean False Alarm: 0.0052
[2024-12-01 17:57:28] INFO:__main__: Per-class Precision SD: 0.1344
[2024-12-01 17:57:28] INFO:__main__: Per-class Recall SD: 0.1668
[2024-12-01 17:57:28] INFO:__main__: Per-class False Alarm SD: 0.0023
Total time: 1038.260684967041
Additional time: 0.0054700374603271484
[2024-12-01 17:57:28] INFO:__main__: Iteration: 8: run prediction on unlabeled data `du` 
[2024-12-01 17:59:01] INFO:__main__: Update size of `dl`  and `du` by adding uncertain 2000 samples in `dl` len(dl): 23114, len(du) 28886
[2024-12-01 17:59:01] INFO:__main__: Update size of `dl`  and `du` by adding 0 hcs samples in `dl` len(dl): 23114, len(du) 28886
[2024-12-01 17:59:02] INFO:__main__: Iteration: 8 fine-tune the model on dh U dl
Train Epoch: 0 [0/23114 (0%)]	Loss: 1.593177
Train Epoch: 0 [19200/23114 (83%)]	Loss: 1.351023
====> Epoch: 0 Average loss: 0.0263
Train Epoch: 1 [0/23114 (0%)]	Loss: 1.777344
Train Epoch: 1 [19200/23114 (83%)]	Loss: 1.624007
====> Epoch: 1 Average loss: 0.0263
Train Epoch: 2 [0/23114 (0%)]	Loss: 1.613270
Train Epoch: 2 [19200/23114 (83%)]	Loss: 1.458955
====> Epoch: 2 Average loss: 0.0263
Train Epoch: 3 [0/23114 (0%)]	Loss: 1.509697
Train Epoch: 3 [19200/23114 (83%)]	Loss: 2.130018
====> Epoch: 3 Average loss: 0.0259
Train Epoch: 4 [0/23114 (0%)]	Loss: 1.509945
Train Epoch: 4 [19200/23114 (83%)]	Loss: 2.093401
====> Epoch: 4 Average loss: 0.0261
Train Epoch: 5 [0/23114 (0%)]	Loss: 1.716062
Train Epoch: 5 [19200/23114 (83%)]	Loss: 1.952666
====> Epoch: 5 Average loss: 0.0260
Train Epoch: 6 [0/23114 (0%)]	Loss: 1.457728
Train Epoch: 6 [19200/23114 (83%)]	Loss: 1.920020
====> Epoch: 6 Average loss: 0.0260
Train Epoch: 7 [0/23114 (0%)]	Loss: 1.709045
Train Epoch: 7 [19200/23114 (83%)]	Loss: 1.855278
====> Epoch: 7 Average loss: 0.0259
Train Epoch: 8 [0/23114 (0%)]	Loss: 1.392037
Train Epoch: 8 [19200/23114 (83%)]	Loss: 1.725986
====> Epoch: 8 Average loss: 0.0259
Train Epoch: 9 [0/23114 (0%)]	Loss: 1.505714
Train Epoch: 9 [19200/23114 (83%)]	Loss: 1.859090
====> Epoch: 9 Average loss: 0.0257
[2024-12-01 18:16:02] INFO:__main__: Confusion matrix saved to: confusion_matrices/resnet18/cifar100/more_0.0_0.0/iter_8.npy
[2024-12-01 18:16:02] INFO:__main__: Overall Accuracy: 0.4868
[2024-12-01 18:16:02] INFO:__main__: Mean Precision: 0.4909
[2024-12-01 18:16:02] INFO:__main__: Mean Recall: 0.4868
[2024-12-01 18:16:02] INFO:__main__: Mean False Alarm: 0.0052
[2024-12-01 18:16:02] INFO:__main__: Per-class Precision SD: 0.1304
[2024-12-01 18:16:02] INFO:__main__: Per-class Recall SD: 0.1648
[2024-12-01 18:16:02] INFO:__main__: Per-class False Alarm SD: 0.0020
Total time: 1114.359617471695
Additional time: 0.006993770599365234
[2024-12-01 18:16:02] INFO:__main__: Iteration: 9: run prediction on unlabeled data `du` 
[2024-12-01 18:17:31] INFO:__main__: Update size of `dl`  and `du` by adding uncertain 2000 samples in `dl` len(dl): 25114, len(du) 26886
[2024-12-01 18:17:31] INFO:__main__: Update size of `dl`  and `du` by adding 0 hcs samples in `dl` len(dl): 25114, len(du) 26886
[2024-12-01 18:17:32] INFO:__main__: Iteration: 9 fine-tune the model on dh U dl
Train Epoch: 0 [0/25114 (0%)]	Loss: 1.636501
Train Epoch: 0 [19200/25114 (76%)]	Loss: 2.328758
====> Epoch: 0 Average loss: 0.0261
Train Epoch: 1 [0/25114 (0%)]	Loss: 1.663046
Train Epoch: 1 [19200/25114 (76%)]	Loss: 1.173775
====> Epoch: 1 Average loss: 0.0260
Train Epoch: 2 [0/25114 (0%)]	Loss: 1.473769
Train Epoch: 2 [19200/25114 (76%)]	Loss: 1.702472
====> Epoch: 2 Average loss: 0.0259
Train Epoch: 3 [0/25114 (0%)]	Loss: 1.438956
Train Epoch: 3 [19200/25114 (76%)]	Loss: 1.572952
====> Epoch: 3 Average loss: 0.0258
Train Epoch: 4 [0/25114 (0%)]	Loss: 1.690294
Train Epoch: 4 [19200/25114 (76%)]	Loss: 1.747248
====> Epoch: 4 Average loss: 0.0259
Train Epoch: 5 [0/25114 (0%)]	Loss: 1.782976
Train Epoch: 5 [19200/25114 (76%)]	Loss: 1.701252
====> Epoch: 5 Average loss: 0.0259
Train Epoch: 6 [0/25114 (0%)]	Loss: 1.988410
Train Epoch: 6 [19200/25114 (76%)]	Loss: 1.667225
====> Epoch: 6 Average loss: 0.0258
Train Epoch: 7 [0/25114 (0%)]	Loss: 1.748868
Train Epoch: 7 [19200/25114 (76%)]	Loss: 2.149327
====> Epoch: 7 Average loss: 0.0257
Train Epoch: 8 [0/25114 (0%)]	Loss: 1.284497
Train Epoch: 8 [19200/25114 (76%)]	Loss: 1.552643
====> Epoch: 8 Average loss: 0.0257
Train Epoch: 9 [0/25114 (0%)]	Loss: 1.937985
Train Epoch: 9 [19200/25114 (76%)]	Loss: 1.690968
====> Epoch: 9 Average loss: 0.0258
[2024-12-01 18:35:44] INFO:__main__: Confusion matrix saved to: confusion_matrices/resnet18/cifar100/more_0.0_0.0/iter_9.npy
[2024-12-01 18:35:44] INFO:__main__: Overall Accuracy: 0.4929
[2024-12-01 18:35:44] INFO:__main__: Mean Precision: 0.5029
[2024-12-01 18:35:44] INFO:__main__: Mean Recall: 0.4929
[2024-12-01 18:35:44] INFO:__main__: Mean False Alarm: 0.0051
[2024-12-01 18:35:44] INFO:__main__: Per-class Precision SD: 0.1408
[2024-12-01 18:35:44] INFO:__main__: Per-class Recall SD: 0.1623
[2024-12-01 18:35:44] INFO:__main__: Per-class False Alarm SD: 0.0023
Total time: 1181.4699325561523
Additional time: 0.008667230606079102
[2024-12-01 18:35:44] INFO:__main__: Iteration: 10: run prediction on unlabeled data `du` 
[2024-12-01 18:37:07] INFO:__main__: Update size of `dl`  and `du` by adding uncertain 2000 samples in `dl` len(dl): 27114, len(du) 24886
[2024-12-01 18:37:07] INFO:__main__: Update size of `dl`  and `du` by adding 0 hcs samples in `dl` len(dl): 27114, len(du) 24886
[2024-12-01 18:37:08] INFO:__main__: Iteration: 10 fine-tune the model on dh U dl
Train Epoch: 0 [0/27114 (0%)]	Loss: 1.690979
Train Epoch: 0 [19200/27114 (71%)]	Loss: 1.850304
====> Epoch: 0 Average loss: 0.0259
Train Epoch: 1 [0/27114 (0%)]	Loss: 1.844080
Train Epoch: 1 [19200/27114 (71%)]	Loss: 2.315445
====> Epoch: 1 Average loss: 0.0259
Train Epoch: 2 [0/27114 (0%)]	Loss: 1.465325
Train Epoch: 2 [19200/27114 (71%)]	Loss: 1.882805
====> Epoch: 2 Average loss: 0.0257
Train Epoch: 3 [0/27114 (0%)]	Loss: 1.516368
Train Epoch: 3 [19200/27114 (71%)]	Loss: 2.062962
====> Epoch: 3 Average loss: 0.0259
Train Epoch: 4 [0/27114 (0%)]	Loss: 1.815679
Train Epoch: 4 [19200/27114 (71%)]	Loss: 1.453942
====> Epoch: 4 Average loss: 0.0256
Train Epoch: 5 [0/27114 (0%)]	Loss: 1.620011
Train Epoch: 5 [19200/27114 (71%)]	Loss: 1.292931
====> Epoch: 5 Average loss: 0.0257
Train Epoch: 6 [0/27114 (0%)]	Loss: 1.446147
Train Epoch: 6 [19200/27114 (71%)]	Loss: 1.636811
====> Epoch: 6 Average loss: 0.0257
Train Epoch: 7 [0/27114 (0%)]	Loss: 1.844985
Train Epoch: 7 [19200/27114 (71%)]	Loss: 1.816177
====> Epoch: 7 Average loss: 0.0256
Train Epoch: 8 [0/27114 (0%)]	Loss: 1.789762
Train Epoch: 8 [19200/27114 (71%)]	Loss: 1.247983
====> Epoch: 8 Average loss: 0.0257
Train Epoch: 9 [0/27114 (0%)]	Loss: 1.950971
Train Epoch: 9 [19200/27114 (71%)]	Loss: 1.906126
====> Epoch: 9 Average loss: 0.0255
[2024-12-01 18:56:45] INFO:__main__: Confusion matrix saved to: confusion_matrices/resnet18/cifar100/more_0.0_0.0/iter_10.npy
[2024-12-01 18:56:45] INFO:__main__: Overall Accuracy: 0.4897
[2024-12-01 18:56:45] INFO:__main__: Mean Precision: 0.5008
[2024-12-01 18:56:45] INFO:__main__: Mean Recall: 0.4897
[2024-12-01 18:56:45] INFO:__main__: Mean False Alarm: 0.0052
[2024-12-01 18:56:45] INFO:__main__: Per-class Precision SD: 0.1356
[2024-12-01 18:56:45] INFO:__main__: Per-class Recall SD: 0.1670
[2024-12-01 18:56:45] INFO:__main__: Per-class False Alarm SD: 0.0025
Total time: 1260.952293395996
Additional time: 0.004491567611694336
[2024-12-01 18:56:45] INFO:__main__: Iteration: 11: run prediction on unlabeled data `du` 
[2024-12-01 18:58:01] INFO:__main__: Update size of `dl`  and `du` by adding uncertain 2000 samples in `dl` len(dl): 29114, len(du) 22886
[2024-12-01 18:58:01] INFO:__main__: Update size of `dl`  and `du` by adding 0 hcs samples in `dl` len(dl): 29114, len(du) 22886
[2024-12-01 18:58:02] INFO:__main__: Iteration: 11 fine-tune the model on dh U dl
Train Epoch: 0 [0/29114 (0%)]	Loss: 1.915201
Train Epoch: 0 [19200/29114 (66%)]	Loss: 1.847073
====> Epoch: 0 Average loss: 0.0260
Train Epoch: 1 [0/29114 (0%)]	Loss: 1.267362
Train Epoch: 1 [19200/29114 (66%)]	Loss: 1.774128
====> Epoch: 1 Average loss: 0.0258
Train Epoch: 2 [0/29114 (0%)]	Loss: 1.261653
Train Epoch: 2 [19200/29114 (66%)]	Loss: 1.793781
====> Epoch: 2 Average loss: 0.0258
Train Epoch: 3 [0/29114 (0%)]	Loss: 1.949220
Train Epoch: 3 [19200/29114 (66%)]	Loss: 1.765200
====> Epoch: 3 Average loss: 0.0258
Train Epoch: 4 [0/29114 (0%)]	Loss: 1.501019
Train Epoch: 4 [19200/29114 (66%)]	Loss: 1.898201
====> Epoch: 4 Average loss: 0.0257
Train Epoch: 5 [0/29114 (0%)]	Loss: 1.576664
Train Epoch: 5 [19200/29114 (66%)]	Loss: 1.960694
====> Epoch: 5 Average loss: 0.0256
Train Epoch: 6 [0/29114 (0%)]	Loss: 1.521180
Train Epoch: 6 [19200/29114 (66%)]	Loss: 1.711874
====> Epoch: 6 Average loss: 0.0257
Train Epoch: 7 [0/29114 (0%)]	Loss: 2.214995
Train Epoch: 7 [19200/29114 (66%)]	Loss: 1.593667
====> Epoch: 7 Average loss: 0.0255
Train Epoch: 8 [0/29114 (0%)]	Loss: 1.485777
Train Epoch: 8 [19200/29114 (66%)]	Loss: 1.669780
====> Epoch: 8 Average loss: 0.0256
Train Epoch: 9 [0/29114 (0%)]	Loss: 1.570053
Train Epoch: 9 [19200/29114 (66%)]	Loss: 1.619136
====> Epoch: 9 Average loss: 0.0256
[2024-12-01 19:19:08] INFO:__main__: Confusion matrix saved to: confusion_matrices/resnet18/cifar100/more_0.0_0.0/iter_11.npy
[2024-12-01 19:19:08] INFO:__main__: Overall Accuracy: 0.4869
[2024-12-01 19:19:08] INFO:__main__: Mean Precision: 0.4997
[2024-12-01 19:19:08] INFO:__main__: Mean Recall: 0.4869
[2024-12-01 19:19:08] INFO:__main__: Mean False Alarm: 0.0052
[2024-12-01 19:19:08] INFO:__main__: Per-class Precision SD: 0.1414
[2024-12-01 19:19:08] INFO:__main__: Per-class Recall SD: 0.1643
[2024-12-01 19:19:08] INFO:__main__: Per-class False Alarm SD: 0.0026
Total time: 1342.948667049408
Additional time: 0.006247520446777344
[2024-12-01 19:19:08] INFO:__main__: Iteration: 12: run prediction on unlabeled data `du` 
[2024-12-01 19:20:19] INFO:__main__: Update size of `dl`  and `du` by adding uncertain 2000 samples in `dl` len(dl): 31114, len(du) 20886
[2024-12-01 19:20:19] INFO:__main__: Update size of `dl`  and `du` by adding 0 hcs samples in `dl` len(dl): 31114, len(du) 20886
[2024-12-01 19:20:19] INFO:__main__: Iteration: 12 fine-tune the model on dh U dl
Train Epoch: 0 [0/31114 (0%)]	Loss: 1.569116
Train Epoch: 0 [19200/31114 (62%)]	Loss: 2.101425
====> Epoch: 0 Average loss: 0.0259
Train Epoch: 1 [0/31114 (0%)]	Loss: 1.744239
Train Epoch: 1 [19200/31114 (62%)]	Loss: 1.715395
====> Epoch: 1 Average loss: 0.0258
Train Epoch: 2 [0/31114 (0%)]	Loss: 1.657481
Train Epoch: 2 [19200/31114 (62%)]	Loss: 1.901094
====> Epoch: 2 Average loss: 0.0257
Train Epoch: 3 [0/31114 (0%)]	Loss: 1.679453
Train Epoch: 3 [19200/31114 (62%)]	Loss: 1.861691
====> Epoch: 3 Average loss: 0.0258
Train Epoch: 4 [0/31114 (0%)]	Loss: 1.740583
Train Epoch: 4 [19200/31114 (62%)]	Loss: 1.909810
====> Epoch: 4 Average loss: 0.0257
Train Epoch: 5 [0/31114 (0%)]	Loss: 1.522981
Train Epoch: 5 [19200/31114 (62%)]	Loss: 2.026329
====> Epoch: 5 Average loss: 0.0255
Train Epoch: 6 [0/31114 (0%)]	Loss: 1.896497
Train Epoch: 6 [19200/31114 (62%)]	Loss: 1.526200
====> Epoch: 6 Average loss: 0.0255
Train Epoch: 7 [0/31114 (0%)]	Loss: 1.811738
Train Epoch: 7 [19200/31114 (62%)]	Loss: 1.500971
====> Epoch: 7 Average loss: 0.0257
Train Epoch: 8 [0/31114 (0%)]	Loss: 1.773727
Train Epoch: 8 [19200/31114 (62%)]	Loss: 1.668637
====> Epoch: 8 Average loss: 0.0256
Train Epoch: 9 [0/31114 (0%)]	Loss: 1.571646
Train Epoch: 9 [19200/31114 (62%)]	Loss: 1.711592
====> Epoch: 9 Average loss: 0.0256
[2024-12-01 19:42:47] INFO:__main__: Confusion matrix saved to: confusion_matrices/resnet18/cifar100/more_0.0_0.0/iter_12.npy
[2024-12-01 19:42:47] INFO:__main__: Overall Accuracy: 0.4970
[2024-12-01 19:42:47] INFO:__main__: Mean Precision: 0.5036
[2024-12-01 19:42:47] INFO:__main__: Mean Recall: 0.4970
[2024-12-01 19:42:47] INFO:__main__: Mean False Alarm: 0.0051
[2024-12-01 19:42:47] INFO:__main__: Per-class Precision SD: 0.1376
[2024-12-01 19:42:47] INFO:__main__: Per-class Recall SD: 0.1655
[2024-12-01 19:42:47] INFO:__main__: Per-class False Alarm SD: 0.0023
Total time: 1419.115942955017
Additional time: 0.010405302047729492
[2024-12-01 19:42:47] INFO:__main__: Iteration: 13: run prediction on unlabeled data `du` 
[2024-12-01 19:43:52] INFO:__main__: Update size of `dl`  and `du` by adding uncertain 2000 samples in `dl` len(dl): 33114, len(du) 18886
[2024-12-01 19:43:52] INFO:__main__: Update size of `dl`  and `du` by adding 0 hcs samples in `dl` len(dl): 33114, len(du) 18886
[2024-12-01 19:43:53] INFO:__main__: Iteration: 13 fine-tune the model on dh U dl
Train Epoch: 0 [0/33114 (0%)]	Loss: 1.576880
Train Epoch: 0 [19200/33114 (58%)]	Loss: 1.488048
====> Epoch: 0 Average loss: 0.0257
Train Epoch: 1 [0/33114 (0%)]	Loss: 1.419589
Train Epoch: 1 [19200/33114 (58%)]	Loss: 2.249012
====> Epoch: 1 Average loss: 0.0259
Train Epoch: 2 [0/33114 (0%)]	Loss: 1.473876
Train Epoch: 2 [19200/33114 (58%)]	Loss: 1.488395
====> Epoch: 2 Average loss: 0.0257
Train Epoch: 3 [0/33114 (0%)]	Loss: 1.358224
Train Epoch: 3 [19200/33114 (58%)]	Loss: 1.522218
====> Epoch: 3 Average loss: 0.0258
Train Epoch: 4 [0/33114 (0%)]	Loss: 1.362029
Train Epoch: 4 [19200/33114 (58%)]	Loss: 1.450760
====> Epoch: 4 Average loss: 0.0256
Train Epoch: 5 [0/33114 (0%)]	Loss: 1.727457
Train Epoch: 5 [19200/33114 (58%)]	Loss: 1.515127
====> Epoch: 5 Average loss: 0.0256
Train Epoch: 6 [0/33114 (0%)]	Loss: 1.568270
Train Epoch: 6 [19200/33114 (58%)]	Loss: 1.644483
====> Epoch: 6 Average loss: 0.0255
Train Epoch: 7 [0/33114 (0%)]	Loss: 1.618995
Train Epoch: 7 [19200/33114 (58%)]	Loss: 1.467989
====> Epoch: 7 Average loss: 0.0256
Train Epoch: 8 [0/33114 (0%)]	Loss: 1.788016
Train Epoch: 8 [19200/33114 (58%)]	Loss: 1.649573
====> Epoch: 8 Average loss: 0.0257
Train Epoch: 9 [0/33114 (0%)]	Loss: 1.581414
Train Epoch: 9 [19200/33114 (58%)]	Loss: 1.566650
====> Epoch: 9 Average loss: 0.0256
[2024-12-01 20:07:53] INFO:__main__: Confusion matrix saved to: confusion_matrices/resnet18/cifar100/more_0.0_0.0/iter_13.npy
[2024-12-01 20:07:53] INFO:__main__: Overall Accuracy: 0.4967
[2024-12-01 20:07:53] INFO:__main__: Mean Precision: 0.5127
[2024-12-01 20:07:53] INFO:__main__: Mean Recall: 0.4967
[2024-12-01 20:07:53] INFO:__main__: Mean False Alarm: 0.0051
[2024-12-01 20:07:53] INFO:__main__: Per-class Precision SD: 0.1479
[2024-12-01 20:07:53] INFO:__main__: Per-class Recall SD: 0.1620
[2024-12-01 20:07:53] INFO:__main__: Per-class False Alarm SD: 0.0027
Total time: 1505.928100347519
Additional time: 0.005072116851806641
[2024-12-01 20:07:53] INFO:__main__: Iteration: 14: run prediction on unlabeled data `du` 
[2024-12-01 20:08:53] INFO:__main__: Update size of `dl`  and `du` by adding uncertain 2000 samples in `dl` len(dl): 35114, len(du) 16886
[2024-12-01 20:08:53] INFO:__main__: Update size of `dl`  and `du` by adding 0 hcs samples in `dl` len(dl): 35114, len(du) 16886
[2024-12-01 20:08:53] INFO:__main__: Iteration: 14 fine-tune the model on dh U dl
Train Epoch: 0 [0/35114 (0%)]	Loss: 1.318302
Train Epoch: 0 [19200/35114 (55%)]	Loss: 1.599369
====> Epoch: 0 Average loss: 0.0259
Train Epoch: 1 [0/35114 (0%)]	Loss: 1.709389
Train Epoch: 1 [19200/35114 (55%)]	Loss: 1.433646
====> Epoch: 1 Average loss: 0.0258
Train Epoch: 2 [0/35114 (0%)]	Loss: 1.800834
Train Epoch: 2 [19200/35114 (55%)]	Loss: 1.562309
====> Epoch: 2 Average loss: 0.0258
Train Epoch: 3 [0/35114 (0%)]	Loss: 1.608427
Train Epoch: 3 [19200/35114 (55%)]	Loss: 1.316423
====> Epoch: 3 Average loss: 0.0257
Train Epoch: 4 [0/35114 (0%)]	Loss: 1.592535
Train Epoch: 4 [19200/35114 (55%)]	Loss: 1.850632
====> Epoch: 4 Average loss: 0.0256
Train Epoch: 5 [0/35114 (0%)]	Loss: 1.778742
Train Epoch: 5 [19200/35114 (55%)]	Loss: 1.273554
====> Epoch: 5 Average loss: 0.0257
Train Epoch: 6 [0/35114 (0%)]	Loss: 1.704336
Train Epoch: 6 [19200/35114 (55%)]	Loss: 1.742024
====> Epoch: 6 Average loss: 0.0258
Train Epoch: 7 [0/35114 (0%)]	Loss: 1.689402
Train Epoch: 7 [19200/35114 (55%)]	Loss: 1.565499
====> Epoch: 7 Average loss: 0.0257
Train Epoch: 8 [0/35114 (0%)]	Loss: 1.456223
Train Epoch: 8 [19200/35114 (55%)]	Loss: 1.462432
====> Epoch: 8 Average loss: 0.0256
Train Epoch: 9 [0/35114 (0%)]	Loss: 1.629990
Train Epoch: 9 [19200/35114 (55%)]	Loss: 1.313027
====> Epoch: 9 Average loss: 0.0256
[2024-12-01 20:33:59] INFO:__main__: Confusion matrix saved to: confusion_matrices/resnet18/cifar100/more_0.0_0.0/iter_14.npy
[2024-12-01 20:33:59] INFO:__main__: Overall Accuracy: 0.4964
[2024-12-01 20:33:59] INFO:__main__: Mean Precision: 0.5084
[2024-12-01 20:33:59] INFO:__main__: Mean Recall: 0.4964
[2024-12-01 20:33:59] INFO:__main__: Mean False Alarm: 0.0051
[2024-12-01 20:33:59] INFO:__main__: Per-class Precision SD: 0.1384
[2024-12-01 20:33:59] INFO:__main__: Per-class Recall SD: 0.1693
[2024-12-01 20:33:59] INFO:__main__: Per-class False Alarm SD: 0.0029
Total time: 1566.2428708076477
Additional time: 0.003596067428588867
[2024-12-01 20:33:59] INFO:__main__: Iteration: 15: run prediction on unlabeled data `du` 
[2024-12-01 20:34:52] INFO:__main__: Update size of `dl`  and `du` by adding uncertain 2000 samples in `dl` len(dl): 37114, len(du) 14886
[2024-12-01 20:34:52] INFO:__main__: Update size of `dl`  and `du` by adding 0 hcs samples in `dl` len(dl): 37114, len(du) 14886
[2024-12-01 20:34:53] INFO:__main__: Iteration: 15 fine-tune the model on dh U dl
Train Epoch: 0 [0/37114 (0%)]	Loss: 1.478942
Train Epoch: 0 [19200/37114 (52%)]	Loss: 1.294399
====> Epoch: 0 Average loss: 0.0258
Train Epoch: 1 [0/37114 (0%)]	Loss: 1.574097
Train Epoch: 1 [19200/37114 (52%)]	Loss: 1.534763
====> Epoch: 1 Average loss: 0.0259
Train Epoch: 2 [0/37114 (0%)]	Loss: 1.340961
Train Epoch: 2 [19200/37114 (52%)]	Loss: 1.472041
====> Epoch: 2 Average loss: 0.0257
Train Epoch: 3 [0/37114 (0%)]	Loss: 1.738564
Train Epoch: 3 [19200/37114 (52%)]	Loss: 1.155872
====> Epoch: 3 Average loss: 0.0257
Train Epoch: 4 [0/37114 (0%)]	Loss: 1.825452
Train Epoch: 4 [19200/37114 (52%)]	Loss: 1.344240
====> Epoch: 4 Average loss: 0.0258
Train Epoch: 5 [0/37114 (0%)]	Loss: 1.627311
Train Epoch: 5 [19200/37114 (52%)]	Loss: 1.803190
====> Epoch: 5 Average loss: 0.0258
Train Epoch: 6 [0/37114 (0%)]	Loss: 1.869569
Train Epoch: 6 [19200/37114 (52%)]	Loss: 1.096569
====> Epoch: 6 Average loss: 0.0257
Train Epoch: 7 [0/37114 (0%)]	Loss: 1.575216
Train Epoch: 7 [19200/37114 (52%)]	Loss: 1.840116
====> Epoch: 7 Average loss: 0.0255
Train Epoch: 8 [0/37114 (0%)]	Loss: 1.478446
Train Epoch: 8 [19200/37114 (52%)]	Loss: 1.999188
====> Epoch: 8 Average loss: 0.0257
Train Epoch: 9 [0/37114 (0%)]	Loss: 1.442976
Train Epoch: 9 [19200/37114 (52%)]	Loss: 2.023396
====> Epoch: 9 Average loss: 0.0256
[2024-12-01 21:01:17] INFO:__main__: Confusion matrix saved to: confusion_matrices/resnet18/cifar100/more_0.0_0.0/iter_15.npy
[2024-12-01 21:01:17] INFO:__main__: Overall Accuracy: 0.4957
[2024-12-01 21:01:17] INFO:__main__: Mean Precision: 0.5088
[2024-12-01 21:01:17] INFO:__main__: Mean Recall: 0.4957
[2024-12-01 21:01:17] INFO:__main__: Mean False Alarm: 0.0051
[2024-12-01 21:01:17] INFO:__main__: Per-class Precision SD: 0.1454
[2024-12-01 21:01:17] INFO:__main__: Per-class Recall SD: 0.1617
[2024-12-01 21:01:17] INFO:__main__: Per-class False Alarm SD: 0.0024
Total time: 1638.5744490623474
Additional time: 0.0028908252716064453
[2024-12-01 21:01:17] INFO:__main__: Iteration: 16: run prediction on unlabeled data `du` 
[2024-12-01 21:02:04] INFO:__main__: Update size of `dl`  and `du` by adding uncertain 2000 samples in `dl` len(dl): 39114, len(du) 12886
[2024-12-01 21:02:04] INFO:__main__: Update size of `dl`  and `du` by adding 0 hcs samples in `dl` len(dl): 39114, len(du) 12886
[2024-12-01 21:02:05] INFO:__main__: Iteration: 16 fine-tune the model on dh U dl
Train Epoch: 0 [0/39114 (0%)]	Loss: 1.380886
Train Epoch: 0 [19200/39114 (49%)]	Loss: 1.548889
