[2024-12-02 21:41:19] INFO:__main__: Model: resnet18
[2024-12-02 21:41:19] INFO:__main__: Dataset: cifar100
[2024-12-02 21:41:19] INFO:__main__: Experiment type: more
[2024-12-02 21:41:19] INFO:__main__: Lambda weight: 2.0
[2024-12-02 21:41:19] INFO:__main__: Gamma weight: 2.0
[2024-12-02 21:41:19] INFO:__main__: Training epochs: 10
[2024-12-02 21:41:19] INFO:__main__: Batch size: 64
[2024-12-02 21:41:19] INFO:__main__: Using device: cuda
[2024-12-02 21:41:32] INFO:__main__: Initial configuration: len(du): 45000, len(dl): 5000 
[2024-12-02 21:41:33] INFO:__main__: Initialize training the model on `dl` and test on `dtest`
Train Epoch: 0 [0/5000 (0%)]	Loss: 4.698773
====> Epoch: 0 Average loss: 0.0704
Train Epoch: 1 [0/5000 (0%)]	Loss: 4.181442
====> Epoch: 1 Average loss: 0.0593
Train Epoch: 2 [0/5000 (0%)]	Loss: 3.549264
====> Epoch: 2 Average loss: 0.0522
Train Epoch: 3 [0/5000 (0%)]	Loss: 2.838760
====> Epoch: 3 Average loss: 0.0472
Train Epoch: 4 [0/5000 (0%)]	Loss: 3.016123
====> Epoch: 4 Average loss: 0.0435
Train Epoch: 5 [0/5000 (0%)]	Loss: 2.678096
====> Epoch: 5 Average loss: 0.0412
Train Epoch: 6 [0/5000 (0%)]	Loss: 2.566714
====> Epoch: 6 Average loss: 0.0389
Train Epoch: 7 [0/5000 (0%)]	Loss: 2.227530
====> Epoch: 7 Average loss: 0.0372
Train Epoch: 8 [0/5000 (0%)]	Loss: 2.742643
====> Epoch: 8 Average loss: 0.0359
Train Epoch: 9 [0/5000 (0%)]	Loss: 2.164434
====> Epoch: 9 Average loss: 0.0351
[2024-12-02 21:46:29] INFO:__main__: Confusion matrix saved to: confusion_matrices/resnet18/cifar100/more_2.0_2.0_1/initial.npy
[2024-12-02 21:46:29] INFO:__main__: Overall Accuracy: 0.3736
[2024-12-02 21:46:29] INFO:__main__: Mean Precision: 0.4059
[2024-12-02 21:46:29] INFO:__main__: Mean Recall: 0.3736
[2024-12-02 21:46:29] INFO:__main__: Mean False Alarm: 0.0063
[2024-12-02 21:46:29] INFO:__main__: Per-class Precision SD: 0.1525
[2024-12-02 21:46:29] INFO:__main__: Per-class Recall SD: 0.1841
[2024-12-02 21:46:29] INFO:__main__: Per-class False Alarm SD: 0.0044
[2024-12-02 21:46:29] INFO:__main__: Iteration: 0: run prediction on unlabeled data `du` 
[2024-12-02 21:50:53] INFO:__main__: Update size of `dl`  and `du` by adding uncertain 2000 samples in `dl` len(dl): 7000, len(du) 45000
[2024-12-02 21:50:54] INFO:__main__: Update size of `dl`  and `du` by adding 0 hcs samples in `dl` len(dl): 7000, len(du) 45000
[2024-12-02 21:51:00] INFO:__main__: Iteration: 0 fine-tune the model on dh U dl
Train Epoch: 0 [0/7000 (0%)]	Loss: 2.344172
====> Epoch: 0 Average loss: 0.0354
Train Epoch: 1 [0/7000 (0%)]	Loss: 2.245844
====> Epoch: 1 Average loss: 0.0341
Train Epoch: 2 [0/7000 (0%)]	Loss: 1.967487
====> Epoch: 2 Average loss: 0.0330
Train Epoch: 3 [0/7000 (0%)]	Loss: 2.123010
====> Epoch: 3 Average loss: 0.0324
Train Epoch: 4 [0/7000 (0%)]	Loss: 1.944122
====> Epoch: 4 Average loss: 0.0315
Train Epoch: 5 [0/7000 (0%)]	Loss: 2.218920
====> Epoch: 5 Average loss: 0.0311
Train Epoch: 6 [0/7000 (0%)]	Loss: 1.662432
====> Epoch: 6 Average loss: 0.0301
Train Epoch: 7 [0/7000 (0%)]	Loss: 1.920145
====> Epoch: 7 Average loss: 0.0299
Train Epoch: 8 [0/7000 (0%)]	Loss: 1.962795
====> Epoch: 8 Average loss: 0.0294
Train Epoch: 9 [0/7000 (0%)]	Loss: 2.158308
====> Epoch: 9 Average loss: 0.0287
[2024-12-02 21:56:24] INFO:__main__: Confusion matrix saved to: confusion_matrices/resnet18/cifar100/more_2.0_2.0_1/iter_0.npy
[2024-12-02 21:56:24] INFO:__main__: Overall Accuracy: 0.4201
[2024-12-02 21:56:24] INFO:__main__: Mean Precision: 0.4370
[2024-12-02 21:56:24] INFO:__main__: Mean Recall: 0.4201
[2024-12-02 21:56:24] INFO:__main__: Mean False Alarm: 0.0059
[2024-12-02 21:56:24] INFO:__main__: Per-class Precision SD: 0.1404
[2024-12-02 21:56:24] INFO:__main__: Per-class Recall SD: 0.1761
[2024-12-02 21:56:24] INFO:__main__: Per-class False Alarm SD: 0.0034
Total time: 594.3874976634979
Additional time: 0.07015442848205566
[2024-12-02 21:56:24] INFO:__main__: Iteration: 1: run prediction on unlabeled data `du` 
[2024-12-02 21:59:55] INFO:__main__: Update size of `dl`  and `du` by adding uncertain 2000 samples in `dl` len(dl): 9000, len(du) 43000
[2024-12-02 22:00:03] INFO:__main__: Update size of `dl`  and `du` by adding 9 hcs samples in `dl` len(dl): 9009, len(du) 43000
[2024-12-02 22:00:08] INFO:__main__: Iteration: 1 fine-tune the model on dh U dl
Train Epoch: 0 [0/9009 (0%)]	Loss: 1.792018
====> Epoch: 0 Average loss: 0.0301
Train Epoch: 1 [0/9009 (0%)]	Loss: 1.675940
====> Epoch: 1 Average loss: 0.0297
Train Epoch: 2 [0/9009 (0%)]	Loss: 1.847150
====> Epoch: 2 Average loss: 0.0291
Train Epoch: 3 [0/9009 (0%)]	Loss: 1.783040
====> Epoch: 3 Average loss: 0.0288
Train Epoch: 4 [0/9009 (0%)]	Loss: 1.597023
====> Epoch: 4 Average loss: 0.0283
Train Epoch: 5 [0/9009 (0%)]	Loss: 1.707941
====> Epoch: 5 Average loss: 0.0280
Train Epoch: 6 [0/9009 (0%)]	Loss: 1.635082
====> Epoch: 6 Average loss: 0.0281
Train Epoch: 7 [0/9009 (0%)]	Loss: 1.610104
====> Epoch: 7 Average loss: 0.0274
Train Epoch: 8 [0/9009 (0%)]	Loss: 1.483313
====> Epoch: 8 Average loss: 0.0271
Train Epoch: 9 [0/9009 (0%)]	Loss: 1.945859
====> Epoch: 9 Average loss: 0.0267
[2024-12-02 22:07:17] INFO:__main__: Confusion matrix saved to: confusion_matrices/resnet18/cifar100/more_2.0_2.0_1/iter_1.npy
[2024-12-02 22:07:17] INFO:__main__: Overall Accuracy: 0.4400
[2024-12-02 22:07:17] INFO:__main__: Mean Precision: 0.4622
[2024-12-02 22:07:17] INFO:__main__: Mean Recall: 0.4400
[2024-12-02 22:07:17] INFO:__main__: Mean False Alarm: 0.0057
[2024-12-02 22:07:17] INFO:__main__: Per-class Precision SD: 0.1491
[2024-12-02 22:07:17] INFO:__main__: Per-class Recall SD: 0.1587
[2024-12-02 22:07:17] INFO:__main__: Per-class False Alarm SD: 0.0032
Total time: 652.7429144382477
Additional time: 0.03683876991271973
[2024-12-02 22:07:17] INFO:__main__: Iteration: 2: run prediction on unlabeled data `du` 
[2024-12-02 22:09:49] INFO:__main__: Update size of `dl`  and `du` by adding uncertain 2000 samples in `dl` len(dl): 11009, len(du) 40991
[2024-12-02 22:09:49] INFO:__main__: Update size of `dl`  and `du` by adding 13 hcs samples in `dl` len(dl): 11022, len(du) 40991
[2024-12-02 22:09:55] INFO:__main__: Iteration: 2 fine-tune the model on dh U dl
Train Epoch: 0 [0/11022 (0%)]	Loss: 1.894825
====> Epoch: 0 Average loss: 0.0280
Train Epoch: 1 [0/11022 (0%)]	Loss: 2.000491
====> Epoch: 1 Average loss: 0.0279
Train Epoch: 2 [0/11022 (0%)]	Loss: 1.835505
====> Epoch: 2 Average loss: 0.0275
Train Epoch: 3 [0/11022 (0%)]	Loss: 1.778268
====> Epoch: 3 Average loss: 0.0271
Train Epoch: 4 [0/11022 (0%)]	Loss: 1.685384
====> Epoch: 4 Average loss: 0.0273
Train Epoch: 5 [0/11022 (0%)]	Loss: 1.680604
====> Epoch: 5 Average loss: 0.0270
Train Epoch: 6 [0/11022 (0%)]	Loss: 1.801647
====> Epoch: 6 Average loss: 0.0267
Train Epoch: 7 [0/11022 (0%)]	Loss: 1.771011
====> Epoch: 7 Average loss: 0.0264
Train Epoch: 8 [0/11022 (0%)]	Loss: 1.653557
====> Epoch: 8 Average loss: 0.0263
Train Epoch: 9 [0/11022 (0%)]	Loss: 1.611414
====> Epoch: 9 Average loss: 0.0262
[2024-12-02 22:17:44] INFO:__main__: Confusion matrix saved to: confusion_matrices/resnet18/cifar100/more_2.0_2.0_1/iter_2.npy
[2024-12-02 22:17:44] INFO:__main__: Overall Accuracy: 0.4544
[2024-12-02 22:17:44] INFO:__main__: Mean Precision: 0.4706
[2024-12-02 22:17:44] INFO:__main__: Mean Recall: 0.4544
[2024-12-02 22:17:44] INFO:__main__: Mean False Alarm: 0.0055
[2024-12-02 22:17:44] INFO:__main__: Per-class Precision SD: 0.1449
[2024-12-02 22:17:44] INFO:__main__: Per-class Recall SD: 0.1666
[2024-12-02 22:17:44] INFO:__main__: Per-class False Alarm SD: 0.0031
Total time: 627.2476079463959
Additional time: 0.03952956199645996
[2024-12-02 22:17:44] INFO:__main__: Iteration: 3: run prediction on unlabeled data `du` 
[2024-12-02 22:19:59] INFO:__main__: Update size of `dl`  and `du` by adding uncertain 2000 samples in `dl` len(dl): 13022, len(du) 38978
[2024-12-02 22:20:00] INFO:__main__: Update size of `dl`  and `du` by adding 28 hcs samples in `dl` len(dl): 13050, len(du) 38978
[2024-12-02 22:20:04] INFO:__main__: Iteration: 3 fine-tune the model on dh U dl
Train Epoch: 0 [0/13050 (0%)]	Loss: 1.689691
====> Epoch: 0 Average loss: 0.0275
Train Epoch: 1 [0/13050 (0%)]	Loss: 1.607088
====> Epoch: 1 Average loss: 0.0270
Train Epoch: 2 [0/13050 (0%)]	Loss: 1.367784
====> Epoch: 2 Average loss: 0.0271
Train Epoch: 3 [0/13050 (0%)]	Loss: 1.653442
====> Epoch: 3 Average loss: 0.0269
Train Epoch: 4 [0/13050 (0%)]	Loss: 1.874043
====> Epoch: 4 Average loss: 0.0265
Train Epoch: 5 [0/13050 (0%)]	Loss: 1.600478
====> Epoch: 5 Average loss: 0.0266
Train Epoch: 6 [0/13050 (0%)]	Loss: 1.681585
====> Epoch: 6 Average loss: 0.0264
Train Epoch: 7 [0/13050 (0%)]	Loss: 1.599306
====> Epoch: 7 Average loss: 0.0262
Train Epoch: 8 [0/13050 (0%)]	Loss: 1.743972
====> Epoch: 8 Average loss: 0.0262
Train Epoch: 9 [0/13050 (0%)]	Loss: 1.859687
====> Epoch: 9 Average loss: 0.0258
[2024-12-02 22:29:15] INFO:__main__: Confusion matrix saved to: confusion_matrices/resnet18/cifar100/more_2.0_2.0_1/iter_3.npy
[2024-12-02 22:29:15] INFO:__main__: Overall Accuracy: 0.4573
[2024-12-02 22:29:15] INFO:__main__: Mean Precision: 0.4683
[2024-12-02 22:29:15] INFO:__main__: Mean Recall: 0.4573
[2024-12-02 22:29:15] INFO:__main__: Mean False Alarm: 0.0055
[2024-12-02 22:29:15] INFO:__main__: Per-class Precision SD: 0.1431
[2024-12-02 22:29:15] INFO:__main__: Per-class Recall SD: 0.1701
[2024-12-02 22:29:15] INFO:__main__: Per-class False Alarm SD: 0.0027
Total time: 691.1277914047241
Additional time: 0.04313492774963379
[2024-12-02 22:29:15] INFO:__main__: Iteration: 4: run prediction on unlabeled data `du` 
[2024-12-02 22:31:28] INFO:__main__: Update size of `dl`  and `du` by adding uncertain 2000 samples in `dl` len(dl): 15050, len(du) 36950
[2024-12-02 22:31:28] INFO:__main__: Update size of `dl`  and `du` by adding 28 hcs samples in `dl` len(dl): 15078, len(du) 36950
[2024-12-02 22:31:32] INFO:__main__: Iteration: 4 fine-tune the model on dh U dl
Train Epoch: 0 [0/15078 (0%)]	Loss: 1.425200
====> Epoch: 0 Average loss: 0.0269
Train Epoch: 1 [0/15078 (0%)]	Loss: 2.016745
====> Epoch: 1 Average loss: 0.0270
Train Epoch: 2 [0/15078 (0%)]	Loss: 1.534358
====> Epoch: 2 Average loss: 0.0268
Train Epoch: 3 [0/15078 (0%)]	Loss: 1.678798
====> Epoch: 3 Average loss: 0.0266
Train Epoch: 4 [0/15078 (0%)]	Loss: 1.580586
====> Epoch: 4 Average loss: 0.0264
Train Epoch: 5 [0/15078 (0%)]	Loss: 1.242201
====> Epoch: 5 Average loss: 0.0264
Train Epoch: 6 [0/15078 (0%)]	Loss: 1.424771
====> Epoch: 6 Average loss: 0.0265
Train Epoch: 7 [0/15078 (0%)]	Loss: 2.234785
====> Epoch: 7 Average loss: 0.0262
Train Epoch: 8 [0/15078 (0%)]	Loss: 1.485146
====> Epoch: 8 Average loss: 0.0263
Train Epoch: 9 [0/15078 (0%)]	Loss: 1.740370
====> Epoch: 9 Average loss: 0.0260
[2024-12-02 22:42:44] INFO:__main__: Confusion matrix saved to: confusion_matrices/resnet18/cifar100/more_2.0_2.0_1/iter_4.npy
[2024-12-02 22:42:44] INFO:__main__: Overall Accuracy: 0.4673
[2024-12-02 22:42:44] INFO:__main__: Mean Precision: 0.4805
[2024-12-02 22:42:44] INFO:__main__: Mean Recall: 0.4673
[2024-12-02 22:42:44] INFO:__main__: Mean False Alarm: 0.0054
[2024-12-02 22:42:44] INFO:__main__: Per-class Precision SD: 0.1408
[2024-12-02 22:42:44] INFO:__main__: Per-class Recall SD: 0.1680
[2024-12-02 22:42:44] INFO:__main__: Per-class False Alarm SD: 0.0027
Total time: 808.5734915733337
Additional time: 0.0537569522857666
[2024-12-02 22:42:44] INFO:__main__: Iteration: 5: run prediction on unlabeled data `du` 
[2024-12-02 22:45:22] INFO:__main__: Update size of `dl`  and `du` by adding uncertain 2000 samples in `dl` len(dl): 17078, len(du) 34922
[2024-12-02 22:45:22] INFO:__main__: Update size of `dl`  and `du` by adding 7 hcs samples in `dl` len(dl): 17085, len(du) 34922
[2024-12-02 22:45:28] INFO:__main__: Iteration: 5 fine-tune the model on dh U dl
Train Epoch: 0 [0/17085 (0%)]	Loss: 1.564792
====> Epoch: 0 Average loss: 0.0267
Train Epoch: 1 [0/17085 (0%)]	Loss: 1.431555
====> Epoch: 1 Average loss: 0.0265
Train Epoch: 2 [0/17085 (0%)]	Loss: 1.439976
====> Epoch: 2 Average loss: 0.0265
Train Epoch: 3 [0/17085 (0%)]	Loss: 1.332191
====> Epoch: 3 Average loss: 0.0263
Train Epoch: 4 [0/17085 (0%)]	Loss: 1.868118
====> Epoch: 4 Average loss: 0.0262
Train Epoch: 5 [0/17085 (0%)]	Loss: 1.629424
====> Epoch: 5 Average loss: 0.0262
Train Epoch: 6 [0/17085 (0%)]	Loss: 1.620152
====> Epoch: 6 Average loss: 0.0259
Train Epoch: 7 [0/17085 (0%)]	Loss: 1.628505
====> Epoch: 7 Average loss: 0.0258
Train Epoch: 8 [0/17085 (0%)]	Loss: 1.432213
====> Epoch: 8 Average loss: 0.0258
Train Epoch: 9 [0/17085 (0%)]	Loss: 1.301971
====> Epoch: 9 Average loss: 0.0256
[2024-12-02 22:57:56] INFO:__main__: Confusion matrix saved to: confusion_matrices/resnet18/cifar100/more_2.0_2.0_1/iter_5.npy
[2024-12-02 22:57:56] INFO:__main__: Overall Accuracy: 0.4729
[2024-12-02 22:57:56] INFO:__main__: Mean Precision: 0.4791
[2024-12-02 22:57:56] INFO:__main__: Mean Recall: 0.4729
[2024-12-02 22:57:56] INFO:__main__: Mean False Alarm: 0.0053
[2024-12-02 22:57:56] INFO:__main__: Per-class Precision SD: 0.1386
[2024-12-02 22:57:56] INFO:__main__: Per-class Recall SD: 0.1576
[2024-12-02 22:57:56] INFO:__main__: Per-class False Alarm SD: 0.0022
Total time: 912.2059919834137
Additional time: 0.031992435455322266
[2024-12-02 22:57:56] INFO:__main__: Iteration: 6: run prediction on unlabeled data `du` 
[2024-12-02 22:59:57] INFO:__main__: Update size of `dl`  and `du` by adding uncertain 2000 samples in `dl` len(dl): 19085, len(du) 32915
[2024-12-02 22:59:57] INFO:__main__: Update size of `dl`  and `du` by adding 0 hcs samples in `dl` len(dl): 19085, len(du) 32915
[2024-12-02 23:00:02] INFO:__main__: Iteration: 6 fine-tune the model on dh U dl
Train Epoch: 0 [0/19085 (0%)]	Loss: 1.658695
====> Epoch: 0 Average loss: 0.0265
Train Epoch: 1 [0/19085 (0%)]	Loss: 1.494870
====> Epoch: 1 Average loss: 0.0264
Train Epoch: 2 [0/19085 (0%)]	Loss: 1.723268
====> Epoch: 2 Average loss: 0.0262
Train Epoch: 3 [0/19085 (0%)]	Loss: 1.764347
====> Epoch: 3 Average loss: 0.0263
Train Epoch: 4 [0/19085 (0%)]	Loss: 1.647889
====> Epoch: 4 Average loss: 0.0264
Train Epoch: 5 [0/19085 (0%)]	Loss: 1.350245
====> Epoch: 5 Average loss: 0.0260
Train Epoch: 6 [0/19085 (0%)]	Loss: 2.023898
====> Epoch: 6 Average loss: 0.0260
Train Epoch: 7 [0/19085 (0%)]	Loss: 1.844052
====> Epoch: 7 Average loss: 0.0260
Train Epoch: 8 [0/19085 (0%)]	Loss: 1.630460
====> Epoch: 8 Average loss: 0.0260
Train Epoch: 9 [0/19085 (0%)]	Loss: 1.679129
====> Epoch: 9 Average loss: 0.0257
[2024-12-02 23:15:06] INFO:__main__: Confusion matrix saved to: confusion_matrices/resnet18/cifar100/more_2.0_2.0_1/iter_6.npy
[2024-12-02 23:15:06] INFO:__main__: Overall Accuracy: 0.4724
[2024-12-02 23:15:06] INFO:__main__: Mean Precision: 0.4776
[2024-12-02 23:15:06] INFO:__main__: Mean Recall: 0.4724
[2024-12-02 23:15:06] INFO:__main__: Mean False Alarm: 0.0053
[2024-12-02 23:15:06] INFO:__main__: Per-class Precision SD: 0.1306
[2024-12-02 23:15:06] INFO:__main__: Per-class Recall SD: 0.1614
[2024-12-02 23:15:06] INFO:__main__: Per-class False Alarm SD: 0.0021
Total time: 1030.308792591095
Additional time: 0.04531979560852051
[2024-12-02 23:15:06] INFO:__main__: Iteration: 7: run prediction on unlabeled data `du` 
[2024-12-02 23:17:06] INFO:__main__: Update size of `dl`  and `du` by adding uncertain 2000 samples in `dl` len(dl): 21085, len(du) 30915
[2024-12-02 23:17:07] INFO:__main__: Update size of `dl`  and `du` by adding 0 hcs samples in `dl` len(dl): 21085, len(du) 30915
[2024-12-02 23:17:12] INFO:__main__: Iteration: 7 fine-tune the model on dh U dl
Train Epoch: 0 [0/21085 (0%)]	Loss: 1.544741
Train Epoch: 0 [19200/21085 (91%)]	Loss: 1.376862
====> Epoch: 0 Average loss: 0.0264
Train Epoch: 1 [0/21085 (0%)]	Loss: 1.673872
Train Epoch: 1 [19200/21085 (91%)]	Loss: 1.682446
====> Epoch: 1 Average loss: 0.0262
Train Epoch: 2 [0/21085 (0%)]	Loss: 1.496303
Train Epoch: 2 [19200/21085 (91%)]	Loss: 1.920411
====> Epoch: 2 Average loss: 0.0261
Train Epoch: 3 [0/21085 (0%)]	Loss: 1.991744
Train Epoch: 3 [19200/21085 (91%)]	Loss: 1.475245
====> Epoch: 3 Average loss: 0.0260
Train Epoch: 4 [0/21085 (0%)]	Loss: 1.378992
Train Epoch: 4 [19200/21085 (91%)]	Loss: 1.639824
====> Epoch: 4 Average loss: 0.0260
Train Epoch: 5 [0/21085 (0%)]	Loss: 1.923836
Train Epoch: 5 [19200/21085 (91%)]	Loss: 1.584292
====> Epoch: 5 Average loss: 0.0260
Train Epoch: 6 [0/21085 (0%)]	Loss: 1.617156
Train Epoch: 6 [19200/21085 (91%)]	Loss: 1.564222
====> Epoch: 6 Average loss: 0.0257
Train Epoch: 7 [0/21085 (0%)]	Loss: 1.515709
Train Epoch: 7 [19200/21085 (91%)]	Loss: 1.761362
====> Epoch: 7 Average loss: 0.0257
Train Epoch: 8 [0/21085 (0%)]	Loss: 1.494251
Train Epoch: 8 [19200/21085 (91%)]	Loss: 1.401940
====> Epoch: 8 Average loss: 0.0258
Train Epoch: 9 [0/21085 (0%)]	Loss: 1.547625
Train Epoch: 9 [19200/21085 (91%)]	Loss: 1.567940
====> Epoch: 9 Average loss: 0.0258
[2024-12-02 23:33:48] INFO:__main__: Confusion matrix saved to: confusion_matrices/resnet18/cifar100/more_2.0_2.0_1/iter_7.npy
[2024-12-02 23:33:48] INFO:__main__: Overall Accuracy: 0.4807
[2024-12-02 23:33:48] INFO:__main__: Mean Precision: 0.4966
[2024-12-02 23:33:48] INFO:__main__: Mean Recall: 0.4807
[2024-12-02 23:33:48] INFO:__main__: Mean False Alarm: 0.0052
[2024-12-02 23:33:48] INFO:__main__: Per-class Precision SD: 0.1436
[2024-12-02 23:33:48] INFO:__main__: Per-class Recall SD: 0.1572
[2024-12-02 23:33:48] INFO:__main__: Per-class False Alarm SD: 0.0027
Total time: 1122.3918516635895
Additional time: 0.0739285945892334
[2024-12-02 23:33:48] INFO:__main__: Iteration: 8: run prediction on unlabeled data `du` 
[2024-12-02 23:36:02] INFO:__main__: Update size of `dl`  and `du` by adding uncertain 2000 samples in `dl` len(dl): 23085, len(du) 28915
[2024-12-02 23:36:02] INFO:__main__: Update size of `dl`  and `du` by adding 0 hcs samples in `dl` len(dl): 23085, len(du) 28915
[2024-12-02 23:36:07] INFO:__main__: Iteration: 8 fine-tune the model on dh U dl
Train Epoch: 0 [0/23085 (0%)]	Loss: 1.762611
Train Epoch: 0 [19200/23085 (83%)]	Loss: 1.618732
====> Epoch: 0 Average loss: 0.0261
Train Epoch: 1 [0/23085 (0%)]	Loss: 1.452003
Train Epoch: 1 [19200/23085 (83%)]	Loss: 1.465158
====> Epoch: 1 Average loss: 0.0260
Train Epoch: 2 [0/23085 (0%)]	Loss: 1.467587
Train Epoch: 2 [19200/23085 (83%)]	Loss: 1.692223
====> Epoch: 2 Average loss: 0.0258
Train Epoch: 3 [0/23085 (0%)]	Loss: 1.850850
Train Epoch: 3 [19200/23085 (83%)]	Loss: 1.557990
====> Epoch: 3 Average loss: 0.0259
Train Epoch: 4 [0/23085 (0%)]	Loss: 1.622362
Train Epoch: 4 [19200/23085 (83%)]	Loss: 1.682979
====> Epoch: 4 Average loss: 0.0259
Train Epoch: 5 [0/23085 (0%)]	Loss: 1.507616
Train Epoch: 5 [19200/23085 (83%)]	Loss: 1.512521
====> Epoch: 5 Average loss: 0.0257
Train Epoch: 6 [0/23085 (0%)]	Loss: 1.933710
Train Epoch: 6 [19200/23085 (83%)]	Loss: 1.444554
====> Epoch: 6 Average loss: 0.0256
Train Epoch: 7 [0/23085 (0%)]	Loss: 1.821538
Train Epoch: 7 [19200/23085 (83%)]	Loss: 1.445508
====> Epoch: 7 Average loss: 0.0256
Train Epoch: 8 [0/23085 (0%)]	Loss: 1.933053
Train Epoch: 8 [19200/23085 (83%)]	Loss: 1.439141
====> Epoch: 8 Average loss: 0.0255
Train Epoch: 9 [0/23085 (0%)]	Loss: 1.765365
Train Epoch: 9 [19200/23085 (83%)]	Loss: 1.638109
====> Epoch: 9 Average loss: 0.0254
[2024-12-02 23:54:14] INFO:__main__: Confusion matrix saved to: confusion_matrices/resnet18/cifar100/more_2.0_2.0_1/iter_8.npy
[2024-12-02 23:54:14] INFO:__main__: Overall Accuracy: 0.4838
[2024-12-02 23:54:14] INFO:__main__: Mean Precision: 0.4947
[2024-12-02 23:54:14] INFO:__main__: Mean Recall: 0.4838
[2024-12-02 23:54:14] INFO:__main__: Mean False Alarm: 0.0052
[2024-12-02 23:54:14] INFO:__main__: Per-class Precision SD: 0.1339
[2024-12-02 23:54:14] INFO:__main__: Per-class Recall SD: 0.1668
[2024-12-02 23:54:14] INFO:__main__: Per-class False Alarm SD: 0.0026
Total time: 1225.0567598342896
Additional time: 0.050940752029418945
[2024-12-02 23:54:14] INFO:__main__: Iteration: 9: run prediction on unlabeled data `du` 
[2024-12-02 23:56:06] INFO:__main__: Update size of `dl`  and `du` by adding uncertain 2000 samples in `dl` len(dl): 25085, len(du) 26915
[2024-12-02 23:56:06] INFO:__main__: Update size of `dl`  and `du` by adding 0 hcs samples in `dl` len(dl): 25085, len(du) 26915
[2024-12-02 23:56:10] INFO:__main__: Iteration: 9 fine-tune the model on dh U dl
Train Epoch: 0 [0/25085 (0%)]	Loss: 1.630207
Train Epoch: 0 [19200/25085 (77%)]	Loss: 1.612465
====> Epoch: 0 Average loss: 0.0258
Train Epoch: 1 [0/25085 (0%)]	Loss: 1.585101
Train Epoch: 1 [19200/25085 (77%)]	Loss: 1.743813
====> Epoch: 1 Average loss: 0.0258
Train Epoch: 2 [0/25085 (0%)]	Loss: 1.775791
Train Epoch: 2 [19200/25085 (77%)]	Loss: 1.222049
====> Epoch: 2 Average loss: 0.0257
Train Epoch: 3 [0/25085 (0%)]	Loss: 1.418672
Train Epoch: 3 [19200/25085 (77%)]	Loss: 1.802089
====> Epoch: 3 Average loss: 0.0257
Train Epoch: 4 [0/25085 (0%)]	Loss: 1.755641
Train Epoch: 4 [19200/25085 (77%)]	Loss: 1.475389
====> Epoch: 4 Average loss: 0.0257
Train Epoch: 5 [0/25085 (0%)]	Loss: 1.394115
Train Epoch: 5 [19200/25085 (77%)]	Loss: 1.264075
====> Epoch: 5 Average loss: 0.0256
Train Epoch: 6 [0/25085 (0%)]	Loss: 1.926212
Train Epoch: 6 [19200/25085 (77%)]	Loss: 2.016531
====> Epoch: 6 Average loss: 0.0257
Train Epoch: 7 [0/25085 (0%)]	Loss: 1.495133
Train Epoch: 7 [19200/25085 (77%)]	Loss: 1.994120
====> Epoch: 7 Average loss: 0.0256
Train Epoch: 8 [0/25085 (0%)]	Loss: 1.173522
Train Epoch: 8 [19200/25085 (77%)]	Loss: 1.768276
====> Epoch: 8 Average loss: 0.0255
Train Epoch: 9 [0/25085 (0%)]	Loss: 1.756032
Train Epoch: 9 [19200/25085 (77%)]	Loss: 1.605215
====> Epoch: 9 Average loss: 0.0252
[2024-12-03 00:15:38] INFO:__main__: Confusion matrix saved to: confusion_matrices/resnet18/cifar100/more_2.0_2.0_1/iter_9.npy
[2024-12-03 00:15:38] INFO:__main__: Overall Accuracy: 0.4878
[2024-12-03 00:15:38] INFO:__main__: Mean Precision: 0.5005
[2024-12-03 00:15:38] INFO:__main__: Mean Recall: 0.4878
[2024-12-03 00:15:38] INFO:__main__: Mean False Alarm: 0.0052
[2024-12-03 00:15:38] INFO:__main__: Per-class Precision SD: 0.1463
[2024-12-03 00:15:38] INFO:__main__: Per-class Recall SD: 0.1592
[2024-12-03 00:15:38] INFO:__main__: Per-class False Alarm SD: 0.0026
Total time: 1284.0670948028564
Additional time: 0.07022452354431152
[2024-12-03 00:15:38] INFO:__main__: Iteration: 10: run prediction on unlabeled data `du` 
[2024-12-03 00:17:19] INFO:__main__: Update size of `dl`  and `du` by adding uncertain 2000 samples in `dl` len(dl): 27085, len(du) 24915
[2024-12-03 00:17:19] INFO:__main__: Update size of `dl`  and `du` by adding 0 hcs samples in `dl` len(dl): 27085, len(du) 24915
[2024-12-03 00:17:20] INFO:__main__: Iteration: 10 fine-tune the model on dh U dl
Train Epoch: 0 [0/27085 (0%)]	Loss: 1.423866
Train Epoch: 0 [19200/27085 (71%)]	Loss: 1.674288
====> Epoch: 0 Average loss: 0.0258
Train Epoch: 1 [0/27085 (0%)]	Loss: 1.632268
Train Epoch: 1 [19200/27085 (71%)]	Loss: 1.893564
====> Epoch: 1 Average loss: 0.0257
Train Epoch: 2 [0/27085 (0%)]	Loss: 1.321395
Train Epoch: 2 [19200/27085 (71%)]	Loss: 1.703452
====> Epoch: 2 Average loss: 0.0261
Train Epoch: 3 [0/27085 (0%)]	Loss: 1.673764
Train Epoch: 3 [19200/27085 (71%)]	Loss: 1.689872
====> Epoch: 3 Average loss: 0.0259
Train Epoch: 4 [0/27085 (0%)]	Loss: 1.757124
Train Epoch: 4 [19200/27085 (71%)]	Loss: 1.630857
====> Epoch: 4 Average loss: 0.0258
Train Epoch: 5 [0/27085 (0%)]	Loss: 1.698292
Train Epoch: 5 [19200/27085 (71%)]	Loss: 1.733100
====> Epoch: 5 Average loss: 0.0258
Train Epoch: 6 [0/27085 (0%)]	Loss: 1.827197
Train Epoch: 6 [19200/27085 (71%)]	Loss: 1.796118
====> Epoch: 6 Average loss: 0.0255
Train Epoch: 7 [0/27085 (0%)]	Loss: 1.461757
Train Epoch: 7 [19200/27085 (71%)]	Loss: 1.531541
====> Epoch: 7 Average loss: 0.0255
Train Epoch: 8 [0/27085 (0%)]	Loss: 1.778834
Train Epoch: 8 [19200/27085 (71%)]	Loss: 1.929463
====> Epoch: 8 Average loss: 0.0253
Train Epoch: 9 [0/27085 (0%)]	Loss: 1.450818
Train Epoch: 9 [19200/27085 (71%)]	Loss: 1.752762
====> Epoch: 9 Average loss: 0.0255
[2024-12-03 00:37:30] INFO:__main__: Confusion matrix saved to: confusion_matrices/resnet18/cifar100/more_2.0_2.0_1/iter_10.npy
[2024-12-03 00:37:30] INFO:__main__: Overall Accuracy: 0.4808
[2024-12-03 00:37:30] INFO:__main__: Mean Precision: 0.5041
[2024-12-03 00:37:30] INFO:__main__: Mean Recall: 0.4808
[2024-12-03 00:37:30] INFO:__main__: Mean False Alarm: 0.0052
[2024-12-03 00:37:30] INFO:__main__: Per-class Precision SD: 0.1450
[2024-12-03 00:37:30] INFO:__main__: Per-class Recall SD: 0.1652
[2024-12-03 00:37:30] INFO:__main__: Per-class False Alarm SD: 0.0036
Total time: 1312.026948928833
Additional time: 0.07508540153503418
[2024-12-03 00:37:30] INFO:__main__: Iteration: 11: run prediction on unlabeled data `du` 
[2024-12-03 00:39:11] INFO:__main__: Update size of `dl`  and `du` by adding uncertain 2000 samples in `dl` len(dl): 29085, len(du) 22915
[2024-12-03 00:39:11] INFO:__main__: Update size of `dl`  and `du` by adding 0 hcs samples in `dl` len(dl): 29085, len(du) 22915
[2024-12-03 00:39:15] INFO:__main__: Iteration: 11 fine-tune the model on dh U dl
Train Epoch: 0 [0/29085 (0%)]	Loss: 1.397419
Train Epoch: 0 [19200/29085 (66%)]	Loss: 1.785482
====> Epoch: 0 Average loss: 0.0259
Train Epoch: 1 [0/29085 (0%)]	Loss: 1.625591
Train Epoch: 1 [19200/29085 (66%)]	Loss: 1.604972
====> Epoch: 1 Average loss: 0.0258
Train Epoch: 2 [0/29085 (0%)]	Loss: 1.639136
Train Epoch: 2 [19200/29085 (66%)]	Loss: 1.894768
====> Epoch: 2 Average loss: 0.0258
Train Epoch: 3 [0/29085 (0%)]	Loss: 1.423210
Train Epoch: 3 [19200/29085 (66%)]	Loss: 1.669903
====> Epoch: 3 Average loss: 0.0257
Train Epoch: 4 [0/29085 (0%)]	Loss: 1.795537
Train Epoch: 4 [19200/29085 (66%)]	Loss: 2.036521
====> Epoch: 4 Average loss: 0.0256
Train Epoch: 5 [0/29085 (0%)]	Loss: 1.695546
Train Epoch: 5 [19200/29085 (66%)]	Loss: 1.518595
====> Epoch: 5 Average loss: 0.0256
Train Epoch: 6 [0/29085 (0%)]	Loss: 1.823153
Train Epoch: 6 [19200/29085 (66%)]	Loss: 1.474848
====> Epoch: 6 Average loss: 0.0257
Train Epoch: 7 [0/29085 (0%)]	Loss: 1.777612
Train Epoch: 7 [19200/29085 (66%)]	Loss: 1.820640
====> Epoch: 7 Average loss: 0.0254
Train Epoch: 8 [0/29085 (0%)]	Loss: 1.580996
Train Epoch: 8 [19200/29085 (66%)]	Loss: 1.690557
====> Epoch: 8 Average loss: 0.0255
Train Epoch: 9 [0/29085 (0%)]	Loss: 1.973636
Train Epoch: 9 [19200/29085 (66%)]	Loss: 1.601446
====> Epoch: 9 Average loss: 0.0254
[2024-12-03 01:01:48] INFO:__main__: Confusion matrix saved to: confusion_matrices/resnet18/cifar100/more_2.0_2.0_1/iter_11.npy
[2024-12-03 01:01:48] INFO:__main__: Overall Accuracy: 0.4880
[2024-12-03 01:01:48] INFO:__main__: Mean Precision: 0.5035
[2024-12-03 01:01:48] INFO:__main__: Mean Recall: 0.4880
[2024-12-03 01:01:48] INFO:__main__: Mean False Alarm: 0.0052
[2024-12-03 01:01:48] INFO:__main__: Per-class Precision SD: 0.1416
[2024-12-03 01:01:48] INFO:__main__: Per-class Recall SD: 0.1700
[2024-12-03 01:01:48] INFO:__main__: Per-class False Alarm SD: 0.0028
Total time: 1458.4318289756775
Additional time: 0.028536558151245117
[2024-12-03 01:01:48] INFO:__main__: Iteration: 12: run prediction on unlabeled data `du` 
[2024-12-03 01:03:31] INFO:__main__: Update size of `dl`  and `du` by adding uncertain 2000 samples in `dl` len(dl): 31085, len(du) 20915
[2024-12-03 01:03:31] INFO:__main__: Update size of `dl`  and `du` by adding 0 hcs samples in `dl` len(dl): 31085, len(du) 20915
[2024-12-03 01:03:35] INFO:__main__: Iteration: 12 fine-tune the model on dh U dl
Train Epoch: 0 [0/31085 (0%)]	Loss: 1.510580
Train Epoch: 0 [19200/31085 (62%)]	Loss: 1.730524
====> Epoch: 0 Average loss: 0.0259
Train Epoch: 1 [0/31085 (0%)]	Loss: 1.416779
Train Epoch: 1 [19200/31085 (62%)]	Loss: 1.709671
====> Epoch: 1 Average loss: 0.0258
Train Epoch: 2 [0/31085 (0%)]	Loss: 1.778321
Train Epoch: 2 [19200/31085 (62%)]	Loss: 1.323432
====> Epoch: 2 Average loss: 0.0257
Train Epoch: 3 [0/31085 (0%)]	Loss: 2.039199
Train Epoch: 3 [19200/31085 (62%)]	Loss: 1.337694
====> Epoch: 3 Average loss: 0.0258
Train Epoch: 4 [0/31085 (0%)]	Loss: 1.597896
Train Epoch: 4 [19200/31085 (62%)]	Loss: 1.853786
====> Epoch: 4 Average loss: 0.0257
Train Epoch: 5 [0/31085 (0%)]	Loss: 1.688939
Train Epoch: 5 [19200/31085 (62%)]	Loss: 1.623087
====> Epoch: 5 Average loss: 0.0256
Train Epoch: 6 [0/31085 (0%)]	Loss: 1.543936
Train Epoch: 6 [19200/31085 (62%)]	Loss: 1.717532
====> Epoch: 6 Average loss: 0.0257
Train Epoch: 7 [0/31085 (0%)]	Loss: 1.341757
Train Epoch: 7 [19200/31085 (62%)]	Loss: 1.477232
====> Epoch: 7 Average loss: 0.0256
Train Epoch: 8 [0/31085 (0%)]	Loss: 1.425477
Train Epoch: 8 [19200/31085 (62%)]	Loss: 1.916350
====> Epoch: 8 Average loss: 0.0254
Train Epoch: 9 [0/31085 (0%)]	Loss: 1.466313
Train Epoch: 9 [19200/31085 (62%)]	Loss: 1.738012
====> Epoch: 9 Average loss: 0.0256
[2024-12-03 01:26:35] INFO:__main__: Confusion matrix saved to: confusion_matrices/resnet18/cifar100/more_2.0_2.0_1/iter_12.npy
[2024-12-03 01:26:35] INFO:__main__: Overall Accuracy: 0.4882
[2024-12-03 01:26:35] INFO:__main__: Mean Precision: 0.5046
[2024-12-03 01:26:35] INFO:__main__: Mean Recall: 0.4882
[2024-12-03 01:26:35] INFO:__main__: Mean False Alarm: 0.0052
[2024-12-03 01:26:35] INFO:__main__: Per-class Precision SD: 0.1459
[2024-12-03 01:26:35] INFO:__main__: Per-class Recall SD: 0.1590
[2024-12-03 01:26:35] INFO:__main__: Per-class False Alarm SD: 0.0028
Total time: 1486.7103345394135
Additional time: 0.04178047180175781
[2024-12-03 01:26:35] INFO:__main__: Iteration: 13: run prediction on unlabeled data `du` 
[2024-12-03 01:27:58] INFO:__main__: Update size of `dl`  and `du` by adding uncertain 2000 samples in `dl` len(dl): 33085, len(du) 18915
[2024-12-03 01:27:59] INFO:__main__: Update size of `dl`  and `du` by adding 0 hcs samples in `dl` len(dl): 33085, len(du) 18915
[2024-12-03 01:28:02] INFO:__main__: Iteration: 13 fine-tune the model on dh U dl
Train Epoch: 0 [0/33085 (0%)]	Loss: 1.777050
Train Epoch: 0 [19200/33085 (58%)]	Loss: 1.669570
====> Epoch: 0 Average loss: 0.0257
Train Epoch: 1 [0/33085 (0%)]	Loss: 1.509564
Train Epoch: 1 [19200/33085 (58%)]	Loss: 1.499390
====> Epoch: 1 Average loss: 0.0259
Train Epoch: 2 [0/33085 (0%)]	Loss: 1.511209
Train Epoch: 2 [19200/33085 (58%)]	Loss: 1.756817
====> Epoch: 2 Average loss: 0.0256
Train Epoch: 3 [0/33085 (0%)]	Loss: 1.561172
Train Epoch: 3 [19200/33085 (58%)]	Loss: 1.519860
====> Epoch: 3 Average loss: 0.0257
Train Epoch: 4 [0/33085 (0%)]	Loss: 1.900451
Train Epoch: 4 [19200/33085 (58%)]	Loss: 1.739219
====> Epoch: 4 Average loss: 0.0256
Train Epoch: 5 [0/33085 (0%)]	Loss: 1.792894
Train Epoch: 5 [19200/33085 (58%)]	Loss: 1.573708
====> Epoch: 5 Average loss: 0.0257
Train Epoch: 6 [0/33085 (0%)]	Loss: 1.631787
Train Epoch: 6 [19200/33085 (58%)]	Loss: 1.610660
====> Epoch: 6 Average loss: 0.0255
Train Epoch: 7 [0/33085 (0%)]	Loss: 1.767163
Train Epoch: 7 [19200/33085 (58%)]	Loss: 1.639922
====> Epoch: 7 Average loss: 0.0256
Train Epoch: 8 [0/33085 (0%)]	Loss: 1.822401
Train Epoch: 8 [19200/33085 (58%)]	Loss: 1.551407
====> Epoch: 8 Average loss: 0.0257
Train Epoch: 9 [0/33085 (0%)]	Loss: 2.295689
Train Epoch: 9 [19200/33085 (58%)]	Loss: 1.787128
====> Epoch: 9 Average loss: 0.0257
[2024-12-03 01:54:19] INFO:__main__: Confusion matrix saved to: confusion_matrices/resnet18/cifar100/more_2.0_2.0_1/iter_13.npy
[2024-12-03 01:54:19] INFO:__main__: Overall Accuracy: 0.4962
[2024-12-03 01:54:19] INFO:__main__: Mean Precision: 0.5049
[2024-12-03 01:54:19] INFO:__main__: Mean Recall: 0.4962
[2024-12-03 01:54:19] INFO:__main__: Mean False Alarm: 0.0051
[2024-12-03 01:54:19] INFO:__main__: Per-class Precision SD: 0.1395
[2024-12-03 01:54:19] INFO:__main__: Per-class Recall SD: 0.1607
[2024-12-03 01:54:19] INFO:__main__: Per-class False Alarm SD: 0.0022
Total time: 1664.5892164707184
Additional time: 0.028578758239746094
[2024-12-03 01:54:19] INFO:__main__: Iteration: 14: run prediction on unlabeled data `du` 
[2024-12-03 01:55:40] INFO:__main__: Update size of `dl`  and `du` by adding uncertain 2000 samples in `dl` len(dl): 35085, len(du) 16915
[2024-12-03 01:55:40] INFO:__main__: Update size of `dl`  and `du` by adding 0 hcs samples in `dl` len(dl): 35085, len(du) 16915
[2024-12-03 01:55:42] INFO:__main__: Iteration: 14 fine-tune the model on dh U dl
Train Epoch: 0 [0/35085 (0%)]	Loss: 1.546789
Train Epoch: 0 [19200/35085 (55%)]	Loss: 1.710965
====> Epoch: 0 Average loss: 0.0259
Train Epoch: 1 [0/35085 (0%)]	Loss: 2.220628
Train Epoch: 1 [19200/35085 (55%)]	Loss: 1.474402
====> Epoch: 1 Average loss: 0.0258
Train Epoch: 2 [0/35085 (0%)]	Loss: 1.987184
Train Epoch: 2 [19200/35085 (55%)]	Loss: 1.852067
====> Epoch: 2 Average loss: 0.0257
Train Epoch: 3 [0/35085 (0%)]	Loss: 1.859715
Train Epoch: 3 [19200/35085 (55%)]	Loss: 1.772962
====> Epoch: 3 Average loss: 0.0258
Train Epoch: 4 [0/35085 (0%)]	Loss: 1.811415
Train Epoch: 4 [19200/35085 (55%)]	Loss: 1.414741
====> Epoch: 4 Average loss: 0.0258
Train Epoch: 5 [0/35085 (0%)]	Loss: 1.495972
Train Epoch: 5 [19200/35085 (55%)]	Loss: 1.523868
====> Epoch: 5 Average loss: 0.0258
Train Epoch: 6 [0/35085 (0%)]	Loss: 1.798343
Train Epoch: 6 [19200/35085 (55%)]	Loss: 1.916961
====> Epoch: 6 Average loss: 0.0257
Train Epoch: 7 [0/35085 (0%)]	Loss: 1.308197
Train Epoch: 7 [19200/35085 (55%)]	Loss: 1.858635
====> Epoch: 7 Average loss: 0.0256
Train Epoch: 8 [0/35085 (0%)]	Loss: 1.331742
Train Epoch: 8 [19200/35085 (55%)]	Loss: 1.952285
====> Epoch: 8 Average loss: 0.0255
Train Epoch: 9 [0/35085 (0%)]	Loss: 1.510250
Train Epoch: 9 [19200/35085 (55%)]	Loss: 2.290644
====> Epoch: 9 Average loss: 0.0257
[2024-12-03 02:23:04] INFO:__main__: Confusion matrix saved to: confusion_matrices/resnet18/cifar100/more_2.0_2.0_1/iter_14.npy
[2024-12-03 02:23:04] INFO:__main__: Overall Accuracy: 0.4984
[2024-12-03 02:23:04] INFO:__main__: Mean Precision: 0.5097
[2024-12-03 02:23:04] INFO:__main__: Mean Recall: 0.4984
[2024-12-03 02:23:04] INFO:__main__: Mean False Alarm: 0.0051
[2024-12-03 02:23:04] INFO:__main__: Per-class Precision SD: 0.1464
[2024-12-03 02:23:04] INFO:__main__: Per-class Recall SD: 0.1646
[2024-12-03 02:23:04] INFO:__main__: Per-class False Alarm SD: 0.0025
Total time: 1724.9830873012543
Additional time: 0.029161930084228516
[2024-12-03 02:23:04] INFO:__main__: Iteration: 15: run prediction on unlabeled data `du` 
[2024-12-03 02:24:06] INFO:__main__: Update size of `dl`  and `du` by adding uncertain 2000 samples in `dl` len(dl): 37085, len(du) 14915
[2024-12-03 02:24:06] INFO:__main__: Update size of `dl`  and `du` by adding 0 hcs samples in `dl` len(dl): 37085, len(du) 14915
[2024-12-03 02:24:08] INFO:__main__: Iteration: 15 fine-tune the model on dh U dl
Train Epoch: 0 [0/37085 (0%)]	Loss: 1.925821
Train Epoch: 0 [19200/37085 (52%)]	Loss: 1.633119
====> Epoch: 0 Average loss: 0.0259
Train Epoch: 1 [0/37085 (0%)]	Loss: 1.714987
Train Epoch: 1 [19200/37085 (52%)]	Loss: 1.337269
====> Epoch: 1 Average loss: 0.0258
Train Epoch: 2 [0/37085 (0%)]	Loss: 1.737752
Train Epoch: 2 [19200/37085 (52%)]	Loss: 1.839956
====> Epoch: 2 Average loss: 0.0258
Train Epoch: 3 [0/37085 (0%)]	Loss: 1.645785
Train Epoch: 3 [19200/37085 (52%)]	Loss: 1.487920
====> Epoch: 3 Average loss: 0.0258
Train Epoch: 4 [0/37085 (0%)]	Loss: 1.549999
Train Epoch: 4 [19200/37085 (52%)]	Loss: 1.436993
====> Epoch: 4 Average loss: 0.0257
Train Epoch: 5 [0/37085 (0%)]	Loss: 1.765888
Train Epoch: 5 [19200/37085 (52%)]	Loss: 1.490245
====> Epoch: 5 Average loss: 0.0258
Train Epoch: 6 [0/37085 (0%)]	Loss: 1.141940
Train Epoch: 6 [19200/37085 (52%)]	Loss: 2.049787
====> Epoch: 6 Average loss: 0.0257
Train Epoch: 7 [0/37085 (0%)]	Loss: 1.334023
Train Epoch: 7 [19200/37085 (52%)]	Loss: 1.554400
====> Epoch: 7 Average loss: 0.0256
Train Epoch: 8 [0/37085 (0%)]	Loss: 1.729303
