INFO:__main__: Using device: cuda
INFO:__main__: Initial configuration: len(du): 21527, len(dl): 2391 
INFO:model.alexnet: The code is running on cuda:0 
INFO:__main__: Initialize training the model on `dl` and test on `dtest`
Train Epoch: 0 [0/2391 (0%)]	Loss: 5.992970
====> Epoch: 0 Average loss: 0.2599
Train Epoch: 1 [0/2391 (0%)]	Loss: 0.937379
====> Epoch: 1 Average loss: 0.0972
Train Epoch: 2 [0/2391 (0%)]	Loss: 0.639327
====> Epoch: 2 Average loss: 0.0498
Train Epoch: 3 [0/2391 (0%)]	Loss: 0.419533
====> Epoch: 3 Average loss: 0.0298
Train Epoch: 4 [0/2391 (0%)]	Loss: 0.358004
====> Epoch: 4 Average loss: 0.0200
Train Epoch: 5 [0/2391 (0%)]	Loss: 0.324365
====> Epoch: 5 Average loss: 0.0143
Train Epoch: 6 [0/2391 (0%)]	Loss: 0.236526
====> Epoch: 6 Average loss: 0.0111
Train Epoch: 7 [0/2391 (0%)]	Loss: 0.123169
====> Epoch: 7 Average loss: 0.0091
Train Epoch: 8 [0/2391 (0%)]	Loss: 0.124642
====> Epoch: 8 Average loss: 0.0077
Train Epoch: 9 [0/2391 (0%)]	Loss: 0.032702
====> Epoch: 9 Average loss: 0.0066
INFO:__main__: Iteration: 0: run prediction on unlabeled data `du` 
====> Initial accuracy: 50.65%
====> Initial per-class accuracies: {0: 0.2631578947368421, 1: 0.5263157894736842, 2: 0.6333333333333333, 3: 0.36, 4: 0.4827586206896552, 5: 0.3888888888888889, 6: 0.09523809523809523, 7: 0.717391304347826, 8: 0.25, 9: 0.7777777777777778, 10: 0.7454545454545455, 11: 0.6744186046511628, 12: 0.3157894736842105, 13: 0.5294117647058824, 14: 0.6666666666666666, 15: 0.1111111111111111, 16: 0.3, 17: 0.3, 18: 0.3333333333333333, 19: 0.375, 20: 0.6785714285714286, 21: 0.42105263157894735, 22: 0.5909090909090909, 23: 0.6818181818181818, 24: 0.4090909090909091, 25: 0.3333333333333333, 26: 0.75, 27: 0.22727272727272727, 28: 0.2, 29: 0.0, 30: 0.5555555555555556, 31: 0.3, 32: 0.4, 33: 0.65, 34: 0.5294117647058824, 35: 0.47619047619047616, 36: 0.5, 37: 0.22727272727272727, 38: 0.29411764705882354, 39: 0.2916666666666667, 40: 0.7647058823529411, 41: 0.11764705882352941, 42: 0.5, 43: 0.7083333333333334, 44: 0.47058823529411764, 45: 0.46153846153846156, 46: 0.16666666666666666, 47: 0.15, 48: 0.6190476190476191, 49: 0.42105263157894735, 50: 0.3181818181818182, 51: 0.17647058823529413, 52: 0.875, 53: 0.6956521739130435, 54: 0.21052631578947367, 55: 0.05, 56: 0.5238095238095238, 57: 0.0, 58: 0.0625, 59: 0.5294117647058824, 60: 0.35, 61: 0.625, 62: 0.4166666666666667, 63: 0.8076923076923077, 64: 0.55, 65: 0.625, 66: 0.6875, 67: 0.6363636363636364, 68: 0.21052631578947367, 69: 0.5625, 70: 0.3684210526315789, 71: 0.782608695652174, 72: 0.9, 73: 0.5217391304347826, 74: 0.4375, 75: 0.625, 76: 0.8333333333333334, 77: 0.3888888888888889, 78: 0.5789473684210527, 79: 0.17391304347826086, 80: 0.6842105263157895, 81: 0.0625, 82: 0.2631578947368421, 83: 0.125, 84: 0.4090909090909091, 85: 0.625, 86: 0.16666666666666666, 87: 0.5789473684210527, 88: 0.18181818181818182, 89: 0.6904761904761905, 90: 0.6842105263157895, 91: 0.575, 92: 0.4090909090909091, 93: 0.65, 94: 0.8823529411764706, 95: 0.42105263157894735, 96: 0.47058823529411764, 97: 0.75, 98: 0.5, 99: 0.3333333333333333, 100: 0.5555555555555556, 101: 0.23529411764705882, 102: 0.6818181818181818, 103: 0.631578947368421, 104: 0.2962962962962963, 105: 0.35294117647058826, 106: 0.5294117647058824, 107: 0.0, 108: 0.45161290322580644, 109: 0.6470588235294118, 110: 0.3125, 111: 0.125, 112: 0.2608695652173913, 113: 0.6666666666666666, 114: 0.0, 115: 0.14285714285714285, 116: 0.5833333333333334, 117: 0.7142857142857143, 118: 0.11764705882352941, 119: 0.38461538461538464, 120: 0.75, 121: 0.15, 122: 0.8636363636363636, 123: 0.6111111111111112, 124: 0.0, 125: 0.4166666666666667, 126: 0.8, 127: 0.38095238095238093, 128: 0.9473684210526315, 129: 0.6111111111111112, 130: 0.4444444444444444, 131: 0.5, 132: 0.6666666666666666, 133: 0.5217391304347826, 134: 0.1111111111111111, 135: 0.5555555555555556, 136: 0.8709677419354839, 137: 0.5263157894736842, 138: 0.47058823529411764, 139: 0.5294117647058824, 140: 0.43478260869565216, 141: 0.6666666666666666, 142: 0.5384615384615384, 143: 0.1875, 144: 1.0, 145: 0.125, 146: 0.375, 147: 0.4411764705882353, 148: 0.35, 149: 0.5454545454545454, 150: 0.42857142857142855, 151: 0.4166666666666667, 152: 0.3333333333333333, 153: 0.7, 154: 0.05555555555555555, 155: 0.3684210526315789, 156: 0.7619047619047619, 157: 0.5517241379310345, 158: 0.4146341463414634, 159: 0.625, 160: 0.65, 161: 0.1111111111111111, 162: 0.5, 163: 0.6, 164: 0.29411764705882354, 165: 0.2777777777777778, 166: 0.29411764705882354, 167: 0.7142857142857143, 168: 0.2777777777777778, 169: 0.7, 170: 0.5625, 171: 0.7368421052631579, 172: 0.0, 173: 0.0, 174: 0.6875, 175: 0.4090909090909091, 176: 0.5789473684210527, 177: 0.6842105263157895, 178: 0.5, 179: 0.05, 180: 0.45, 181: 0.7916666666666666, 182: 0.55, 183: 0.5625, 184: 0.15, 185: 1.0, 186: 0.42105263157894735, 187: 0.29411764705882354, 188: 0.391304347826087, 189: 0.2727272727272727, 190: 0.36363636363636365, 191: 0.7727272727272727, 192: 0.29411764705882354, 193: 0.45454545454545453, 194: 0.17647058823529413, 195: 0.6, 196: 0.35, 197: 0.42857142857142855, 198: 0.2857142857142857, 199: 0.0, 200: 0.5, 201: 0.2631578947368421, 202: 0.4444444444444444, 203: 0.8125, 204: 0.4117647058823529, 205: 0.3157894736842105, 206: 0.6521739130434783, 207: 0.6190476190476191, 208: 0.15, 209: 0.045454545454545456, 210: 0.3684210526315789, 211: 0.5185185185185185, 212: 0.5, 213: 0.7407407407407407, 214: 0.625, 215: 0.42105263157894735, 216: 0.6666666666666666, 217: 0.625, 218: 0.0, 219: 0.2777777777777778, 220: 0.55, 221: 0.4444444444444444, 222: 0.4375, 223: 0.7727272727272727, 224: 0.3888888888888889, 225: 0.2631578947368421, 226: 0.7241379310344828, 227: 0.2631578947368421, 228: 0.47368421052631576, 229: 0.8888888888888888, 230: 0.6818181818181818, 231: 0.647887323943662, 232: 0.3, 233: 0.5833333333333334, 234: 0.6818181818181818, 235: 0.21052631578947367, 236: 0.5, 237: 0.6842105263157895, 238: 0.4375, 239: 0.675, 240: 0.5263157894736842, 241: 0.5555555555555556, 242: 0.16666666666666666, 243: 0.16666666666666666, 244: 0.3888888888888889, 245: 0.45, 246: 0.1111111111111111, 247: 0.375, 248: 0.15, 249: 0.8947368421052632, 250: 0.9875, 251: 1.0, 252: 0.9770114942528736, 253: 0.10526315789473684, 254: 0.65, 255: 0.47619047619047616}
====> Initial sd of accuracies: 0.2336
INFO:__main__: Update size of `dl`  and `du` by adding uncertain 1000 samples in `dl` len(dl): 3391, len(du) 21527
INFO:__main__: Update size of `dl`  and `du` by adding 606 hcs samples in `dl` len(dl): 3997, len(du) 21527
INFO:__main__: Iteration: 0 fine-tune the model on dh U dl
Train Epoch: 0 [0/3997 (0%)]	Loss: 1.878535
====> Epoch: 0 Average loss: 0.1083
Train Epoch: 1 [0/3997 (0%)]	Loss: 1.274639
====> Epoch: 1 Average loss: 0.0669
Train Epoch: 2 [0/3997 (0%)]	Loss: 0.233306
====> Epoch: 2 Average loss: 0.0466
Train Epoch: 3 [0/3997 (0%)]	Loss: 0.202761
====> Epoch: 3 Average loss: 0.0351
Train Epoch: 4 [0/3997 (0%)]	Loss: 0.275933
====> Epoch: 4 Average loss: 0.0275
Train Epoch: 5 [0/3997 (0%)]	Loss: 0.220073
====> Epoch: 5 Average loss: 0.0221
Train Epoch: 6 [0/3997 (0%)]	Loss: 0.335211
====> Epoch: 6 Average loss: 0.0189
Train Epoch: 7 [0/3997 (0%)]	Loss: 0.220835
====> Epoch: 7 Average loss: 0.0173
Train Epoch: 8 [0/3997 (0%)]	Loss: 0.073634
====> Epoch: 8 Average loss: 0.0150
Train Epoch: 9 [0/3997 (0%)]	Loss: 0.117631
====> Epoch: 9 Average loss: 0.0129
INFO:__main__: Iteration: 1: run prediction on unlabeled data `du` 
Iteration: 0, len(dl): 3997, len(du): 19921, len(dh) 606
acc: 0.4764585465711361, sd of accuracies: 0.22271178183142867, per-class accuracies: {0: 0.3157894736842105, 1: 0.42105263157894735, 2: 0.5666666666666667, 3: 0.28, 4: 0.6206896551724138, 5: 0.3888888888888889, 6: 0.0, 7: 0.5217391304347826, 8: 0.3, 9: 0.7777777777777778, 10: 0.5272727272727272, 11: 0.6511627906976745, 12: 0.3157894736842105, 13: 0.23529411764705882, 14: 0.7916666666666666, 15: 0.2222222222222222, 16: 0.15, 17: 0.25, 18: 0.2916666666666667, 19: 0.5625, 20: 0.5, 21: 0.47368421052631576, 22: 0.5909090909090909, 23: 0.45454545454545453, 24: 0.18181818181818182, 25: 0.19047619047619047, 26: 0.6, 27: 0.4090909090909091, 28: 0.4, 29: 0.0, 30: 0.5, 31: 0.2, 32: 0.35, 33: 0.6, 34: 0.5294117647058824, 35: 0.5238095238095238, 36: 0.5, 37: 0.22727272727272727, 38: 0.4117647058823529, 39: 0.3333333333333333, 40: 0.6470588235294118, 41: 0.058823529411764705, 42: 0.5, 43: 0.5, 44: 0.35294117647058826, 45: 0.5384615384615384, 46: 0.3888888888888889, 47: 0.2, 48: 0.7142857142857143, 49: 0.631578947368421, 50: 0.22727272727272727, 51: 0.17647058823529413, 52: 0.875, 53: 0.391304347826087, 54: 0.21052631578947367, 55: 0.05, 56: 0.5238095238095238, 57: 0.1111111111111111, 58: 0.0, 59: 0.5294117647058824, 60: 0.35, 61: 0.5, 62: 0.5416666666666666, 63: 0.6923076923076923, 64: 0.65, 65: 0.625, 66: 0.6875, 67: 0.6818181818181818, 68: 0.15789473684210525, 69: 0.4375, 70: 0.3684210526315789, 71: 0.6956521739130435, 72: 0.8, 73: 0.6086956521739131, 74: 0.3125, 75: 0.625, 76: 0.8888888888888888, 77: 0.3333333333333333, 78: 0.21052631578947367, 79: 0.21739130434782608, 80: 0.5263157894736842, 81: 0.625, 82: 0.3684210526315789, 83: 0.25, 84: 0.36363636363636365, 85: 0.625, 86: 0.5, 87: 0.47368421052631576, 88: 0.2727272727272727, 89: 0.5476190476190477, 90: 0.7894736842105263, 91: 0.575, 92: 0.5, 93: 0.45, 94: 0.7647058823529411, 95: 0.40350877192982454, 96: 0.29411764705882354, 97: 0.5, 98: 0.5625, 99: 0.6111111111111112, 100: 0.48148148148148145, 101: 0.35294117647058826, 102: 0.6818181818181818, 103: 0.5263157894736842, 104: 0.2222222222222222, 105: 0.23529411764705882, 106: 0.35294117647058826, 107: 0.23529411764705882, 108: 0.45161290322580644, 109: 0.6470588235294118, 110: 0.375, 111: 0.25, 112: 0.34782608695652173, 113: 0.5833333333333334, 114: 0.058823529411764705, 115: 0.2857142857142857, 116: 0.7083333333333334, 117: 0.7142857142857143, 118: 0.11764705882352941, 119: 0.19230769230769232, 120: 0.5, 121: 0.15, 122: 0.7727272727272727, 123: 0.5555555555555556, 124: 0.05, 125: 0.3958333333333333, 126: 0.68, 127: 0.42857142857142855, 128: 0.9736842105263158, 129: 0.7777777777777778, 130: 0.3888888888888889, 131: 0.4473684210526316, 132: 0.7407407407407407, 133: 0.391304347826087, 134: 0.05555555555555555, 135: 0.6111111111111112, 136: 0.8064516129032258, 137: 0.6052631578947368, 138: 0.47058823529411764, 139: 0.35294117647058826, 140: 0.34782608695652173, 141: 0.9523809523809523, 142: 0.6538461538461539, 143: 0.1875, 144: 0.9937106918238994, 145: 0.1875, 146: 0.525, 147: 0.35294117647058826, 148: 0.4, 149: 0.5909090909090909, 150: 0.47619047619047616, 151: 0.5, 152: 0.6111111111111112, 153: 0.6, 154: 0.0, 155: 0.3157894736842105, 156: 0.5238095238095238, 157: 0.5862068965517241, 158: 0.43902439024390244, 159: 0.625, 160: 0.7, 161: 0.16666666666666666, 162: 0.3333333333333333, 163: 0.65, 164: 0.11764705882352941, 165: 0.16666666666666666, 166: 0.11764705882352941, 167: 0.7142857142857143, 168: 0.2222222222222222, 169: 0.7, 170: 0.3125, 171: 0.3157894736842105, 172: 0.0, 173: 0.0, 174: 0.6875, 175: 0.3181818181818182, 176: 0.47368421052631576, 177: 0.5263157894736842, 178: 0.625, 179: 0.05, 180: 0.5, 181: 0.7083333333333334, 182: 0.45, 183: 0.4375, 184: 0.15, 185: 0.75, 186: 0.42105263157894735, 187: 0.35294117647058826, 188: 0.2608695652173913, 189: 0.09090909090909091, 190: 0.2727272727272727, 191: 0.8181818181818182, 192: 0.29411764705882354, 193: 0.5, 194: 0.058823529411764705, 195: 0.65, 196: 0.25, 197: 0.38095238095238093, 198: 0.3333333333333333, 199: 0.25, 200: 0.5625, 201: 0.5263157894736842, 202: 0.3333333333333333, 203: 0.75, 204: 0.35294117647058826, 205: 0.3157894736842105, 206: 0.4782608695652174, 207: 0.6666666666666666, 208: 0.1, 209: 0.18181818181818182, 210: 0.15789473684210525, 211: 0.5185185185185185, 212: 0.45, 213: 0.7407407407407407, 214: 0.5, 215: 0.3684210526315789, 216: 0.6190476190476191, 217: 0.5, 218: 0.3125, 219: 0.3888888888888889, 220: 0.8, 221: 0.05555555555555555, 222: 0.3125, 223: 0.7727272727272727, 224: 0.3888888888888889, 225: 0.3684210526315789, 226: 0.6551724137931034, 227: 0.21052631578947367, 228: 0.21052631578947367, 229: 0.9444444444444444, 230: 0.36363636363636365, 231: 0.5492957746478874, 232: 0.25, 233: 0.625, 234: 0.6818181818181818, 235: 0.10526315789473684, 236: 0.5, 237: 0.6842105263157895, 238: 0.0625, 239: 0.675, 240: 0.5263157894736842, 241: 0.6666666666666666, 242: 0.2777777777777778, 243: 0.05555555555555555, 244: 0.2222222222222222, 245: 0.6, 246: 0.1111111111111111, 247: 0.3125, 248: 0.3, 249: 0.7368421052631579, 250: 0.7375, 251: 1.0, 252: 0.9080459770114943, 253: 0.2631578947368421, 254: 0.4, 255: 0.2857142857142857}
INFO:__main__: Update size of `dl`  and `du` by adding uncertain 1000 samples in `dl` len(dl): 4997, len(du) 19921
INFO:__main__: Update size of `dl`  and `du` by adding 187 hcs samples in `dl` len(dl): 5184, len(du) 19921
INFO:__main__: Iteration: 1 fine-tune the model on dh U dl
Train Epoch: 0 [0/5184 (0%)]	Loss: 0.881733
Train Epoch: 0 [4800/5184 (93%)]	Loss: 0.535882
====> Epoch: 0 Average loss: 0.0666
Train Epoch: 1 [0/5184 (0%)]	Loss: 0.716077
Train Epoch: 1 [4800/5184 (93%)]	Loss: 0.793226
====> Epoch: 1 Average loss: 0.0473
Train Epoch: 2 [0/5184 (0%)]	Loss: 0.678998
Train Epoch: 2 [4800/5184 (93%)]	Loss: 1.687493
====> Epoch: 2 Average loss: 0.0334
Train Epoch: 3 [0/5184 (0%)]	Loss: 0.079300
Train Epoch: 3 [4800/5184 (93%)]	Loss: 0.587643
====> Epoch: 3 Average loss: 0.0256
Train Epoch: 4 [0/5184 (0%)]	Loss: 0.143200
Train Epoch: 4 [4800/5184 (93%)]	Loss: 0.126377
====> Epoch: 4 Average loss: 0.0205
Train Epoch: 5 [0/5184 (0%)]	Loss: 0.477615
Train Epoch: 5 [4800/5184 (93%)]	Loss: 0.284059
====> Epoch: 5 Average loss: 0.0172
Train Epoch: 6 [0/5184 (0%)]	Loss: 0.051718
Train Epoch: 6 [4800/5184 (93%)]	Loss: 0.201833
====> Epoch: 6 Average loss: 0.0157
Train Epoch: 7 [0/5184 (0%)]	Loss: 0.247779
Train Epoch: 7 [4800/5184 (93%)]	Loss: 0.226239
====> Epoch: 7 Average loss: 0.0131
Train Epoch: 8 [0/5184 (0%)]	Loss: 0.174490
Train Epoch: 8 [4800/5184 (93%)]	Loss: 0.145745
====> Epoch: 8 Average loss: 0.0121
Train Epoch: 9 [0/5184 (0%)]	Loss: 0.105255
Train Epoch: 9 [4800/5184 (93%)]	Loss: 0.069574
====> Epoch: 9 Average loss: 0.0117
INFO:__main__: Iteration: 2: run prediction on unlabeled data `du` 
Iteration: 1, len(dl): 5184, len(du): 18734, len(dh) 187
acc: 0.5088706925963835, sd of accuracies: 0.20657567628229462, per-class accuracies: {0: 0.47368421052631576, 1: 0.5263157894736842, 2: 0.36666666666666664, 3: 0.28, 4: 0.6551724137931034, 5: 0.5, 6: 0.3333333333333333, 7: 0.5869565217391305, 8: 0.35, 9: 0.7777777777777778, 10: 0.7272727272727273, 11: 0.7674418604651163, 12: 0.3684210526315789, 13: 0.17647058823529413, 14: 0.6666666666666666, 15: 0.5, 16: 0.2, 17: 0.5, 18: 0.25, 19: 0.3125, 20: 0.5357142857142857, 21: 0.47368421052631576, 22: 0.6363636363636364, 23: 0.5454545454545454, 24: 0.2727272727272727, 25: 0.19047619047619047, 26: 0.7, 27: 0.36363636363636365, 28: 0.3, 29: 0.0, 30: 0.3888888888888889, 31: 0.35, 32: 0.25, 33: 0.5, 34: 0.47058823529411764, 35: 0.38095238095238093, 36: 0.5833333333333334, 37: 0.36363636363636365, 38: 0.29411764705882354, 39: 0.375, 40: 0.6470588235294118, 41: 0.11764705882352941, 42: 0.375, 43: 0.6666666666666666, 44: 0.4117647058823529, 45: 0.6538461538461539, 46: 0.3888888888888889, 47: 0.35, 48: 0.38095238095238093, 49: 0.6842105263157895, 50: 0.2727272727272727, 51: 0.23529411764705882, 52: 0.8125, 53: 0.6086956521739131, 54: 0.10526315789473684, 55: 0.15, 56: 0.6666666666666666, 57: 0.2222222222222222, 58: 0.0, 59: 0.4117647058823529, 60: 0.35, 61: 0.6875, 62: 0.5, 63: 0.6538461538461539, 64: 0.65, 65: 0.25, 66: 0.5625, 67: 0.6818181818181818, 68: 0.42105263157894735, 69: 0.625, 70: 0.3684210526315789, 71: 0.782608695652174, 72: 0.8, 73: 0.43478260869565216, 74: 0.4375, 75: 0.6875, 76: 0.9444444444444444, 77: 0.3333333333333333, 78: 0.3157894736842105, 79: 0.2608695652173913, 80: 0.6842105263157895, 81: 0.3125, 82: 0.3157894736842105, 83: 0.3125, 84: 0.4090909090909091, 85: 0.6875, 86: 0.5, 87: 0.47368421052631576, 88: 0.3181818181818182, 89: 0.6190476190476191, 90: 0.7368421052631579, 91: 0.675, 92: 0.5, 93: 0.55, 94: 0.23529411764705882, 95: 0.40350877192982454, 96: 0.29411764705882354, 97: 0.55, 98: 0.4375, 99: 0.6111111111111112, 100: 0.5185185185185185, 101: 0.29411764705882354, 102: 0.7727272727272727, 103: 0.47368421052631576, 104: 0.35185185185185186, 105: 0.17647058823529413, 106: 0.6470588235294118, 107: 0.35294117647058826, 108: 0.7096774193548387, 109: 0.5882352941176471, 110: 0.5, 111: 0.3125, 112: 0.391304347826087, 113: 0.7916666666666666, 114: 0.17647058823529413, 115: 0.23809523809523808, 116: 0.625, 117: 0.6666666666666666, 118: 0.35294117647058826, 119: 0.38461538461538464, 120: 0.3125, 121: 0.5, 122: 0.7727272727272727, 123: 0.5, 124: 0.15, 125: 0.3541666666666667, 126: 0.44, 127: 0.42857142857142855, 128: 1.0, 129: 0.7777777777777778, 130: 0.4444444444444444, 131: 0.3157894736842105, 132: 0.8518518518518519, 133: 0.4782608695652174, 134: 0.3333333333333333, 135: 0.5555555555555556, 136: 0.8387096774193549, 137: 0.6052631578947368, 138: 0.5882352941176471, 139: 0.35294117647058826, 140: 0.43478260869565216, 141: 0.8095238095238095, 142: 0.5769230769230769, 143: 0.3125, 144: 0.9748427672955975, 145: 0.1875, 146: 0.6, 147: 0.4117647058823529, 148: 0.45, 149: 0.45454545454545453, 150: 0.42857142857142855, 151: 0.625, 152: 0.5555555555555556, 153: 0.7, 154: 0.05555555555555555, 155: 0.47368421052631576, 156: 0.7142857142857143, 157: 0.4827586206896552, 158: 0.5121951219512195, 159: 0.625, 160: 0.7, 161: 0.1111111111111111, 162: 0.3888888888888889, 163: 0.55, 164: 0.11764705882352941, 165: 0.16666666666666666, 166: 0.47058823529411764, 167: 0.6071428571428571, 168: 0.16666666666666666, 169: 0.65, 170: 0.25, 171: 0.21052631578947367, 172: 0.0, 173: 0.1875, 174: 0.625, 175: 0.3181818181818182, 176: 0.631578947368421, 177: 0.6842105263157895, 178: 0.375, 179: 0.05, 180: 0.3, 181: 0.7916666666666666, 182: 0.6, 183: 0.5, 184: 0.2, 185: 0.625, 186: 0.5789473684210527, 187: 0.29411764705882354, 188: 0.34782608695652173, 189: 0.3181818181818182, 190: 0.3181818181818182, 191: 0.5909090909090909, 192: 0.35294117647058826, 193: 0.5454545454545454, 194: 0.11764705882352941, 195: 0.75, 196: 0.25, 197: 0.47619047619047616, 198: 0.14285714285714285, 199: 0.2, 200: 0.6875, 201: 0.5263157894736842, 202: 0.5, 203: 0.6875, 204: 0.35294117647058826, 205: 0.3684210526315789, 206: 0.5217391304347826, 207: 0.7142857142857143, 208: 0.1, 209: 0.22727272727272727, 210: 0.3157894736842105, 211: 0.5185185185185185, 212: 0.55, 213: 0.7777777777777778, 214: 0.5, 215: 0.5263157894736842, 216: 0.6666666666666666, 217: 0.625, 218: 0.3125, 219: 0.6111111111111112, 220: 0.55, 221: 0.5, 222: 0.375, 223: 0.5, 224: 0.16666666666666666, 225: 0.5263157894736842, 226: 0.4827586206896552, 227: 0.3684210526315789, 228: 0.3157894736842105, 229: 0.7777777777777778, 230: 0.2727272727272727, 231: 0.6056338028169014, 232: 0.2, 233: 0.7083333333333334, 234: 0.6818181818181818, 235: 0.10526315789473684, 236: 0.6666666666666666, 237: 0.6842105263157895, 238: 0.3125, 239: 0.75, 240: 0.47368421052631576, 241: 0.7222222222222222, 242: 0.4444444444444444, 243: 0.1111111111111111, 244: 0.4444444444444444, 245: 0.55, 246: 0.16666666666666666, 247: 0.375, 248: 0.35, 249: 0.7894736842105263, 250: 0.95625, 251: 1.0, 252: 0.9080459770114943, 253: 0.2631578947368421, 254: 0.4, 255: 0.2857142857142857}
INFO:__main__: Update size of `dl`  and `du` by adding uncertain 1000 samples in `dl` len(dl): 6184, len(du) 18734
INFO:__main__: Update size of `dl`  and `du` by adding 270 hcs samples in `dl` len(dl): 6454, len(du) 18734
INFO:__main__: Iteration: 2 fine-tune the model on dh U dl
Train Epoch: 0 [0/6454 (0%)]	Loss: 1.857791
Train Epoch: 0 [4800/6454 (74%)]	Loss: 1.251125
====> Epoch: 0 Average loss: 0.0604
Train Epoch: 1 [0/6454 (0%)]	Loss: 0.536670
Train Epoch: 1 [4800/6454 (74%)]	Loss: 1.720331
====> Epoch: 1 Average loss: 0.0426
Train Epoch: 2 [0/6454 (0%)]	Loss: 0.258766
Train Epoch: 2 [4800/6454 (74%)]	Loss: 1.622145
====> Epoch: 2 Average loss: 0.0321
Train Epoch: 3 [0/6454 (0%)]	Loss: 0.404040
Train Epoch: 3 [4800/6454 (74%)]	Loss: 0.333358
====> Epoch: 3 Average loss: 0.0242
Train Epoch: 4 [0/6454 (0%)]	Loss: 0.359697
Train Epoch: 4 [4800/6454 (74%)]	Loss: 0.268308
====> Epoch: 4 Average loss: 0.0202
Train Epoch: 5 [0/6454 (0%)]	Loss: 0.205917
Train Epoch: 5 [4800/6454 (74%)]	Loss: 0.102212
====> Epoch: 5 Average loss: 0.0181
Train Epoch: 6 [0/6454 (0%)]	Loss: 0.192698
Train Epoch: 6 [4800/6454 (74%)]	Loss: 0.308157
====> Epoch: 6 Average loss: 0.0154
Train Epoch: 7 [0/6454 (0%)]	Loss: 0.259071
Train Epoch: 7 [4800/6454 (74%)]	Loss: 0.205676
====> Epoch: 7 Average loss: 0.0134
Train Epoch: 8 [0/6454 (0%)]	Loss: 0.040233
Train Epoch: 8 [4800/6454 (74%)]	Loss: 0.238150
====> Epoch: 8 Average loss: 0.0125
Train Epoch: 9 [0/6454 (0%)]	Loss: 0.208798
Train Epoch: 9 [4800/6454 (74%)]	Loss: 0.094223
====> Epoch: 9 Average loss: 0.0116
INFO:__main__: Iteration: 3: run prediction on unlabeled data `du` 
Iteration: 2, len(dl): 6454, len(du): 17464, len(dh) 270
acc: 0.5295121119071989, sd of accuracies: 0.20581726125019267, per-class accuracies: {0: 0.631578947368421, 1: 0.47368421052631576, 2: 0.5333333333333333, 3: 0.36, 4: 0.7241379310344828, 5: 0.5555555555555556, 6: 0.2857142857142857, 7: 0.5217391304347826, 8: 0.25, 9: 0.7777777777777778, 10: 0.7090909090909091, 11: 0.6976744186046512, 12: 0.42105263157894735, 13: 0.4117647058823529, 14: 0.625, 15: 0.5555555555555556, 16: 0.25, 17: 0.5, 18: 0.2916666666666667, 19: 0.375, 20: 0.6428571428571429, 21: 0.6842105263157895, 22: 0.6818181818181818, 23: 0.5909090909090909, 24: 0.2727272727272727, 25: 0.23809523809523808, 26: 0.8, 27: 0.3181818181818182, 28: 0.35, 29: 0.0, 30: 0.5, 31: 0.5, 32: 0.25, 33: 0.6, 34: 0.7058823529411765, 35: 0.2857142857142857, 36: 0.5833333333333334, 37: 0.3181818181818182, 38: 0.29411764705882354, 39: 0.4166666666666667, 40: 0.5882352941176471, 41: 0.17647058823529413, 42: 0.4583333333333333, 43: 0.75, 44: 0.23529411764705882, 45: 0.5769230769230769, 46: 0.2222222222222222, 47: 0.4, 48: 0.6666666666666666, 49: 0.6842105263157895, 50: 0.2727272727272727, 51: 0.35294117647058826, 52: 0.625, 53: 0.6086956521739131, 54: 0.21052631578947367, 55: 0.25, 56: 0.47619047619047616, 57: 0.16666666666666666, 58: 0.0, 59: 0.47058823529411764, 60: 0.3, 61: 0.6875, 62: 0.5833333333333334, 63: 0.6153846153846154, 64: 0.65, 65: 0.5625, 66: 0.75, 67: 0.5454545454545454, 68: 0.42105263157894735, 69: 0.6875, 70: 0.3157894736842105, 71: 0.8260869565217391, 72: 0.85, 73: 0.4782608695652174, 74: 0.25, 75: 0.75, 76: 0.9444444444444444, 77: 0.2222222222222222, 78: 0.42105263157894735, 79: 0.2608695652173913, 80: 0.631578947368421, 81: 0.5625, 82: 0.7368421052631579, 83: 0.375, 84: 0.36363636363636365, 85: 0.6875, 86: 0.4444444444444444, 87: 0.47368421052631576, 88: 0.2727272727272727, 89: 0.5, 90: 0.5789473684210527, 91: 0.725, 92: 0.5, 93: 0.8, 94: 0.6470588235294118, 95: 0.5614035087719298, 96: 0.4117647058823529, 97: 0.65, 98: 0.625, 99: 0.7222222222222222, 100: 0.5555555555555556, 101: 0.35294117647058826, 102: 0.8636363636363636, 103: 0.6842105263157895, 104: 0.3333333333333333, 105: 0.29411764705882354, 106: 0.7647058823529411, 107: 0.23529411764705882, 108: 0.7419354838709677, 109: 0.6470588235294118, 110: 0.375, 111: 0.3125, 112: 0.6086956521739131, 113: 0.875, 114: 0.17647058823529413, 115: 0.38095238095238093, 116: 0.6666666666666666, 117: 0.6666666666666666, 118: 0.47058823529411764, 119: 0.4230769230769231, 120: 0.625, 121: 0.55, 122: 0.7272727272727273, 123: 0.6666666666666666, 124: 0.1, 125: 0.3958333333333333, 126: 0.8, 127: 0.42857142857142855, 128: 0.9210526315789473, 129: 0.8333333333333334, 130: 0.3888888888888889, 131: 0.5263157894736842, 132: 0.8518518518518519, 133: 0.5652173913043478, 134: 0.16666666666666666, 135: 0.5555555555555556, 136: 0.8064516129032258, 137: 0.5526315789473685, 138: 0.5882352941176471, 139: 0.5294117647058824, 140: 0.2608695652173913, 141: 0.7142857142857143, 142: 0.5769230769230769, 143: 0.4375, 144: 0.8805031446540881, 145: 0.25, 146: 0.5, 147: 0.23529411764705882, 148: 0.4, 149: 0.5454545454545454, 150: 0.47619047619047616, 151: 0.4166666666666667, 152: 0.6111111111111112, 153: 0.55, 154: 0.1111111111111111, 155: 0.47368421052631576, 156: 0.6190476190476191, 157: 0.6206896551724138, 158: 0.4146341463414634, 159: 0.5625, 160: 0.55, 161: 0.2222222222222222, 162: 0.2777777777777778, 163: 0.55, 164: 0.29411764705882354, 165: 0.3333333333333333, 166: 0.35294117647058826, 167: 0.6071428571428571, 168: 0.3333333333333333, 169: 0.65, 170: 0.4375, 171: 0.42105263157894735, 172: 0.0, 173: 0.125, 174: 0.6875, 175: 0.18181818181818182, 176: 0.631578947368421, 177: 0.631578947368421, 178: 0.5625, 179: 0.15, 180: 0.4, 181: 0.5, 182: 0.65, 183: 0.625, 184: 0.2, 185: 0.875, 186: 0.5263157894736842, 187: 0.47058823529411764, 188: 0.34782608695652173, 189: 0.3181818181818182, 190: 0.45454545454545453, 191: 0.6818181818181818, 192: 0.5294117647058824, 193: 0.45454545454545453, 194: 0.11764705882352941, 195: 0.65, 196: 0.2, 197: 0.3333333333333333, 198: 0.2857142857142857, 199: 0.2, 200: 0.75, 201: 0.5263157894736842, 202: 0.5555555555555556, 203: 0.8125, 204: 0.6470588235294118, 205: 0.5789473684210527, 206: 0.4782608695652174, 207: 0.7619047619047619, 208: 0.15, 209: 0.22727272727272727, 210: 0.3157894736842105, 211: 0.48148148148148145, 212: 0.55, 213: 0.6666666666666666, 214: 0.5625, 215: 0.6842105263157895, 216: 0.7619047619047619, 217: 0.5, 218: 0.375, 219: 0.5, 220: 0.65, 221: 0.3333333333333333, 222: 0.3125, 223: 0.6818181818181818, 224: 0.7222222222222222, 225: 0.42105263157894735, 226: 0.5862068965517241, 227: 0.3157894736842105, 228: 0.21052631578947367, 229: 0.8888888888888888, 230: 0.3181818181818182, 231: 0.704225352112676, 232: 0.25, 233: 0.5, 234: 0.7727272727272727, 235: 0.21052631578947367, 236: 0.6111111111111112, 237: 0.7894736842105263, 238: 0.5625, 239: 0.625, 240: 0.5789473684210527, 241: 0.7222222222222222, 242: 0.4444444444444444, 243: 0.05555555555555555, 244: 0.3333333333333333, 245: 0.65, 246: 0.1111111111111111, 247: 0.3125, 248: 0.3, 249: 0.7368421052631579, 250: 0.93125, 251: 1.0, 252: 0.7701149425287356, 253: 0.3684210526315789, 254: 0.6, 255: 0.14285714285714285}
INFO:__main__: Update size of `dl`  and `du` by adding uncertain 1000 samples in `dl` len(dl): 7454, len(du) 17464
INFO:__main__: Update size of `dl`  and `du` by adding 363 hcs samples in `dl` len(dl): 7817, len(du) 17464
INFO:__main__: Iteration: 3 fine-tune the model on dh U dl
Train Epoch: 0 [0/7817 (0%)]	Loss: 0.071843
Train Epoch: 0 [4800/7817 (61%)]	Loss: 1.020264
====> Epoch: 0 Average loss: 0.0618
Train Epoch: 1 [0/7817 (0%)]	Loss: 1.524617
Train Epoch: 1 [4800/7817 (61%)]	Loss: 0.666538
====> Epoch: 1 Average loss: 0.0458
Train Epoch: 2 [0/7817 (0%)]	Loss: 0.197811
Train Epoch: 2 [4800/7817 (61%)]	Loss: 0.290874
====> Epoch: 2 Average loss: 0.0343
Train Epoch: 3 [0/7817 (0%)]	Loss: 0.256511
Train Epoch: 3 [4800/7817 (61%)]	Loss: 0.153763
====> Epoch: 3 Average loss: 0.0279
Train Epoch: 4 [0/7817 (0%)]	Loss: 0.248983
Train Epoch: 4 [4800/7817 (61%)]	Loss: 0.173033
====> Epoch: 4 Average loss: 0.0231
Train Epoch: 5 [0/7817 (0%)]	Loss: 0.177066
Train Epoch: 5 [4800/7817 (61%)]	Loss: 0.085292
====> Epoch: 5 Average loss: 0.0193
Train Epoch: 6 [0/7817 (0%)]	Loss: 0.217148
Train Epoch: 6 [4800/7817 (61%)]	Loss: 0.167492
====> Epoch: 6 Average loss: 0.0163
Train Epoch: 7 [0/7817 (0%)]	Loss: 0.225457
Train Epoch: 7 [4800/7817 (61%)]	Loss: 0.129029
====> Epoch: 7 Average loss: 0.0155
Train Epoch: 8 [0/7817 (0%)]	Loss: 0.453133
Train Epoch: 8 [4800/7817 (61%)]	Loss: 0.204507
====> Epoch: 8 Average loss: 0.0147
Train Epoch: 9 [0/7817 (0%)]	Loss: 0.153895
Train Epoch: 9 [4800/7817 (61%)]	Loss: 0.093743
====> Epoch: 9 Average loss: 0.0135
INFO:__main__: Iteration: 4: run prediction on unlabeled data `du` 
Iteration: 3, len(dl): 7817, len(du): 16101, len(dh) 363
acc: 0.5274650290003412, sd of accuracies: 0.19961258211880892, per-class accuracies: {0: 0.5263157894736842, 1: 0.3684210526315789, 2: 0.5, 3: 0.28, 4: 0.6896551724137931, 5: 0.6111111111111112, 6: 0.23809523809523808, 7: 0.4782608695652174, 8: 0.2, 9: 0.7777777777777778, 10: 0.6727272727272727, 11: 0.6744186046511628, 12: 0.5263157894736842, 13: 0.29411764705882354, 14: 0.5833333333333334, 15: 0.6111111111111112, 16: 0.2, 17: 0.6, 18: 0.4583333333333333, 19: 0.625, 20: 0.6071428571428571, 21: 0.6842105263157895, 22: 0.6363636363636364, 23: 0.45454545454545453, 24: 0.4090909090909091, 25: 0.2857142857142857, 26: 0.8, 27: 0.3181818181818182, 28: 0.45, 29: 0.0, 30: 0.6111111111111112, 31: 0.55, 32: 0.3, 33: 0.4, 34: 0.6470588235294118, 35: 0.5238095238095238, 36: 0.625, 37: 0.36363636363636365, 38: 0.29411764705882354, 39: 0.375, 40: 0.8235294117647058, 41: 0.058823529411764705, 42: 0.5, 43: 0.7083333333333334, 44: 0.29411764705882354, 45: 0.6153846153846154, 46: 0.2777777777777778, 47: 0.3, 48: 0.6190476190476191, 49: 0.5789473684210527, 50: 0.2727272727272727, 51: 0.35294117647058826, 52: 0.6875, 53: 0.5652173913043478, 54: 0.3684210526315789, 55: 0.3, 56: 0.5238095238095238, 57: 0.2777777777777778, 58: 0.0625, 59: 0.47058823529411764, 60: 0.3, 61: 0.8125, 62: 0.5833333333333334, 63: 0.6923076923076923, 64: 0.7, 65: 0.5625, 66: 0.625, 67: 0.5909090909090909, 68: 0.47368421052631576, 69: 0.625, 70: 0.3157894736842105, 71: 0.7391304347826086, 72: 0.85, 73: 0.4782608695652174, 74: 0.375, 75: 0.6875, 76: 0.8333333333333334, 77: 0.3333333333333333, 78: 0.42105263157894735, 79: 0.34782608695652173, 80: 0.6842105263157895, 81: 0.5625, 82: 0.5789473684210527, 83: 0.4375, 84: 0.45454545454545453, 85: 0.6875, 86: 0.5, 87: 0.5789473684210527, 88: 0.3181818181818182, 89: 0.47619047619047616, 90: 0.5263157894736842, 91: 0.75, 92: 0.45454545454545453, 93: 0.55, 94: 0.29411764705882354, 95: 0.45614035087719296, 96: 0.47058823529411764, 97: 0.6, 98: 0.6875, 99: 0.6111111111111112, 100: 0.5555555555555556, 101: 0.6470588235294118, 102: 0.7727272727272727, 103: 0.5789473684210527, 104: 0.37037037037037035, 105: 0.47058823529411764, 106: 0.4117647058823529, 107: 0.17647058823529413, 108: 0.7419354838709677, 109: 0.4117647058823529, 110: 0.5625, 111: 0.3125, 112: 0.6956521739130435, 113: 0.75, 114: 0.17647058823529413, 115: 0.3333333333333333, 116: 0.625, 117: 0.7619047619047619, 118: 0.35294117647058826, 119: 0.4230769230769231, 120: 0.5625, 121: 0.4, 122: 0.7272727272727273, 123: 0.6111111111111112, 124: 0.2, 125: 0.3333333333333333, 126: 0.8, 127: 0.38095238095238093, 128: 1.0, 129: 0.7222222222222222, 130: 0.3888888888888889, 131: 0.631578947368421, 132: 0.7037037037037037, 133: 0.5217391304347826, 134: 0.2222222222222222, 135: 0.6111111111111112, 136: 0.7419354838709677, 137: 0.5526315789473685, 138: 0.5294117647058824, 139: 0.6470588235294118, 140: 0.21739130434782608, 141: 0.7619047619047619, 142: 0.6538461538461539, 143: 0.3125, 144: 0.9874213836477987, 145: 0.5, 146: 0.6, 147: 0.38235294117647056, 148: 0.3, 149: 0.5454545454545454, 150: 0.42857142857142855, 151: 0.5, 152: 0.5555555555555556, 153: 0.65, 154: 0.16666666666666666, 155: 0.47368421052631576, 156: 0.7142857142857143, 157: 0.5172413793103449, 158: 0.4146341463414634, 159: 0.6875, 160: 0.75, 161: 0.2222222222222222, 162: 0.3333333333333333, 163: 0.65, 164: 0.17647058823529413, 165: 0.2777777777777778, 166: 0.23529411764705882, 167: 0.6071428571428571, 168: 0.3333333333333333, 169: 0.6, 170: 0.25, 171: 0.21052631578947367, 172: 0.047619047619047616, 173: 0.1875, 174: 0.6875, 175: 0.3181818181818182, 176: 0.631578947368421, 177: 0.631578947368421, 178: 0.5625, 179: 0.1, 180: 0.6, 181: 0.625, 182: 0.65, 183: 0.625, 184: 0.1, 185: 0.75, 186: 0.631578947368421, 187: 0.29411764705882354, 188: 0.2608695652173913, 189: 0.13636363636363635, 190: 0.45454545454545453, 191: 0.5909090909090909, 192: 0.29411764705882354, 193: 0.45454545454545453, 194: 0.058823529411764705, 195: 0.7, 196: 0.25, 197: 0.3333333333333333, 198: 0.09523809523809523, 199: 0.15, 200: 0.4375, 201: 0.5263157894736842, 202: 0.4444444444444444, 203: 0.8125, 204: 0.47058823529411764, 205: 0.5263157894736842, 206: 0.391304347826087, 207: 0.8095238095238095, 208: 0.05, 209: 0.13636363636363635, 210: 0.3157894736842105, 211: 0.48148148148148145, 212: 0.5, 213: 0.6296296296296297, 214: 0.5625, 215: 0.5789473684210527, 216: 0.8095238095238095, 217: 0.625, 218: 0.5625, 219: 0.5, 220: 0.6, 221: 0.4444444444444444, 222: 0.3125, 223: 0.6363636363636364, 224: 0.8333333333333334, 225: 0.5789473684210527, 226: 0.4827586206896552, 227: 0.42105263157894735, 228: 0.2631578947368421, 229: 0.8333333333333334, 230: 0.2727272727272727, 231: 0.5492957746478874, 232: 0.25, 233: 0.5416666666666666, 234: 0.7727272727272727, 235: 0.21052631578947367, 236: 0.5, 237: 0.7368421052631579, 238: 0.5625, 239: 0.675, 240: 0.47368421052631576, 241: 0.6111111111111112, 242: 0.4444444444444444, 243: 0.16666666666666666, 244: 0.4444444444444444, 245: 0.5, 246: 0.2777777777777778, 247: 0.3125, 248: 0.4, 249: 0.7894736842105263, 250: 0.9125, 251: 1.0, 252: 0.8620689655172413, 253: 0.3157894736842105, 254: 0.55, 255: 0.3333333333333333}
INFO:__main__: Update size of `dl`  and `du` by adding uncertain 1000 samples in `dl` len(dl): 8817, len(du) 16101
INFO:__main__: Update size of `dl`  and `du` by adding 286 hcs samples in `dl` len(dl): 9103, len(du) 16101
INFO:__main__: Iteration: 4 fine-tune the model on dh U dl
Train Epoch: 0 [0/9103 (0%)]	Loss: 0.342055
Train Epoch: 0 [4800/9103 (53%)]	Loss: 0.313742
====> Epoch: 0 Average loss: 0.0504
Train Epoch: 1 [0/9103 (0%)]	Loss: 0.779404
Train Epoch: 1 [4800/9103 (53%)]	Loss: 0.413424
====> Epoch: 1 Average loss: 0.0389
Train Epoch: 2 [0/9103 (0%)]	Loss: 0.266893
Train Epoch: 2 [4800/9103 (53%)]	Loss: 0.780805
====> Epoch: 2 Average loss: 0.0304
Train Epoch: 3 [0/9103 (0%)]	Loss: 0.612804
Train Epoch: 3 [4800/9103 (53%)]	Loss: 1.180712
====> Epoch: 3 Average loss: 0.0245
Train Epoch: 4 [0/9103 (0%)]	Loss: 0.565942
Train Epoch: 4 [4800/9103 (53%)]	Loss: 0.088011
====> Epoch: 4 Average loss: 0.0206
Train Epoch: 5 [0/9103 (0%)]	Loss: 0.200565
Train Epoch: 5 [4800/9103 (53%)]	Loss: 0.301824
====> Epoch: 5 Average loss: 0.0185
Train Epoch: 6 [0/9103 (0%)]	Loss: 0.382071
Train Epoch: 6 [4800/9103 (53%)]	Loss: 0.093491
====> Epoch: 6 Average loss: 0.0164
Train Epoch: 7 [0/9103 (0%)]	Loss: 0.100937
Train Epoch: 7 [4800/9103 (53%)]	Loss: 0.153167
====> Epoch: 7 Average loss: 0.0152
Train Epoch: 8 [0/9103 (0%)]	Loss: 0.320320
Train Epoch: 8 [4800/9103 (53%)]	Loss: 0.229429
====> Epoch: 8 Average loss: 0.0145
Train Epoch: 9 [0/9103 (0%)]	Loss: 0.168531
Train Epoch: 9 [4800/9103 (53%)]	Loss: 0.203172
====> Epoch: 9 Average loss: 0.0139
INFO:__main__: Iteration: 5: run prediction on unlabeled data `du` 
Iteration: 4, len(dl): 9103, len(du): 14815, len(dh) 286
acc: 0.5301944728761515, sd of accuracies: 0.2027739219350569, per-class accuracies: {0: 0.47368421052631576, 1: 0.5263157894736842, 2: 0.5, 3: 0.24, 4: 0.6551724137931034, 5: 0.4444444444444444, 6: 0.23809523809523808, 7: 0.391304347826087, 8: 0.3, 9: 0.7222222222222222, 10: 0.6363636363636364, 11: 0.7209302325581395, 12: 0.42105263157894735, 13: 0.4117647058823529, 14: 0.625, 15: 0.5555555555555556, 16: 0.2, 17: 0.35, 18: 0.4583333333333333, 19: 0.625, 20: 0.42857142857142855, 21: 0.7368421052631579, 22: 0.5454545454545454, 23: 0.45454545454545453, 24: 0.3181818181818182, 25: 0.42857142857142855, 26: 0.8, 27: 0.18181818181818182, 28: 0.4, 29: 0.0, 30: 0.2777777777777778, 31: 0.55, 32: 0.35, 33: 0.45, 34: 0.6470588235294118, 35: 0.5714285714285714, 36: 0.625, 37: 0.2727272727272727, 38: 0.35294117647058826, 39: 0.4166666666666667, 40: 0.7647058823529411, 41: 0.058823529411764705, 42: 0.5, 43: 0.7083333333333334, 44: 0.47058823529411764, 45: 0.5769230769230769, 46: 0.16666666666666666, 47: 0.4, 48: 0.6190476190476191, 49: 0.6842105263157895, 50: 0.3181818181818182, 51: 0.35294117647058826, 52: 0.75, 53: 0.782608695652174, 54: 0.3684210526315789, 55: 0.1, 56: 0.6190476190476191, 57: 0.4444444444444444, 58: 0.0, 59: 0.5294117647058824, 60: 0.35, 61: 0.8125, 62: 0.5833333333333334, 63: 0.7692307692307693, 64: 0.6, 65: 0.6875, 66: 0.625, 67: 0.45454545454545453, 68: 0.47368421052631576, 69: 0.625, 70: 0.3684210526315789, 71: 0.782608695652174, 72: 0.8, 73: 0.5217391304347826, 74: 0.25, 75: 0.625, 76: 0.9444444444444444, 77: 0.2222222222222222, 78: 0.42105263157894735, 79: 0.2608695652173913, 80: 0.5789473684210527, 81: 0.375, 82: 0.7894736842105263, 83: 0.625, 84: 0.3181818181818182, 85: 0.75, 86: 0.3333333333333333, 87: 0.5789473684210527, 88: 0.36363636363636365, 89: 0.7142857142857143, 90: 0.7368421052631579, 91: 0.725, 92: 0.45454545454545453, 93: 0.65, 94: 0.6470588235294118, 95: 0.5614035087719298, 96: 0.35294117647058826, 97: 0.65, 98: 0.5625, 99: 0.6666666666666666, 100: 0.4074074074074074, 101: 0.47058823529411764, 102: 0.6363636363636364, 103: 0.5789473684210527, 104: 0.4444444444444444, 105: 0.35294117647058826, 106: 0.7058823529411765, 107: 0.35294117647058826, 108: 0.5483870967741935, 109: 0.4117647058823529, 110: 0.4375, 111: 0.375, 112: 0.6521739130434783, 113: 0.75, 114: 0.29411764705882354, 115: 0.3333333333333333, 116: 0.6666666666666666, 117: 0.7142857142857143, 118: 0.23529411764705882, 119: 0.4230769230769231, 120: 0.5625, 121: 0.45, 122: 0.6363636363636364, 123: 0.8888888888888888, 124: 0.1, 125: 0.3541666666666667, 126: 0.64, 127: 0.3333333333333333, 128: 0.868421052631579, 129: 0.7222222222222222, 130: 0.3888888888888889, 131: 0.5526315789473685, 132: 0.8518518518518519, 133: 0.4782608695652174, 134: 0.16666666666666666, 135: 0.5555555555555556, 136: 0.8064516129032258, 137: 0.6578947368421053, 138: 0.47058823529411764, 139: 0.47058823529411764, 140: 0.21739130434782608, 141: 0.7619047619047619, 142: 0.6923076923076923, 143: 0.25, 144: 0.949685534591195, 145: 0.25, 146: 0.575, 147: 0.35294117647058826, 148: 0.5, 149: 0.45454545454545453, 150: 0.47619047619047616, 151: 0.375, 152: 0.6111111111111112, 153: 0.65, 154: 0.3333333333333333, 155: 0.631578947368421, 156: 0.7142857142857143, 157: 0.4482758620689655, 158: 0.4878048780487805, 159: 0.5, 160: 0.75, 161: 0.2222222222222222, 162: 0.3888888888888889, 163: 0.35, 164: 0.23529411764705882, 165: 0.2777777777777778, 166: 0.29411764705882354, 167: 0.7142857142857143, 168: 0.3888888888888889, 169: 0.55, 170: 0.3125, 171: 0.2631578947368421, 172: 0.047619047619047616, 173: 0.375, 174: 0.75, 175: 0.3181818181818182, 176: 0.631578947368421, 177: 0.6842105263157895, 178: 0.625, 179: 0.15, 180: 0.55, 181: 0.75, 182: 0.7, 183: 0.625, 184: 0.15, 185: 0.75, 186: 0.6842105263157895, 187: 0.23529411764705882, 188: 0.4782608695652174, 189: 0.2727272727272727, 190: 0.45454545454545453, 191: 0.5909090909090909, 192: 0.4411764705882353, 193: 0.36363636363636365, 194: 0.058823529411764705, 195: 0.5, 196: 0.25, 197: 0.2857142857142857, 198: 0.19047619047619047, 199: 0.35, 200: 0.625, 201: 0.5789473684210527, 202: 0.7777777777777778, 203: 0.9375, 204: 0.5294117647058824, 205: 0.5263157894736842, 206: 0.391304347826087, 207: 0.7619047619047619, 208: 0.25, 209: 0.22727272727272727, 210: 0.15789473684210525, 211: 0.25925925925925924, 212: 0.6, 213: 0.6666666666666666, 214: 0.5625, 215: 0.47368421052631576, 216: 0.7142857142857143, 217: 0.625, 218: 0.625, 219: 0.3333333333333333, 220: 0.5, 221: 0.2777777777777778, 222: 0.375, 223: 0.7272727272727273, 224: 0.8333333333333334, 225: 0.42105263157894735, 226: 0.6551724137931034, 227: 0.42105263157894735, 228: 0.3157894736842105, 229: 0.8888888888888888, 230: 0.18181818181818182, 231: 0.5915492957746479, 232: 0.2, 233: 0.5833333333333334, 234: 0.6363636363636364, 235: 0.21052631578947367, 236: 0.5, 237: 0.7894736842105263, 238: 0.375, 239: 0.625, 240: 0.47368421052631576, 241: 0.6111111111111112, 242: 0.5555555555555556, 243: 0.1111111111111111, 244: 0.4444444444444444, 245: 0.6, 246: 0.3333333333333333, 247: 0.5, 248: 0.25, 249: 0.8421052631578947, 250: 0.93125, 251: 1.0, 252: 0.8275862068965517, 253: 0.3684210526315789, 254: 0.45, 255: 0.2857142857142857}
INFO:__main__: Update size of `dl`  and `du` by adding uncertain 1000 samples in `dl` len(dl): 10103, len(du) 14815
INFO:__main__: Update size of `dl`  and `du` by adding 256 hcs samples in `dl` len(dl): 10359, len(du) 14815
INFO:__main__: Iteration: 5 fine-tune the model on dh U dl
Train Epoch: 0 [0/10359 (0%)]	Loss: 0.382733
Train Epoch: 0 [4800/10359 (46%)]	Loss: 1.870346
Train Epoch: 0 [9600/10359 (93%)]	Loss: 1.045036
====> Epoch: 0 Average loss: 0.0449
Train Epoch: 1 [0/10359 (0%)]	Loss: 0.860158
Train Epoch: 1 [4800/10359 (46%)]	Loss: 1.316851
Train Epoch: 1 [9600/10359 (93%)]	Loss: 1.380760
====> Epoch: 1 Average loss: 0.0352
Train Epoch: 2 [0/10359 (0%)]	Loss: 0.390680
Train Epoch: 2 [4800/10359 (46%)]	Loss: 0.698801
Train Epoch: 2 [9600/10359 (93%)]	Loss: 0.640443
====> Epoch: 2 Average loss: 0.0295
Train Epoch: 3 [0/10359 (0%)]	Loss: 0.611145
Train Epoch: 3 [4800/10359 (46%)]	Loss: 0.767165
Train Epoch: 3 [9600/10359 (93%)]	Loss: 0.210874
====> Epoch: 3 Average loss: 0.0241
Train Epoch: 4 [0/10359 (0%)]	Loss: 0.158251
Train Epoch: 4 [4800/10359 (46%)]	Loss: 0.093193
Train Epoch: 4 [9600/10359 (93%)]	Loss: 0.523205
====> Epoch: 4 Average loss: 0.0208
Train Epoch: 5 [0/10359 (0%)]	Loss: 0.408697
Train Epoch: 5 [4800/10359 (46%)]	Loss: 0.331388
Train Epoch: 5 [9600/10359 (93%)]	Loss: 0.390482
====> Epoch: 5 Average loss: 0.0187
Train Epoch: 6 [0/10359 (0%)]	Loss: 0.322954
Train Epoch: 6 [4800/10359 (46%)]	Loss: 0.180690
Train Epoch: 6 [9600/10359 (93%)]	Loss: 0.460296
====> Epoch: 6 Average loss: 0.0173
Train Epoch: 7 [0/10359 (0%)]	Loss: 0.198573
Train Epoch: 7 [4800/10359 (46%)]	Loss: 0.253858
Train Epoch: 7 [9600/10359 (93%)]	Loss: 0.242419
====> Epoch: 7 Average loss: 0.0157
Train Epoch: 8 [0/10359 (0%)]	Loss: 0.160822
Train Epoch: 8 [4800/10359 (46%)]	Loss: 0.084004
Train Epoch: 8 [9600/10359 (93%)]	Loss: 0.248971
====> Epoch: 8 Average loss: 0.0146
Train Epoch: 9 [0/10359 (0%)]	Loss: 0.090211
Train Epoch: 9 [4800/10359 (46%)]	Loss: 0.329286
Train Epoch: 9 [9600/10359 (93%)]	Loss: 0.176577
====> Epoch: 9 Average loss: 0.0135
INFO:__main__: Iteration: 6: run prediction on unlabeled data `du` 
Iteration: 5, len(dl): 10359, len(du): 13559, len(dh) 256
acc: 0.5446946434663937, sd of accuracies: 0.20233875225707196, per-class accuracies: {0: 0.5263157894736842, 1: 0.5263157894736842, 2: 0.43333333333333335, 3: 0.32, 4: 0.6551724137931034, 5: 0.3888888888888889, 6: 0.3333333333333333, 7: 0.4782608695652174, 8: 0.2, 9: 0.7222222222222222, 10: 0.6181818181818182, 11: 0.6744186046511628, 12: 0.5263157894736842, 13: 0.4117647058823529, 14: 0.5833333333333334, 15: 0.4444444444444444, 16: 0.25, 17: 0.55, 18: 0.5833333333333334, 19: 0.5625, 20: 0.6785714285714286, 21: 0.7368421052631579, 22: 0.5454545454545454, 23: 0.6818181818181818, 24: 0.22727272727272727, 25: 0.23809523809523808, 26: 0.75, 27: 0.18181818181818182, 28: 0.35, 29: 0.1, 30: 0.4444444444444444, 31: 0.55, 32: 0.4, 33: 0.65, 34: 0.7058823529411765, 35: 0.5714285714285714, 36: 0.625, 37: 0.45454545454545453, 38: 0.47058823529411764, 39: 0.375, 40: 0.7058823529411765, 41: 0.058823529411764705, 42: 0.4166666666666667, 43: 0.625, 44: 0.29411764705882354, 45: 0.38461538461538464, 46: 0.2222222222222222, 47: 0.4, 48: 0.7142857142857143, 49: 0.42105263157894735, 50: 0.36363636363636365, 51: 0.35294117647058826, 52: 0.8125, 53: 0.782608695652174, 54: 0.3157894736842105, 55: 0.15, 56: 0.38095238095238093, 57: 0.3333333333333333, 58: 0.125, 59: 0.5294117647058824, 60: 0.45, 61: 0.8125, 62: 0.6666666666666666, 63: 0.7307692307692307, 64: 0.65, 65: 0.5, 66: 0.5625, 67: 0.5454545454545454, 68: 0.42105263157894735, 69: 0.625, 70: 0.3157894736842105, 71: 0.8695652173913043, 72: 0.85, 73: 0.30434782608695654, 74: 0.25, 75: 0.6875, 76: 1.0, 77: 0.3333333333333333, 78: 0.5263157894736842, 79: 0.2608695652173913, 80: 0.7368421052631579, 81: 0.6875, 82: 0.7368421052631579, 83: 0.6875, 84: 0.2727272727272727, 85: 0.625, 86: 0.4444444444444444, 87: 0.5263157894736842, 88: 0.22727272727272727, 89: 0.5714285714285714, 90: 0.6842105263157895, 91: 0.725, 92: 0.45454545454545453, 93: 0.75, 94: 0.4117647058823529, 95: 0.631578947368421, 96: 0.4117647058823529, 97: 0.45, 98: 0.4375, 99: 0.8333333333333334, 100: 0.7407407407407407, 101: 0.4117647058823529, 102: 0.8181818181818182, 103: 0.7894736842105263, 104: 0.3333333333333333, 105: 0.47058823529411764, 106: 0.7058823529411765, 107: 0.35294117647058826, 108: 0.7096774193548387, 109: 0.4117647058823529, 110: 0.375, 111: 0.3125, 112: 0.6521739130434783, 113: 0.6666666666666666, 114: 0.4117647058823529, 115: 0.42857142857142855, 116: 0.5833333333333334, 117: 0.7142857142857143, 118: 0.35294117647058826, 119: 0.4230769230769231, 120: 0.625, 121: 0.5, 122: 0.7727272727272727, 123: 0.7222222222222222, 124: 0.05, 125: 0.4166666666666667, 126: 0.64, 127: 0.47619047619047616, 128: 0.9473684210526315, 129: 0.6666666666666666, 130: 0.3888888888888889, 131: 0.5263157894736842, 132: 0.8888888888888888, 133: 0.43478260869565216, 134: 0.1111111111111111, 135: 0.7222222222222222, 136: 0.8064516129032258, 137: 0.6842105263157895, 138: 0.5882352941176471, 139: 0.29411764705882354, 140: 0.391304347826087, 141: 0.6190476190476191, 142: 0.6153846153846154, 143: 0.3125, 144: 0.9119496855345912, 145: 0.125, 146: 0.525, 147: 0.3235294117647059, 148: 0.45, 149: 0.45454545454545453, 150: 0.6190476190476191, 151: 0.5, 152: 0.5, 153: 0.65, 154: 0.2777777777777778, 155: 0.3684210526315789, 156: 0.7142857142857143, 157: 0.5862068965517241, 158: 0.3902439024390244, 159: 0.5625, 160: 0.8, 161: 0.2222222222222222, 162: 0.4444444444444444, 163: 0.75, 164: 0.23529411764705882, 165: 0.3888888888888889, 166: 0.29411764705882354, 167: 0.7142857142857143, 168: 0.6111111111111112, 169: 0.6, 170: 0.4375, 171: 0.5263157894736842, 172: 0.047619047619047616, 173: 0.5, 174: 0.75, 175: 0.45454545454545453, 176: 0.631578947368421, 177: 0.8421052631578947, 178: 0.6875, 179: 0.05, 180: 0.5, 181: 0.75, 182: 0.65, 183: 0.5625, 184: 0.15, 185: 0.8125, 186: 0.5263157894736842, 187: 0.35294117647058826, 188: 0.5652173913043478, 189: 0.22727272727272727, 190: 0.5, 191: 0.5, 192: 0.2647058823529412, 193: 0.45454545454545453, 194: 0.11764705882352941, 195: 0.65, 196: 0.3, 197: 0.38095238095238093, 198: 0.23809523809523808, 199: 0.3, 200: 0.75, 201: 0.5789473684210527, 202: 0.3333333333333333, 203: 0.8125, 204: 0.4117647058823529, 205: 0.47368421052631576, 206: 0.2608695652173913, 207: 0.7142857142857143, 208: 0.2, 209: 0.22727272727272727, 210: 0.2631578947368421, 211: 0.5555555555555556, 212: 0.5, 213: 0.6296296296296297, 214: 0.625, 215: 0.47368421052631576, 216: 0.7142857142857143, 217: 0.6875, 218: 0.5, 219: 0.5555555555555556, 220: 0.7, 221: 0.4444444444444444, 222: 0.3125, 223: 0.9090909090909091, 224: 0.8333333333333334, 225: 0.47368421052631576, 226: 0.6206896551724138, 227: 0.2631578947368421, 228: 0.42105263157894735, 229: 0.9444444444444444, 230: 0.5, 231: 0.6197183098591549, 232: 0.3, 233: 0.5416666666666666, 234: 0.6818181818181818, 235: 0.10526315789473684, 236: 0.5555555555555556, 237: 0.7368421052631579, 238: 0.625, 239: 0.675, 240: 0.5263157894736842, 241: 0.6111111111111112, 242: 0.4444444444444444, 243: 0.2222222222222222, 244: 0.5555555555555556, 245: 0.55, 246: 0.3888888888888889, 247: 0.4375, 248: 0.35, 249: 0.7894736842105263, 250: 0.9625, 251: 1.0, 252: 0.896551724137931, 253: 0.3157894736842105, 254: 0.35, 255: 0.2857142857142857}
