INFO:__main__: Using device: cuda
INFO:__main__: Initial configuration: len(du): 21527, len(dl): 2391 
INFO:model.alexnet: The code is running on cuda:0 
INFO:__main__: Initialize training the model on `dl` and test on `dtest`
Train Epoch: 0 [0/2391 (0%)]	Loss: 6.070045
====> Epoch: 0 Average loss: 0.2596
Train Epoch: 1 [0/2391 (0%)]	Loss: 1.539480
====> Epoch: 1 Average loss: 0.0976
Train Epoch: 2 [0/2391 (0%)]	Loss: 0.476765
====> Epoch: 2 Average loss: 0.0519
Train Epoch: 3 [0/2391 (0%)]	Loss: 0.456487
====> Epoch: 3 Average loss: 0.0304
Train Epoch: 4 [0/2391 (0%)]	Loss: 0.159344
====> Epoch: 4 Average loss: 0.0204
Train Epoch: 5 [0/2391 (0%)]	Loss: 0.246642
====> Epoch: 5 Average loss: 0.0142
Train Epoch: 6 [0/2391 (0%)]	Loss: 0.214720
====> Epoch: 6 Average loss: 0.0109
Train Epoch: 7 [0/2391 (0%)]	Loss: 0.083088
====> Epoch: 7 Average loss: 0.0094
Train Epoch: 8 [0/2391 (0%)]	Loss: 0.154479
====> Epoch: 8 Average loss: 0.0078
Train Epoch: 9 [0/2391 (0%)]	Loss: 0.188168
====> Epoch: 9 Average loss: 0.0071
INFO:__main__: Iteration: 0: run prediction on unlabeled data `du` 
====> Initial accuracy: 50.48%
====> Initial per-class accuracies: {0: 0.2631578947368421, 1: 0.5263157894736842, 2: 0.7333333333333333, 3: 0.36, 4: 0.5862068965517241, 5: 0.5, 6: 0.047619047619047616, 7: 0.5652173913043478, 8: 0.15, 9: 0.7222222222222222, 10: 0.6727272727272727, 11: 0.7906976744186046, 12: 0.21052631578947367, 13: 0.4117647058823529, 14: 0.7083333333333334, 15: 0.1111111111111111, 16: 0.3, 17: 0.3, 18: 0.4166666666666667, 19: 0.375, 20: 0.6785714285714286, 21: 0.3684210526315789, 22: 0.5454545454545454, 23: 0.5909090909090909, 24: 0.4090909090909091, 25: 0.3333333333333333, 26: 0.6, 27: 0.36363636363636365, 28: 0.3, 29: 0.0, 30: 0.5555555555555556, 31: 0.4, 32: 0.25, 33: 0.6, 34: 0.5882352941176471, 35: 0.5238095238095238, 36: 0.4583333333333333, 37: 0.22727272727272727, 38: 0.35294117647058826, 39: 0.20833333333333334, 40: 0.7647058823529411, 41: 0.11764705882352941, 42: 0.4583333333333333, 43: 0.6666666666666666, 44: 0.47058823529411764, 45: 0.34615384615384615, 46: 0.1111111111111111, 47: 0.2, 48: 0.7142857142857143, 49: 0.47368421052631576, 50: 0.4090909090909091, 51: 0.11764705882352941, 52: 0.8125, 53: 0.6521739130434783, 54: 0.15789473684210525, 55: 0.05, 56: 0.5714285714285714, 57: 0.0, 58: 0.0, 59: 0.5294117647058824, 60: 0.3, 61: 0.625, 62: 0.375, 63: 0.7307692307692307, 64: 0.65, 65: 0.375, 66: 0.6875, 67: 0.6818181818181818, 68: 0.21052631578947367, 69: 0.625, 70: 0.3157894736842105, 71: 0.8695652173913043, 72: 0.9, 73: 0.5652173913043478, 74: 0.375, 75: 0.4375, 76: 0.8888888888888888, 77: 0.3888888888888889, 78: 0.5789473684210527, 79: 0.13043478260869565, 80: 0.631578947368421, 81: 0.0625, 82: 0.3157894736842105, 83: 0.1875, 84: 0.5, 85: 0.75, 86: 0.2222222222222222, 87: 0.5263157894736842, 88: 0.18181818181818182, 89: 0.6428571428571429, 90: 0.6842105263157895, 91: 0.575, 92: 0.36363636363636365, 93: 0.65, 94: 0.8823529411764706, 95: 0.42105263157894735, 96: 0.4117647058823529, 97: 0.8, 98: 0.4375, 99: 0.3333333333333333, 100: 0.48148148148148145, 101: 0.11764705882352941, 102: 0.6363636363636364, 103: 0.631578947368421, 104: 0.2222222222222222, 105: 0.29411764705882354, 106: 0.47058823529411764, 107: 0.0, 108: 0.5483870967741935, 109: 0.6470588235294118, 110: 0.375, 111: 0.1875, 112: 0.30434782608695654, 113: 0.5833333333333334, 114: 0.0, 115: 0.2857142857142857, 116: 0.625, 117: 0.7619047619047619, 118: 0.23529411764705882, 119: 0.23076923076923078, 120: 0.625, 121: 0.3, 122: 0.9090909090909091, 123: 0.6111111111111112, 124: 0.0, 125: 0.5, 126: 0.8, 127: 0.42857142857142855, 128: 0.9736842105263158, 129: 0.5, 130: 0.3888888888888889, 131: 0.5526315789473685, 132: 0.6666666666666666, 133: 0.6521739130434783, 134: 0.0, 135: 0.3888888888888889, 136: 0.8709677419354839, 137: 0.4473684210526316, 138: 0.5882352941176471, 139: 0.47058823529411764, 140: 0.391304347826087, 141: 0.6666666666666666, 142: 0.46153846153846156, 143: 0.125, 144: 1.0, 145: 0.25, 146: 0.4, 147: 0.47058823529411764, 148: 0.3, 149: 0.5454545454545454, 150: 0.42857142857142855, 151: 0.375, 152: 0.2777777777777778, 153: 0.5, 154: 0.16666666666666666, 155: 0.3684210526315789, 156: 0.6666666666666666, 157: 0.4482758620689655, 158: 0.43902439024390244, 159: 0.6875, 160: 0.5, 161: 0.16666666666666666, 162: 0.3333333333333333, 163: 0.6, 164: 0.17647058823529413, 165: 0.3333333333333333, 166: 0.23529411764705882, 167: 0.75, 168: 0.16666666666666666, 169: 0.65, 170: 0.6875, 171: 0.5789473684210527, 172: 0.0, 173: 0.0625, 174: 0.5625, 175: 0.36363636363636365, 176: 0.631578947368421, 177: 0.7894736842105263, 178: 0.5625, 179: 0.2, 180: 0.45, 181: 0.7916666666666666, 182: 0.6, 183: 0.5, 184: 0.05, 185: 0.8125, 186: 0.42105263157894735, 187: 0.11764705882352941, 188: 0.30434782608695654, 189: 0.3181818181818182, 190: 0.4090909090909091, 191: 0.6818181818181818, 192: 0.3235294117647059, 193: 0.5, 194: 0.23529411764705882, 195: 0.6, 196: 0.3, 197: 0.47619047619047616, 198: 0.23809523809523808, 199: 0.0, 200: 0.5625, 201: 0.3684210526315789, 202: 0.5, 203: 0.8125, 204: 0.5294117647058824, 205: 0.42105263157894735, 206: 0.6086956521739131, 207: 0.6190476190476191, 208: 0.1, 209: 0.0, 210: 0.42105263157894735, 211: 0.48148148148148145, 212: 0.6, 213: 0.6296296296296297, 214: 0.625, 215: 0.631578947368421, 216: 0.8095238095238095, 217: 0.75, 218: 0.1875, 219: 0.3333333333333333, 220: 0.45, 221: 0.6111111111111112, 222: 0.4375, 223: 0.7727272727272727, 224: 0.3333333333333333, 225: 0.3157894736842105, 226: 0.7586206896551724, 227: 0.21052631578947367, 228: 0.42105263157894735, 229: 0.9444444444444444, 230: 0.5, 231: 0.6619718309859155, 232: 0.3, 233: 0.625, 234: 0.7272727272727273, 235: 0.3684210526315789, 236: 0.6111111111111112, 237: 0.7368421052631579, 238: 0.5, 239: 0.675, 240: 0.5263157894736842, 241: 0.5, 242: 0.16666666666666666, 243: 0.2222222222222222, 244: 0.3333333333333333, 245: 0.5, 246: 0.16666666666666666, 247: 0.25, 248: 0.05, 249: 0.9473684210526315, 250: 0.99375, 251: 1.0, 252: 0.9770114942528736, 253: 0.15789473684210525, 254: 0.8, 255: 0.5238095238095238}
====> Initial sd of accuracies: 0.2343
INFO:__main__: Update size of `dl`  and `du` by adding uncertain 1000 samples in `dl` len(dl): 3391, len(du) 21527
INFO:__main__: Update size of `dl`  and `du` by adding 703 hcs samples in `dl` len(dl): 4094, len(du) 21527
INFO:__main__: Iteration: 0 fine-tune the model on dh U dl
Train Epoch: 0 [0/4094 (0%)]	Loss: 3.641473
====> Epoch: 0 Average loss: 0.1104
Train Epoch: 1 [0/4094 (0%)]	Loss: 0.233274
====> Epoch: 1 Average loss: 0.0680
Train Epoch: 2 [0/4094 (0%)]	Loss: 0.811077
====> Epoch: 2 Average loss: 0.0482
Train Epoch: 3 [0/4094 (0%)]	Loss: 0.385529
====> Epoch: 3 Average loss: 0.0352
Train Epoch: 4 [0/4094 (0%)]	Loss: 0.588385
====> Epoch: 4 Average loss: 0.0286
Train Epoch: 5 [0/4094 (0%)]	Loss: 0.196530
====> Epoch: 5 Average loss: 0.0232
Train Epoch: 6 [0/4094 (0%)]	Loss: 0.365147
====> Epoch: 6 Average loss: 0.0209
Train Epoch: 7 [0/4094 (0%)]	Loss: 0.166142
====> Epoch: 7 Average loss: 0.0179
Train Epoch: 8 [0/4094 (0%)]	Loss: 0.300864
====> Epoch: 8 Average loss: 0.0158
Train Epoch: 9 [0/4094 (0%)]	Loss: 0.375657
====> Epoch: 9 Average loss: 0.0146
INFO:__main__: Iteration: 1: run prediction on unlabeled data `du` 
Iteration: 0, len(dl): 4094, len(du): 19824, len(dh) 703
acc: 0.4767997270556124, sd of accuracies: 0.21792186861005233, per-class accuracies: {0: 0.42105263157894735, 1: 0.42105263157894735, 2: 0.6333333333333333, 3: 0.32, 4: 0.5517241379310345, 5: 0.2777777777777778, 6: 0.2857142857142857, 7: 0.6304347826086957, 8: 0.15, 9: 0.7222222222222222, 10: 0.6363636363636364, 11: 0.7906976744186046, 12: 0.3684210526315789, 13: 0.17647058823529413, 14: 0.7083333333333334, 15: 0.2222222222222222, 16: 0.35, 17: 0.4, 18: 0.4583333333333333, 19: 0.375, 20: 0.35714285714285715, 21: 0.2631578947368421, 22: 0.6363636363636364, 23: 0.5454545454545454, 24: 0.13636363636363635, 25: 0.23809523809523808, 26: 0.45, 27: 0.13636363636363635, 28: 0.25, 29: 0.0, 30: 0.5555555555555556, 31: 0.6, 32: 0.25, 33: 0.45, 34: 0.5294117647058824, 35: 0.5238095238095238, 36: 0.4583333333333333, 37: 0.09090909090909091, 38: 0.29411764705882354, 39: 0.375, 40: 0.8235294117647058, 41: 0.0, 42: 0.2916666666666667, 43: 0.625, 44: 0.35294117647058826, 45: 0.4230769230769231, 46: 0.05555555555555555, 47: 0.35, 48: 0.5714285714285714, 49: 0.47368421052631576, 50: 0.36363636363636365, 51: 0.23529411764705882, 52: 0.6875, 53: 0.5652173913043478, 54: 0.05263157894736842, 55: 0.15, 56: 0.47619047619047616, 57: 0.2222222222222222, 58: 0.0625, 59: 0.23529411764705882, 60: 0.25, 61: 0.4375, 62: 0.5, 63: 0.5769230769230769, 64: 0.65, 65: 0.375, 66: 0.5625, 67: 0.6363636363636364, 68: 0.3684210526315789, 69: 0.5625, 70: 0.3684210526315789, 71: 0.6956521739130435, 72: 0.8, 73: 0.34782608695652173, 74: 0.25, 75: 0.5625, 76: 0.7777777777777778, 77: 0.4444444444444444, 78: 0.2631578947368421, 79: 0.043478260869565216, 80: 0.631578947368421, 81: 0.25, 82: 0.3157894736842105, 83: 0.1875, 84: 0.13636363636363635, 85: 0.6875, 86: 0.3888888888888889, 87: 0.42105263157894735, 88: 0.2727272727272727, 89: 0.6666666666666666, 90: 0.47368421052631576, 91: 0.625, 92: 0.4090909090909091, 93: 0.6, 94: 0.8235294117647058, 95: 0.42105263157894735, 96: 0.35294117647058826, 97: 0.65, 98: 0.375, 99: 0.3888888888888889, 100: 0.5185185185185185, 101: 0.058823529411764705, 102: 0.45454545454545453, 103: 0.47368421052631576, 104: 0.3333333333333333, 105: 0.11764705882352941, 106: 0.6470588235294118, 107: 0.11764705882352941, 108: 0.4838709677419355, 109: 0.35294117647058826, 110: 0.5, 111: 0.1875, 112: 0.6956521739130435, 113: 0.5416666666666666, 114: 0.29411764705882354, 115: 0.19047619047619047, 116: 0.625, 117: 0.7142857142857143, 118: 0.17647058823529413, 119: 0.15384615384615385, 120: 0.8125, 121: 0.3, 122: 0.8181818181818182, 123: 0.5, 124: 0.0, 125: 0.3541666666666667, 126: 0.68, 127: 0.38095238095238093, 128: 0.8421052631578947, 129: 0.16666666666666666, 130: 0.3333333333333333, 131: 0.4473684210526316, 132: 0.5185185185185185, 133: 0.5217391304347826, 134: 0.0, 135: 0.6111111111111112, 136: 0.7741935483870968, 137: 0.34210526315789475, 138: 0.5294117647058824, 139: 0.47058823529411764, 140: 0.34782608695652173, 141: 0.5238095238095238, 142: 0.6538461538461539, 143: 0.25, 144: 0.9937106918238994, 145: 0.4375, 146: 0.375, 147: 0.4117647058823529, 148: 0.4, 149: 0.45454545454545453, 150: 0.42857142857142855, 151: 0.5, 152: 0.5, 153: 0.8, 154: 0.05555555555555555, 155: 0.3684210526315789, 156: 0.7619047619047619, 157: 0.5172413793103449, 158: 0.34146341463414637, 159: 0.5, 160: 0.55, 161: 0.1111111111111111, 162: 0.3888888888888889, 163: 0.7, 164: 0.23529411764705882, 165: 0.3333333333333333, 166: 0.11764705882352941, 167: 0.6785714285714286, 168: 0.2222222222222222, 169: 0.7, 170: 0.375, 171: 0.5263157894736842, 172: 0.09523809523809523, 173: 0.1875, 174: 0.5625, 175: 0.3181818181818182, 176: 0.47368421052631576, 177: 0.6842105263157895, 178: 0.5, 179: 0.1, 180: 0.15, 181: 0.75, 182: 0.65, 183: 0.5625, 184: 0.05, 185: 0.6875, 186: 0.47368421052631576, 187: 0.17647058823529413, 188: 0.34782608695652173, 189: 0.2727272727272727, 190: 0.18181818181818182, 191: 0.6818181818181818, 192: 0.35294117647058826, 193: 0.2727272727272727, 194: 0.17647058823529413, 195: 0.65, 196: 0.3, 197: 0.38095238095238093, 198: 0.23809523809523808, 199: 0.1, 200: 0.5625, 201: 0.2631578947368421, 202: 0.6111111111111112, 203: 0.9375, 204: 0.5294117647058824, 205: 0.42105263157894735, 206: 0.34782608695652173, 207: 0.6666666666666666, 208: 0.15, 209: 0.0, 210: 0.15789473684210525, 211: 0.5185185185185185, 212: 0.55, 213: 0.4074074074074074, 214: 0.5625, 215: 0.631578947368421, 216: 0.6666666666666666, 217: 0.4375, 218: 0.375, 219: 0.2777777777777778, 220: 0.45, 221: 0.3888888888888889, 222: 0.5, 223: 0.7272727272727273, 224: 0.05555555555555555, 225: 0.3157894736842105, 226: 0.7931034482758621, 227: 0.3157894736842105, 228: 0.3684210526315789, 229: 0.7777777777777778, 230: 0.5454545454545454, 231: 0.676056338028169, 232: 0.2, 233: 0.7083333333333334, 234: 0.7272727272727273, 235: 0.3684210526315789, 236: 0.5, 237: 0.5789473684210527, 238: 0.5, 239: 0.625, 240: 0.5263157894736842, 241: 0.5, 242: 0.16666666666666666, 243: 0.1111111111111111, 244: 0.3888888888888889, 245: 0.45, 246: 0.3888888888888889, 247: 0.3125, 248: 0.0, 249: 0.8421052631578947, 250: 0.96875, 251: 1.0, 252: 0.9655172413793104, 253: 0.2631578947368421, 254: 0.65, 255: 0.3333333333333333}
INFO:__main__: Update size of `dl`  and `du` by adding uncertain 1000 samples in `dl` len(dl): 5094, len(du) 19824
INFO:__main__: Update size of `dl`  and `du` by adding 201 hcs samples in `dl` len(dl): 5295, len(du) 19824
INFO:__main__: Iteration: 1 fine-tune the model on dh U dl
Train Epoch: 0 [0/5295 (0%)]	Loss: 0.468403
Train Epoch: 0 [4800/5295 (91%)]	Loss: 0.267980
====> Epoch: 0 Average loss: 0.0660
Train Epoch: 1 [0/5295 (0%)]	Loss: 0.580912
Train Epoch: 1 [4800/5295 (91%)]	Loss: 2.320790
====> Epoch: 1 Average loss: 0.0478
Train Epoch: 2 [0/5295 (0%)]	Loss: 0.192852
Train Epoch: 2 [4800/5295 (91%)]	Loss: 0.411987
====> Epoch: 2 Average loss: 0.0347
Train Epoch: 3 [0/5295 (0%)]	Loss: 0.318557
Train Epoch: 3 [4800/5295 (91%)]	Loss: 0.565446
====> Epoch: 3 Average loss: 0.0262
Train Epoch: 4 [0/5295 (0%)]	Loss: 0.360772
Train Epoch: 4 [4800/5295 (91%)]	Loss: 0.641044
====> Epoch: 4 Average loss: 0.0216
Train Epoch: 5 [0/5295 (0%)]	Loss: 0.081829
Train Epoch: 5 [4800/5295 (91%)]	Loss: 0.176430
====> Epoch: 5 Average loss: 0.0183
Train Epoch: 6 [0/5295 (0%)]	Loss: 0.127626
Train Epoch: 6 [4800/5295 (91%)]	Loss: 0.183986
====> Epoch: 6 Average loss: 0.0165
Train Epoch: 7 [0/5295 (0%)]	Loss: 0.096872
Train Epoch: 7 [4800/5295 (91%)]	Loss: 0.224570
====> Epoch: 7 Average loss: 0.0144
Train Epoch: 8 [0/5295 (0%)]	Loss: 0.131246
Train Epoch: 8 [4800/5295 (91%)]	Loss: 0.475884
====> Epoch: 8 Average loss: 0.0141
Train Epoch: 9 [0/5295 (0%)]	Loss: 0.097733
Train Epoch: 9 [4800/5295 (91%)]	Loss: 0.311665
====> Epoch: 9 Average loss: 0.0128
INFO:__main__: Iteration: 2: run prediction on unlabeled data `du` 
Iteration: 1, len(dl): 5295, len(du): 18623, len(dh) 201
acc: 0.49897645854657113, sd of accuracies: 0.20810403245440193, per-class accuracies: {0: 0.631578947368421, 1: 0.42105263157894735, 2: 0.5, 3: 0.4, 4: 0.5862068965517241, 5: 0.2222222222222222, 6: 0.2857142857142857, 7: 0.5869565217391305, 8: 0.25, 9: 0.8333333333333334, 10: 0.45454545454545453, 11: 0.7209302325581395, 12: 0.47368421052631576, 13: 0.29411764705882354, 14: 0.5833333333333334, 15: 0.4444444444444444, 16: 0.3, 17: 0.55, 18: 0.5, 19: 0.4375, 20: 0.42857142857142855, 21: 0.3157894736842105, 22: 0.7272727272727273, 23: 0.5454545454545454, 24: 0.3181818181818182, 25: 0.3333333333333333, 26: 0.7, 27: 0.18181818181818182, 28: 0.35, 29: 0.0, 30: 0.5555555555555556, 31: 0.55, 32: 0.2, 33: 0.55, 34: 0.47058823529411764, 35: 0.5714285714285714, 36: 0.5833333333333334, 37: 0.2727272727272727, 38: 0.35294117647058826, 39: 0.375, 40: 0.7647058823529411, 41: 0.0, 42: 0.4583333333333333, 43: 0.75, 44: 0.35294117647058826, 45: 0.5, 46: 0.1111111111111111, 47: 0.3, 48: 0.7142857142857143, 49: 0.3684210526315789, 50: 0.4090909090909091, 51: 0.29411764705882354, 52: 0.8125, 53: 0.6086956521739131, 54: 0.3157894736842105, 55: 0.25, 56: 0.42857142857142855, 57: 0.5, 58: 0.0, 59: 0.17647058823529413, 60: 0.3, 61: 0.5, 62: 0.625, 63: 0.6538461538461539, 64: 0.55, 65: 0.3125, 66: 0.6875, 67: 0.5, 68: 0.05263157894736842, 69: 0.6875, 70: 0.3157894736842105, 71: 0.6521739130434783, 72: 0.8, 73: 0.043478260869565216, 74: 0.3125, 75: 0.5625, 76: 0.7777777777777778, 77: 0.3333333333333333, 78: 0.47368421052631576, 79: 0.21739130434782608, 80: 0.631578947368421, 81: 0.375, 82: 0.3684210526315789, 83: 0.125, 84: 0.3181818181818182, 85: 0.6875, 86: 0.4444444444444444, 87: 0.5263157894736842, 88: 0.3181818181818182, 89: 0.6904761904761905, 90: 0.3684210526315789, 91: 0.675, 92: 0.4090909090909091, 93: 0.65, 94: 0.8823529411764706, 95: 0.45614035087719296, 96: 0.47058823529411764, 97: 0.7, 98: 0.625, 99: 0.4444444444444444, 100: 0.5555555555555556, 101: 0.4117647058823529, 102: 0.4090909090909091, 103: 0.47368421052631576, 104: 0.3333333333333333, 105: 0.23529411764705882, 106: 0.7647058823529411, 107: 0.0, 108: 0.5806451612903226, 109: 0.4117647058823529, 110: 0.3125, 111: 0.5, 112: 0.34782608695652173, 113: 0.4583333333333333, 114: 0.4117647058823529, 115: 0.2857142857142857, 116: 0.5416666666666666, 117: 0.6190476190476191, 118: 0.17647058823529413, 119: 0.15384615384615385, 120: 0.625, 121: 0.15, 122: 0.8181818181818182, 123: 0.6111111111111112, 124: 0.05, 125: 0.4791666666666667, 126: 0.6, 127: 0.42857142857142855, 128: 0.9210526315789473, 129: 0.2222222222222222, 130: 0.2222222222222222, 131: 0.5, 132: 0.48148148148148145, 133: 0.6521739130434783, 134: 0.1111111111111111, 135: 0.5555555555555556, 136: 0.5806451612903226, 137: 0.39473684210526316, 138: 0.5294117647058824, 139: 0.5882352941176471, 140: 0.5217391304347826, 141: 0.5714285714285714, 142: 0.5384615384615384, 143: 0.1875, 144: 0.9937106918238994, 145: 0.375, 146: 0.15, 147: 0.35294117647058826, 148: 0.4, 149: 0.4090909090909091, 150: 0.5238095238095238, 151: 0.5, 152: 0.5555555555555556, 153: 0.7, 154: 0.1111111111111111, 155: 0.2631578947368421, 156: 0.3333333333333333, 157: 0.5172413793103449, 158: 0.24390243902439024, 159: 0.5, 160: 0.6, 161: 0.1111111111111111, 162: 0.2777777777777778, 163: 0.7, 164: 0.29411764705882354, 165: 0.3333333333333333, 166: 0.23529411764705882, 167: 0.6428571428571429, 168: 0.2222222222222222, 169: 0.65, 170: 0.5, 171: 0.5789473684210527, 172: 0.09523809523809523, 173: 0.25, 174: 0.6875, 175: 0.2727272727272727, 176: 0.5789473684210527, 177: 0.7368421052631579, 178: 0.625, 179: 0.1, 180: 0.5, 181: 0.7916666666666666, 182: 0.6, 183: 0.5625, 184: 0.4, 185: 0.6875, 186: 0.5789473684210527, 187: 0.17647058823529413, 188: 0.43478260869565216, 189: 0.22727272727272727, 190: 0.22727272727272727, 191: 0.6818181818181818, 192: 0.29411764705882354, 193: 0.18181818181818182, 194: 0.17647058823529413, 195: 0.65, 196: 0.35, 197: 0.47619047619047616, 198: 0.2857142857142857, 199: 0.05, 200: 0.6875, 201: 0.5789473684210527, 202: 0.6111111111111112, 203: 0.875, 204: 0.47058823529411764, 205: 0.3157894736842105, 206: 0.5652173913043478, 207: 0.7619047619047619, 208: 0.25, 209: 0.045454545454545456, 210: 0.3157894736842105, 211: 0.6296296296296297, 212: 0.55, 213: 0.48148148148148145, 214: 0.75, 215: 0.5789473684210527, 216: 0.6666666666666666, 217: 0.5625, 218: 0.5, 219: 0.3333333333333333, 220: 0.5, 221: 0.5, 222: 0.4375, 223: 0.5454545454545454, 224: 0.3333333333333333, 225: 0.3684210526315789, 226: 0.7241379310344828, 227: 0.3157894736842105, 228: 0.42105263157894735, 229: 0.9444444444444444, 230: 0.5454545454545454, 231: 0.7605633802816901, 232: 0.3, 233: 0.6666666666666666, 234: 0.6363636363636364, 235: 0.3157894736842105, 236: 0.5, 237: 0.631578947368421, 238: 0.625, 239: 0.625, 240: 0.42105263157894735, 241: 0.5555555555555556, 242: 0.1111111111111111, 243: 0.16666666666666666, 244: 0.3333333333333333, 245: 0.5, 246: 0.4444444444444444, 247: 0.3125, 248: 0.3, 249: 0.8947368421052632, 250: 0.98125, 251: 1.0, 252: 0.9655172413793104, 253: 0.3684210526315789, 254: 0.35, 255: 0.3333333333333333}
INFO:__main__: Update size of `dl`  and `du` by adding uncertain 1000 samples in `dl` len(dl): 6295, len(du) 18623
INFO:__main__: Update size of `dl`  and `du` by adding 288 hcs samples in `dl` len(dl): 6583, len(du) 18623
INFO:__main__: Iteration: 2 fine-tune the model on dh U dl
Train Epoch: 0 [0/6583 (0%)]	Loss: 2.413998
Train Epoch: 0 [4800/6583 (73%)]	Loss: 0.687875
====> Epoch: 0 Average loss: 0.0628
Train Epoch: 1 [0/6583 (0%)]	Loss: 0.437333
Train Epoch: 1 [4800/6583 (73%)]	Loss: 1.000167
====> Epoch: 1 Average loss: 0.0460
Train Epoch: 2 [0/6583 (0%)]	Loss: 0.134557
Train Epoch: 2 [4800/6583 (73%)]	Loss: 0.614067
====> Epoch: 2 Average loss: 0.0349
Train Epoch: 3 [0/6583 (0%)]	Loss: 0.523145
Train Epoch: 3 [4800/6583 (73%)]	Loss: 0.222171
====> Epoch: 3 Average loss: 0.0278
Train Epoch: 4 [0/6583 (0%)]	Loss: 1.192514
Train Epoch: 4 [4800/6583 (73%)]	Loss: 0.170021
====> Epoch: 4 Average loss: 0.0227
Train Epoch: 5 [0/6583 (0%)]	Loss: 0.502866
Train Epoch: 5 [4800/6583 (73%)]	Loss: 0.481386
====> Epoch: 5 Average loss: 0.0192
Train Epoch: 6 [0/6583 (0%)]	Loss: 0.533223
Train Epoch: 6 [4800/6583 (73%)]	Loss: 0.110192
====> Epoch: 6 Average loss: 0.0174
Train Epoch: 7 [0/6583 (0%)]	Loss: 0.292968
Train Epoch: 7 [4800/6583 (73%)]	Loss: 0.180152
====> Epoch: 7 Average loss: 0.0157
Train Epoch: 8 [0/6583 (0%)]	Loss: 0.053688
Train Epoch: 8 [4800/6583 (73%)]	Loss: 0.187472
====> Epoch: 8 Average loss: 0.0138
Train Epoch: 9 [0/6583 (0%)]	Loss: 0.447244
Train Epoch: 9 [4800/6583 (73%)]	Loss: 0.139276
====> Epoch: 9 Average loss: 0.0131
INFO:__main__: Iteration: 3: run prediction on unlabeled data `du` 
Iteration: 2, len(dl): 6583, len(du): 17335, len(dh) 288
acc: 0.5223473217331969, sd of accuracies: 0.20434848194436897, per-class accuracies: {0: 0.5789473684210527, 1: 0.5263157894736842, 2: 0.7, 3: 0.24, 4: 0.4482758620689655, 5: 0.3333333333333333, 6: 0.23809523809523808, 7: 0.4782608695652174, 8: 0.15, 9: 0.7222222222222222, 10: 0.6181818181818182, 11: 0.8604651162790697, 12: 0.3157894736842105, 13: 0.29411764705882354, 14: 0.5833333333333334, 15: 0.5555555555555556, 16: 0.4, 17: 0.5, 18: 0.4166666666666667, 19: 0.5625, 20: 0.4642857142857143, 21: 0.47368421052631576, 22: 0.6363636363636364, 23: 0.4090909090909091, 24: 0.4090909090909091, 25: 0.19047619047619047, 26: 0.5, 27: 0.22727272727272727, 28: 0.35, 29: 0.0, 30: 0.5, 31: 0.7, 32: 0.25, 33: 0.45, 34: 0.6470588235294118, 35: 0.5714285714285714, 36: 0.5416666666666666, 37: 0.22727272727272727, 38: 0.35294117647058826, 39: 0.375, 40: 0.8235294117647058, 41: 0.058823529411764705, 42: 0.4583333333333333, 43: 0.75, 44: 0.4117647058823529, 45: 0.6153846153846154, 46: 0.2222222222222222, 47: 0.2, 48: 0.7142857142857143, 49: 0.2631578947368421, 50: 0.4090909090909091, 51: 0.4117647058823529, 52: 0.875, 53: 0.6956521739130435, 54: 0.42105263157894735, 55: 0.3, 56: 0.5238095238095238, 57: 0.5555555555555556, 58: 0.0, 59: 0.17647058823529413, 60: 0.15, 61: 0.625, 62: 0.5833333333333334, 63: 0.7307692307692307, 64: 0.7, 65: 0.3125, 66: 0.625, 67: 0.6818181818181818, 68: 0.42105263157894735, 69: 0.625, 70: 0.47368421052631576, 71: 0.6956521739130435, 72: 0.8, 73: 0.34782608695652173, 74: 0.25, 75: 0.4375, 76: 0.7222222222222222, 77: 0.5555555555555556, 78: 0.47368421052631576, 79: 0.2608695652173913, 80: 0.6842105263157895, 81: 0.3125, 82: 0.47368421052631576, 83: 0.625, 84: 0.4090909090909091, 85: 0.5625, 86: 0.5, 87: 0.47368421052631576, 88: 0.3181818181818182, 89: 0.7619047619047619, 90: 0.5789473684210527, 91: 0.675, 92: 0.45454545454545453, 93: 0.65, 94: 0.7647058823529411, 95: 0.42105263157894735, 96: 0.5294117647058824, 97: 0.8, 98: 0.5625, 99: 0.4444444444444444, 100: 0.4444444444444444, 101: 0.23529411764705882, 102: 0.6818181818181818, 103: 0.42105263157894735, 104: 0.3888888888888889, 105: 0.17647058823529413, 106: 0.8823529411764706, 107: 0.058823529411764705, 108: 0.6774193548387096, 109: 0.35294117647058826, 110: 0.25, 111: 0.5625, 112: 0.4782608695652174, 113: 0.5416666666666666, 114: 0.35294117647058826, 115: 0.38095238095238093, 116: 0.5833333333333334, 117: 0.7619047619047619, 118: 0.29411764705882354, 119: 0.23076923076923078, 120: 0.8125, 121: 0.3, 122: 0.8181818181818182, 123: 0.5, 124: 0.05, 125: 0.375, 126: 0.56, 127: 0.23809523809523808, 128: 0.868421052631579, 129: 0.3333333333333333, 130: 0.2777777777777778, 131: 0.6578947368421053, 132: 0.5185185185185185, 133: 0.6086956521739131, 134: 0.1111111111111111, 135: 0.6666666666666666, 136: 0.45161290322580644, 137: 0.3684210526315789, 138: 0.5294117647058824, 139: 0.5882352941176471, 140: 0.4782608695652174, 141: 0.6666666666666666, 142: 0.5769230769230769, 143: 0.1875, 144: 0.9685534591194969, 145: 0.3125, 146: 0.35, 147: 0.5294117647058824, 148: 0.65, 149: 0.3181818181818182, 150: 0.2857142857142857, 151: 0.5416666666666666, 152: 0.4444444444444444, 153: 0.6, 154: 0.1111111111111111, 155: 0.6842105263157895, 156: 0.5238095238095238, 157: 0.5862068965517241, 158: 0.36585365853658536, 159: 0.5, 160: 0.65, 161: 0.16666666666666666, 162: 0.3888888888888889, 163: 0.65, 164: 0.17647058823529413, 165: 0.3888888888888889, 166: 0.29411764705882354, 167: 0.75, 168: 0.16666666666666666, 169: 0.7, 170: 0.3125, 171: 0.47368421052631576, 172: 0.09523809523809523, 173: 0.5625, 174: 0.75, 175: 0.3181818181818182, 176: 0.5789473684210527, 177: 0.7894736842105263, 178: 0.5625, 179: 0.3, 180: 0.55, 181: 0.7916666666666666, 182: 0.65, 183: 0.5625, 184: 0.15, 185: 0.75, 186: 0.631578947368421, 187: 0.23529411764705882, 188: 0.43478260869565216, 189: 0.2727272727272727, 190: 0.22727272727272727, 191: 0.6818181818181818, 192: 0.35294117647058826, 193: 0.13636363636363635, 194: 0.11764705882352941, 195: 0.65, 196: 0.45, 197: 0.38095238095238093, 198: 0.38095238095238093, 199: 0.2, 200: 0.5625, 201: 0.5789473684210527, 202: 0.5555555555555556, 203: 0.625, 204: 0.47058823529411764, 205: 0.5263157894736842, 206: 0.5217391304347826, 207: 0.7619047619047619, 208: 0.2, 209: 0.045454545454545456, 210: 0.3157894736842105, 211: 0.5925925925925926, 212: 0.3, 213: 0.4444444444444444, 214: 0.625, 215: 0.5263157894736842, 216: 0.6190476190476191, 217: 0.4375, 218: 0.5, 219: 0.3888888888888889, 220: 0.5, 221: 0.5, 222: 0.5, 223: 0.6818181818181818, 224: 0.3888888888888889, 225: 0.47368421052631576, 226: 0.7586206896551724, 227: 0.21052631578947367, 228: 0.5263157894736842, 229: 0.8888888888888888, 230: 0.7272727272727273, 231: 0.7887323943661971, 232: 0.3, 233: 0.7083333333333334, 234: 0.8181818181818182, 235: 0.42105263157894735, 236: 0.5, 237: 0.5789473684210527, 238: 0.625, 239: 0.75, 240: 0.47368421052631576, 241: 0.6111111111111112, 242: 0.16666666666666666, 243: 0.16666666666666666, 244: 0.3888888888888889, 245: 0.4, 246: 0.4444444444444444, 247: 0.4375, 248: 0.25, 249: 0.8421052631578947, 250: 0.9875, 251: 1.0, 252: 0.9540229885057471, 253: 0.47368421052631576, 254: 0.5, 255: 0.5238095238095238}
INFO:__main__: Update size of `dl`  and `du` by adding uncertain 1000 samples in `dl` len(dl): 7583, len(du) 17335
INFO:__main__: Update size of `dl`  and `du` by adding 339 hcs samples in `dl` len(dl): 7922, len(du) 17335
INFO:__main__: Iteration: 3 fine-tune the model on dh U dl
Train Epoch: 0 [0/7922 (0%)]	Loss: 0.182517
Train Epoch: 0 [4800/7922 (61%)]	Loss: 0.647444
====> Epoch: 0 Average loss: 0.0587
Train Epoch: 1 [0/7922 (0%)]	Loss: 0.723935
Train Epoch: 1 [4800/7922 (61%)]	Loss: 1.273122
====> Epoch: 1 Average loss: 0.0440
Train Epoch: 2 [0/7922 (0%)]	Loss: 0.539617
Train Epoch: 2 [4800/7922 (61%)]	Loss: 0.535545
====> Epoch: 2 Average loss: 0.0348
Train Epoch: 3 [0/7922 (0%)]	Loss: 0.404605
Train Epoch: 3 [4800/7922 (61%)]	Loss: 0.323419
====> Epoch: 3 Average loss: 0.0275
Train Epoch: 4 [0/7922 (0%)]	Loss: 0.238140
Train Epoch: 4 [4800/7922 (61%)]	Loss: 0.140938
====> Epoch: 4 Average loss: 0.0240
Train Epoch: 5 [0/7922 (0%)]	Loss: 0.066541
Train Epoch: 5 [4800/7922 (61%)]	Loss: 0.246217
====> Epoch: 5 Average loss: 0.0201
Train Epoch: 6 [0/7922 (0%)]	Loss: 0.497722
Train Epoch: 6 [4800/7922 (61%)]	Loss: 0.451503
====> Epoch: 6 Average loss: 0.0188
Train Epoch: 7 [0/7922 (0%)]	Loss: 0.208941
Train Epoch: 7 [4800/7922 (61%)]	Loss: 0.185747
====> Epoch: 7 Average loss: 0.0177
Train Epoch: 8 [0/7922 (0%)]	Loss: 0.083827
Train Epoch: 8 [4800/7922 (61%)]	Loss: 0.171221
====> Epoch: 8 Average loss: 0.0155
Train Epoch: 9 [0/7922 (0%)]	Loss: 0.124824
Train Epoch: 9 [4800/7922 (61%)]	Loss: 0.800001
====> Epoch: 9 Average loss: 0.0145
INFO:__main__: Iteration: 4: run prediction on unlabeled data `du` 
Iteration: 3, len(dl): 7922, len(du): 15996, len(dh) 339
acc: 0.526100307062436, sd of accuracies: 0.19407854987624473, per-class accuracies: {0: 0.5789473684210527, 1: 0.47368421052631576, 2: 0.6, 3: 0.4, 4: 0.5517241379310345, 5: 0.3333333333333333, 6: 0.23809523809523808, 7: 0.5217391304347826, 8: 0.35, 9: 0.6666666666666666, 10: 0.6363636363636364, 11: 0.813953488372093, 12: 0.2631578947368421, 13: 0.5294117647058824, 14: 0.5833333333333334, 15: 0.4444444444444444, 16: 0.4, 17: 0.45, 18: 0.5, 19: 0.6875, 20: 0.6428571428571429, 21: 0.5263157894736842, 22: 0.6363636363636364, 23: 0.36363636363636365, 24: 0.4090909090909091, 25: 0.23809523809523808, 26: 0.6, 27: 0.18181818181818182, 28: 0.25, 29: 0.1, 30: 0.3888888888888889, 31: 0.7, 32: 0.25, 33: 0.45, 34: 0.5294117647058824, 35: 0.5238095238095238, 36: 0.5416666666666666, 37: 0.2727272727272727, 38: 0.35294117647058826, 39: 0.4583333333333333, 40: 0.7647058823529411, 41: 0.058823529411764705, 42: 0.5416666666666666, 43: 0.7083333333333334, 44: 0.4117647058823529, 45: 0.6153846153846154, 46: 0.2777777777777778, 47: 0.25, 48: 0.7142857142857143, 49: 0.5789473684210527, 50: 0.4090909090909091, 51: 0.23529411764705882, 52: 0.8125, 53: 0.5217391304347826, 54: 0.3684210526315789, 55: 0.3, 56: 0.5714285714285714, 57: 0.5, 58: 0.0, 59: 0.47058823529411764, 60: 0.3, 61: 0.6875, 62: 0.5416666666666666, 63: 0.6153846153846154, 64: 0.7, 65: 0.4375, 66: 0.625, 67: 0.6818181818181818, 68: 0.47368421052631576, 69: 0.625, 70: 0.3684210526315789, 71: 0.8260869565217391, 72: 0.75, 73: 0.2608695652173913, 74: 0.3125, 75: 0.5625, 76: 0.8333333333333334, 77: 0.6111111111111112, 78: 0.631578947368421, 79: 0.30434782608695654, 80: 0.5263157894736842, 81: 0.25, 82: 0.3684210526315789, 83: 0.5625, 84: 0.4090909090909091, 85: 0.8125, 86: 0.6111111111111112, 87: 0.3157894736842105, 88: 0.22727272727272727, 89: 0.7142857142857143, 90: 0.631578947368421, 91: 0.725, 92: 0.36363636363636365, 93: 0.75, 94: 0.7647058823529411, 95: 0.43859649122807015, 96: 0.5294117647058824, 97: 0.55, 98: 0.5, 99: 0.6111111111111112, 100: 0.6296296296296297, 101: 0.6470588235294118, 102: 0.5454545454545454, 103: 0.6842105263157895, 104: 0.4074074074074074, 105: 0.11764705882352941, 106: 0.8235294117647058, 107: 0.17647058823529413, 108: 0.6129032258064516, 109: 0.5294117647058824, 110: 0.5625, 111: 0.5, 112: 0.6521739130434783, 113: 0.5416666666666666, 114: 0.4117647058823529, 115: 0.23809523809523808, 116: 0.5833333333333334, 117: 0.6666666666666666, 118: 0.5294117647058824, 119: 0.2692307692307692, 120: 0.875, 121: 0.25, 122: 0.7727272727272727, 123: 0.3888888888888889, 124: 0.1, 125: 0.4166666666666667, 126: 0.68, 127: 0.3333333333333333, 128: 0.9473684210526315, 129: 0.4444444444444444, 130: 0.2777777777777778, 131: 0.6052631578947368, 132: 0.5185185185185185, 133: 0.5652173913043478, 134: 0.2222222222222222, 135: 0.5555555555555556, 136: 0.5806451612903226, 137: 0.47368421052631576, 138: 0.5882352941176471, 139: 0.7058823529411765, 140: 0.5217391304347826, 141: 0.6190476190476191, 142: 0.6153846153846154, 143: 0.1875, 144: 0.9874213836477987, 145: 0.625, 146: 0.375, 147: 0.3235294117647059, 148: 0.4, 149: 0.2727272727272727, 150: 0.42857142857142855, 151: 0.5833333333333334, 152: 0.5555555555555556, 153: 0.55, 154: 0.16666666666666666, 155: 0.47368421052631576, 156: 0.38095238095238093, 157: 0.4482758620689655, 158: 0.2926829268292683, 159: 0.5625, 160: 0.55, 161: 0.05555555555555555, 162: 0.3333333333333333, 163: 0.65, 164: 0.29411764705882354, 165: 0.5, 166: 0.17647058823529413, 167: 0.75, 168: 0.2222222222222222, 169: 0.6, 170: 0.5625, 171: 0.631578947368421, 172: 0.0, 173: 0.375, 174: 0.6875, 175: 0.3181818181818182, 176: 0.631578947368421, 177: 0.631578947368421, 178: 0.4375, 179: 0.1, 180: 0.5, 181: 0.7083333333333334, 182: 0.55, 183: 0.5625, 184: 0.2, 185: 0.75, 186: 0.5789473684210527, 187: 0.17647058823529413, 188: 0.43478260869565216, 189: 0.36363636363636365, 190: 0.36363636363636365, 191: 0.6363636363636364, 192: 0.35294117647058826, 193: 0.22727272727272727, 194: 0.0, 195: 0.6, 196: 0.5, 197: 0.3333333333333333, 198: 0.2857142857142857, 199: 0.35, 200: 0.625, 201: 0.5789473684210527, 202: 0.4444444444444444, 203: 0.8125, 204: 0.35294117647058826, 205: 0.5263157894736842, 206: 0.5652173913043478, 207: 0.7619047619047619, 208: 0.2, 209: 0.13636363636363635, 210: 0.21052631578947367, 211: 0.6666666666666666, 212: 0.5, 213: 0.5185185185185185, 214: 0.5625, 215: 0.21052631578947367, 216: 0.5714285714285714, 217: 0.5, 218: 0.5, 219: 0.7222222222222222, 220: 0.65, 221: 0.6666666666666666, 222: 0.5, 223: 0.5909090909090909, 224: 0.2777777777777778, 225: 0.5263157894736842, 226: 0.6551724137931034, 227: 0.3157894736842105, 228: 0.3684210526315789, 229: 0.6666666666666666, 230: 0.5909090909090909, 231: 0.6619718309859155, 232: 0.35, 233: 0.7083333333333334, 234: 0.6818181818181818, 235: 0.3684210526315789, 236: 0.6111111111111112, 237: 0.7368421052631579, 238: 0.4375, 239: 0.65, 240: 0.47368421052631576, 241: 0.6111111111111112, 242: 0.3333333333333333, 243: 0.16666666666666666, 244: 0.5555555555555556, 245: 0.35, 246: 0.3888888888888889, 247: 0.5, 248: 0.25, 249: 0.8421052631578947, 250: 0.90625, 251: 1.0, 252: 0.9540229885057471, 253: 0.3684210526315789, 254: 0.6, 255: 0.5238095238095238}
INFO:__main__: Update size of `dl`  and `du` by adding uncertain 1000 samples in `dl` len(dl): 8922, len(du) 15996
INFO:__main__: Update size of `dl`  and `du` by adding 271 hcs samples in `dl` len(dl): 9193, len(du) 15996
INFO:__main__: Iteration: 4 fine-tune the model on dh U dl
Train Epoch: 0 [0/9193 (0%)]	Loss: 1.433298
Train Epoch: 0 [4800/9193 (52%)]	Loss: 1.516119
====> Epoch: 0 Average loss: 0.0512
Train Epoch: 1 [0/9193 (0%)]	Loss: 1.069380
Train Epoch: 1 [4800/9193 (52%)]	Loss: 0.353095
====> Epoch: 1 Average loss: 0.0400
Train Epoch: 2 [0/9193 (0%)]	Loss: 0.291383
Train Epoch: 2 [4800/9193 (52%)]	Loss: 0.596127
====> Epoch: 2 Average loss: 0.0321
Train Epoch: 3 [0/9193 (0%)]	Loss: 0.365285
Train Epoch: 3 [4800/9193 (52%)]	Loss: 0.258443
====> Epoch: 3 Average loss: 0.0265
Train Epoch: 4 [0/9193 (0%)]	Loss: 0.202303
Train Epoch: 4 [4800/9193 (52%)]	Loss: 0.064190
====> Epoch: 4 Average loss: 0.0228
Train Epoch: 5 [0/9193 (0%)]	Loss: 0.400797
Train Epoch: 5 [4800/9193 (52%)]	Loss: 0.050374
====> Epoch: 5 Average loss: 0.0209
Train Epoch: 6 [0/9193 (0%)]	Loss: 0.119814
Train Epoch: 6 [4800/9193 (52%)]	Loss: 0.090714
====> Epoch: 6 Average loss: 0.0179
Train Epoch: 7 [0/9193 (0%)]	Loss: 0.265332
Train Epoch: 7 [4800/9193 (52%)]	Loss: 0.445047
====> Epoch: 7 Average loss: 0.0172
Train Epoch: 8 [0/9193 (0%)]	Loss: 0.088591
Train Epoch: 8 [4800/9193 (52%)]	Loss: 0.115632
====> Epoch: 8 Average loss: 0.0151
Train Epoch: 9 [0/9193 (0%)]	Loss: 0.173383
Train Epoch: 9 [4800/9193 (52%)]	Loss: 0.212700
====> Epoch: 9 Average loss: 0.0147
INFO:__main__: Iteration: 5: run prediction on unlabeled data `du` 
Iteration: 4, len(dl): 9193, len(du): 14725, len(dh) 271
acc: 0.534288638689867, sd of accuracies: 0.19657970374656833, per-class accuracies: {0: 0.631578947368421, 1: 0.42105263157894735, 2: 0.6666666666666666, 3: 0.32, 4: 0.4827586206896552, 5: 0.4444444444444444, 6: 0.19047619047619047, 7: 0.5, 8: 0.3, 9: 0.5555555555555556, 10: 0.6727272727272727, 11: 0.813953488372093, 12: 0.2631578947368421, 13: 0.5294117647058824, 14: 0.5833333333333334, 15: 0.4444444444444444, 16: 0.45, 17: 0.6, 18: 0.5, 19: 0.5, 20: 0.6071428571428571, 21: 0.3684210526315789, 22: 0.5909090909090909, 23: 0.36363636363636365, 24: 0.3181818181818182, 25: 0.3333333333333333, 26: 0.5, 27: 0.18181818181818182, 28: 0.15, 29: 0.1, 30: 0.5, 31: 0.6, 32: 0.35, 33: 0.6, 34: 0.5882352941176471, 35: 0.6190476190476191, 36: 0.4583333333333333, 37: 0.22727272727272727, 38: 0.29411764705882354, 39: 0.4166666666666667, 40: 0.5882352941176471, 41: 0.0, 42: 0.4166666666666667, 43: 0.6666666666666666, 44: 0.4117647058823529, 45: 0.6153846153846154, 46: 0.2222222222222222, 47: 0.35, 48: 0.6666666666666666, 49: 0.5263157894736842, 50: 0.36363636363636365, 51: 0.17647058823529413, 52: 0.8125, 53: 0.7391304347826086, 54: 0.2631578947368421, 55: 0.25, 56: 0.5714285714285714, 57: 0.3333333333333333, 58: 0.0625, 59: 0.35294117647058826, 60: 0.35, 61: 0.6875, 62: 0.5, 63: 0.7692307692307693, 64: 0.55, 65: 0.625, 66: 0.75, 67: 0.6818181818181818, 68: 0.631578947368421, 69: 0.6875, 70: 0.42105263157894735, 71: 0.782608695652174, 72: 0.85, 73: 0.2608695652173913, 74: 0.4375, 75: 0.5625, 76: 0.7777777777777778, 77: 0.5, 78: 0.5789473684210527, 79: 0.13043478260869565, 80: 0.3157894736842105, 81: 0.4375, 82: 0.42105263157894735, 83: 0.75, 84: 0.45454545454545453, 85: 0.625, 86: 0.5555555555555556, 87: 0.5789473684210527, 88: 0.3181818181818182, 89: 0.7142857142857143, 90: 0.47368421052631576, 91: 0.7, 92: 0.36363636363636365, 93: 0.65, 94: 0.8235294117647058, 95: 0.543859649122807, 96: 0.4117647058823529, 97: 0.6, 98: 0.5625, 99: 0.8333333333333334, 100: 0.4074074074074074, 101: 0.5882352941176471, 102: 0.5909090909090909, 103: 0.5789473684210527, 104: 0.35185185185185186, 105: 0.23529411764705882, 106: 0.6470588235294118, 107: 0.11764705882352941, 108: 0.6451612903225806, 109: 0.5882352941176471, 110: 0.5, 111: 0.5625, 112: 0.6956521739130435, 113: 0.7083333333333334, 114: 0.35294117647058826, 115: 0.38095238095238093, 116: 0.625, 117: 0.6666666666666666, 118: 0.35294117647058826, 119: 0.19230769230769232, 120: 0.8125, 121: 0.2, 122: 0.7272727272727273, 123: 0.5, 124: 0.1, 125: 0.3541666666666667, 126: 0.76, 127: 0.38095238095238093, 128: 0.8157894736842105, 129: 0.5555555555555556, 130: 0.4444444444444444, 131: 0.7105263157894737, 132: 0.7037037037037037, 133: 0.4782608695652174, 134: 0.16666666666666666, 135: 0.4444444444444444, 136: 0.6774193548387096, 137: 0.4473684210526316, 138: 0.5294117647058824, 139: 0.6470588235294118, 140: 0.6086956521739131, 141: 0.6666666666666666, 142: 0.8076923076923077, 143: 0.0625, 144: 0.9937106918238994, 145: 0.5, 146: 0.425, 147: 0.20588235294117646, 148: 0.45, 149: 0.45454545454545453, 150: 0.5714285714285714, 151: 0.5416666666666666, 152: 0.5555555555555556, 153: 0.6, 154: 0.1111111111111111, 155: 0.5789473684210527, 156: 0.6190476190476191, 157: 0.5862068965517241, 158: 0.4146341463414634, 159: 0.375, 160: 0.5, 161: 0.16666666666666666, 162: 0.3333333333333333, 163: 0.8, 164: 0.17647058823529413, 165: 0.4444444444444444, 166: 0.47058823529411764, 167: 0.7142857142857143, 168: 0.2222222222222222, 169: 0.5, 170: 0.5, 171: 0.6842105263157895, 172: 0.047619047619047616, 173: 0.5625, 174: 0.6875, 175: 0.36363636363636365, 176: 0.631578947368421, 177: 0.631578947368421, 178: 0.5, 179: 0.15, 180: 0.4, 181: 0.6666666666666666, 182: 0.65, 183: 0.5625, 184: 0.1, 185: 0.6875, 186: 0.47368421052631576, 187: 0.17647058823529413, 188: 0.5217391304347826, 189: 0.2727272727272727, 190: 0.5454545454545454, 191: 0.6363636363636364, 192: 0.29411764705882354, 193: 0.2727272727272727, 194: 0.11764705882352941, 195: 0.65, 196: 0.55, 197: 0.38095238095238093, 198: 0.38095238095238093, 199: 0.35, 200: 0.6875, 201: 0.7894736842105263, 202: 0.4444444444444444, 203: 0.75, 204: 0.47058823529411764, 205: 0.6842105263157895, 206: 0.6521739130434783, 207: 0.7142857142857143, 208: 0.2, 209: 0.18181818181818182, 210: 0.2631578947368421, 211: 0.6666666666666666, 212: 0.35, 213: 0.6296296296296297, 214: 0.5625, 215: 0.21052631578947367, 216: 0.5238095238095238, 217: 0.625, 218: 0.5625, 219: 0.6666666666666666, 220: 0.65, 221: 0.6111111111111112, 222: 0.5625, 223: 0.7272727272727273, 224: 0.7222222222222222, 225: 0.5263157894736842, 226: 0.6896551724137931, 227: 0.2631578947368421, 228: 0.42105263157894735, 229: 0.8888888888888888, 230: 0.6818181818181818, 231: 0.5915492957746479, 232: 0.2, 233: 0.7083333333333334, 234: 0.6818181818181818, 235: 0.3684210526315789, 236: 0.6666666666666666, 237: 0.47368421052631576, 238: 0.25, 239: 0.7, 240: 0.5263157894736842, 241: 0.7777777777777778, 242: 0.3888888888888889, 243: 0.3333333333333333, 244: 0.5, 245: 0.45, 246: 0.4444444444444444, 247: 0.5625, 248: 0.3, 249: 0.8947368421052632, 250: 0.96875, 251: 1.0, 252: 0.632183908045977, 253: 0.5789473684210527, 254: 0.7, 255: 0.5238095238095238}
INFO:__main__: Update size of `dl`  and `du` by adding uncertain 1000 samples in `dl` len(dl): 10193, len(du) 14725
INFO:__main__: Update size of `dl`  and `du` by adding 233 hcs samples in `dl` len(dl): 10426, len(du) 14725
INFO:__main__: Iteration: 5 fine-tune the model on dh U dl
Train Epoch: 0 [0/10426 (0%)]	Loss: 0.221369
Train Epoch: 0 [4800/10426 (46%)]	Loss: 0.404279
Train Epoch: 0 [9600/10426 (92%)]	Loss: 0.598502
====> Epoch: 0 Average loss: 0.0449
Train Epoch: 1 [0/10426 (0%)]	Loss: 1.066682
Train Epoch: 1 [4800/10426 (46%)]	Loss: 0.176355
Train Epoch: 1 [9600/10426 (92%)]	Loss: 0.983276
====> Epoch: 1 Average loss: 0.0337
Train Epoch: 2 [0/10426 (0%)]	Loss: 0.832830
Train Epoch: 2 [4800/10426 (46%)]	Loss: 1.058964
Train Epoch: 2 [9600/10426 (92%)]	Loss: 0.689432
====> Epoch: 2 Average loss: 0.0278
Train Epoch: 3 [0/10426 (0%)]	Loss: 0.121662
Train Epoch: 3 [4800/10426 (46%)]	Loss: 0.121123
Train Epoch: 3 [9600/10426 (92%)]	Loss: 0.105416
====> Epoch: 3 Average loss: 0.0235
Train Epoch: 4 [0/10426 (0%)]	Loss: 0.417134
Train Epoch: 4 [4800/10426 (46%)]	Loss: 0.116481
Train Epoch: 4 [9600/10426 (92%)]	Loss: 0.295585
====> Epoch: 4 Average loss: 0.0211
Train Epoch: 5 [0/10426 (0%)]	Loss: 0.202655
Train Epoch: 5 [4800/10426 (46%)]	Loss: 0.290677
Train Epoch: 5 [9600/10426 (92%)]	Loss: 0.259341
====> Epoch: 5 Average loss: 0.0184
Train Epoch: 6 [0/10426 (0%)]	Loss: 0.133581
Train Epoch: 6 [4800/10426 (46%)]	Loss: 0.391164
Train Epoch: 6 [9600/10426 (92%)]	Loss: 0.201184
====> Epoch: 6 Average loss: 0.0168
Train Epoch: 7 [0/10426 (0%)]	Loss: 0.234202
Train Epoch: 7 [4800/10426 (46%)]	Loss: 0.199130
Train Epoch: 7 [9600/10426 (92%)]	Loss: 0.093369
====> Epoch: 7 Average loss: 0.0156
Train Epoch: 8 [0/10426 (0%)]	Loss: 0.140691
Train Epoch: 8 [4800/10426 (46%)]	Loss: 0.148489
Train Epoch: 8 [9600/10426 (92%)]	Loss: 0.135196
====> Epoch: 8 Average loss: 0.0150
Train Epoch: 9 [0/10426 (0%)]	Loss: 0.113262
Train Epoch: 9 [4800/10426 (46%)]	Loss: 0.587786
Train Epoch: 9 [9600/10426 (92%)]	Loss: 0.376098
====> Epoch: 9 Average loss: 0.0147
INFO:__main__: Iteration: 6: run prediction on unlabeled data `du` 
Iteration: 5, len(dl): 10426, len(du): 13492, len(dh) 233
acc: 0.5508358921869669, sd of accuracies: 0.20112529928245818, per-class accuracies: {0: 0.7368421052631579, 1: 0.5263157894736842, 2: 0.7333333333333333, 3: 0.32, 4: 0.5862068965517241, 5: 0.5, 6: 0.19047619047619047, 7: 0.5652173913043478, 8: 0.25, 9: 0.8888888888888888, 10: 0.5818181818181818, 11: 0.7674418604651163, 12: 0.3684210526315789, 13: 0.5294117647058824, 14: 0.7083333333333334, 15: 0.5, 16: 0.35, 17: 0.45, 18: 0.5, 19: 0.625, 20: 0.5357142857142857, 21: 0.5263157894736842, 22: 0.5, 23: 0.36363636363636365, 24: 0.36363636363636365, 25: 0.23809523809523808, 26: 0.65, 27: 0.13636363636363635, 28: 0.3, 29: 0.0, 30: 0.6111111111111112, 31: 0.65, 32: 0.4, 33: 0.4, 34: 0.6470588235294118, 35: 0.47619047619047616, 36: 0.4166666666666667, 37: 0.2727272727272727, 38: 0.29411764705882354, 39: 0.5, 40: 0.7647058823529411, 41: 0.11764705882352941, 42: 0.5, 43: 0.7916666666666666, 44: 0.47058823529411764, 45: 0.6153846153846154, 46: 0.2222222222222222, 47: 0.25, 48: 0.8571428571428571, 49: 0.3684210526315789, 50: 0.45454545454545453, 51: 0.35294117647058826, 52: 0.8125, 53: 0.782608695652174, 54: 0.3157894736842105, 55: 0.15, 56: 0.42857142857142855, 57: 0.3333333333333333, 58: 0.0625, 59: 0.35294117647058826, 60: 0.3, 61: 0.5, 62: 0.5, 63: 0.7307692307692307, 64: 0.6, 65: 0.625, 66: 0.6875, 67: 0.7727272727272727, 68: 0.5263157894736842, 69: 0.875, 70: 0.47368421052631576, 71: 0.8260869565217391, 72: 0.8, 73: 0.13043478260869565, 74: 0.3125, 75: 0.4375, 76: 0.8888888888888888, 77: 0.5555555555555556, 78: 0.631578947368421, 79: 0.391304347826087, 80: 0.5789473684210527, 81: 0.5, 82: 0.47368421052631576, 83: 0.5625, 84: 0.22727272727272727, 85: 0.6875, 86: 0.6111111111111112, 87: 0.5263157894736842, 88: 0.36363636363636365, 89: 0.6904761904761905, 90: 0.5263157894736842, 91: 0.675, 92: 0.5454545454545454, 93: 0.7, 94: 0.8235294117647058, 95: 0.47368421052631576, 96: 0.5882352941176471, 97: 0.65, 98: 0.625, 99: 0.7222222222222222, 100: 0.37037037037037035, 101: 0.5294117647058824, 102: 0.5454545454545454, 103: 0.631578947368421, 104: 0.35185185185185186, 105: 0.35294117647058826, 106: 0.6470588235294118, 107: 0.17647058823529413, 108: 0.6129032258064516, 109: 0.47058823529411764, 110: 0.5, 111: 0.5, 112: 0.6086956521739131, 113: 0.625, 114: 0.35294117647058826, 115: 0.3333333333333333, 116: 0.5833333333333334, 117: 0.6190476190476191, 118: 0.29411764705882354, 119: 0.23076923076923078, 120: 0.625, 121: 0.4, 122: 0.7727272727272727, 123: 0.6666666666666666, 124: 0.1, 125: 0.375, 126: 0.64, 127: 0.42857142857142855, 128: 0.868421052631579, 129: 0.7777777777777778, 130: 0.3333333333333333, 131: 0.6052631578947368, 132: 0.7777777777777778, 133: 0.43478260869565216, 134: 0.2222222222222222, 135: 0.6666666666666666, 136: 0.8064516129032258, 137: 0.5789473684210527, 138: 0.5882352941176471, 139: 0.7058823529411765, 140: 0.43478260869565216, 141: 0.7142857142857143, 142: 0.7692307692307693, 143: 0.125, 144: 0.9937106918238994, 145: 0.6875, 146: 0.4, 147: 0.35294117647058826, 148: 0.5, 149: 0.45454545454545453, 150: 0.5238095238095238, 151: 0.5833333333333334, 152: 0.5, 153: 0.65, 154: 0.2222222222222222, 155: 0.7894736842105263, 156: 0.8571428571428571, 157: 0.6206896551724138, 158: 0.3902439024390244, 159: 0.4375, 160: 0.65, 161: 0.05555555555555555, 162: 0.4444444444444444, 163: 0.75, 164: 0.17647058823529413, 165: 0.3888888888888889, 166: 0.47058823529411764, 167: 0.6785714285714286, 168: 0.3888888888888889, 169: 0.55, 170: 0.375, 171: 0.7894736842105263, 172: 0.09523809523809523, 173: 0.5625, 174: 0.8125, 175: 0.45454545454545453, 176: 0.5789473684210527, 177: 0.7894736842105263, 178: 0.5, 179: 0.3, 180: 0.65, 181: 0.75, 182: 0.65, 183: 0.5625, 184: 0.25, 185: 0.8125, 186: 0.47368421052631576, 187: 0.4117647058823529, 188: 0.4782608695652174, 189: 0.3181818181818182, 190: 0.3181818181818182, 191: 0.6363636363636364, 192: 0.35294117647058826, 193: 0.5, 194: 0.0, 195: 0.6, 196: 0.25, 197: 0.42857142857142855, 198: 0.23809523809523808, 199: 0.6, 200: 0.6875, 201: 0.631578947368421, 202: 0.2777777777777778, 203: 0.8125, 204: 0.7647058823529411, 205: 0.7368421052631579, 206: 0.5217391304347826, 207: 0.6666666666666666, 208: 0.15, 209: 0.3181818181818182, 210: 0.15789473684210525, 211: 0.6296296296296297, 212: 0.45, 213: 0.6666666666666666, 214: 0.625, 215: 0.21052631578947367, 216: 0.6666666666666666, 217: 0.625, 218: 0.5, 219: 0.4444444444444444, 220: 0.6, 221: 0.6111111111111112, 222: 0.5, 223: 0.5454545454545454, 224: 0.5555555555555556, 225: 0.5263157894736842, 226: 0.6206896551724138, 227: 0.21052631578947367, 228: 0.47368421052631576, 229: 0.9444444444444444, 230: 0.7272727272727273, 231: 0.6901408450704225, 232: 0.35, 233: 0.7083333333333334, 234: 0.5909090909090909, 235: 0.3684210526315789, 236: 0.6111111111111112, 237: 0.5789473684210527, 238: 0.25, 239: 0.775, 240: 0.7368421052631579, 241: 0.5555555555555556, 242: 0.3333333333333333, 243: 0.2777777777777778, 244: 0.3333333333333333, 245: 0.4, 246: 0.5, 247: 0.625, 248: 0.45, 249: 0.8947368421052632, 250: 0.9, 251: 1.0, 252: 0.9655172413793104, 253: 0.47368421052631576, 254: 0.55, 255: 0.38095238095238093}
INFO:__main__: Update size of `dl`  and `du` by adding uncertain 1000 samples in `dl` len(dl): 11426, len(du) 13492
INFO:__main__: Update size of `dl`  and `du` by adding 30 hcs samples in `dl` len(dl): 11456, len(du) 13492
INFO:__main__: Iteration: 6 fine-tune the model on dh U dl
Train Epoch: 0 [0/11456 (0%)]	Loss: 0.667511
Train Epoch: 0 [4800/11456 (42%)]	Loss: 0.281034
Train Epoch: 0 [9600/11456 (84%)]	Loss: 1.035690
====> Epoch: 0 Average loss: 0.0295
Train Epoch: 1 [0/11456 (0%)]	Loss: 0.087872
Train Epoch: 1 [4800/11456 (42%)]	Loss: 1.217089
Train Epoch: 1 [9600/11456 (84%)]	Loss: 0.164288
====> Epoch: 1 Average loss: 0.0240
