INFO:__main__: Using device: cuda
INFO:__main__: Initial configuration: len(du): 21527, len(dl): 2391 
INFO:model.alexnet: The code is running on cuda:0 
INFO:__main__: Initialize training the model on `dl` and test on `dtest`
Train Epoch: 0 [0/2391 (0%)]	Loss: 5.820226
====> Epoch: 0 Average loss: 0.2608
Train Epoch: 1 [0/2391 (0%)]	Loss: 1.998522
====> Epoch: 1 Average loss: 0.0983
Train Epoch: 2 [0/2391 (0%)]	Loss: 0.856757
====> Epoch: 2 Average loss: 0.0499
Train Epoch: 3 [0/2391 (0%)]	Loss: 0.420093
====> Epoch: 3 Average loss: 0.0297
Train Epoch: 4 [0/2391 (0%)]	Loss: 0.242836
====> Epoch: 4 Average loss: 0.0204
Train Epoch: 5 [0/2391 (0%)]	Loss: 0.305589
====> Epoch: 5 Average loss: 0.0146
Train Epoch: 6 [0/2391 (0%)]	Loss: 0.242347
====> Epoch: 6 Average loss: 0.0110
Train Epoch: 7 [0/2391 (0%)]	Loss: 0.139733
====> Epoch: 7 Average loss: 0.0092
Train Epoch: 8 [0/2391 (0%)]	Loss: 0.190226
====> Epoch: 8 Average loss: 0.0080
Train Epoch: 9 [0/2391 (0%)]	Loss: 0.070497
====> Epoch: 9 Average loss: 0.0068
INFO:__main__: Iteration: 0: run prediction on unlabeled data `du` 
====> Initial accuracy: 50.05%
====> Initial per-class accuracies: {0: 0.2631578947368421, 1: 0.5263157894736842, 2: 0.6666666666666666, 3: 0.44, 4: 0.5862068965517241, 5: 0.3888888888888889, 6: 0.14285714285714285, 7: 0.6304347826086957, 8: 0.15, 9: 0.8888888888888888, 10: 0.6727272727272727, 11: 0.8372093023255814, 12: 0.3157894736842105, 13: 0.47058823529411764, 14: 0.625, 15: 0.0, 16: 0.3, 17: 0.3, 18: 0.4166666666666667, 19: 0.5, 20: 0.6428571428571429, 21: 0.3157894736842105, 22: 0.5909090909090909, 23: 0.5909090909090909, 24: 0.36363636363636365, 25: 0.23809523809523808, 26: 0.8, 27: 0.36363636363636365, 28: 0.25, 29: 0.0, 30: 0.5, 31: 0.4, 32: 0.35, 33: 0.55, 34: 0.5294117647058824, 35: 0.5714285714285714, 36: 0.4583333333333333, 37: 0.2727272727272727, 38: 0.29411764705882354, 39: 0.25, 40: 0.7058823529411765, 41: 0.058823529411764705, 42: 0.5, 43: 0.5833333333333334, 44: 0.29411764705882354, 45: 0.34615384615384615, 46: 0.16666666666666666, 47: 0.15, 48: 0.6190476190476191, 49: 0.3157894736842105, 50: 0.3181818181818182, 51: 0.11764705882352941, 52: 0.75, 53: 0.6086956521739131, 54: 0.10526315789473684, 55: 0.05, 56: 0.6190476190476191, 57: 0.0, 58: 0.0625, 59: 0.4117647058823529, 60: 0.3, 61: 0.5, 62: 0.375, 63: 0.8461538461538461, 64: 0.55, 65: 0.375, 66: 0.5625, 67: 0.6363636363636364, 68: 0.2631578947368421, 69: 0.6875, 70: 0.3684210526315789, 71: 0.8695652173913043, 72: 0.9, 73: 0.5217391304347826, 74: 0.3125, 75: 0.625, 76: 0.8333333333333334, 77: 0.3888888888888889, 78: 0.5263157894736842, 79: 0.21739130434782608, 80: 0.7368421052631579, 81: 0.0625, 82: 0.2631578947368421, 83: 0.0625, 84: 0.36363636363636365, 85: 0.6875, 86: 0.16666666666666666, 87: 0.5263157894736842, 88: 0.09090909090909091, 89: 0.5952380952380952, 90: 0.6842105263157895, 91: 0.575, 92: 0.4090909090909091, 93: 0.7, 94: 0.9411764705882353, 95: 0.3684210526315789, 96: 0.4117647058823529, 97: 0.85, 98: 0.4375, 99: 0.3333333333333333, 100: 0.5555555555555556, 101: 0.11764705882352941, 102: 0.6363636363636364, 103: 0.631578947368421, 104: 0.12962962962962962, 105: 0.058823529411764705, 106: 0.5882352941176471, 107: 0.0, 108: 0.5483870967741935, 109: 0.6470588235294118, 110: 0.375, 111: 0.1875, 112: 0.21739130434782608, 113: 0.6666666666666666, 114: 0.058823529411764705, 115: 0.23809523809523808, 116: 0.7083333333333334, 117: 0.6666666666666666, 118: 0.11764705882352941, 119: 0.34615384615384615, 120: 0.625, 121: 0.2, 122: 0.8636363636363636, 123: 0.5, 124: 0.0, 125: 0.3333333333333333, 126: 0.72, 127: 0.23809523809523808, 128: 0.9736842105263158, 129: 0.6666666666666666, 130: 0.4444444444444444, 131: 0.5, 132: 0.7407407407407407, 133: 0.5652173913043478, 134: 0.1111111111111111, 135: 0.3888888888888889, 136: 0.8709677419354839, 137: 0.39473684210526316, 138: 0.5294117647058824, 139: 0.35294117647058826, 140: 0.4782608695652174, 141: 0.7142857142857143, 142: 0.6538461538461539, 143: 0.1875, 144: 1.0, 145: 0.125, 146: 0.425, 147: 0.4411764705882353, 148: 0.4, 149: 0.5, 150: 0.5714285714285714, 151: 0.4583333333333333, 152: 0.2777777777777778, 153: 0.6, 154: 0.16666666666666666, 155: 0.3157894736842105, 156: 0.7142857142857143, 157: 0.6551724137931034, 158: 0.5609756097560976, 159: 0.625, 160: 0.7, 161: 0.16666666666666666, 162: 0.2777777777777778, 163: 0.7, 164: 0.23529411764705882, 165: 0.3333333333333333, 166: 0.23529411764705882, 167: 0.6785714285714286, 168: 0.2222222222222222, 169: 0.7, 170: 0.4375, 171: 0.47368421052631576, 172: 0.0, 173: 0.0, 174: 0.6875, 175: 0.36363636363636365, 176: 0.5789473684210527, 177: 0.7894736842105263, 178: 0.625, 179: 0.05, 180: 0.55, 181: 0.75, 182: 0.55, 183: 0.4375, 184: 0.0, 185: 0.9375, 186: 0.3684210526315789, 187: 0.17647058823529413, 188: 0.391304347826087, 189: 0.2727272727272727, 190: 0.22727272727272727, 191: 0.8636363636363636, 192: 0.3235294117647059, 193: 0.4090909090909091, 194: 0.17647058823529413, 195: 0.65, 196: 0.3, 197: 0.42857142857142855, 198: 0.2857142857142857, 199: 0.0, 200: 0.4375, 201: 0.3157894736842105, 202: 0.5, 203: 0.8125, 204: 0.5294117647058824, 205: 0.3684210526315789, 206: 0.6956521739130435, 207: 0.6666666666666666, 208: 0.1, 209: 0.09090909090909091, 210: 0.3157894736842105, 211: 0.5185185185185185, 212: 0.55, 213: 0.5555555555555556, 214: 0.75, 215: 0.631578947368421, 216: 0.7142857142857143, 217: 0.5625, 218: 0.125, 219: 0.2222222222222222, 220: 0.6, 221: 0.5555555555555556, 222: 0.5, 223: 0.7727272727272727, 224: 0.5555555555555556, 225: 0.3157894736842105, 226: 0.6896551724137931, 227: 0.21052631578947367, 228: 0.47368421052631576, 229: 0.9444444444444444, 230: 0.5909090909090909, 231: 0.6197183098591549, 232: 0.4, 233: 0.5416666666666666, 234: 0.8181818181818182, 235: 0.3684210526315789, 236: 0.4444444444444444, 237: 0.7368421052631579, 238: 0.4375, 239: 0.7, 240: 0.5789473684210527, 241: 0.4444444444444444, 242: 0.2222222222222222, 243: 0.1111111111111111, 244: 0.2777777777777778, 245: 0.5, 246: 0.1111111111111111, 247: 0.3125, 248: 0.15, 249: 0.9473684210526315, 250: 0.975, 251: 1.0, 252: 0.9770114942528736, 253: 0.15789473684210525, 254: 0.9, 255: 0.47619047619047616}
====> Initial sd of accuracies: 0.2430
INFO:__main__: Update size of `dl`  and `du` by adding uncertain 1000 samples in `dl` len(dl): 3391, len(du) 21527
INFO:__main__: Update size of `dl`  and `du` by adding 619 hcs samples in `dl` len(dl): 4010, len(du) 21527
INFO:__main__: Iteration: 0 fine-tune the model on dh U dl
Train Epoch: 0 [0/4010 (0%)]	Loss: 2.560530
====> Epoch: 0 Average loss: 0.1089
Train Epoch: 1 [0/4010 (0%)]	Loss: 1.399916
====> Epoch: 1 Average loss: 0.0666
Train Epoch: 2 [0/4010 (0%)]	Loss: 0.787097
====> Epoch: 2 Average loss: 0.0464
Train Epoch: 3 [0/4010 (0%)]	Loss: 0.568411
====> Epoch: 3 Average loss: 0.0354
Train Epoch: 4 [0/4010 (0%)]	Loss: 0.403833
====> Epoch: 4 Average loss: 0.0273
Train Epoch: 5 [0/4010 (0%)]	Loss: 0.283921
====> Epoch: 5 Average loss: 0.0222
Train Epoch: 6 [0/4010 (0%)]	Loss: 0.248160
====> Epoch: 6 Average loss: 0.0194
Train Epoch: 7 [0/4010 (0%)]	Loss: 0.201180
====> Epoch: 7 Average loss: 0.0168
Train Epoch: 8 [0/4010 (0%)]	Loss: 0.317542
====> Epoch: 8 Average loss: 0.0153
Train Epoch: 9 [0/4010 (0%)]	Loss: 0.391773
====> Epoch: 9 Average loss: 0.0132
INFO:__main__: Iteration: 1: run prediction on unlabeled data `du` 
Iteration: 0, len(dl): 4010, len(du): 19908, len(dh) 619
acc: 0.4744114636642784, sd of accuracies: 0.21602131160750887, per-class accuracies: {0: 0.3157894736842105, 1: 0.5789473684210527, 2: 0.6, 3: 0.24, 4: 0.3793103448275862, 5: 0.3888888888888889, 6: 0.09523809523809523, 7: 0.5434782608695652, 8: 0.2, 9: 0.6666666666666666, 10: 0.509090909090909, 11: 0.627906976744186, 12: 0.3684210526315789, 13: 0.29411764705882354, 14: 0.5416666666666666, 15: 0.2777777777777778, 16: 0.3, 17: 0.25, 18: 0.4583333333333333, 19: 0.4375, 20: 0.6428571428571429, 21: 0.42105263157894735, 22: 0.36363636363636365, 23: 0.45454545454545453, 24: 0.2727272727272727, 25: 0.23809523809523808, 26: 0.55, 27: 0.18181818181818182, 28: 0.25, 29: 0.0, 30: 0.5, 31: 0.4, 32: 0.25, 33: 0.5, 34: 0.5294117647058824, 35: 0.5238095238095238, 36: 0.4166666666666667, 37: 0.18181818181818182, 38: 0.29411764705882354, 39: 0.3333333333333333, 40: 0.5882352941176471, 41: 0.058823529411764705, 42: 0.5, 43: 0.625, 44: 0.4117647058823529, 45: 0.5, 46: 0.1111111111111111, 47: 0.2, 48: 0.5238095238095238, 49: 0.3684210526315789, 50: 0.4090909090909091, 51: 0.058823529411764705, 52: 0.75, 53: 0.5217391304347826, 54: 0.15789473684210525, 55: 0.0, 56: 0.5238095238095238, 57: 0.05555555555555555, 58: 0.0, 59: 0.29411764705882354, 60: 0.4, 61: 0.625, 62: 0.4583333333333333, 63: 0.6153846153846154, 64: 0.6, 65: 0.375, 66: 0.3125, 67: 0.7727272727272727, 68: 0.2631578947368421, 69: 0.6875, 70: 0.3157894736842105, 71: 0.9130434782608695, 72: 0.8, 73: 0.5217391304347826, 74: 0.25, 75: 0.625, 76: 0.9444444444444444, 77: 0.4444444444444444, 78: 0.5263157894736842, 79: 0.21739130434782608, 80: 0.631578947368421, 81: 0.3125, 82: 0.3684210526315789, 83: 0.25, 84: 0.4090909090909091, 85: 0.625, 86: 0.2222222222222222, 87: 0.3684210526315789, 88: 0.2727272727272727, 89: 0.6190476190476191, 90: 0.631578947368421, 91: 0.575, 92: 0.36363636363636365, 93: 0.6, 94: 0.6470588235294118, 95: 0.38596491228070173, 96: 0.4117647058823529, 97: 0.55, 98: 0.25, 99: 0.5, 100: 0.5185185185185185, 101: 0.058823529411764705, 102: 0.8181818181818182, 103: 0.5263157894736842, 104: 0.25925925925925924, 105: 0.11764705882352941, 106: 0.7647058823529411, 107: 0.0, 108: 0.5806451612903226, 109: 0.5294117647058824, 110: 0.5625, 111: 0.1875, 112: 0.43478260869565216, 113: 0.4583333333333333, 114: 0.17647058823529413, 115: 0.19047619047619047, 116: 0.6666666666666666, 117: 0.6666666666666666, 118: 0.35294117647058826, 119: 0.3076923076923077, 120: 0.6875, 121: 0.1, 122: 0.8181818181818182, 123: 0.3888888888888889, 124: 0.05, 125: 0.22916666666666666, 126: 0.92, 127: 0.38095238095238093, 128: 0.9473684210526315, 129: 0.8888888888888888, 130: 0.2777777777777778, 131: 0.6842105263157895, 132: 0.7037037037037037, 133: 0.5652173913043478, 134: 0.1111111111111111, 135: 0.5555555555555556, 136: 0.8387096774193549, 137: 0.5526315789473685, 138: 0.47058823529411764, 139: 0.23529411764705882, 140: 0.391304347826087, 141: 0.8571428571428571, 142: 0.38461538461538464, 143: 0.25, 144: 0.9937106918238994, 145: 0.25, 146: 0.175, 147: 0.2647058823529412, 148: 0.35, 149: 0.4090909090909091, 150: 0.5714285714285714, 151: 0.375, 152: 0.5555555555555556, 153: 0.5, 154: 0.2777777777777778, 155: 0.2631578947368421, 156: 0.38095238095238093, 157: 0.5517241379310345, 158: 0.4878048780487805, 159: 0.625, 160: 0.5, 161: 0.16666666666666666, 162: 0.2777777777777778, 163: 0.55, 164: 0.23529411764705882, 165: 0.2777777777777778, 166: 0.17647058823529413, 167: 0.6785714285714286, 168: 0.2222222222222222, 169: 0.55, 170: 0.4375, 171: 0.5789473684210527, 172: 0.0, 173: 0.25, 174: 0.625, 175: 0.4090909090909091, 176: 0.5263157894736842, 177: 0.47368421052631576, 178: 0.3125, 179: 0.1, 180: 0.5, 181: 0.6666666666666666, 182: 0.5, 183: 0.5, 184: 0.1, 185: 0.6875, 186: 0.3684210526315789, 187: 0.23529411764705882, 188: 0.43478260869565216, 189: 0.2727272727272727, 190: 0.22727272727272727, 191: 0.5909090909090909, 192: 0.5, 193: 0.3181818181818182, 194: 0.11764705882352941, 195: 0.55, 196: 0.35, 197: 0.3333333333333333, 198: 0.23809523809523808, 199: 0.15, 200: 0.5625, 201: 0.3157894736842105, 202: 0.3333333333333333, 203: 0.8125, 204: 0.4117647058823529, 205: 0.47368421052631576, 206: 0.4782608695652174, 207: 0.6190476190476191, 208: 0.05, 209: 0.045454545454545456, 210: 0.2631578947368421, 211: 0.25925925925925924, 212: 0.5, 213: 0.6666666666666666, 214: 0.5625, 215: 0.5789473684210527, 216: 0.7142857142857143, 217: 0.5, 218: 0.25, 219: 0.3888888888888889, 220: 0.6, 221: 0.2222222222222222, 222: 0.3125, 223: 0.7272727272727273, 224: 0.8333333333333334, 225: 0.3157894736842105, 226: 0.7586206896551724, 227: 0.3157894736842105, 228: 0.42105263157894735, 229: 0.6666666666666666, 230: 0.5454545454545454, 231: 0.5492957746478874, 232: 0.35, 233: 0.5416666666666666, 234: 0.5909090909090909, 235: 0.2631578947368421, 236: 0.3333333333333333, 237: 0.42105263157894735, 238: 0.4375, 239: 0.625, 240: 0.42105263157894735, 241: 0.4444444444444444, 242: 0.3333333333333333, 243: 0.05555555555555555, 244: 0.2222222222222222, 245: 0.4, 246: 0.16666666666666666, 247: 0.3125, 248: 0.15, 249: 0.8947368421052632, 250: 0.9875, 251: 1.0, 252: 0.9540229885057471, 253: 0.2631578947368421, 254: 0.65, 255: 0.3333333333333333}
INFO:__main__: Update size of `dl`  and `du` by adding uncertain 1000 samples in `dl` len(dl): 5010, len(du) 19908
INFO:__main__: Update size of `dl`  and `du` by adding 219 hcs samples in `dl` len(dl): 5229, len(du) 19908
INFO:__main__: Iteration: 1 fine-tune the model on dh U dl
Train Epoch: 0 [0/5229 (0%)]	Loss: 1.266886
Train Epoch: 0 [4800/5229 (92%)]	Loss: 2.115312
====> Epoch: 0 Average loss: 0.0676
Train Epoch: 1 [0/5229 (0%)]	Loss: 0.157960
Train Epoch: 1 [4800/5229 (92%)]	Loss: 0.737025
====> Epoch: 1 Average loss: 0.0475
Train Epoch: 2 [0/5229 (0%)]	Loss: 0.312162
Train Epoch: 2 [4800/5229 (92%)]	Loss: 0.697252
====> Epoch: 2 Average loss: 0.0348
Train Epoch: 3 [0/5229 (0%)]	Loss: 0.266196
Train Epoch: 3 [4800/5229 (92%)]	Loss: 0.524848
====> Epoch: 3 Average loss: 0.0281
Train Epoch: 4 [0/5229 (0%)]	Loss: 0.100223
Train Epoch: 4 [4800/5229 (92%)]	Loss: 0.189327
====> Epoch: 4 Average loss: 0.0220
Train Epoch: 5 [0/5229 (0%)]	Loss: 0.145158
Train Epoch: 5 [4800/5229 (92%)]	Loss: 0.358458
====> Epoch: 5 Average loss: 0.0186
Train Epoch: 6 [0/5229 (0%)]	Loss: 0.150223
Train Epoch: 6 [4800/5229 (92%)]	Loss: 0.437450
====> Epoch: 6 Average loss: 0.0164
Train Epoch: 7 [0/5229 (0%)]	Loss: 0.369473
Train Epoch: 7 [4800/5229 (92%)]	Loss: 0.190874
====> Epoch: 7 Average loss: 0.0154
Train Epoch: 8 [0/5229 (0%)]	Loss: 0.077919
Train Epoch: 8 [4800/5229 (92%)]	Loss: 0.142650
====> Epoch: 8 Average loss: 0.0134
Train Epoch: 9 [0/5229 (0%)]	Loss: 0.188910
Train Epoch: 9 [4800/5229 (92%)]	Loss: 0.183782
====> Epoch: 9 Average loss: 0.0119
INFO:__main__: Iteration: 2: run prediction on unlabeled data `du` 
Iteration: 1, len(dl): 5229, len(du): 18689, len(dh) 219
acc: 0.5018764926646195, sd of accuracies: 0.21066433945206492, per-class accuracies: {0: 0.5263157894736842, 1: 0.47368421052631576, 2: 0.5666666666666667, 3: 0.28, 4: 0.5517241379310345, 5: 0.2222222222222222, 6: 0.19047619047619047, 7: 0.5652173913043478, 8: 0.3, 9: 0.6111111111111112, 10: 0.5454545454545454, 11: 0.6744186046511628, 12: 0.3684210526315789, 13: 0.4117647058823529, 14: 0.7083333333333334, 15: 0.4444444444444444, 16: 0.25, 17: 0.45, 18: 0.375, 19: 0.5, 20: 0.7142857142857143, 21: 0.5789473684210527, 22: 0.45454545454545453, 23: 0.5, 24: 0.36363636363636365, 25: 0.23809523809523808, 26: 0.65, 27: 0.22727272727272727, 28: 0.5, 29: 0.0, 30: 0.5, 31: 0.55, 32: 0.4, 33: 0.5, 34: 0.5882352941176471, 35: 0.5714285714285714, 36: 0.5, 37: 0.13636363636363635, 38: 0.23529411764705882, 39: 0.2916666666666667, 40: 0.7058823529411765, 41: 0.0, 42: 0.25, 43: 0.625, 44: 0.35294117647058826, 45: 0.6153846153846154, 46: 0.16666666666666666, 47: 0.4, 48: 0.7142857142857143, 49: 0.42105263157894735, 50: 0.22727272727272727, 51: 0.35294117647058826, 52: 0.8125, 53: 0.391304347826087, 54: 0.3157894736842105, 55: 0.0, 56: 0.5714285714285714, 57: 0.16666666666666666, 58: 0.1875, 59: 0.29411764705882354, 60: 0.3, 61: 0.6875, 62: 0.4166666666666667, 63: 0.7692307692307693, 64: 0.5, 65: 0.25, 66: 0.25, 67: 0.7272727272727273, 68: 0.3157894736842105, 69: 0.6875, 70: 0.2631578947368421, 71: 0.782608695652174, 72: 0.75, 73: 0.2608695652173913, 74: 0.25, 75: 0.6875, 76: 0.9444444444444444, 77: 0.3888888888888889, 78: 0.631578947368421, 79: 0.17391304347826086, 80: 0.631578947368421, 81: 0.4375, 82: 0.47368421052631576, 83: 0.625, 84: 0.4090909090909091, 85: 0.4375, 86: 0.3333333333333333, 87: 0.3684210526315789, 88: 0.3181818181818182, 89: 0.6666666666666666, 90: 0.5789473684210527, 91: 0.75, 92: 0.5, 93: 0.45, 94: 0.6470588235294118, 95: 0.42105263157894735, 96: 0.4117647058823529, 97: 0.75, 98: 0.25, 99: 0.5, 100: 0.48148148148148145, 101: 0.23529411764705882, 102: 0.6818181818181818, 103: 0.631578947368421, 104: 0.3888888888888889, 105: 0.23529411764705882, 106: 0.7058823529411765, 107: 0.0, 108: 0.5483870967741935, 109: 0.47058823529411764, 110: 0.625, 111: 0.1875, 112: 0.30434782608695654, 113: 0.625, 114: 0.29411764705882354, 115: 0.3333333333333333, 116: 0.625, 117: 0.6190476190476191, 118: 0.29411764705882354, 119: 0.3076923076923077, 120: 0.6875, 121: 0.25, 122: 0.5909090909090909, 123: 0.5, 124: 0.0, 125: 0.22916666666666666, 126: 0.76, 127: 0.42857142857142855, 128: 0.9210526315789473, 129: 0.8333333333333334, 130: 0.2777777777777778, 131: 0.5526315789473685, 132: 0.7037037037037037, 133: 0.391304347826087, 134: 0.16666666666666666, 135: 0.4444444444444444, 136: 0.7741935483870968, 137: 0.5, 138: 0.5882352941176471, 139: 0.23529411764705882, 140: 0.391304347826087, 141: 0.7142857142857143, 142: 0.5769230769230769, 143: 0.1875, 144: 0.9811320754716981, 145: 0.625, 146: 0.325, 147: 0.23529411764705882, 148: 0.35, 149: 0.18181818181818182, 150: 0.5238095238095238, 151: 0.4583333333333333, 152: 0.3333333333333333, 153: 0.8, 154: 0.4444444444444444, 155: 0.2631578947368421, 156: 0.6666666666666666, 157: 0.5517241379310345, 158: 0.36585365853658536, 159: 0.5625, 160: 0.7, 161: 0.16666666666666666, 162: 0.3888888888888889, 163: 0.65, 164: 0.29411764705882354, 165: 0.4444444444444444, 166: 0.35294117647058826, 167: 0.6071428571428571, 168: 0.3888888888888889, 169: 0.6, 170: 0.4375, 171: 0.47368421052631576, 172: 0.0, 173: 0.5625, 174: 0.5, 175: 0.2727272727272727, 176: 0.5263157894736842, 177: 0.42105263157894735, 178: 0.375, 179: 0.15, 180: 0.55, 181: 0.5833333333333334, 182: 0.6, 183: 0.8125, 184: 0.1, 185: 0.625, 186: 0.7368421052631579, 187: 0.29411764705882354, 188: 0.391304347826087, 189: 0.13636363636363635, 190: 0.2727272727272727, 191: 0.6818181818181818, 192: 0.3235294117647059, 193: 0.3181818181818182, 194: 0.17647058823529413, 195: 0.6, 196: 0.5, 197: 0.38095238095238093, 198: 0.14285714285714285, 199: 0.3, 200: 0.625, 201: 0.47368421052631576, 202: 0.3888888888888889, 203: 0.9375, 204: 0.4117647058823529, 205: 0.5789473684210527, 206: 0.6521739130434783, 207: 0.5238095238095238, 208: 0.15, 209: 0.09090909090909091, 210: 0.47368421052631576, 211: 0.37037037037037035, 212: 0.45, 213: 0.7407407407407407, 214: 0.6875, 215: 0.42105263157894735, 216: 0.5714285714285714, 217: 0.625, 218: 0.3125, 219: 0.6111111111111112, 220: 0.5, 221: 0.3888888888888889, 222: 0.4375, 223: 0.8636363636363636, 224: 0.8333333333333334, 225: 0.3157894736842105, 226: 0.7241379310344828, 227: 0.3684210526315789, 228: 0.2631578947368421, 229: 0.8888888888888888, 230: 0.5454545454545454, 231: 0.5774647887323944, 232: 0.25, 233: 0.625, 234: 0.7272727272727273, 235: 0.3157894736842105, 236: 0.5555555555555556, 237: 0.7368421052631579, 238: 0.625, 239: 0.725, 240: 0.5789473684210527, 241: 0.3888888888888889, 242: 0.2222222222222222, 243: 0.1111111111111111, 244: 0.16666666666666666, 245: 0.55, 246: 0.3888888888888889, 247: 0.25, 248: 0.2, 249: 0.8947368421052632, 250: 0.94375, 251: 1.0, 252: 0.896551724137931, 253: 0.21052631578947367, 254: 0.75, 255: 0.47619047619047616}
INFO:__main__: Update size of `dl`  and `du` by adding uncertain 1000 samples in `dl` len(dl): 6229, len(du) 18689
INFO:__main__: Update size of `dl`  and `du` by adding 277 hcs samples in `dl` len(dl): 6506, len(du) 18689
INFO:__main__: Iteration: 2 fine-tune the model on dh U dl
Train Epoch: 0 [0/6506 (0%)]	Loss: 0.923760
Train Epoch: 0 [4800/6506 (74%)]	Loss: 0.215179
====> Epoch: 0 Average loss: 0.0635
Train Epoch: 1 [0/6506 (0%)]	Loss: 0.385232
Train Epoch: 1 [4800/6506 (74%)]	Loss: 0.306526
====> Epoch: 1 Average loss: 0.0467
Train Epoch: 2 [0/6506 (0%)]	Loss: 0.087535
Train Epoch: 2 [4800/6506 (74%)]	Loss: 0.852710
====> Epoch: 2 Average loss: 0.0352
Train Epoch: 3 [0/6506 (0%)]	Loss: 0.448529
Train Epoch: 3 [4800/6506 (74%)]	Loss: 0.116990
====> Epoch: 3 Average loss: 0.0272
Train Epoch: 4 [0/6506 (0%)]	Loss: 0.466015
Train Epoch: 4 [4800/6506 (74%)]	Loss: 0.244124
====> Epoch: 4 Average loss: 0.0225
Train Epoch: 5 [0/6506 (0%)]	Loss: 0.365682
Train Epoch: 5 [4800/6506 (74%)]	Loss: 0.377910
====> Epoch: 5 Average loss: 0.0197
Train Epoch: 6 [0/6506 (0%)]	Loss: 0.206102
Train Epoch: 6 [4800/6506 (74%)]	Loss: 0.131901
====> Epoch: 6 Average loss: 0.0169
Train Epoch: 7 [0/6506 (0%)]	Loss: 0.157299
Train Epoch: 7 [4800/6506 (74%)]	Loss: 0.394975
====> Epoch: 7 Average loss: 0.0153
Train Epoch: 8 [0/6506 (0%)]	Loss: 0.185605
Train Epoch: 8 [4800/6506 (74%)]	Loss: 0.513923
====> Epoch: 8 Average loss: 0.0139
Train Epoch: 9 [0/6506 (0%)]	Loss: 0.269953
Train Epoch: 9 [4800/6506 (74%)]	Loss: 0.166136
====> Epoch: 9 Average loss: 0.0129
INFO:__main__: Iteration: 3: run prediction on unlabeled data `du` 
Iteration: 2, len(dl): 6506, len(du): 17412, len(dh) 277
acc: 0.5138178096212896, sd of accuracies: 0.2035745083070832, per-class accuracies: {0: 0.5789473684210527, 1: 0.5263157894736842, 2: 0.5666666666666667, 3: 0.24, 4: 0.5172413793103449, 5: 0.3888888888888889, 6: 0.19047619047619047, 7: 0.5217391304347826, 8: 0.35, 9: 0.6666666666666666, 10: 0.6909090909090909, 11: 0.7674418604651163, 12: 0.5263157894736842, 13: 0.4117647058823529, 14: 0.7083333333333334, 15: 0.5, 16: 0.25, 17: 0.35, 18: 0.4166666666666667, 19: 0.5625, 20: 0.5, 21: 0.47368421052631576, 22: 0.5454545454545454, 23: 0.5, 24: 0.36363636363636365, 25: 0.23809523809523808, 26: 0.4, 27: 0.22727272727272727, 28: 0.3, 29: 0.05, 30: 0.4444444444444444, 31: 0.5, 32: 0.4, 33: 0.4, 34: 0.5882352941176471, 35: 0.6190476190476191, 36: 0.625, 37: 0.09090909090909091, 38: 0.29411764705882354, 39: 0.4166666666666667, 40: 0.6470588235294118, 41: 0.058823529411764705, 42: 0.4583333333333333, 43: 0.6666666666666666, 44: 0.4117647058823529, 45: 0.6538461538461539, 46: 0.2777777777777778, 47: 0.4, 48: 0.7142857142857143, 49: 0.47368421052631576, 50: 0.3181818181818182, 51: 0.35294117647058826, 52: 0.875, 53: 0.4782608695652174, 54: 0.10526315789473684, 55: 0.1, 56: 0.5238095238095238, 57: 0.3333333333333333, 58: 0.0, 59: 0.4117647058823529, 60: 0.35, 61: 0.8125, 62: 0.25, 63: 0.6538461538461539, 64: 0.65, 65: 0.3125, 66: 0.5625, 67: 0.6363636363636364, 68: 0.2631578947368421, 69: 0.625, 70: 0.42105263157894735, 71: 0.8260869565217391, 72: 0.8, 73: 0.30434782608695654, 74: 0.3125, 75: 0.6875, 76: 0.9444444444444444, 77: 0.5555555555555556, 78: 0.631578947368421, 79: 0.17391304347826086, 80: 0.5263157894736842, 81: 0.4375, 82: 0.3157894736842105, 83: 0.5, 84: 0.36363636363636365, 85: 0.4375, 86: 0.3333333333333333, 87: 0.3684210526315789, 88: 0.18181818181818182, 89: 0.7142857142857143, 90: 0.6842105263157895, 91: 0.7, 92: 0.5, 93: 0.55, 94: 0.8235294117647058, 95: 0.43859649122807015, 96: 0.23529411764705882, 97: 0.75, 98: 0.125, 99: 0.5, 100: 0.48148148148148145, 101: 0.35294117647058826, 102: 0.6818181818181818, 103: 0.7894736842105263, 104: 0.3333333333333333, 105: 0.4117647058823529, 106: 0.47058823529411764, 107: 0.058823529411764705, 108: 0.4838709677419355, 109: 0.5294117647058824, 110: 0.5, 111: 0.375, 112: 0.391304347826087, 113: 0.7083333333333334, 114: 0.29411764705882354, 115: 0.38095238095238093, 116: 0.5833333333333334, 117: 0.7142857142857143, 118: 0.29411764705882354, 119: 0.34615384615384615, 120: 0.5625, 121: 0.2, 122: 0.7727272727272727, 123: 0.6111111111111112, 124: 0.0, 125: 0.2708333333333333, 126: 0.84, 127: 0.38095238095238093, 128: 0.868421052631579, 129: 0.7777777777777778, 130: 0.3333333333333333, 131: 0.5789473684210527, 132: 0.7777777777777778, 133: 0.5217391304347826, 134: 0.1111111111111111, 135: 0.4444444444444444, 136: 0.8709677419354839, 137: 0.5789473684210527, 138: 0.5294117647058824, 139: 0.47058823529411764, 140: 0.6086956521739131, 141: 0.8095238095238095, 142: 0.46153846153846156, 143: 0.25, 144: 0.9622641509433962, 145: 0.75, 146: 0.375, 147: 0.3235294117647059, 148: 0.45, 149: 0.2727272727272727, 150: 0.7142857142857143, 151: 0.4166666666666667, 152: 0.5, 153: 0.65, 154: 0.2777777777777778, 155: 0.3684210526315789, 156: 0.5714285714285714, 157: 0.4827586206896552, 158: 0.24390243902439024, 159: 0.625, 160: 0.8, 161: 0.16666666666666666, 162: 0.4444444444444444, 163: 0.8, 164: 0.29411764705882354, 165: 0.2777777777777778, 166: 0.29411764705882354, 167: 0.6428571428571429, 168: 0.3333333333333333, 169: 0.45, 170: 0.4375, 171: 0.631578947368421, 172: 0.047619047619047616, 173: 0.4375, 174: 0.6875, 175: 0.4090909090909091, 176: 0.5263157894736842, 177: 0.5263157894736842, 178: 0.1875, 179: 0.15, 180: 0.7, 181: 0.625, 182: 0.55, 183: 0.5625, 184: 0.2, 185: 0.6875, 186: 0.631578947368421, 187: 0.35294117647058826, 188: 0.2608695652173913, 189: 0.36363636363636365, 190: 0.36363636363636365, 191: 0.5909090909090909, 192: 0.35294117647058826, 193: 0.36363636363636365, 194: 0.29411764705882354, 195: 0.5, 196: 0.5, 197: 0.23809523809523808, 198: 0.14285714285714285, 199: 0.25, 200: 0.5, 201: 0.5263157894736842, 202: 0.5, 203: 0.875, 204: 0.47058823529411764, 205: 0.5789473684210527, 206: 0.5217391304347826, 207: 0.7142857142857143, 208: 0.2, 209: 0.22727272727272727, 210: 0.5263157894736842, 211: 0.4074074074074074, 212: 0.6, 213: 0.5925925925925926, 214: 0.5625, 215: 0.5263157894736842, 216: 0.47619047619047616, 217: 0.8125, 218: 0.1875, 219: 0.5555555555555556, 220: 0.55, 221: 0.5555555555555556, 222: 0.4375, 223: 0.7272727272727273, 224: 0.9444444444444444, 225: 0.3684210526315789, 226: 0.5862068965517241, 227: 0.3157894736842105, 228: 0.3157894736842105, 229: 0.7777777777777778, 230: 0.5909090909090909, 231: 0.647887323943662, 232: 0.25, 233: 0.5, 234: 0.5909090909090909, 235: 0.3157894736842105, 236: 0.6111111111111112, 237: 0.5789473684210527, 238: 0.625, 239: 0.7, 240: 0.47368421052631576, 241: 0.2222222222222222, 242: 0.3333333333333333, 243: 0.2222222222222222, 244: 0.16666666666666666, 245: 0.6, 246: 0.5, 247: 0.25, 248: 0.3, 249: 0.8421052631578947, 250: 0.9125, 251: 1.0, 252: 0.9425287356321839, 253: 0.47368421052631576, 254: 0.5, 255: 0.5238095238095238}
INFO:__main__: Update size of `dl`  and `du` by adding uncertain 1000 samples in `dl` len(dl): 7506, len(du) 17412
INFO:__main__: Update size of `dl`  and `du` by adding 307 hcs samples in `dl` len(dl): 7813, len(du) 17412
INFO:__main__: Iteration: 3 fine-tune the model on dh U dl
Train Epoch: 0 [0/7813 (0%)]	Loss: 0.466725
Train Epoch: 0 [4800/7813 (61%)]	Loss: 0.770728
====> Epoch: 0 Average loss: 0.0584
Train Epoch: 1 [0/7813 (0%)]	Loss: 0.749533
Train Epoch: 1 [4800/7813 (61%)]	Loss: 0.382389
====> Epoch: 1 Average loss: 0.0440
Train Epoch: 2 [0/7813 (0%)]	Loss: 0.234529
Train Epoch: 2 [4800/7813 (61%)]	Loss: 0.286877
====> Epoch: 2 Average loss: 0.0334
Train Epoch: 3 [0/7813 (0%)]	Loss: 0.149334
Train Epoch: 3 [4800/7813 (61%)]	Loss: 0.541163
====> Epoch: 3 Average loss: 0.0264
Train Epoch: 4 [0/7813 (0%)]	Loss: 0.306989
Train Epoch: 4 [4800/7813 (61%)]	Loss: 1.262469
====> Epoch: 4 Average loss: 0.0224
Train Epoch: 5 [0/7813 (0%)]	Loss: 0.495315
Train Epoch: 5 [4800/7813 (61%)]	Loss: 0.112552
====> Epoch: 5 Average loss: 0.0196
Train Epoch: 6 [0/7813 (0%)]	Loss: 0.296178
Train Epoch: 6 [4800/7813 (61%)]	Loss: 0.292121
====> Epoch: 6 Average loss: 0.0170
Train Epoch: 7 [0/7813 (0%)]	Loss: 0.118720
Train Epoch: 7 [4800/7813 (61%)]	Loss: 0.117913
====> Epoch: 7 Average loss: 0.0155
Train Epoch: 8 [0/7813 (0%)]	Loss: 0.135952
Train Epoch: 8 [4800/7813 (61%)]	Loss: 0.515403
====> Epoch: 8 Average loss: 0.0146
Train Epoch: 9 [0/7813 (0%)]	Loss: 0.234857
Train Epoch: 9 [4800/7813 (61%)]	Loss: 0.104437
====> Epoch: 9 Average loss: 0.0136
INFO:__main__: Iteration: 4: run prediction on unlabeled data `du` 
Iteration: 3, len(dl): 7813, len(du): 16105, len(dh) 307
acc: 0.5243944046400546, sd of accuracies: 0.20811236438150205, per-class accuracies: {0: 0.5263157894736842, 1: 0.5263157894736842, 2: 0.5666666666666667, 3: 0.32, 4: 0.5172413793103449, 5: 0.3888888888888889, 6: 0.14285714285714285, 7: 0.43478260869565216, 8: 0.4, 9: 0.6666666666666666, 10: 0.4909090909090909, 11: 0.6976744186046512, 12: 0.42105263157894735, 13: 0.35294117647058826, 14: 0.7083333333333334, 15: 0.5555555555555556, 16: 0.3, 17: 0.4, 18: 0.6666666666666666, 19: 0.5, 20: 0.5357142857142857, 21: 0.47368421052631576, 22: 0.6818181818181818, 23: 0.5909090909090909, 24: 0.2727272727272727, 25: 0.3333333333333333, 26: 0.7, 27: 0.18181818181818182, 28: 0.25, 29: 0.15, 30: 0.2222222222222222, 31: 0.8, 32: 0.4, 33: 0.3, 34: 0.5294117647058824, 35: 0.5238095238095238, 36: 0.5416666666666666, 37: 0.3181818181818182, 38: 0.29411764705882354, 39: 0.4166666666666667, 40: 0.7647058823529411, 41: 0.058823529411764705, 42: 0.2916666666666667, 43: 0.5833333333333334, 44: 0.4117647058823529, 45: 0.6153846153846154, 46: 0.3333333333333333, 47: 0.35, 48: 0.5714285714285714, 49: 0.6842105263157895, 50: 0.5454545454545454, 51: 0.35294117647058826, 52: 0.75, 53: 0.6521739130434783, 54: 0.2631578947368421, 55: 0.2, 56: 0.5238095238095238, 57: 0.2777777777777778, 58: 0.0, 59: 0.4117647058823529, 60: 0.35, 61: 0.6875, 62: 0.4166666666666667, 63: 0.6923076923076923, 64: 0.6, 65: 0.125, 66: 0.5625, 67: 0.7272727272727273, 68: 0.42105263157894735, 69: 0.6875, 70: 0.3684210526315789, 71: 0.8695652173913043, 72: 0.85, 73: 0.21739130434782608, 74: 0.25, 75: 0.625, 76: 0.8333333333333334, 77: 0.5555555555555556, 78: 0.5263157894736842, 79: 0.2608695652173913, 80: 0.631578947368421, 81: 0.4375, 82: 0.631578947368421, 83: 0.625, 84: 0.3181818181818182, 85: 0.75, 86: 0.2222222222222222, 87: 0.3684210526315789, 88: 0.3181818181818182, 89: 0.6904761904761905, 90: 0.631578947368421, 91: 0.7, 92: 0.36363636363636365, 93: 0.45, 94: 0.8235294117647058, 95: 0.49122807017543857, 96: 0.35294117647058826, 97: 0.6, 98: 0.3125, 99: 0.5555555555555556, 100: 0.4074074074074074, 101: 0.7058823529411765, 102: 0.6818181818181818, 103: 0.7368421052631579, 104: 0.2777777777777778, 105: 0.47058823529411764, 106: 0.6470588235294118, 107: 0.11764705882352941, 108: 0.6129032258064516, 109: 0.7058823529411765, 110: 0.625, 111: 0.25, 112: 0.30434782608695654, 113: 0.625, 114: 0.35294117647058826, 115: 0.3333333333333333, 116: 0.5833333333333334, 117: 0.7142857142857143, 118: 0.47058823529411764, 119: 0.4230769230769231, 120: 0.75, 121: 0.25, 122: 0.7727272727272727, 123: 0.5, 124: 0.1, 125: 0.2708333333333333, 126: 0.84, 127: 0.47619047619047616, 128: 0.8947368421052632, 129: 0.7222222222222222, 130: 0.3333333333333333, 131: 0.47368421052631576, 132: 0.8518518518518519, 133: 0.5217391304347826, 134: 0.1111111111111111, 135: 0.6111111111111112, 136: 0.8387096774193549, 137: 0.5526315789473685, 138: 0.47058823529411764, 139: 0.23529411764705882, 140: 0.5652173913043478, 141: 0.8095238095238095, 142: 0.46153846153846156, 143: 0.25, 144: 0.9937106918238994, 145: 0.875, 146: 0.375, 147: 0.35294117647058826, 148: 0.45, 149: 0.3181818181818182, 150: 0.6190476190476191, 151: 0.5416666666666666, 152: 0.5, 153: 0.55, 154: 0.2777777777777778, 155: 0.21052631578947367, 156: 0.5714285714285714, 157: 0.4827586206896552, 158: 0.3902439024390244, 159: 0.75, 160: 0.65, 161: 0.1111111111111111, 162: 0.4444444444444444, 163: 0.75, 164: 0.29411764705882354, 165: 0.2777777777777778, 166: 0.29411764705882354, 167: 0.6785714285714286, 168: 0.3888888888888889, 169: 0.55, 170: 0.375, 171: 0.7368421052631579, 172: 0.047619047619047616, 173: 0.5625, 174: 0.5625, 175: 0.45454545454545453, 176: 0.5263157894736842, 177: 0.5789473684210527, 178: 0.3125, 179: 0.1, 180: 0.65, 181: 0.75, 182: 0.65, 183: 0.5, 184: 0.1, 185: 0.625, 186: 0.5789473684210527, 187: 0.29411764705882354, 188: 0.30434782608695654, 189: 0.3181818181818182, 190: 0.22727272727272727, 191: 0.7727272727272727, 192: 0.3235294117647059, 193: 0.36363636363636365, 194: 0.23529411764705882, 195: 0.7, 196: 0.3, 197: 0.3333333333333333, 198: 0.14285714285714285, 199: 0.35, 200: 0.8125, 201: 0.5263157894736842, 202: 0.5, 203: 0.875, 204: 0.35294117647058826, 205: 0.6842105263157895, 206: 0.6521739130434783, 207: 0.7619047619047619, 208: 0.15, 209: 0.13636363636363635, 210: 0.3684210526315789, 211: 0.4074074074074074, 212: 0.45, 213: 0.7407407407407407, 214: 0.5625, 215: 0.631578947368421, 216: 0.8571428571428571, 217: 0.6875, 218: 0.25, 219: 0.6111111111111112, 220: 0.65, 221: 0.5, 222: 0.3125, 223: 0.5454545454545454, 224: 0.8888888888888888, 225: 0.3684210526315789, 226: 0.5862068965517241, 227: 0.3157894736842105, 228: 0.15789473684210525, 229: 0.7222222222222222, 230: 0.45454545454545453, 231: 0.6619718309859155, 232: 0.35, 233: 0.5833333333333334, 234: 0.5454545454545454, 235: 0.21052631578947367, 236: 0.3888888888888889, 237: 0.6842105263157895, 238: 0.625, 239: 0.6, 240: 0.5789473684210527, 241: 0.3888888888888889, 242: 0.3888888888888889, 243: 0.05555555555555555, 244: 0.2777777777777778, 245: 0.6, 246: 0.5, 247: 0.375, 248: 0.35, 249: 0.8947368421052632, 250: 0.90625, 251: 1.0, 252: 0.9655172413793104, 253: 0.631578947368421, 254: 0.75, 255: 0.38095238095238093}
INFO:__main__: Update size of `dl`  and `du` by adding uncertain 1000 samples in `dl` len(dl): 8813, len(du) 16105
INFO:__main__: Update size of `dl`  and `du` by adding 296 hcs samples in `dl` len(dl): 9109, len(du) 16105
INFO:__main__: Iteration: 4 fine-tune the model on dh U dl
Train Epoch: 0 [0/9109 (0%)]	Loss: 0.798473
Train Epoch: 0 [4800/9109 (53%)]	Loss: 0.784918
====> Epoch: 0 Average loss: 0.0524
Train Epoch: 1 [0/9109 (0%)]	Loss: 0.550100
Train Epoch: 1 [4800/9109 (53%)]	Loss: 0.243759
====> Epoch: 1 Average loss: 0.0398
Train Epoch: 2 [0/9109 (0%)]	Loss: 0.358462
Train Epoch: 2 [4800/9109 (53%)]	Loss: 0.637917
====> Epoch: 2 Average loss: 0.0314
Train Epoch: 3 [0/9109 (0%)]	Loss: 0.188575
Train Epoch: 3 [4800/9109 (53%)]	Loss: 0.305264
====> Epoch: 3 Average loss: 0.0262
Train Epoch: 4 [0/9109 (0%)]	Loss: 0.236282
Train Epoch: 4 [4800/9109 (53%)]	Loss: 0.366168
====> Epoch: 4 Average loss: 0.0214
Train Epoch: 5 [0/9109 (0%)]	Loss: 0.070784
Train Epoch: 5 [4800/9109 (53%)]	Loss: 0.354140
====> Epoch: 5 Average loss: 0.0190
Train Epoch: 6 [0/9109 (0%)]	Loss: 0.514396
Train Epoch: 6 [4800/9109 (53%)]	Loss: 0.480088
====> Epoch: 6 Average loss: 0.0172
Train Epoch: 7 [0/9109 (0%)]	Loss: 0.314729
Train Epoch: 7 [4800/9109 (53%)]	Loss: 0.122342
====> Epoch: 7 Average loss: 0.0159
Train Epoch: 8 [0/9109 (0%)]	Loss: 0.159819
Train Epoch: 8 [4800/9109 (53%)]	Loss: 0.142964
====> Epoch: 8 Average loss: 0.0145
Train Epoch: 9 [0/9109 (0%)]	Loss: 0.108473
Train Epoch: 9 [4800/9109 (53%)]	Loss: 0.302523
====> Epoch: 9 Average loss: 0.0138
INFO:__main__: Iteration: 5: run prediction on unlabeled data `du` 
Iteration: 4, len(dl): 9109, len(du): 14809, len(dh) 296
acc: 0.5276356192425793, sd of accuracies: 0.20258975210499816, per-class accuracies: {0: 0.5789473684210527, 1: 0.47368421052631576, 2: 0.6, 3: 0.36, 4: 0.5517241379310345, 5: 0.3888888888888889, 6: 0.23809523809523808, 7: 0.5434782608695652, 8: 0.25, 9: 0.6111111111111112, 10: 0.5636363636363636, 11: 0.6976744186046512, 12: 0.42105263157894735, 13: 0.5294117647058824, 14: 0.75, 15: 0.5, 16: 0.3, 17: 0.35, 18: 0.625, 19: 0.5625, 20: 0.5714285714285714, 21: 0.5789473684210527, 22: 0.6363636363636364, 23: 0.3181818181818182, 24: 0.36363636363636365, 25: 0.3333333333333333, 26: 0.65, 27: 0.18181818181818182, 28: 0.15, 29: 0.1, 30: 0.3333333333333333, 31: 0.65, 32: 0.3, 33: 0.55, 34: 0.7058823529411765, 35: 0.6190476190476191, 36: 0.625, 37: 0.3181818181818182, 38: 0.29411764705882354, 39: 0.375, 40: 0.7647058823529411, 41: 0.17647058823529413, 42: 0.4583333333333333, 43: 0.5, 44: 0.4117647058823529, 45: 0.46153846153846156, 46: 0.2777777777777778, 47: 0.3, 48: 0.5238095238095238, 49: 0.5789473684210527, 50: 0.45454545454545453, 51: 0.29411764705882354, 52: 0.6875, 53: 0.6521739130434783, 54: 0.2631578947368421, 55: 0.1, 56: 0.5238095238095238, 57: 0.3333333333333333, 58: 0.125, 59: 0.35294117647058826, 60: 0.4, 61: 0.8125, 62: 0.4166666666666667, 63: 0.6538461538461539, 64: 0.55, 65: 0.4375, 66: 0.5, 67: 0.7727272727272727, 68: 0.3684210526315789, 69: 0.5625, 70: 0.5263157894736842, 71: 0.8695652173913043, 72: 0.85, 73: 0.17391304347826086, 74: 0.25, 75: 0.6875, 76: 0.9444444444444444, 77: 0.6111111111111112, 78: 0.5263157894736842, 79: 0.391304347826087, 80: 0.6842105263157895, 81: 0.5625, 82: 0.5789473684210527, 83: 0.625, 84: 0.3181818181818182, 85: 0.8125, 86: 0.3888888888888889, 87: 0.3684210526315789, 88: 0.3181818181818182, 89: 0.8095238095238095, 90: 0.5789473684210527, 91: 0.8, 92: 0.4090909090909091, 93: 0.5, 94: 0.6470588235294118, 95: 0.3684210526315789, 96: 0.47058823529411764, 97: 0.45, 98: 0.1875, 99: 0.7222222222222222, 100: 0.4444444444444444, 101: 0.5882352941176471, 102: 0.7727272727272727, 103: 0.7894736842105263, 104: 0.37037037037037035, 105: 0.5294117647058824, 106: 0.5882352941176471, 107: 0.0, 108: 0.6774193548387096, 109: 0.5882352941176471, 110: 0.5625, 111: 0.4375, 112: 0.6086956521739131, 113: 0.5416666666666666, 114: 0.29411764705882354, 115: 0.5238095238095238, 116: 0.625, 117: 0.6666666666666666, 118: 0.4117647058823529, 119: 0.3076923076923077, 120: 0.75, 121: 0.2, 122: 0.8181818181818182, 123: 0.5, 124: 0.15, 125: 0.20833333333333334, 126: 0.84, 127: 0.42857142857142855, 128: 0.868421052631579, 129: 0.7777777777777778, 130: 0.4444444444444444, 131: 0.47368421052631576, 132: 0.7407407407407407, 133: 0.5217391304347826, 134: 0.16666666666666666, 135: 0.5555555555555556, 136: 0.7741935483870968, 137: 0.5789473684210527, 138: 0.5882352941176471, 139: 0.23529411764705882, 140: 0.6086956521739131, 141: 0.7142857142857143, 142: 0.5, 143: 0.25, 144: 0.9622641509433962, 145: 0.25, 146: 0.475, 147: 0.29411764705882354, 148: 0.4, 149: 0.3181818181818182, 150: 0.8095238095238095, 151: 0.5416666666666666, 152: 0.4444444444444444, 153: 0.85, 154: 0.2777777777777778, 155: 0.3157894736842105, 156: 0.6190476190476191, 157: 0.4827586206896552, 158: 0.4146341463414634, 159: 0.625, 160: 0.55, 161: 0.16666666666666666, 162: 0.2777777777777778, 163: 0.8, 164: 0.29411764705882354, 165: 0.2777777777777778, 166: 0.35294117647058826, 167: 0.6428571428571429, 168: 0.2777777777777778, 169: 0.6, 170: 0.375, 171: 0.5789473684210527, 172: 0.047619047619047616, 173: 0.6875, 174: 0.5625, 175: 0.45454545454545453, 176: 0.47368421052631576, 177: 0.6842105263157895, 178: 0.375, 179: 0.15, 180: 0.65, 181: 0.6666666666666666, 182: 0.7, 183: 0.6875, 184: 0.0, 185: 0.6875, 186: 0.6842105263157895, 187: 0.23529411764705882, 188: 0.30434782608695654, 189: 0.36363636363636365, 190: 0.2727272727272727, 191: 0.6363636363636364, 192: 0.3235294117647059, 193: 0.3181818181818182, 194: 0.23529411764705882, 195: 0.65, 196: 0.4, 197: 0.19047619047619047, 198: 0.14285714285714285, 199: 0.3, 200: 0.75, 201: 0.5263157894736842, 202: 0.3888888888888889, 203: 0.875, 204: 0.35294117647058826, 205: 0.6842105263157895, 206: 0.5652173913043478, 207: 0.6666666666666666, 208: 0.25, 209: 0.22727272727272727, 210: 0.2631578947368421, 211: 0.37037037037037035, 212: 0.5, 213: 0.6666666666666666, 214: 0.6875, 215: 0.3684210526315789, 216: 0.7619047619047619, 217: 0.6875, 218: 0.3125, 219: 0.5555555555555556, 220: 0.7, 221: 0.4444444444444444, 222: 0.3125, 223: 0.7272727272727273, 224: 0.8888888888888888, 225: 0.3684210526315789, 226: 0.6551724137931034, 227: 0.3157894736842105, 228: 0.2631578947368421, 229: 0.8333333333333334, 230: 0.6363636363636364, 231: 0.6197183098591549, 232: 0.5, 233: 0.625, 234: 0.5909090909090909, 235: 0.3157894736842105, 236: 0.6111111111111112, 237: 0.6842105263157895, 238: 0.625, 239: 0.725, 240: 0.47368421052631576, 241: 0.3888888888888889, 242: 0.2222222222222222, 243: 0.2222222222222222, 244: 0.3888888888888889, 245: 0.5, 246: 0.5, 247: 0.1875, 248: 0.4, 249: 0.7894736842105263, 250: 0.9375, 251: 1.0, 252: 0.8735632183908046, 253: 0.42105263157894735, 254: 0.4, 255: 0.42857142857142855}
INFO:__main__: Update size of `dl`  and `du` by adding uncertain 1000 samples in `dl` len(dl): 10109, len(du) 14809
INFO:__main__: Update size of `dl`  and `du` by adding 259 hcs samples in `dl` len(dl): 10368, len(du) 14809
INFO:__main__: Iteration: 5 fine-tune the model on dh U dl
Train Epoch: 0 [0/10368 (0%)]	Loss: 1.161766
Train Epoch: 0 [4800/10368 (46%)]	Loss: 0.277143
Train Epoch: 0 [9600/10368 (93%)]	Loss: 0.256766
====> Epoch: 0 Average loss: 0.0452
Train Epoch: 1 [0/10368 (0%)]	Loss: 0.277661
Train Epoch: 1 [4800/10368 (46%)]	Loss: 0.425676
Train Epoch: 1 [9600/10368 (93%)]	Loss: 1.565283
====> Epoch: 1 Average loss: 0.0355
Train Epoch: 2 [0/10368 (0%)]	Loss: 0.403029
Train Epoch: 2 [4800/10368 (46%)]	Loss: 0.370290
Train Epoch: 2 [9600/10368 (93%)]	Loss: 0.444497
====> Epoch: 2 Average loss: 0.0292
Train Epoch: 3 [0/10368 (0%)]	Loss: 0.345206
Train Epoch: 3 [4800/10368 (46%)]	Loss: 0.872532
Train Epoch: 3 [9600/10368 (93%)]	Loss: 0.739254
====> Epoch: 3 Average loss: 0.0242
Train Epoch: 4 [0/10368 (0%)]	Loss: 0.268070
Train Epoch: 4 [4800/10368 (46%)]	Loss: 0.167529
Train Epoch: 4 [9600/10368 (93%)]	Loss: 0.113059
====> Epoch: 4 Average loss: 0.0204
Train Epoch: 5 [0/10368 (0%)]	Loss: 0.074142
Train Epoch: 5 [4800/10368 (46%)]	Loss: 0.186275
Train Epoch: 5 [9600/10368 (93%)]	Loss: 0.189549
====> Epoch: 5 Average loss: 0.0184
Train Epoch: 6 [0/10368 (0%)]	Loss: 0.354469
Train Epoch: 6 [4800/10368 (46%)]	Loss: 0.059582
Train Epoch: 6 [9600/10368 (93%)]	Loss: 0.669348
====> Epoch: 6 Average loss: 0.0175
Train Epoch: 7 [0/10368 (0%)]	Loss: 0.154850
Train Epoch: 7 [4800/10368 (46%)]	Loss: 0.254608
Train Epoch: 7 [9600/10368 (93%)]	Loss: 0.630869
====> Epoch: 7 Average loss: 0.0155
Train Epoch: 8 [0/10368 (0%)]	Loss: 0.119197
Train Epoch: 8 [4800/10368 (46%)]	Loss: 0.076680
Train Epoch: 8 [9600/10368 (93%)]	Loss: 0.232438
====> Epoch: 8 Average loss: 0.0147
Train Epoch: 9 [0/10368 (0%)]	Loss: 0.409423
Train Epoch: 9 [4800/10368 (46%)]	Loss: 0.093774
Train Epoch: 9 [9600/10368 (93%)]	Loss: 0.297099
====> Epoch: 9 Average loss: 0.0134
INFO:__main__: Iteration: 6: run prediction on unlabeled data `du` 
Iteration: 5, len(dl): 10368, len(du): 13550, len(dh) 259
acc: 0.5301944728761515, sd of accuracies: 0.1983056021569969, per-class accuracies: {0: 0.631578947368421, 1: 0.47368421052631576, 2: 0.5666666666666667, 3: 0.32, 4: 0.6206896551724138, 5: 0.3888888888888889, 6: 0.23809523809523808, 7: 0.5869565217391305, 8: 0.4, 9: 0.5555555555555556, 10: 0.5818181818181818, 11: 0.7209302325581395, 12: 0.47368421052631576, 13: 0.5294117647058824, 14: 0.625, 15: 0.7777777777777778, 16: 0.3, 17: 0.5, 18: 0.5833333333333334, 19: 0.5, 20: 0.6785714285714286, 21: 0.47368421052631576, 22: 0.6363636363636364, 23: 0.4090909090909091, 24: 0.4090909090909091, 25: 0.2857142857142857, 26: 0.65, 27: 0.18181818181818182, 28: 0.25, 29: 0.0, 30: 0.3888888888888889, 31: 0.6, 32: 0.3, 33: 0.5, 34: 0.5882352941176471, 35: 0.5714285714285714, 36: 0.5, 37: 0.22727272727272727, 38: 0.35294117647058826, 39: 0.25, 40: 0.7647058823529411, 41: 0.17647058823529413, 42: 0.4166666666666667, 43: 0.625, 44: 0.5294117647058824, 45: 0.5769230769230769, 46: 0.16666666666666666, 47: 0.2, 48: 0.5714285714285714, 49: 0.47368421052631576, 50: 0.3181818181818182, 51: 0.29411764705882354, 52: 0.8125, 53: 0.5217391304347826, 54: 0.21052631578947367, 55: 0.1, 56: 0.42857142857142855, 57: 0.3333333333333333, 58: 0.25, 59: 0.4117647058823529, 60: 0.4, 61: 0.875, 62: 0.4166666666666667, 63: 0.7307692307692307, 64: 0.7, 65: 0.625, 66: 0.5625, 67: 0.6818181818181818, 68: 0.3684210526315789, 69: 0.625, 70: 0.47368421052631576, 71: 0.782608695652174, 72: 0.75, 73: 0.2608695652173913, 74: 0.375, 75: 0.75, 76: 0.7222222222222222, 77: 0.6666666666666666, 78: 0.5789473684210527, 79: 0.21739130434782608, 80: 0.6842105263157895, 81: 0.3125, 82: 0.5263157894736842, 83: 0.5, 84: 0.22727272727272727, 85: 0.8125, 86: 0.5, 87: 0.3157894736842105, 88: 0.2727272727272727, 89: 0.7380952380952381, 90: 0.5263157894736842, 91: 0.75, 92: 0.36363636363636365, 93: 0.6, 94: 0.8235294117647058, 95: 0.543859649122807, 96: 0.35294117647058826, 97: 0.45, 98: 0.4375, 99: 0.5555555555555556, 100: 0.5185185185185185, 101: 0.4117647058823529, 102: 0.6363636363636364, 103: 0.631578947368421, 104: 0.37037037037037035, 105: 0.5882352941176471, 106: 0.5294117647058824, 107: 0.0, 108: 0.6129032258064516, 109: 0.47058823529411764, 110: 0.5, 111: 0.375, 112: 0.4782608695652174, 113: 0.5833333333333334, 114: 0.35294117647058826, 115: 0.3333333333333333, 116: 0.4583333333333333, 117: 0.7142857142857143, 118: 0.5294117647058824, 119: 0.46153846153846156, 120: 0.6875, 121: 0.2, 122: 0.7727272727272727, 123: 0.4444444444444444, 124: 0.15, 125: 0.3333333333333333, 126: 0.88, 127: 0.5238095238095238, 128: 0.868421052631579, 129: 0.7777777777777778, 130: 0.3888888888888889, 131: 0.631578947368421, 132: 0.8148148148148148, 133: 0.43478260869565216, 134: 0.1111111111111111, 135: 0.6111111111111112, 136: 0.7419354838709677, 137: 0.5, 138: 0.47058823529411764, 139: 0.47058823529411764, 140: 0.6521739130434783, 141: 0.7619047619047619, 142: 0.5769230769230769, 143: 0.25, 144: 0.9433962264150944, 145: 0.625, 146: 0.525, 147: 0.4411764705882353, 148: 0.35, 149: 0.36363636363636365, 150: 0.7619047619047619, 151: 0.5833333333333334, 152: 0.4444444444444444, 153: 0.7, 154: 0.3888888888888889, 155: 0.47368421052631576, 156: 0.6666666666666666, 157: 0.4827586206896552, 158: 0.4146341463414634, 159: 0.625, 160: 0.6, 161: 0.16666666666666666, 162: 0.3888888888888889, 163: 0.8, 164: 0.35294117647058826, 165: 0.2777777777777778, 166: 0.4117647058823529, 167: 0.5357142857142857, 168: 0.2222222222222222, 169: 0.6, 170: 0.3125, 171: 0.5789473684210527, 172: 0.19047619047619047, 173: 0.8125, 174: 0.625, 175: 0.4090909090909091, 176: 0.47368421052631576, 177: 0.5789473684210527, 178: 0.375, 179: 0.25, 180: 0.65, 181: 0.5833333333333334, 182: 0.6, 183: 0.625, 184: 0.15, 185: 0.6875, 186: 0.5789473684210527, 187: 0.5294117647058824, 188: 0.2608695652173913, 189: 0.2727272727272727, 190: 0.18181818181818182, 191: 0.6363636363636364, 192: 0.29411764705882354, 193: 0.2727272727272727, 194: 0.17647058823529413, 195: 0.6, 196: 0.4, 197: 0.19047619047619047, 198: 0.09523809523809523, 199: 0.35, 200: 0.8125, 201: 0.5789473684210527, 202: 0.7222222222222222, 203: 0.875, 204: 0.35294117647058826, 205: 0.42105263157894735, 206: 0.4782608695652174, 207: 0.8095238095238095, 208: 0.15, 209: 0.4090909090909091, 210: 0.42105263157894735, 211: 0.5185185185185185, 212: 0.5, 213: 0.5925925925925926, 214: 0.5625, 215: 0.3157894736842105, 216: 0.8571428571428571, 217: 0.625, 218: 0.375, 219: 0.5555555555555556, 220: 0.7, 221: 0.5, 222: 0.4375, 223: 0.8181818181818182, 224: 1.0, 225: 0.3157894736842105, 226: 0.6206896551724138, 227: 0.42105263157894735, 228: 0.2631578947368421, 229: 0.9444444444444444, 230: 0.8181818181818182, 231: 0.6197183098591549, 232: 0.4, 233: 0.5, 234: 0.5454545454545454, 235: 0.3684210526315789, 236: 0.5555555555555556, 237: 0.5263157894736842, 238: 0.5625, 239: 0.65, 240: 0.42105263157894735, 241: 0.6666666666666666, 242: 0.16666666666666666, 243: 0.05555555555555555, 244: 0.3888888888888889, 245: 0.45, 246: 0.4444444444444444, 247: 0.1875, 248: 0.3, 249: 0.7894736842105263, 250: 0.96875, 251: 1.0, 252: 0.7586206896551724, 253: 0.47368421052631576, 254: 0.6, 255: 0.38095238095238093}
INFO:__main__: Update size of `dl`  and `du` by adding uncertain 1000 samples in `dl` len(dl): 11368, len(du) 13550
INFO:__main__: Update size of `dl`  and `du` by adding 34 hcs samples in `dl` len(dl): 11402, len(du) 13550
INFO:__main__: Iteration: 6 fine-tune the model on dh U dl
Train Epoch: 0 [0/11402 (0%)]	Loss: 0.071812
Train Epoch: 0 [4800/11402 (42%)]	Loss: 0.089975
Train Epoch: 0 [9600/11402 (84%)]	Loss: 0.508974
====> Epoch: 0 Average loss: 0.0277
Train Epoch: 1 [0/11402 (0%)]	Loss: 0.854751
Train Epoch: 1 [4800/11402 (42%)]	Loss: 0.152151
Train Epoch: 1 [9600/11402 (84%)]	Loss: 1.072691
====> Epoch: 1 Average loss: 0.0232
Train Epoch: 2 [0/11402 (0%)]	Loss: 0.046943
Train Epoch: 2 [4800/11402 (42%)]	Loss: 0.348272
Train Epoch: 2 [9600/11402 (84%)]	Loss: 0.982059
====> Epoch: 2 Average loss: 0.0194
Train Epoch: 3 [0/11402 (0%)]	Loss: 0.171814
Train Epoch: 3 [4800/11402 (42%)]	Loss: 0.313603
Train Epoch: 3 [9600/11402 (84%)]	Loss: 0.229831
====> Epoch: 3 Average loss: 0.0179
Train Epoch: 4 [0/11402 (0%)]	Loss: 0.011269
Train Epoch: 4 [4800/11402 (42%)]	Loss: 0.123343
Train Epoch: 4 [9600/11402 (84%)]	Loss: 0.234386
====> Epoch: 4 Average loss: 0.0155
