INFO:__main__: Using device: cuda
INFO:__main__: Initial configuration: len(du): 21528, len(dl): 2391 
INFO:model.alexnet: The code is running on cuda:0 
INFO:__main__: Initialize training the model on `dl` and test on `dtest`
Train Epoch: 0 [0/2391 (0%)]	Loss: 5.695819
====> Epoch: 0 Average loss: 0.2603
Train Epoch: 1 [0/2391 (0%)]	Loss: 1.610738
====> Epoch: 1 Average loss: 0.0986
Train Epoch: 2 [0/2391 (0%)]	Loss: 0.889328
====> Epoch: 2 Average loss: 0.0510
Train Epoch: 3 [0/2391 (0%)]	Loss: 0.394210
====> Epoch: 3 Average loss: 0.0303
Train Epoch: 4 [0/2391 (0%)]	Loss: 0.438204
====> Epoch: 4 Average loss: 0.0204
Train Epoch: 5 [0/2391 (0%)]	Loss: 0.205002
====> Epoch: 5 Average loss: 0.0141
Train Epoch: 6 [0/2391 (0%)]	Loss: 0.126062
====> Epoch: 6 Average loss: 0.0112
Train Epoch: 7 [0/2391 (0%)]	Loss: 0.081858
====> Epoch: 7 Average loss: 0.0099
Train Epoch: 8 [0/2391 (0%)]	Loss: 0.072900
====> Epoch: 8 Average loss: 0.0080
Train Epoch: 9 [0/2391 (0%)]	Loss: 0.113913
====> Epoch: 9 Average loss: 0.0066
INFO:__main__: Iteration: 0: run prediction on unlabeled data `du` 
====> Initial accuracy: 50.57%
====> Initial per-class accuracies: {0: 0.3684210526315789, 1: 0.631578947368421, 2: 0.6333333333333333, 3: 0.52, 4: 0.5862068965517241, 5: 0.3333333333333333, 6: 0.23809523809523808, 7: 0.6086956521739131, 8: 0.1, 9: 0.3888888888888889, 10: 0.8, 11: 0.7674418604651163, 12: 0.15789473684210525, 13: 0.6470588235294118, 14: 0.7916666666666666, 15: 0.1111111111111111, 16: 0.55, 17: 0.3, 18: 0.2916666666666667, 19: 0.375, 20: 0.6071428571428571, 21: 0.3684210526315789, 22: 0.5454545454545454, 23: 0.45454545454545453, 24: 0.2727272727272727, 25: 0.09523809523809523, 26: 0.7, 27: 0.45454545454545453, 28: 0.25, 29: 0.0, 30: 0.5, 31: 0.2, 32: 0.45, 33: 0.8, 34: 0.5294117647058824, 35: 0.7619047619047619, 36: 0.5, 37: 0.2727272727272727, 38: 0.23529411764705882, 39: 0.5833333333333334, 40: 0.5882352941176471, 41: 0.17647058823529413, 42: 0.25, 43: 0.9166666666666666, 44: 0.5294117647058824, 45: 0.46153846153846156, 46: 0.1111111111111111, 47: 0.35, 48: 0.47619047619047616, 49: 0.3684210526315789, 50: 0.2727272727272727, 51: 0.17647058823529413, 52: 0.625, 53: 0.4782608695652174, 54: 0.15789473684210525, 55: 0.2, 56: 0.6666666666666666, 57: 0.0, 58: 0.0625, 59: 0.29411764705882354, 60: 0.2, 61: 0.6875, 62: 0.3333333333333333, 63: 0.6923076923076923, 64: 0.55, 65: 0.625, 66: 0.5625, 67: 0.4090909090909091, 68: 0.21052631578947367, 69: 0.3125, 70: 0.3684210526315789, 71: 0.8260869565217391, 72: 0.85, 73: 0.391304347826087, 74: 0.625, 75: 0.6875, 76: 0.7222222222222222, 77: 0.3888888888888889, 78: 0.15789473684210525, 79: 0.13043478260869565, 80: 0.6842105263157895, 81: 0.375, 82: 0.15789473684210525, 83: 0.0625, 84: 0.7272727272727273, 85: 0.625, 86: 0.1111111111111111, 87: 0.2631578947368421, 88: 0.045454545454545456, 89: 0.6904761904761905, 90: 0.6842105263157895, 91: 0.75, 92: 0.36363636363636365, 93: 0.85, 94: 0.7647058823529411, 95: 0.49122807017543857, 96: 0.47058823529411764, 97: 0.75, 98: 0.375, 99: 0.5, 100: 0.5185185185185185, 101: 0.35294117647058826, 102: 0.6363636363636364, 103: 0.47368421052631576, 104: 0.3888888888888889, 105: 0.058823529411764705, 106: 0.5294117647058824, 107: 0.29411764705882354, 108: 0.6129032258064516, 109: 0.7647058823529411, 110: 0.25, 111: 0.0625, 112: 0.2608695652173913, 113: 0.75, 114: 0.0, 115: 0.3333333333333333, 116: 0.6666666666666666, 117: 0.9047619047619048, 118: 0.11764705882352941, 119: 0.19230769230769232, 120: 0.625, 121: 0.15, 122: 1.0, 123: 0.2777777777777778, 124: 0.05, 125: 0.14583333333333334, 126: 0.8, 127: 0.2857142857142857, 128: 0.9473684210526315, 129: 0.6666666666666666, 130: 0.2222222222222222, 131: 0.8157894736842105, 132: 0.6296296296296297, 133: 0.6521739130434783, 134: 0.05555555555555555, 135: 0.4444444444444444, 136: 0.967741935483871, 137: 0.47368421052631576, 138: 0.29411764705882354, 139: 0.6470588235294118, 140: 0.5217391304347826, 141: 0.8095238095238095, 142: 0.8076923076923077, 143: 0.4375, 144: 1.0, 145: 0.25, 146: 0.25, 147: 0.47058823529411764, 148: 0.05, 149: 0.7272727272727273, 150: 0.38095238095238093, 151: 0.4166666666666667, 152: 0.6666666666666666, 153: 0.5, 154: 0.2777777777777778, 155: 0.3684210526315789, 156: 0.6190476190476191, 157: 0.4827586206896552, 158: 0.5609756097560976, 159: 0.875, 160: 0.65, 161: 0.3888888888888889, 162: 0.3333333333333333, 163: 0.5, 164: 0.29411764705882354, 165: 0.16666666666666666, 166: 0.0, 167: 0.6785714285714286, 168: 0.4444444444444444, 169: 0.65, 170: 0.375, 171: 0.3684210526315789, 172: 0.09523809523809523, 173: 0.0625, 174: 0.6875, 175: 0.3181818181818182, 176: 0.8421052631578947, 177: 0.6842105263157895, 178: 0.25, 179: 0.1, 180: 0.8, 181: 0.7916666666666666, 182: 0.55, 183: 0.5625, 184: 0.05, 185: 0.75, 186: 0.3684210526315789, 187: 0.35294117647058826, 188: 0.2608695652173913, 189: 0.18181818181818182, 190: 0.18181818181818182, 191: 0.6363636363636364, 192: 0.38235294117647056, 193: 0.5454545454545454, 194: 0.35294117647058826, 195: 0.3, 196: 0.4, 197: 0.4, 198: 0.3333333333333333, 199: 0.05, 200: 0.1875, 201: 0.2631578947368421, 202: 0.5, 203: 0.9375, 204: 0.29411764705882354, 205: 0.3157894736842105, 206: 0.391304347826087, 207: 0.5238095238095238, 208: 0.3, 209: 0.45454545454545453, 210: 0.15789473684210525, 211: 0.4074074074074074, 212: 0.25, 213: 0.6296296296296297, 214: 0.4375, 215: 0.42105263157894735, 216: 0.9047619047619048, 217: 0.625, 218: 0.25, 219: 0.2777777777777778, 220: 0.7, 221: 0.4444444444444444, 222: 0.5, 223: 0.7727272727272727, 224: 0.7777777777777778, 225: 0.42105263157894735, 226: 0.6896551724137931, 227: 0.10526315789473684, 228: 0.2631578947368421, 229: 0.7777777777777778, 230: 0.7727272727272727, 231: 0.6619718309859155, 232: 0.2, 233: 0.6666666666666666, 234: 0.6363636363636364, 235: 0.21052631578947367, 236: 0.6111111111111112, 237: 0.9473684210526315, 238: 0.375, 239: 0.8, 240: 0.42105263157894735, 241: 0.3888888888888889, 242: 0.3888888888888889, 243: 0.16666666666666666, 244: 0.3333333333333333, 245: 0.25, 246: 0.3888888888888889, 247: 0.5625, 248: 0.2, 249: 0.7894736842105263, 250: 0.9875, 251: 1.0, 252: 0.9770114942528736, 253: 0.3157894736842105, 254: 0.5, 255: 0.23809523809523808}
====> Initial sd of accuracies: 0.2451
INFO:__main__: Update size of `dl`  and `du` by adding uncertain 1000 samples in `dl` len(dl): 3391, len(du) 21528
INFO:__main__: Update size of `dl`  and `du` by adding 579 hcs samples in `dl` len(dl): 3970, len(du) 21528
INFO:__main__: Iteration: 0 fine-tune the model on dh U dl
Train Epoch: 0 [0/3970 (0%)]	Loss: 1.134672
====> Epoch: 0 Average loss: 0.1072
Train Epoch: 1 [0/3970 (0%)]	Loss: 0.944966
====> Epoch: 1 Average loss: 0.0655
Train Epoch: 2 [0/3970 (0%)]	Loss: 0.758858
====> Epoch: 2 Average loss: 0.0467
Train Epoch: 3 [0/3970 (0%)]	Loss: 0.231788
====> Epoch: 3 Average loss: 0.0350
Train Epoch: 4 [0/3970 (0%)]	Loss: 0.266087
====> Epoch: 4 Average loss: 0.0266
Train Epoch: 5 [0/3970 (0%)]	Loss: 0.434378
====> Epoch: 5 Average loss: 0.0219
Train Epoch: 6 [0/3970 (0%)]	Loss: 0.272832
====> Epoch: 6 Average loss: 0.0194
Train Epoch: 7 [0/3970 (0%)]	Loss: 0.382904
====> Epoch: 7 Average loss: 0.0180
Train Epoch: 8 [0/3970 (0%)]	Loss: 0.320813
====> Epoch: 8 Average loss: 0.0155
Train Epoch: 9 [0/3970 (0%)]	Loss: 0.160431
====> Epoch: 9 Average loss: 0.0139
INFO:__main__: Iteration: 1: run prediction on unlabeled data `du` 
Iteration: 0, len(dl): 3970, len(du): 19949, len(dh) 579
acc: 0.4741511687425354, sd of accuracies: 0.21993326380805486, per-class accuracies: {0: 0.631578947368421, 1: 0.6842105263157895, 2: 0.5, 3: 0.44, 4: 0.5172413793103449, 5: 0.2777777777777778, 6: 0.047619047619047616, 7: 0.45652173913043476, 8: 0.4, 9: 0.4444444444444444, 10: 0.8, 11: 0.6744186046511628, 12: 0.3157894736842105, 13: 0.47058823529411764, 14: 0.7083333333333334, 15: 0.5555555555555556, 16: 0.5, 17: 0.35, 18: 0.375, 19: 0.5, 20: 0.5, 21: 0.6842105263157895, 22: 0.4090909090909091, 23: 0.45454545454545453, 24: 0.22727272727272727, 25: 0.047619047619047616, 26: 0.6, 27: 0.5909090909090909, 28: 0.4, 29: 0.0, 30: 0.5, 31: 0.65, 32: 0.4, 33: 0.75, 34: 0.29411764705882354, 35: 0.6666666666666666, 36: 0.3333333333333333, 37: 0.2727272727272727, 38: 0.17647058823529413, 39: 0.5, 40: 0.5882352941176471, 41: 0.17647058823529413, 42: 0.25, 43: 0.625, 44: 0.7058823529411765, 45: 0.5, 46: 0.3888888888888889, 47: 0.2, 48: 0.5238095238095238, 49: 0.3684210526315789, 50: 0.22727272727272727, 51: 0.17647058823529413, 52: 0.4375, 53: 0.5217391304347826, 54: 0.21052631578947367, 55: 0.2, 56: 0.7142857142857143, 57: 0.0, 58: 0.0, 59: 0.29411764705882354, 60: 0.25, 61: 0.3125, 62: 0.25, 63: 0.5769230769230769, 64: 0.6, 65: 0.4375, 66: 0.5, 67: 0.4090909090909091, 68: 0.10526315789473684, 69: 0.3125, 70: 0.47368421052631576, 71: 0.9130434782608695, 72: 0.8, 73: 0.391304347826087, 74: 0.6875, 75: 0.6875, 76: 0.6111111111111112, 77: 0.4444444444444444, 78: 0.21052631578947367, 79: 0.21739130434782608, 80: 0.6842105263157895, 81: 0.5625, 82: 0.15789473684210525, 83: 0.25, 84: 0.45454545454545453, 85: 0.6875, 86: 0.2777777777777778, 87: 0.2631578947368421, 88: 0.18181818181818182, 89: 0.5952380952380952, 90: 0.5263157894736842, 91: 0.7, 92: 0.45454545454545453, 93: 0.7, 94: 0.6470588235294118, 95: 0.43859649122807015, 96: 0.5294117647058824, 97: 0.7, 98: 0.3125, 99: 0.5555555555555556, 100: 0.48148148148148145, 101: 0.5882352941176471, 102: 0.6818181818181818, 103: 0.7368421052631579, 104: 0.3333333333333333, 105: 0.11764705882352941, 106: 0.29411764705882354, 107: 0.11764705882352941, 108: 0.6774193548387096, 109: 0.4117647058823529, 110: 0.0, 111: 0.125, 112: 0.6086956521739131, 113: 0.4583333333333333, 114: 0.0, 115: 0.42857142857142855, 116: 0.5833333333333334, 117: 0.5238095238095238, 118: 0.23529411764705882, 119: 0.23076923076923078, 120: 0.625, 121: 0.1, 122: 0.8636363636363636, 123: 0.2222222222222222, 124: 0.15, 125: 0.16666666666666666, 126: 0.72, 127: 0.19047619047619047, 128: 0.9473684210526315, 129: 0.05555555555555555, 130: 0.5, 131: 0.7368421052631579, 132: 0.37037037037037035, 133: 0.43478260869565216, 134: 0.05555555555555555, 135: 0.4444444444444444, 136: 0.9032258064516129, 137: 0.3157894736842105, 138: 0.4117647058823529, 139: 0.5882352941176471, 140: 0.391304347826087, 141: 0.8571428571428571, 142: 0.6923076923076923, 143: 0.75, 144: 0.9182389937106918, 145: 0.375, 146: 0.25, 147: 0.4117647058823529, 148: 0.2, 149: 0.45454545454545453, 150: 0.38095238095238093, 151: 0.375, 152: 0.5, 153: 0.55, 154: 0.1111111111111111, 155: 0.21052631578947367, 156: 0.5714285714285714, 157: 0.5172413793103449, 158: 0.34146341463414637, 159: 0.8125, 160: 0.5, 161: 0.2222222222222222, 162: 0.2222222222222222, 163: 0.45, 164: 0.23529411764705882, 165: 0.16666666666666666, 166: 0.23529411764705882, 167: 0.5357142857142857, 168: 0.3888888888888889, 169: 0.4, 170: 0.4375, 171: 0.47368421052631576, 172: 0.09523809523809523, 173: 0.25, 174: 0.4375, 175: 0.4090909090909091, 176: 0.7894736842105263, 177: 0.5789473684210527, 178: 0.3125, 179: 0.05, 180: 0.85, 181: 0.625, 182: 0.55, 183: 0.5, 184: 0.0, 185: 0.75, 186: 0.3157894736842105, 187: 0.47058823529411764, 188: 0.43478260869565216, 189: 0.13636363636363635, 190: 0.13636363636363635, 191: 0.5909090909090909, 192: 0.38235294117647056, 193: 0.5, 194: 0.4117647058823529, 195: 0.45, 196: 0.35, 197: 0.45, 198: 0.38095238095238093, 199: 0.1, 200: 0.25, 201: 0.10526315789473684, 202: 0.4444444444444444, 203: 0.625, 204: 0.4117647058823529, 205: 0.21052631578947367, 206: 0.43478260869565216, 207: 0.5238095238095238, 208: 0.2, 209: 0.22727272727272727, 210: 0.10526315789473684, 211: 0.18518518518518517, 212: 0.55, 213: 0.5555555555555556, 214: 0.625, 215: 0.5789473684210527, 216: 0.7142857142857143, 217: 0.5625, 218: 0.3125, 219: 0.2777777777777778, 220: 0.6, 221: 0.3333333333333333, 222: 0.5, 223: 0.6818181818181818, 224: 0.8888888888888888, 225: 0.47368421052631576, 226: 0.6896551724137931, 227: 0.21052631578947367, 228: 0.2631578947368421, 229: 0.6666666666666666, 230: 0.7272727272727273, 231: 0.5211267605633803, 232: 0.15, 233: 0.7083333333333334, 234: 0.7727272727272727, 235: 0.21052631578947367, 236: 0.6111111111111112, 237: 0.9473684210526315, 238: 0.5, 239: 0.775, 240: 0.3684210526315789, 241: 0.3888888888888889, 242: 0.5, 243: 0.1111111111111111, 244: 0.4444444444444444, 245: 0.4, 246: 0.16666666666666666, 247: 0.625, 248: 0.3, 249: 0.6842105263157895, 250: 0.71875, 251: 1.0, 252: 0.9310344827586207, 253: 0.42105263157894735, 254: 0.55, 255: 0.19047619047619047}
INFO:__main__: Update size of `dl`  and `du` by adding uncertain 1000 samples in `dl` len(dl): 4970, len(du) 19949
INFO:__main__: Update size of `dl`  and `du` by adding 197 hcs samples in `dl` len(dl): 5167, len(du) 19949
INFO:__main__: Iteration: 1 fine-tune the model on dh U dl
Train Epoch: 0 [0/5167 (0%)]	Loss: 1.837811
Train Epoch: 0 [4800/5167 (93%)]	Loss: 3.256943
====> Epoch: 0 Average loss: 0.0681
Train Epoch: 1 [0/5167 (0%)]	Loss: 0.506715
Train Epoch: 1 [4800/5167 (93%)]	Loss: 0.359957
====> Epoch: 1 Average loss: 0.0475
Train Epoch: 2 [0/5167 (0%)]	Loss: 0.456626
Train Epoch: 2 [4800/5167 (93%)]	Loss: 0.600139
====> Epoch: 2 Average loss: 0.0345
Train Epoch: 3 [0/5167 (0%)]	Loss: 0.336532
Train Epoch: 3 [4800/5167 (93%)]	Loss: 0.899024
====> Epoch: 3 Average loss: 0.0263
Train Epoch: 4 [0/5167 (0%)]	Loss: 0.386733
Train Epoch: 4 [4800/5167 (93%)]	Loss: 0.352510
====> Epoch: 4 Average loss: 0.0211
Train Epoch: 5 [0/5167 (0%)]	Loss: 0.157597
Train Epoch: 5 [4800/5167 (93%)]	Loss: 0.119616
====> Epoch: 5 Average loss: 0.0189
Train Epoch: 6 [0/5167 (0%)]	Loss: 0.335863
Train Epoch: 6 [4800/5167 (93%)]	Loss: 0.264179
====> Epoch: 6 Average loss: 0.0163
Train Epoch: 7 [0/5167 (0%)]	Loss: 0.161304
Train Epoch: 7 [4800/5167 (93%)]	Loss: 0.218643
====> Epoch: 7 Average loss: 0.0146
Train Epoch: 8 [0/5167 (0%)]	Loss: 0.195184
Train Epoch: 8 [4800/5167 (93%)]	Loss: 0.110131
====> Epoch: 8 Average loss: 0.0132
Train Epoch: 9 [0/5167 (0%)]	Loss: 0.058619
Train Epoch: 9 [4800/5167 (93%)]	Loss: 0.076552
====> Epoch: 9 Average loss: 0.0120
INFO:__main__: Iteration: 2: run prediction on unlabeled data `du` 
Iteration: 1, len(dl): 5167, len(du): 18752, len(dh) 197
acc: 0.5086162770858216, sd of accuracies: 0.21020188268992748, per-class accuracies: {0: 0.5789473684210527, 1: 0.7368421052631579, 2: 0.4666666666666667, 3: 0.44, 4: 0.5172413793103449, 5: 0.2777777777777778, 6: 0.14285714285714285, 7: 0.5434782608695652, 8: 0.35, 9: 0.3888888888888889, 10: 0.7818181818181819, 11: 0.6976744186046512, 12: 0.3157894736842105, 13: 0.6470588235294118, 14: 0.7916666666666666, 15: 0.5, 16: 0.5, 17: 0.35, 18: 0.2916666666666667, 19: 0.4375, 20: 0.42857142857142855, 21: 0.6842105263157895, 22: 0.5, 23: 0.45454545454545453, 24: 0.2727272727272727, 25: 0.14285714285714285, 26: 0.85, 27: 0.4090909090909091, 28: 0.45, 29: 0.1, 30: 0.3888888888888889, 31: 0.6, 32: 0.45, 33: 0.65, 34: 0.23529411764705882, 35: 0.6190476190476191, 36: 0.4583333333333333, 37: 0.18181818181818182, 38: 0.23529411764705882, 39: 0.5, 40: 0.5294117647058824, 41: 0.11764705882352941, 42: 0.3333333333333333, 43: 0.625, 44: 0.4117647058823529, 45: 0.6538461538461539, 46: 0.16666666666666666, 47: 0.25, 48: 0.6190476190476191, 49: 0.3684210526315789, 50: 0.3181818181818182, 51: 0.17647058823529413, 52: 0.5625, 53: 0.5217391304347826, 54: 0.15789473684210525, 55: 0.4, 56: 0.5714285714285714, 57: 0.2777777777777778, 58: 0.0625, 59: 0.35294117647058826, 60: 0.35, 61: 0.25, 62: 0.25, 63: 0.8076923076923077, 64: 0.65, 65: 0.3125, 66: 0.5625, 67: 0.5454545454545454, 68: 0.21052631578947367, 69: 0.4375, 70: 0.21052631578947367, 71: 0.8695652173913043, 72: 0.8, 73: 0.2608695652173913, 74: 0.75, 75: 0.4375, 76: 0.7222222222222222, 77: 0.6111111111111112, 78: 0.15789473684210525, 79: 0.21739130434782608, 80: 0.5263157894736842, 81: 0.4375, 82: 0.631578947368421, 83: 0.3125, 84: 0.5909090909090909, 85: 0.625, 86: 0.3888888888888889, 87: 0.47368421052631576, 88: 0.22727272727272727, 89: 0.6190476190476191, 90: 0.5789473684210527, 91: 0.7, 92: 0.5454545454545454, 93: 0.7, 94: 0.5882352941176471, 95: 0.631578947368421, 96: 0.35294117647058826, 97: 0.65, 98: 0.5, 99: 0.6666666666666666, 100: 0.37037037037037035, 101: 0.4117647058823529, 102: 0.6363636363636364, 103: 0.47368421052631576, 104: 0.46296296296296297, 105: 0.23529411764705882, 106: 0.5294117647058824, 107: 0.23529411764705882, 108: 0.7419354838709677, 109: 0.5882352941176471, 110: 0.1875, 111: 0.0, 112: 0.6086956521739131, 113: 0.4583333333333333, 114: 0.29411764705882354, 115: 0.3333333333333333, 116: 0.4583333333333333, 117: 0.7142857142857143, 118: 0.23529411764705882, 119: 0.23076923076923078, 120: 0.6875, 121: 0.2, 122: 0.9090909090909091, 123: 0.2777777777777778, 124: 0.15, 125: 0.14583333333333334, 126: 0.72, 127: 0.19047619047619047, 128: 0.8421052631578947, 129: 0.2777777777777778, 130: 0.4444444444444444, 131: 0.7368421052631579, 132: 0.5925925925925926, 133: 0.5652173913043478, 134: 0.0, 135: 0.5, 136: 0.8709677419354839, 137: 0.42105263157894735, 138: 0.4117647058823529, 139: 0.6470588235294118, 140: 0.30434782608695654, 141: 0.7619047619047619, 142: 0.6923076923076923, 143: 0.375, 144: 1.0, 145: 0.25, 146: 0.4, 147: 0.6176470588235294, 148: 0.1, 149: 0.45454545454545453, 150: 0.42857142857142855, 151: 0.5416666666666666, 152: 0.5555555555555556, 153: 0.6, 154: 0.16666666666666666, 155: 0.3157894736842105, 156: 0.47619047619047616, 157: 0.4827586206896552, 158: 0.4634146341463415, 159: 0.6875, 160: 0.5, 161: 0.2222222222222222, 162: 0.2222222222222222, 163: 0.5, 164: 0.17647058823529413, 165: 0.2222222222222222, 166: 0.5882352941176471, 167: 0.5714285714285714, 168: 0.4444444444444444, 169: 0.4, 170: 0.5, 171: 0.3684210526315789, 172: 0.09523809523809523, 173: 0.4375, 174: 0.5625, 175: 0.5454545454545454, 176: 0.7894736842105263, 177: 0.631578947368421, 178: 0.4375, 179: 0.25, 180: 0.8, 181: 0.6666666666666666, 182: 0.5, 183: 0.5, 184: 0.0, 185: 0.6875, 186: 0.5263157894736842, 187: 0.4117647058823529, 188: 0.43478260869565216, 189: 0.18181818181818182, 190: 0.13636363636363635, 191: 0.5909090909090909, 192: 0.29411764705882354, 193: 0.7272727272727273, 194: 0.35294117647058826, 195: 0.5, 196: 0.15, 197: 0.3, 198: 0.23809523809523808, 199: 0.25, 200: 0.625, 201: 0.3157894736842105, 202: 0.3888888888888889, 203: 0.75, 204: 0.29411764705882354, 205: 0.2631578947368421, 206: 0.43478260869565216, 207: 0.6190476190476191, 208: 0.2, 209: 0.22727272727272727, 210: 0.2631578947368421, 211: 0.2222222222222222, 212: 0.65, 213: 0.7407407407407407, 214: 0.625, 215: 0.42105263157894735, 216: 0.9047619047619048, 217: 0.6875, 218: 0.25, 219: 0.4444444444444444, 220: 0.7, 221: 0.4444444444444444, 222: 0.5, 223: 0.8636363636363636, 224: 0.7222222222222222, 225: 0.47368421052631576, 226: 0.5862068965517241, 227: 0.631578947368421, 228: 0.42105263157894735, 229: 0.8333333333333334, 230: 0.7272727272727273, 231: 0.5915492957746479, 232: 0.1, 233: 0.6666666666666666, 234: 0.7272727272727273, 235: 0.47368421052631576, 236: 0.6111111111111112, 237: 0.8947368421052632, 238: 0.3125, 239: 0.7, 240: 0.5789473684210527, 241: 0.4444444444444444, 242: 0.5, 243: 0.2222222222222222, 244: 0.2777777777777778, 245: 0.5, 246: 0.2777777777777778, 247: 0.5625, 248: 0.25, 249: 0.7894736842105263, 250: 0.90625, 251: 1.0, 252: 0.9195402298850575, 253: 0.3684210526315789, 254: 0.45, 255: 0.2857142857142857}
INFO:__main__: Update size of `dl`  and `du` by adding uncertain 1000 samples in `dl` len(dl): 6167, len(du) 18752
INFO:__main__: Update size of `dl`  and `du` by adding 362 hcs samples in `dl` len(dl): 6529, len(du) 18752
INFO:__main__: Iteration: 2 fine-tune the model on dh U dl
Train Epoch: 0 [0/6529 (0%)]	Loss: 1.324615
Train Epoch: 0 [4800/6529 (74%)]	Loss: 0.379424
====> Epoch: 0 Average loss: 0.0679
Train Epoch: 1 [0/6529 (0%)]	Loss: 1.134419
Train Epoch: 1 [4800/6529 (74%)]	Loss: 1.622284
====> Epoch: 1 Average loss: 0.0487
Train Epoch: 2 [0/6529 (0%)]	Loss: 0.683825
Train Epoch: 2 [4800/6529 (74%)]	Loss: 0.416949
====> Epoch: 2 Average loss: 0.0372
Train Epoch: 3 [0/6529 (0%)]	Loss: 0.203732
Train Epoch: 3 [4800/6529 (74%)]	Loss: 0.233286
====> Epoch: 3 Average loss: 0.0289
Train Epoch: 4 [0/6529 (0%)]	Loss: 0.181805
Train Epoch: 4 [4800/6529 (74%)]	Loss: 0.484631
====> Epoch: 4 Average loss: 0.0246
Train Epoch: 5 [0/6529 (0%)]	Loss: 0.390935
Train Epoch: 5 [4800/6529 (74%)]	Loss: 0.117074
====> Epoch: 5 Average loss: 0.0203
Train Epoch: 6 [0/6529 (0%)]	Loss: 0.200204
Train Epoch: 6 [4800/6529 (74%)]	Loss: 0.472512
====> Epoch: 6 Average loss: 0.0180
Train Epoch: 7 [0/6529 (0%)]	Loss: 0.070941
Train Epoch: 7 [4800/6529 (74%)]	Loss: 0.231677
====> Epoch: 7 Average loss: 0.0167
Train Epoch: 8 [0/6529 (0%)]	Loss: 0.276669
Train Epoch: 8 [4800/6529 (74%)]	Loss: 0.106331
====> Epoch: 8 Average loss: 0.0157
Train Epoch: 9 [0/6529 (0%)]	Loss: 0.154988
Train Epoch: 9 [4800/6529 (74%)]	Loss: 0.388948
====> Epoch: 9 Average loss: 0.0138
Iteration: 2, len(dl): 6529, len(du): 17390, len(dh) 362
acc: 0.5168060058010578, sd of accuracies: 0.2013960321701087, per-class accuracies: {0: 0.5789473684210527, 1: 0.5263157894736842, 2: 0.4666666666666667, 3: 0.48, 4: 0.4827586206896552, 5: 0.3888888888888889, 6: 0.23809523809523808, 7: 0.5, 8: 0.35, 9: 0.4444444444444444, 10: 0.6727272727272727, 11: 0.6976744186046512, 12: 0.3157894736842105, 13: 0.47058823529411764, 14: 0.75, 15: 0.5555555555555556, 16: 0.5, 17: 0.3, 18: 0.375, 19: 0.5625, 20: 0.6071428571428571, 21: 0.7368421052631579, 22: 0.5909090909090909, 23: 0.5, 24: 0.2727272727272727, 25: 0.23809523809523808, 26: 0.7, 27: 0.45454545454545453, 28: 0.35, 29: 0.1, 30: 0.3333333333333333, 31: 0.7, 32: 0.35, 33: 0.65, 34: 0.35294117647058826, 35: 0.6666666666666666, 36: 0.3333333333333333, 37: 0.3181818181818182, 38: 0.29411764705882354, 39: 0.6666666666666666, 40: 0.6470588235294118, 41: 0.11764705882352941, 42: 0.4166666666666667, 43: 0.5416666666666666, 44: 0.5294117647058824, 45: 0.6923076923076923, 46: 0.3888888888888889, 47: 0.55, 48: 0.5714285714285714, 49: 0.5263157894736842, 50: 0.3181818181818182, 51: 0.17647058823529413, 52: 0.5625, 53: 0.6521739130434783, 54: 0.42105263157894735, 55: 0.65, 56: 0.2857142857142857, 57: 0.2777777777777778, 58: 0.125, 59: 0.29411764705882354, 60: 0.35, 61: 0.5, 62: 0.375, 63: 0.6538461538461539, 64: 0.65, 65: 0.5, 66: 0.5, 67: 0.6363636363636364, 68: 0.15789473684210525, 69: 0.375, 70: 0.3157894736842105, 71: 0.9565217391304348, 72: 0.8, 73: 0.34782608695652173, 74: 0.625, 75: 0.4375, 76: 0.6111111111111112, 77: 0.6666666666666666, 78: 0.2631578947368421, 79: 0.13043478260869565, 80: 0.5263157894736842, 81: 0.3125, 82: 0.7368421052631579, 83: 0.125, 84: 0.4090909090909091, 85: 0.625, 86: 0.4444444444444444, 87: 0.47368421052631576, 88: 0.45454545454545453, 89: 0.5952380952380952, 90: 0.6842105263157895, 91: 0.75, 92: 0.36363636363636365, 93: 0.8, 94: 0.6470588235294118, 95: 0.5614035087719298, 96: 0.5294117647058824, 97: 0.75, 98: 0.3125, 99: 0.6666666666666666, 100: 0.48148148148148145, 101: 0.47058823529411764, 102: 0.6818181818181818, 103: 0.5263157894736842, 104: 0.35185185185185186, 105: 0.35294117647058826, 106: 0.5294117647058824, 107: 0.29411764705882354, 108: 0.7741935483870968, 109: 0.47058823529411764, 110: 0.0625, 111: 0.1875, 112: 0.782608695652174, 113: 0.5416666666666666, 114: 0.4117647058823529, 115: 0.23809523809523808, 116: 0.5, 117: 0.5238095238095238, 118: 0.17647058823529413, 119: 0.2692307692307692, 120: 0.6875, 121: 0.25, 122: 0.9090909090909091, 123: 0.5, 124: 0.25, 125: 0.125, 126: 0.84, 127: 0.19047619047619047, 128: 0.9210526315789473, 129: 0.3888888888888889, 130: 0.5555555555555556, 131: 0.6842105263157895, 132: 0.7407407407407407, 133: 0.5652173913043478, 134: 0.05555555555555555, 135: 0.6111111111111112, 136: 0.6774193548387096, 137: 0.3684210526315789, 138: 0.47058823529411764, 139: 0.5882352941176471, 140: 0.30434782608695654, 141: 0.8095238095238095, 142: 0.6923076923076923, 143: 0.4375, 144: 0.9559748427672956, 145: 0.3125, 146: 0.375, 147: 0.5, 148: 0.15, 149: 0.45454545454545453, 150: 0.42857142857142855, 151: 0.5416666666666666, 152: 0.6666666666666666, 153: 0.7, 154: 0.2777777777777778, 155: 0.21052631578947367, 156: 0.5714285714285714, 157: 0.4827586206896552, 158: 0.36585365853658536, 159: 0.6875, 160: 0.45, 161: 0.2222222222222222, 162: 0.2777777777777778, 163: 0.55, 164: 0.23529411764705882, 165: 0.2222222222222222, 166: 0.47058823529411764, 167: 0.6071428571428571, 168: 0.5, 169: 0.3, 170: 0.5, 171: 0.5789473684210527, 172: 0.09523809523809523, 173: 0.4375, 174: 0.5, 175: 0.5909090909090909, 176: 0.7894736842105263, 177: 0.8421052631578947, 178: 0.25, 179: 0.25, 180: 0.65, 181: 0.6666666666666666, 182: 0.55, 183: 0.4375, 184: 0.1, 185: 0.75, 186: 0.5789473684210527, 187: 0.47058823529411764, 188: 0.43478260869565216, 189: 0.18181818181818182, 190: 0.22727272727272727, 191: 0.5909090909090909, 192: 0.23529411764705882, 193: 0.5, 194: 0.35294117647058826, 195: 0.6, 196: 0.35, 197: 0.45, 198: 0.19047619047619047, 199: 0.4, 200: 0.625, 201: 0.15789473684210525, 202: 0.3333333333333333, 203: 0.875, 204: 0.29411764705882354, 205: 0.15789473684210525, 206: 0.6086956521739131, 207: 0.5238095238095238, 208: 0.2, 209: 0.22727272727272727, 210: 0.21052631578947367, 211: 0.25925925925925924, 212: 0.7, 213: 0.7407407407407407, 214: 0.625, 215: 0.5789473684210527, 216: 0.8571428571428571, 217: 0.5625, 218: 0.3125, 219: 0.5555555555555556, 220: 0.6, 221: 0.5, 222: 0.5, 223: 0.6363636363636364, 224: 0.8333333333333334, 225: 0.47368421052631576, 226: 0.5172413793103449, 227: 0.5263157894736842, 228: 0.3684210526315789, 229: 0.8888888888888888, 230: 0.6363636363636364, 231: 0.6338028169014085, 232: 0.35, 233: 0.625, 234: 0.8181818181818182, 235: 0.2631578947368421, 236: 0.3333333333333333, 237: 0.7894736842105263, 238: 0.375, 239: 0.575, 240: 0.5263157894736842, 241: 0.3888888888888889, 242: 0.3333333333333333, 243: 0.1111111111111111, 244: 0.3333333333333333, 245: 0.5, 246: 0.16666666666666666, 247: 0.5625, 248: 0.35, 249: 0.7894736842105263, 250: 0.96875, 251: 1.0, 252: 0.8160919540229885, 253: 0.5263157894736842, 254: 0.5, 255: 0.23809523809523808}
Uncertainties - Mean: 1.7363590667796387, Median: 1.6999011579656584, Std: 1.2255538461160749
Punishments - Mean: 0.042431416679841495, Median: 0.031387803404926036, Std: 0.03974168368968875
Scale ratio (Uncertainty / Punishment): 40.92154348248291
