INFO:__main__: Using device: cuda
INFO:__main__: Initial configuration: len(du): 21528, len(dl): 2391 
INFO:model.alexnet: The code is running on cuda:0 
INFO:__main__: Initialize training the model on `dl` and test on `dtest`
Train Epoch: 0 [0/2391 (0%)]	Loss: 5.878326
====> Epoch: 0 Average loss: 0.2620
Train Epoch: 1 [0/2391 (0%)]	Loss: 1.671484
====> Epoch: 1 Average loss: 0.0993
Train Epoch: 2 [0/2391 (0%)]	Loss: 0.625427
====> Epoch: 2 Average loss: 0.0518
Train Epoch: 3 [0/2391 (0%)]	Loss: 0.648644
====> Epoch: 3 Average loss: 0.0306
Train Epoch: 4 [0/2391 (0%)]	Loss: 0.278556
====> Epoch: 4 Average loss: 0.0201
Train Epoch: 5 [0/2391 (0%)]	Loss: 0.292747
====> Epoch: 5 Average loss: 0.0150
Train Epoch: 6 [0/2391 (0%)]	Loss: 0.210454
====> Epoch: 6 Average loss: 0.0115
Train Epoch: 7 [0/2391 (0%)]	Loss: 0.152847
====> Epoch: 7 Average loss: 0.0096
Train Epoch: 8 [0/2391 (0%)]	Loss: 0.091110
====> Epoch: 8 Average loss: 0.0079
Train Epoch: 9 [0/2391 (0%)]	Loss: 0.080299
====> Epoch: 9 Average loss: 0.0070
INFO:__main__: Iteration: 0: run prediction on unlabeled data `du` 
====> Initial accuracy: 50.23%
====> Initial per-class accuracies: {0: 0.2631578947368421, 1: 0.5789473684210527, 2: 0.5666666666666667, 3: 0.44, 4: 0.6206896551724138, 5: 0.2222222222222222, 6: 0.23809523809523808, 7: 0.6304347826086957, 8: 0.1, 9: 0.6111111111111112, 10: 0.7818181818181819, 11: 0.7441860465116279, 12: 0.10526315789473684, 13: 0.5294117647058824, 14: 0.75, 15: 0.1111111111111111, 16: 0.6, 17: 0.35, 18: 0.2916666666666667, 19: 0.3125, 20: 0.5, 21: 0.42105263157894735, 22: 0.6818181818181818, 23: 0.45454545454545453, 24: 0.3181818181818182, 25: 0.09523809523809523, 26: 0.6, 27: 0.4090909090909091, 28: 0.25, 29: 0.05, 30: 0.4444444444444444, 31: 0.1, 32: 0.5, 33: 0.75, 34: 0.4117647058823529, 35: 0.7142857142857143, 36: 0.4583333333333333, 37: 0.2727272727272727, 38: 0.29411764705882354, 39: 0.5833333333333334, 40: 0.5882352941176471, 41: 0.11764705882352941, 42: 0.2916666666666667, 43: 0.9166666666666666, 44: 0.7058823529411765, 45: 0.38461538461538464, 46: 0.05555555555555555, 47: 0.45, 48: 0.6190476190476191, 49: 0.47368421052631576, 50: 0.2727272727272727, 51: 0.11764705882352941, 52: 0.625, 53: 0.6086956521739131, 54: 0.2631578947368421, 55: 0.25, 56: 0.7619047619047619, 57: 0.0, 58: 0.1875, 59: 0.35294117647058826, 60: 0.25, 61: 0.5, 62: 0.4166666666666667, 63: 0.6153846153846154, 64: 0.6, 65: 0.6875, 66: 0.5625, 67: 0.45454545454545453, 68: 0.15789473684210525, 69: 0.5, 70: 0.3684210526315789, 71: 0.9130434782608695, 72: 0.9, 73: 0.2608695652173913, 74: 0.75, 75: 0.5, 76: 0.7777777777777778, 77: 0.3333333333333333, 78: 0.21052631578947367, 79: 0.17391304347826086, 80: 0.6842105263157895, 81: 0.125, 82: 0.2631578947368421, 83: 0.0625, 84: 0.4090909090909091, 85: 0.625, 86: 0.05555555555555555, 87: 0.21052631578947367, 88: 0.09090909090909091, 89: 0.8095238095238095, 90: 0.7368421052631579, 91: 0.75, 92: 0.36363636363636365, 93: 0.9, 94: 0.7647058823529411, 95: 0.49122807017543857, 96: 0.47058823529411764, 97: 0.8, 98: 0.25, 99: 0.6111111111111112, 100: 0.4444444444444444, 101: 0.29411764705882354, 102: 0.45454545454545453, 103: 0.5263157894736842, 104: 0.3333333333333333, 105: 0.058823529411764705, 106: 0.35294117647058826, 107: 0.23529411764705882, 108: 0.6774193548387096, 109: 0.7058823529411765, 110: 0.125, 111: 0.0625, 112: 0.2608695652173913, 113: 0.7083333333333334, 114: 0.0, 115: 0.38095238095238093, 116: 0.625, 117: 0.9523809523809523, 118: 0.11764705882352941, 119: 0.15384615384615385, 120: 0.8125, 121: 0.15, 122: 0.9545454545454546, 123: 0.3333333333333333, 124: 0.1, 125: 0.08333333333333333, 126: 0.88, 127: 0.3333333333333333, 128: 0.9473684210526315, 129: 0.7222222222222222, 130: 0.2777777777777778, 131: 0.6578947368421053, 132: 0.6666666666666666, 133: 0.5652173913043478, 134: 0.05555555555555555, 135: 0.3888888888888889, 136: 0.9354838709677419, 137: 0.39473684210526316, 138: 0.47058823529411764, 139: 0.7647058823529411, 140: 0.43478260869565216, 141: 0.8095238095238095, 142: 0.7692307692307693, 143: 0.5, 144: 1.0, 145: 0.25, 146: 0.325, 147: 0.4117647058823529, 148: 0.05, 149: 0.5909090909090909, 150: 0.38095238095238093, 151: 0.4166666666666667, 152: 0.5555555555555556, 153: 0.6, 154: 0.16666666666666666, 155: 0.10526315789473684, 156: 0.5714285714285714, 157: 0.41379310344827586, 158: 0.4634146341463415, 159: 0.75, 160: 0.55, 161: 0.5, 162: 0.3333333333333333, 163: 0.45, 164: 0.29411764705882354, 165: 0.2777777777777778, 166: 0.0, 167: 0.6785714285714286, 168: 0.5, 169: 0.55, 170: 0.5, 171: 0.6842105263157895, 172: 0.0, 173: 0.0625, 174: 0.625, 175: 0.36363636363636365, 176: 0.8421052631578947, 177: 0.631578947368421, 178: 0.5, 179: 0.05, 180: 0.7, 181: 0.7916666666666666, 182: 0.65, 183: 0.4375, 184: 0.05, 185: 0.8125, 186: 0.3684210526315789, 187: 0.17647058823529413, 188: 0.17391304347826086, 189: 0.22727272727272727, 190: 0.22727272727272727, 191: 0.6818181818181818, 192: 0.4117647058823529, 193: 0.5, 194: 0.23529411764705882, 195: 0.4, 196: 0.15, 197: 0.4, 198: 0.38095238095238093, 199: 0.05, 200: 0.4375, 201: 0.15789473684210525, 202: 0.5555555555555556, 203: 1.0, 204: 0.23529411764705882, 205: 0.3157894736842105, 206: 0.4782608695652174, 207: 0.38095238095238093, 208: 0.35, 209: 0.3181818181818182, 210: 0.3157894736842105, 211: 0.5185185185185185, 212: 0.25, 213: 0.6296296296296297, 214: 0.5625, 215: 0.3684210526315789, 216: 0.8571428571428571, 217: 0.5, 218: 0.1875, 219: 0.3333333333333333, 220: 0.65, 221: 0.3333333333333333, 222: 0.625, 223: 0.7727272727272727, 224: 0.7777777777777778, 225: 0.3157894736842105, 226: 0.6206896551724138, 227: 0.10526315789473684, 228: 0.2631578947368421, 229: 0.7777777777777778, 230: 0.6363636363636364, 231: 0.6338028169014085, 232: 0.3, 233: 0.6666666666666666, 234: 0.6363636363636364, 235: 0.3157894736842105, 236: 0.6666666666666666, 237: 0.9473684210526315, 238: 0.625, 239: 0.75, 240: 0.42105263157894735, 241: 0.3888888888888889, 242: 0.3888888888888889, 243: 0.05555555555555555, 244: 0.5, 245: 0.3, 246: 0.2777777777777778, 247: 0.5625, 248: 0.25, 249: 0.8421052631578947, 250: 0.99375, 251: 1.0, 252: 0.9885057471264368, 253: 0.3157894736842105, 254: 0.55, 255: 0.42857142857142855}
====> Initial sd of accuracies: 0.2478
INFO:__main__: Update size of `dl`  and `du` by adding uncertain 1000 samples in `dl` len(dl): 3391, len(du) 21528
INFO:__main__: Update size of `dl`  and `du` by adding 626 hcs samples in `dl` len(dl): 4017, len(du) 21528
INFO:__main__: Iteration: 0 fine-tune the model on dh U dl
Train Epoch: 0 [0/4017 (0%)]	Loss: 1.654683
====> Epoch: 0 Average loss: 0.1123
Train Epoch: 1 [0/4017 (0%)]	Loss: 1.379832
====> Epoch: 1 Average loss: 0.0734
Train Epoch: 2 [0/4017 (0%)]	Loss: 0.526845
====> Epoch: 2 Average loss: 0.0503
Train Epoch: 3 [0/4017 (0%)]	Loss: 0.496143
====> Epoch: 3 Average loss: 0.0382
Train Epoch: 4 [0/4017 (0%)]	Loss: 0.378385
====> Epoch: 4 Average loss: 0.0298
