INFO:__main__: Using device: cuda
INFO:__main__: Initial configuration: len(du): 21527, len(dl): 2391 
INFO:model.alexnet: The code is running on cuda:0 
INFO:__main__: Initialize training the model on `dl` and test on `dtest`
Train Epoch: 0 [0/2391 (0%)]	Loss: 5.845589
====> Epoch: 0 Average loss: 0.2630
Train Epoch: 1 [0/2391 (0%)]	Loss: 1.263946
====> Epoch: 1 Average loss: 0.1003
Train Epoch: 2 [0/2391 (0%)]	Loss: 0.619074
====> Epoch: 2 Average loss: 0.0525
Train Epoch: 3 [0/2391 (0%)]	Loss: 0.748240
====> Epoch: 3 Average loss: 0.0317
Train Epoch: 4 [0/2391 (0%)]	Loss: 0.306011
====> Epoch: 4 Average loss: 0.0209
Train Epoch: 5 [0/2391 (0%)]	Loss: 0.228198
====> Epoch: 5 Average loss: 0.0147
Train Epoch: 6 [0/2391 (0%)]	Loss: 0.111187
====> Epoch: 6 Average loss: 0.0113
Train Epoch: 7 [0/2391 (0%)]	Loss: 0.166058
====> Epoch: 7 Average loss: 0.0095
Train Epoch: 8 [0/2391 (0%)]	Loss: 0.094854
====> Epoch: 8 Average loss: 0.0080
Train Epoch: 9 [0/2391 (0%)]	Loss: 0.105864
====> Epoch: 9 Average loss: 0.0067
Train Epoch: 10 [0/2391 (0%)]	Loss: 0.124346
====> Epoch: 10 Average loss: 0.0062
Train Epoch: 11 [0/2391 (0%)]	Loss: 0.095066
====> Epoch: 11 Average loss: 0.0054
Train Epoch: 12 [0/2391 (0%)]	Loss: 0.087713
====> Epoch: 12 Average loss: 0.0047
Train Epoch: 13 [0/2391 (0%)]	Loss: 0.084510
====> Epoch: 13 Average loss: 0.0045
Train Epoch: 14 [0/2391 (0%)]	Loss: 0.089305
====> Epoch: 14 Average loss: 0.0039
INFO:__main__: Iteration: 0: run prediction on unlabeled data `du` 
====> Initial accuracy: 51.19%
====> Initial per-class accuracies: {0: 0.2631578947368421, 1: 0.631578947368421, 2: 0.7333333333333333, 3: 0.36, 4: 0.5862068965517241, 5: 0.05555555555555555, 6: 0.19047619047619047, 7: 0.6521739130434783, 8: 0.15, 9: 0.6111111111111112, 10: 0.8, 11: 0.8837209302325582, 12: 0.10526315789473684, 13: 0.23529411764705882, 14: 0.8333333333333334, 15: 0.2222222222222222, 16: 0.25, 17: 0.25, 18: 0.375, 19: 0.75, 20: 0.75, 21: 0.2631578947368421, 22: 0.3181818181818182, 23: 0.6818181818181818, 24: 0.45454545454545453, 25: 0.0, 26: 0.65, 27: 0.5, 28: 0.4, 29: 0.0, 30: 0.4444444444444444, 31: 0.65, 32: 0.65, 33: 0.65, 34: 0.23529411764705882, 35: 0.5714285714285714, 36: 0.5416666666666666, 37: 0.13636363636363635, 38: 0.0, 39: 0.375, 40: 0.5294117647058824, 41: 0.058823529411764705, 42: 0.25, 43: 0.7083333333333334, 44: 0.4117647058823529, 45: 0.38461538461538464, 46: 0.05555555555555555, 47: 0.65, 48: 0.38095238095238093, 49: 0.47368421052631576, 50: 0.18181818181818182, 51: 0.058823529411764705, 52: 0.75, 53: 0.6086956521739131, 54: 0.3684210526315789, 55: 0.2, 56: 0.8095238095238095, 57: 0.0, 58: 0.25, 59: 0.35294117647058826, 60: 0.4, 61: 0.75, 62: 0.3333333333333333, 63: 0.6923076923076923, 64: 0.7, 65: 0.4375, 66: 0.75, 67: 0.3181818181818182, 68: 0.21052631578947367, 69: 0.375, 70: 0.42105263157894735, 71: 0.9565217391304348, 72: 0.75, 73: 0.2608695652173913, 74: 0.375, 75: 0.3125, 76: 1.0, 77: 0.3888888888888889, 78: 0.10526315789473684, 79: 0.2608695652173913, 80: 0.631578947368421, 81: 0.4375, 82: 0.3157894736842105, 83: 0.0625, 84: 0.45454545454545453, 85: 0.6875, 86: 0.05555555555555555, 87: 0.2631578947368421, 88: 0.045454545454545456, 89: 0.8095238095238095, 90: 0.631578947368421, 91: 0.675, 92: 0.45454545454545453, 93: 0.85, 94: 0.5882352941176471, 95: 0.5964912280701754, 96: 0.4117647058823529, 97: 0.7, 98: 0.375, 99: 0.5, 100: 0.48148148148148145, 101: 0.4117647058823529, 102: 0.13636363636363635, 103: 0.8421052631578947, 104: 0.4074074074074074, 105: 0.29411764705882354, 106: 0.5294117647058824, 107: 0.11764705882352941, 108: 0.7419354838709677, 109: 0.7058823529411765, 110: 0.1875, 111: 0.4375, 112: 0.2608695652173913, 113: 0.8333333333333334, 114: 0.17647058823529413, 115: 0.23809523809523808, 116: 0.5416666666666666, 117: 0.7142857142857143, 118: 0.058823529411764705, 119: 0.2692307692307692, 120: 1.0, 121: 0.15, 122: 0.9545454545454546, 123: 0.2222222222222222, 124: 0.15, 125: 0.20833333333333334, 126: 0.6, 127: 0.14285714285714285, 128: 1.0, 129: 0.7222222222222222, 130: 0.5, 131: 0.7631578947368421, 132: 0.7777777777777778, 133: 0.5217391304347826, 134: 0.05555555555555555, 135: 0.3888888888888889, 136: 0.8064516129032258, 137: 0.47368421052631576, 138: 0.35294117647058826, 139: 0.7058823529411765, 140: 0.5652173913043478, 141: 0.6190476190476191, 142: 0.3076923076923077, 143: 0.1875, 144: 1.0, 145: 0.3125, 146: 0.3, 147: 0.47058823529411764, 148: 0.3, 149: 0.45454545454545453, 150: 0.38095238095238093, 151: 0.6666666666666666, 152: 0.6666666666666666, 153: 0.7, 154: 0.1111111111111111, 155: 0.631578947368421, 156: 0.5714285714285714, 157: 0.4827586206896552, 158: 0.6097560975609756, 159: 0.8125, 160: 0.75, 161: 0.4444444444444444, 162: 0.2222222222222222, 163: 0.45, 164: 0.29411764705882354, 165: 0.2222222222222222, 166: 0.11764705882352941, 167: 0.6428571428571429, 168: 0.2222222222222222, 169: 0.75, 170: 0.4375, 171: 0.47368421052631576, 172: 0.0, 173: 0.25, 174: 0.5, 175: 0.5, 176: 0.8421052631578947, 177: 0.7894736842105263, 178: 0.375, 179: 0.2, 180: 0.55, 181: 0.8333333333333334, 182: 0.6, 183: 0.4375, 184: 0.15, 185: 0.875, 186: 0.21052631578947367, 187: 0.23529411764705882, 188: 0.391304347826087, 189: 0.22727272727272727, 190: 0.2727272727272727, 191: 0.6363636363636364, 192: 0.23529411764705882, 193: 0.5, 194: 0.058823529411764705, 195: 0.5, 196: 0.25, 197: 0.3333333333333333, 198: 0.19047619047619047, 199: 0.05, 200: 0.625, 201: 0.21052631578947367, 202: 0.4444444444444444, 203: 0.9375, 204: 0.35294117647058826, 205: 0.42105263157894735, 206: 0.6086956521739131, 207: 0.7619047619047619, 208: 0.1, 209: 0.13636363636363635, 210: 0.3684210526315789, 211: 0.4444444444444444, 212: 0.55, 213: 0.5555555555555556, 214: 0.6875, 215: 0.7368421052631579, 216: 0.8095238095238095, 217: 0.4375, 218: 0.0625, 219: 0.4444444444444444, 220: 0.75, 221: 0.5555555555555556, 222: 0.4375, 223: 0.6818181818181818, 224: 0.6666666666666666, 225: 0.3157894736842105, 226: 0.8620689655172413, 227: 0.3157894736842105, 228: 0.47368421052631576, 229: 0.7777777777777778, 230: 0.7272727272727273, 231: 0.7887323943661971, 232: 0.35, 233: 0.4583333333333333, 234: 0.6363636363636364, 235: 0.3157894736842105, 236: 0.5, 237: 0.7894736842105263, 238: 0.375, 239: 0.775, 240: 0.3157894736842105, 241: 0.3888888888888889, 242: 0.16666666666666666, 243: 0.0, 244: 0.3333333333333333, 245: 0.55, 246: 0.3333333333333333, 247: 0.375, 248: 0.0, 249: 0.9473684210526315, 250: 0.99375, 251: 1.0, 252: 1.0, 253: 0.47368421052631576, 254: 0.5, 255: 0.47619047619047616}
====> Initial sd of accuracies: 0.2523
