INFO:__main__: Using device: cuda
INFO:__main__: Initial configuration: len(du): 21527, len(dl): 2391 
INFO:model.alexnet: The code is running on cuda:0 
INFO:__main__: Initialize training the model on `dl` and test on `dtest`
Train Epoch: 0 [0/2391 (0%)]	Loss: 6.174940
====> Epoch: 0 Average loss: 0.2617
Train Epoch: 1 [0/2391 (0%)]	Loss: 1.878357
====> Epoch: 1 Average loss: 0.1019
Train Epoch: 2 [0/2391 (0%)]	Loss: 0.960331
====> Epoch: 2 Average loss: 0.0514
Train Epoch: 3 [0/2391 (0%)]	Loss: 0.478509
====> Epoch: 3 Average loss: 0.0318
Train Epoch: 4 [0/2391 (0%)]	Loss: 0.318883
====> Epoch: 4 Average loss: 0.0205
Train Epoch: 5 [0/2391 (0%)]	Loss: 0.352134
====> Epoch: 5 Average loss: 0.0149
Train Epoch: 6 [0/2391 (0%)]	Loss: 0.164399
====> Epoch: 6 Average loss: 0.0114
Train Epoch: 7 [0/2391 (0%)]	Loss: 0.121216
====> Epoch: 7 Average loss: 0.0092
Train Epoch: 8 [0/2391 (0%)]	Loss: 0.135498
====> Epoch: 8 Average loss: 0.0077
Train Epoch: 9 [0/2391 (0%)]	Loss: 0.111171
====> Epoch: 9 Average loss: 0.0071
Train Epoch: 10 [0/2391 (0%)]	Loss: 0.056900
====> Epoch: 10 Average loss: 0.0062
Train Epoch: 11 [0/2391 (0%)]	Loss: 0.112247
====> Epoch: 11 Average loss: 0.0056
Train Epoch: 12 [0/2391 (0%)]	Loss: 0.066187
====> Epoch: 12 Average loss: 0.0051
Train Epoch: 13 [0/2391 (0%)]	Loss: 0.106710
====> Epoch: 13 Average loss: 0.0045
Train Epoch: 14 [0/2391 (0%)]	Loss: 0.059179
====> Epoch: 14 Average loss: 0.0045
INFO:__main__: Iteration: 0: run prediction on unlabeled data `du` 
====> Initial accuracy: 51.74%
====> Initial per-class accuracies: {0: 0.3157894736842105, 1: 0.631578947368421, 2: 0.6333333333333333, 3: 0.16, 4: 0.5517241379310345, 5: 0.16666666666666666, 6: 0.19047619047619047, 7: 0.6521739130434783, 8: 0.1, 9: 0.6666666666666666, 10: 0.8, 11: 0.8372093023255814, 12: 0.05263157894736842, 13: 0.11764705882352941, 14: 0.9583333333333334, 15: 0.1111111111111111, 16: 0.25, 17: 0.2, 18: 0.5, 19: 0.6875, 20: 0.6428571428571429, 21: 0.42105263157894735, 22: 0.5909090909090909, 23: 0.6818181818181818, 24: 0.45454545454545453, 25: 0.0, 26: 0.65, 27: 0.5, 28: 0.35, 29: 0.0, 30: 0.5, 31: 0.55, 32: 0.8, 33: 0.55, 34: 0.17647058823529413, 35: 0.47619047619047616, 36: 0.5416666666666666, 37: 0.13636363636363635, 38: 0.0, 39: 0.4583333333333333, 40: 0.35294117647058826, 41: 0.11764705882352941, 42: 0.25, 43: 0.75, 44: 0.4117647058823529, 45: 0.34615384615384615, 46: 0.05555555555555555, 47: 0.5, 48: 0.42857142857142855, 49: 0.5263157894736842, 50: 0.22727272727272727, 51: 0.17647058823529413, 52: 0.75, 53: 0.6086956521739131, 54: 0.2631578947368421, 55: 0.2, 56: 0.8095238095238095, 57: 0.0, 58: 0.25, 59: 0.47058823529411764, 60: 0.3, 61: 0.75, 62: 0.3333333333333333, 63: 0.7307692307692307, 64: 0.65, 65: 0.625, 66: 0.75, 67: 0.5, 68: 0.05263157894736842, 69: 0.4375, 70: 0.47368421052631576, 71: 0.9565217391304348, 72: 0.75, 73: 0.34782608695652173, 74: 0.4375, 75: 0.3125, 76: 1.0, 77: 0.16666666666666666, 78: 0.3684210526315789, 79: 0.21739130434782608, 80: 0.6842105263157895, 81: 0.4375, 82: 0.2631578947368421, 83: 0.125, 84: 0.4090909090909091, 85: 0.875, 86: 0.1111111111111111, 87: 0.21052631578947367, 88: 0.045454545454545456, 89: 0.8333333333333334, 90: 0.631578947368421, 91: 0.725, 92: 0.4090909090909091, 93: 0.85, 94: 0.47058823529411764, 95: 0.43859649122807015, 96: 0.5294117647058824, 97: 0.7, 98: 0.5, 99: 0.6111111111111112, 100: 0.5555555555555556, 101: 0.47058823529411764, 102: 0.36363636363636365, 103: 0.9473684210526315, 104: 0.35185185185185186, 105: 0.29411764705882354, 106: 0.5294117647058824, 107: 0.11764705882352941, 108: 0.7741935483870968, 109: 0.5294117647058824, 110: 0.1875, 111: 0.3125, 112: 0.43478260869565216, 113: 0.8333333333333334, 114: 0.11764705882352941, 115: 0.23809523809523808, 116: 0.5, 117: 0.7619047619047619, 118: 0.058823529411764705, 119: 0.34615384615384615, 120: 0.9375, 121: 0.2, 122: 0.9545454545454546, 123: 0.1111111111111111, 124: 0.2, 125: 0.3125, 126: 0.52, 127: 0.2857142857142857, 128: 1.0, 129: 0.6111111111111112, 130: 0.5555555555555556, 131: 0.8157894736842105, 132: 0.7777777777777778, 133: 0.6521739130434783, 134: 0.0, 135: 0.3333333333333333, 136: 0.8387096774193549, 137: 0.5, 138: 0.29411764705882354, 139: 0.8823529411764706, 140: 0.5217391304347826, 141: 0.7142857142857143, 142: 0.46153846153846156, 143: 0.4375, 144: 1.0, 145: 0.4375, 146: 0.225, 147: 0.4411764705882353, 148: 0.3, 149: 0.5, 150: 0.19047619047619047, 151: 0.625, 152: 0.7222222222222222, 153: 0.7, 154: 0.16666666666666666, 155: 0.6842105263157895, 156: 0.5714285714285714, 157: 0.4827586206896552, 158: 0.6341463414634146, 159: 0.5, 160: 0.6, 161: 0.5, 162: 0.16666666666666666, 163: 0.4, 164: 0.29411764705882354, 165: 0.16666666666666666, 166: 0.11764705882352941, 167: 0.8214285714285714, 168: 0.3333333333333333, 169: 0.6, 170: 0.5, 171: 0.47368421052631576, 172: 0.0, 173: 0.375, 174: 0.5625, 175: 0.45454545454545453, 176: 0.7368421052631579, 177: 0.7368421052631579, 178: 0.5625, 179: 0.2, 180: 0.5, 181: 0.8333333333333334, 182: 0.8, 183: 0.4375, 184: 0.1, 185: 0.8125, 186: 0.21052631578947367, 187: 0.29411764705882354, 188: 0.391304347826087, 189: 0.36363636363636365, 190: 0.2727272727272727, 191: 0.5909090909090909, 192: 0.29411764705882354, 193: 0.36363636363636365, 194: 0.058823529411764705, 195: 0.4, 196: 0.25, 197: 0.2857142857142857, 198: 0.3333333333333333, 199: 0.05, 200: 0.625, 201: 0.3684210526315789, 202: 0.5, 203: 0.9375, 204: 0.29411764705882354, 205: 0.42105263157894735, 206: 0.5652173913043478, 207: 0.6666666666666666, 208: 0.05, 209: 0.3181818181818182, 210: 0.3684210526315789, 211: 0.48148148148148145, 212: 0.5, 213: 0.5925925925925926, 214: 0.8125, 215: 0.6842105263157895, 216: 0.7142857142857143, 217: 0.5625, 218: 0.0, 219: 0.3888888888888889, 220: 0.95, 221: 0.5555555555555556, 222: 0.375, 223: 0.5909090909090909, 224: 0.6111111111111112, 225: 0.3157894736842105, 226: 0.896551724137931, 227: 0.21052631578947367, 228: 0.3684210526315789, 229: 0.7777777777777778, 230: 0.6818181818181818, 231: 0.7464788732394366, 232: 0.35, 233: 0.4583333333333333, 234: 0.6363636363636364, 235: 0.42105263157894735, 236: 0.5, 237: 0.8421052631578947, 238: 0.4375, 239: 0.825, 240: 0.2631578947368421, 241: 0.3333333333333333, 242: 0.2222222222222222, 243: 0.0, 244: 0.3333333333333333, 245: 0.65, 246: 0.4444444444444444, 247: 0.4375, 248: 0.0, 249: 0.9473684210526315, 250: 1.0, 251: 1.0, 252: 1.0, 253: 0.47368421052631576, 254: 0.35, 255: 0.47619047619047616}
====> Initial sd of accuracies: 0.2530
INFO:__main__: Update size of `dl`  and `du` by adding uncertain 1000 samples in `dl` len(dl): 3391, len(du) 21527
INFO:__main__: Update size of `dl`  and `du` by adding 755 hcs samples in `dl` len(dl): 4146, len(du) 21527
INFO:__main__: Iteration: 0 fine-tune the model on dh U dl
Train Epoch: 0 [0/4146 (0%)]	Loss: 2.379983
====> Epoch: 0 Average loss: 0.1230
Train Epoch: 1 [0/4146 (0%)]	Loss: 1.105235
====> Epoch: 1 Average loss: 0.0737
Train Epoch: 2 [0/4146 (0%)]	Loss: 0.559552
====> Epoch: 2 Average loss: 0.0528
Train Epoch: 3 [0/4146 (0%)]	Loss: 0.526595
====> Epoch: 3 Average loss: 0.0387
Train Epoch: 4 [0/4146 (0%)]	Loss: 0.401295
====> Epoch: 4 Average loss: 0.0309
Train Epoch: 5 [0/4146 (0%)]	Loss: 0.500697
====> Epoch: 5 Average loss: 0.0260
Train Epoch: 6 [0/4146 (0%)]	Loss: 0.145953
====> Epoch: 6 Average loss: 0.0223
Train Epoch: 7 [0/4146 (0%)]	Loss: 0.186437
====> Epoch: 7 Average loss: 0.0197
Train Epoch: 8 [0/4146 (0%)]	Loss: 0.105258
====> Epoch: 8 Average loss: 0.0173
Train Epoch: 9 [0/4146 (0%)]	Loss: 0.221635
====> Epoch: 9 Average loss: 0.0150
Train Epoch: 10 [0/4146 (0%)]	Loss: 0.069013
====> Epoch: 10 Average loss: 0.0142
Train Epoch: 11 [0/4146 (0%)]	Loss: 0.140859
====> Epoch: 11 Average loss: 0.0135
Train Epoch: 12 [0/4146 (0%)]	Loss: 0.085406
====> Epoch: 12 Average loss: 0.0121
Train Epoch: 13 [0/4146 (0%)]	Loss: 0.078440
====> Epoch: 13 Average loss: 0.0122
Train Epoch: 14 [0/4146 (0%)]	Loss: 0.205844
====> Epoch: 14 Average loss: 0.0115
INFO:__main__: Iteration: 1: run prediction on unlabeled data `du` 
Iteration: 0, len(dl): 4146, len(du): 19772, len(dh) 755
acc: 0.4515523712043671, sd of accuracies: 0.21944981086638923, per-class accuracies: {0: 0.3157894736842105, 1: 0.5263157894736842, 2: 0.6333333333333333, 3: 0.08, 4: 0.4482758620689655, 5: 0.1111111111111111, 6: 0.047619047619047616, 7: 0.41304347826086957, 8: 0.2, 9: 0.5, 10: 0.7090909090909091, 11: 0.5348837209302325, 12: 0.2631578947368421, 13: 0.47058823529411764, 14: 0.9166666666666666, 15: 0.2777777777777778, 16: 0.25, 17: 0.25, 18: 0.5, 19: 0.4375, 20: 0.75, 21: 0.3684210526315789, 22: 0.2727272727272727, 23: 0.5, 24: 0.4090909090909091, 25: 0.0, 26: 0.35, 27: 0.36363636363636365, 28: 0.15, 29: 0.05, 30: 0.3333333333333333, 31: 0.8, 32: 0.35, 33: 0.6, 34: 0.23529411764705882, 35: 0.3333333333333333, 36: 0.5416666666666666, 37: 0.3181818181818182, 38: 0.17647058823529413, 39: 0.25, 40: 0.47058823529411764, 41: 0.058823529411764705, 42: 0.4166666666666667, 43: 0.5833333333333334, 44: 0.4117647058823529, 45: 0.34615384615384615, 46: 0.2777777777777778, 47: 0.4, 48: 0.19047619047619047, 49: 0.42105263157894735, 50: 0.13636363636363635, 51: 0.11764705882352941, 52: 0.6875, 53: 0.2608695652173913, 54: 0.3157894736842105, 55: 0.2, 56: 0.6190476190476191, 57: 0.1111111111111111, 58: 0.0625, 59: 0.23529411764705882, 60: 0.25, 61: 0.5, 62: 0.2916666666666667, 63: 0.5, 64: 0.7, 65: 0.375, 66: 0.6875, 67: 0.36363636363636365, 68: 0.0, 69: 0.25, 70: 0.2631578947368421, 71: 0.7391304347826086, 72: 0.65, 73: 0.21739130434782608, 74: 0.25, 75: 0.3125, 76: 1.0, 77: 0.2777777777777778, 78: 0.15789473684210525, 79: 0.21739130434782608, 80: 0.47368421052631576, 81: 0.625, 82: 0.3684210526315789, 83: 0.25, 84: 0.5, 85: 0.625, 86: 0.2222222222222222, 87: 0.21052631578947367, 88: 0.45454545454545453, 89: 0.5476190476190477, 90: 0.5789473684210527, 91: 0.65, 92: 0.36363636363636365, 93: 0.85, 94: 0.29411764705882354, 95: 0.47368421052631576, 96: 0.35294117647058826, 97: 0.55, 98: 0.4375, 99: 0.3333333333333333, 100: 0.6666666666666666, 101: 0.17647058823529413, 102: 0.3181818181818182, 103: 0.8421052631578947, 104: 0.42592592592592593, 105: 0.4117647058823529, 106: 0.6470588235294118, 107: 0.0, 108: 0.6129032258064516, 109: 0.23529411764705882, 110: 0.25, 111: 0.3125, 112: 0.34782608695652173, 113: 0.6666666666666666, 114: 0.35294117647058826, 115: 0.19047619047619047, 116: 0.5, 117: 0.5714285714285714, 118: 0.0, 119: 0.15384615384615385, 120: 0.875, 121: 0.15, 122: 0.9090909090909091, 123: 0.5, 124: 0.05, 125: 0.2708333333333333, 126: 0.24, 127: 0.23809523809523808, 128: 0.9210526315789473, 129: 0.6111111111111112, 130: 0.3333333333333333, 131: 0.7105263157894737, 132: 0.7777777777777778, 133: 0.4782608695652174, 134: 0.0, 135: 0.3888888888888889, 136: 0.5806451612903226, 137: 0.39473684210526316, 138: 0.4117647058823529, 139: 0.7058823529411765, 140: 0.30434782608695654, 141: 0.47619047619047616, 142: 0.4230769230769231, 143: 0.4375, 144: 0.8742138364779874, 145: 0.375, 146: 0.25, 147: 0.29411764705882354, 148: 0.3, 149: 0.3181818181818182, 150: 0.2857142857142857, 151: 0.75, 152: 0.4444444444444444, 153: 0.6, 154: 0.16666666666666666, 155: 0.631578947368421, 156: 0.5238095238095238, 157: 0.4482758620689655, 158: 0.43902439024390244, 159: 0.6875, 160: 0.55, 161: 0.3333333333333333, 162: 0.2222222222222222, 163: 0.35, 164: 0.17647058823529413, 165: 0.16666666666666666, 166: 0.17647058823529413, 167: 0.75, 168: 0.16666666666666666, 169: 0.55, 170: 0.4375, 171: 0.3684210526315789, 172: 0.0, 173: 0.4375, 174: 0.3125, 175: 0.4090909090909091, 176: 0.631578947368421, 177: 0.7368421052631579, 178: 0.375, 179: 0.35, 180: 0.55, 181: 0.7916666666666666, 182: 0.7, 183: 0.5, 184: 0.05, 185: 0.8125, 186: 0.3157894736842105, 187: 0.23529411764705882, 188: 0.30434782608695654, 189: 0.3181818181818182, 190: 0.13636363636363635, 191: 0.5909090909090909, 192: 0.23529411764705882, 193: 0.22727272727272727, 194: 0.0, 195: 0.25, 196: 0.3, 197: 0.2857142857142857, 198: 0.047619047619047616, 199: 0.2, 200: 0.4375, 201: 0.42105263157894735, 202: 0.4444444444444444, 203: 0.8125, 204: 0.23529411764705882, 205: 0.3684210526315789, 206: 0.2608695652173913, 207: 0.7619047619047619, 208: 0.2, 209: 0.18181818181818182, 210: 0.2631578947368421, 211: 0.5185185185185185, 212: 0.4, 213: 0.5185185185185185, 214: 0.5625, 215: 0.5789473684210527, 216: 0.6190476190476191, 217: 0.625, 218: 0.3125, 219: 0.5, 220: 0.6, 221: 0.2777777777777778, 222: 0.3125, 223: 0.6818181818181818, 224: 0.7777777777777778, 225: 0.3684210526315789, 226: 0.7586206896551724, 227: 0.15789473684210525, 228: 0.2631578947368421, 229: 0.6111111111111112, 230: 0.5, 231: 0.6619718309859155, 232: 0.3, 233: 0.5, 234: 0.5454545454545454, 235: 0.42105263157894735, 236: 0.5, 237: 0.5263157894736842, 238: 0.3125, 239: 0.425, 240: 0.2631578947368421, 241: 0.2777777777777778, 242: 0.2222222222222222, 243: 0.2222222222222222, 244: 0.1111111111111111, 245: 0.3, 246: 0.3333333333333333, 247: 0.4375, 248: 0.1, 249: 0.8947368421052632, 250: 0.9125, 251: 1.0, 252: 0.9425287356321839, 253: 0.3684210526315789, 254: 0.3, 255: 0.6666666666666666}
INFO:__main__: Update size of `dl`  and `du` by adding uncertain 1000 samples in `dl` len(dl): 5146, len(du) 19772
INFO:__main__: Update size of `dl`  and `du` by adding 218 hcs samples in `dl` len(dl): 5364, len(du) 19772
INFO:__main__: Iteration: 1 fine-tune the model on dh U dl
Train Epoch: 0 [0/5364 (0%)]	Loss: 1.082249
Train Epoch: 0 [4800/5364 (89%)]	Loss: 0.905114
====> Epoch: 0 Average loss: 0.0701
Train Epoch: 1 [0/5364 (0%)]	Loss: 1.434860
Train Epoch: 1 [4800/5364 (89%)]	Loss: 0.779552
====> Epoch: 1 Average loss: 0.0485
Train Epoch: 2 [0/5364 (0%)]	Loss: 1.107073
Train Epoch: 2 [4800/5364 (89%)]	Loss: 0.352300
====> Epoch: 2 Average loss: 0.0353
Train Epoch: 3 [0/5364 (0%)]	Loss: 0.534696
Train Epoch: 3 [4800/5364 (89%)]	Loss: 0.228044
====> Epoch: 3 Average loss: 0.0270
Train Epoch: 4 [0/5364 (0%)]	Loss: 0.078964
Train Epoch: 4 [4800/5364 (89%)]	Loss: 0.407059
====> Epoch: 4 Average loss: 0.0230
Train Epoch: 5 [0/5364 (0%)]	Loss: 0.157461
Train Epoch: 5 [4800/5364 (89%)]	Loss: 0.651972
====> Epoch: 5 Average loss: 0.0186
Train Epoch: 6 [0/5364 (0%)]	Loss: 0.193608
Train Epoch: 6 [4800/5364 (89%)]	Loss: 0.243493
====> Epoch: 6 Average loss: 0.0167
Train Epoch: 7 [0/5364 (0%)]	Loss: 0.114832
Train Epoch: 7 [4800/5364 (89%)]	Loss: 0.433757
====> Epoch: 7 Average loss: 0.0154
Train Epoch: 8 [0/5364 (0%)]	Loss: 0.049763
Train Epoch: 8 [4800/5364 (89%)]	Loss: 0.176085
====> Epoch: 8 Average loss: 0.0141
Train Epoch: 9 [0/5364 (0%)]	Loss: 0.201145
Train Epoch: 9 [4800/5364 (89%)]	Loss: 0.324121
====> Epoch: 9 Average loss: 0.0135
Train Epoch: 10 [0/5364 (0%)]	Loss: 0.047071
Train Epoch: 10 [4800/5364 (89%)]	Loss: 0.234089
====> Epoch: 10 Average loss: 0.0121
Train Epoch: 11 [0/5364 (0%)]	Loss: 0.379608
Train Epoch: 11 [4800/5364 (89%)]	Loss: 0.112991
====> Epoch: 11 Average loss: 0.0129
Train Epoch: 12 [0/5364 (0%)]	Loss: 0.067631
Train Epoch: 12 [4800/5364 (89%)]	Loss: 0.090781
====> Epoch: 12 Average loss: 0.0107
Train Epoch: 13 [0/5364 (0%)]	Loss: 0.069536
Train Epoch: 13 [4800/5364 (89%)]	Loss: 0.101728
====> Epoch: 13 Average loss: 0.0108
Train Epoch: 14 [0/5364 (0%)]	Loss: 0.083249
Train Epoch: 14 [4800/5364 (89%)]	Loss: 0.323663
====> Epoch: 14 Average loss: 0.0102
INFO:__main__: Iteration: 2: run prediction on unlabeled data `du` 
Iteration: 1, len(dl): 5364, len(du): 18554, len(dh) 218
acc: 0.48430569771409077, sd of accuracies: 0.2154218149389866, per-class accuracies: {0: 0.3684210526315789, 1: 0.5263157894736842, 2: 0.7, 3: 0.12, 4: 0.5517241379310345, 5: 0.16666666666666666, 6: 0.09523809523809523, 7: 0.5, 8: 0.15, 9: 0.6111111111111112, 10: 0.7454545454545455, 11: 0.5116279069767442, 12: 0.3157894736842105, 13: 0.35294117647058826, 14: 1.0, 15: 0.4444444444444444, 16: 0.2, 17: 0.25, 18: 0.5, 19: 0.75, 20: 0.7142857142857143, 21: 0.7368421052631579, 22: 0.22727272727272727, 23: 0.3181818181818182, 24: 0.36363636363636365, 25: 0.23809523809523808, 26: 0.55, 27: 0.3181818181818182, 28: 0.25, 29: 0.25, 30: 0.4444444444444444, 31: 0.75, 32: 0.6, 33: 0.5, 34: 0.47058823529411764, 35: 0.38095238095238093, 36: 0.5416666666666666, 37: 0.3181818181818182, 38: 0.17647058823529413, 39: 0.25, 40: 0.7058823529411765, 41: 0.11764705882352941, 42: 0.20833333333333334, 43: 0.5833333333333334, 44: 0.5882352941176471, 45: 0.38461538461538464, 46: 0.5, 47: 0.4, 48: 0.3333333333333333, 49: 0.3157894736842105, 50: 0.18181818181818182, 51: 0.17647058823529413, 52: 0.6875, 53: 0.391304347826087, 54: 0.3157894736842105, 55: 0.35, 56: 0.6190476190476191, 57: 0.1111111111111111, 58: 0.125, 59: 0.17647058823529413, 60: 0.25, 61: 0.6875, 62: 0.3333333333333333, 63: 0.34615384615384615, 64: 0.65, 65: 0.0625, 66: 0.625, 67: 0.22727272727272727, 68: 0.0, 69: 0.1875, 70: 0.3684210526315789, 71: 0.6521739130434783, 72: 0.75, 73: 0.21739130434782608, 74: 0.4375, 75: 0.3125, 76: 1.0, 77: 0.6111111111111112, 78: 0.3684210526315789, 79: 0.2608695652173913, 80: 0.5263157894736842, 81: 0.5, 82: 0.5789473684210527, 83: 0.25, 84: 0.45454545454545453, 85: 0.625, 86: 0.3333333333333333, 87: 0.21052631578947367, 88: 0.2727272727272727, 89: 0.7619047619047619, 90: 0.631578947368421, 91: 0.725, 92: 0.5454545454545454, 93: 0.8, 94: 0.5294117647058824, 95: 0.43859649122807015, 96: 0.29411764705882354, 97: 0.5, 98: 0.4375, 99: 0.5555555555555556, 100: 0.6296296296296297, 101: 0.4117647058823529, 102: 0.2727272727272727, 103: 0.8421052631578947, 104: 0.42592592592592593, 105: 0.4117647058823529, 106: 0.47058823529411764, 107: 0.058823529411764705, 108: 0.6129032258064516, 109: 0.11764705882352941, 110: 0.375, 111: 0.25, 112: 0.43478260869565216, 113: 0.6666666666666666, 114: 0.47058823529411764, 115: 0.14285714285714285, 116: 0.5833333333333334, 117: 0.5714285714285714, 118: 0.058823529411764705, 119: 0.34615384615384615, 120: 0.8125, 121: 0.15, 122: 0.7272727272727273, 123: 0.4444444444444444, 124: 0.05, 125: 0.2708333333333333, 126: 0.52, 127: 0.2857142857142857, 128: 0.8947368421052632, 129: 0.3888888888888889, 130: 0.4444444444444444, 131: 0.5789473684210527, 132: 0.7037037037037037, 133: 0.5652173913043478, 134: 0.05555555555555555, 135: 0.3888888888888889, 136: 0.6129032258064516, 137: 0.5, 138: 0.29411764705882354, 139: 0.5882352941176471, 140: 0.34782608695652173, 141: 0.47619047619047616, 142: 0.6923076923076923, 143: 0.3125, 144: 0.949685534591195, 145: 0.4375, 146: 0.275, 147: 0.2647058823529412, 148: 0.35, 149: 0.5, 150: 0.47619047619047616, 151: 0.75, 152: 0.3888888888888889, 153: 0.75, 154: 0.1111111111111111, 155: 0.6842105263157895, 156: 0.42857142857142855, 157: 0.4827586206896552, 158: 0.5609756097560976, 159: 0.625, 160: 0.55, 161: 0.4444444444444444, 162: 0.1111111111111111, 163: 0.5, 164: 0.29411764705882354, 165: 0.3888888888888889, 166: 0.23529411764705882, 167: 0.6785714285714286, 168: 0.4444444444444444, 169: 0.55, 170: 0.3125, 171: 0.3684210526315789, 172: 0.047619047619047616, 173: 0.375, 174: 0.625, 175: 0.3181818181818182, 176: 0.5789473684210527, 177: 0.8947368421052632, 178: 0.5, 179: 0.2, 180: 0.55, 181: 0.75, 182: 0.55, 183: 0.375, 184: 0.0, 185: 0.875, 186: 0.2631578947368421, 187: 0.35294117647058826, 188: 0.4782608695652174, 189: 0.4090909090909091, 190: 0.22727272727272727, 191: 0.6363636363636364, 192: 0.17647058823529413, 193: 0.3181818181818182, 194: 0.0, 195: 0.2, 196: 0.2, 197: 0.38095238095238093, 198: 0.09523809523809523, 199: 0.4, 200: 0.5625, 201: 0.631578947368421, 202: 0.3333333333333333, 203: 0.875, 204: 0.29411764705882354, 205: 0.2631578947368421, 206: 0.391304347826087, 207: 0.5714285714285714, 208: 0.15, 209: 0.13636363636363635, 210: 0.47368421052631576, 211: 0.5925925925925926, 212: 0.5, 213: 0.5555555555555556, 214: 0.6875, 215: 0.47368421052631576, 216: 0.5238095238095238, 217: 0.625, 218: 0.375, 219: 0.5555555555555556, 220: 0.55, 221: 0.4444444444444444, 222: 0.125, 223: 0.5909090909090909, 224: 0.8333333333333334, 225: 0.3684210526315789, 226: 0.7931034482758621, 227: 0.2631578947368421, 228: 0.3157894736842105, 229: 0.8333333333333334, 230: 0.5454545454545454, 231: 0.647887323943662, 232: 0.3, 233: 0.375, 234: 0.5909090909090909, 235: 0.5789473684210527, 236: 0.5555555555555556, 237: 0.5263157894736842, 238: 0.375, 239: 0.5, 240: 0.42105263157894735, 241: 0.3333333333333333, 242: 0.3333333333333333, 243: 0.1111111111111111, 244: 0.2222222222222222, 245: 0.45, 246: 0.3888888888888889, 247: 0.4375, 248: 0.15, 249: 0.8947368421052632, 250: 0.98125, 251: 0.9565217391304348, 252: 0.896551724137931, 253: 0.5263157894736842, 254: 0.3, 255: 0.6666666666666666}
INFO:__main__: Update size of `dl`  and `du` by adding uncertain 1000 samples in `dl` len(dl): 6364, len(du) 18554
INFO:__main__: Update size of `dl`  and `du` by adding 297 hcs samples in `dl` len(dl): 6661, len(du) 18554
INFO:__main__: Iteration: 2 fine-tune the model on dh U dl
Train Epoch: 0 [0/6661 (0%)]	Loss: 0.353300
Train Epoch: 0 [4800/6661 (72%)]	Loss: 0.966918
====> Epoch: 0 Average loss: 0.0631
Train Epoch: 1 [0/6661 (0%)]	Loss: 0.138961
Train Epoch: 1 [4800/6661 (72%)]	Loss: 0.938852
====> Epoch: 1 Average loss: 0.0463
Train Epoch: 2 [0/6661 (0%)]	Loss: 0.207596
Train Epoch: 2 [4800/6661 (72%)]	Loss: 0.794121
====> Epoch: 2 Average loss: 0.0344
Train Epoch: 3 [0/6661 (0%)]	Loss: 0.822952
Train Epoch: 3 [4800/6661 (72%)]	Loss: 0.231547
====> Epoch: 3 Average loss: 0.0264
Train Epoch: 4 [0/6661 (0%)]	Loss: 0.514728
Train Epoch: 4 [4800/6661 (72%)]	Loss: 0.209688
====> Epoch: 4 Average loss: 0.0224
Train Epoch: 5 [0/6661 (0%)]	Loss: 0.133828
Train Epoch: 5 [4800/6661 (72%)]	Loss: 0.390778
====> Epoch: 5 Average loss: 0.0182
Train Epoch: 6 [0/6661 (0%)]	Loss: 0.418057
Train Epoch: 6 [4800/6661 (72%)]	Loss: 0.196756
====> Epoch: 6 Average loss: 0.0164
Train Epoch: 7 [0/6661 (0%)]	Loss: 0.229316
Train Epoch: 7 [4800/6661 (72%)]	Loss: 0.020561
====> Epoch: 7 Average loss: 0.0151
Train Epoch: 8 [0/6661 (0%)]	Loss: 0.191962
Train Epoch: 8 [4800/6661 (72%)]	Loss: 0.337039
====> Epoch: 8 Average loss: 0.0132
Train Epoch: 9 [0/6661 (0%)]	Loss: 0.129979
Train Epoch: 9 [4800/6661 (72%)]	Loss: 0.315990
====> Epoch: 9 Average loss: 0.0129
Train Epoch: 10 [0/6661 (0%)]	Loss: 0.102599
Train Epoch: 10 [4800/6661 (72%)]	Loss: 0.114273
====> Epoch: 10 Average loss: 0.0123
Train Epoch: 11 [0/6661 (0%)]	Loss: 0.124881
Train Epoch: 11 [4800/6661 (72%)]	Loss: 0.382126
====> Epoch: 11 Average loss: 0.0114
Train Epoch: 12 [0/6661 (0%)]	Loss: 0.049665
Train Epoch: 12 [4800/6661 (72%)]	Loss: 0.245818
====> Epoch: 12 Average loss: 0.0114
Train Epoch: 13 [0/6661 (0%)]	Loss: 0.040393
Train Epoch: 13 [4800/6661 (72%)]	Loss: 0.370061
====> Epoch: 13 Average loss: 0.0101
Train Epoch: 14 [0/6661 (0%)]	Loss: 0.116197
Train Epoch: 14 [4800/6661 (72%)]	Loss: 0.232012
====> Epoch: 14 Average loss: 0.0101
INFO:__main__: Iteration: 3: run prediction on unlabeled data `du` 
Iteration: 2, len(dl): 6661, len(du): 17257, len(dh) 297
acc: 0.5095530535653361, sd of accuracies: 0.21486512348625275, per-class accuracies: {0: 0.6842105263157895, 1: 0.42105263157894735, 2: 0.7, 3: 0.12, 4: 0.5862068965517241, 5: 0.16666666666666666, 6: 0.19047619047619047, 7: 0.5, 8: 0.15, 9: 0.3333333333333333, 10: 0.7090909090909091, 11: 0.5581395348837209, 12: 0.2631578947368421, 13: 0.4117647058823529, 14: 0.9583333333333334, 15: 0.3333333333333333, 16: 0.3, 17: 0.15, 18: 0.375, 19: 0.8125, 20: 0.7857142857142857, 21: 0.7894736842105263, 22: 0.4090909090909091, 23: 0.3181818181818182, 24: 0.3181818181818182, 25: 0.23809523809523808, 26: 0.45, 27: 0.22727272727272727, 28: 0.35, 29: 0.15, 30: 0.3888888888888889, 31: 0.8, 32: 0.4, 33: 0.7, 34: 0.5882352941176471, 35: 0.6666666666666666, 36: 0.5833333333333334, 37: 0.2727272727272727, 38: 0.17647058823529413, 39: 0.16666666666666666, 40: 0.8235294117647058, 41: 0.17647058823529413, 42: 0.25, 43: 0.5833333333333334, 44: 0.4117647058823529, 45: 0.4230769230769231, 46: 0.4444444444444444, 47: 0.6, 48: 0.47619047619047616, 49: 0.47368421052631576, 50: 0.36363636363636365, 51: 0.23529411764705882, 52: 0.75, 53: 0.391304347826087, 54: 0.42105263157894735, 55: 0.3, 56: 0.7619047619047619, 57: 0.1111111111111111, 58: 0.1875, 59: 0.11764705882352941, 60: 0.15, 61: 0.625, 62: 0.4166666666666667, 63: 0.5, 64: 0.7, 65: 0.4375, 66: 0.5625, 67: 0.5, 68: 0.0, 69: 0.1875, 70: 0.3157894736842105, 71: 0.782608695652174, 72: 0.8, 73: 0.21739130434782608, 74: 0.375, 75: 0.3125, 76: 1.0, 77: 0.5555555555555556, 78: 0.10526315789473684, 79: 0.30434782608695654, 80: 0.47368421052631576, 81: 0.5, 82: 0.7368421052631579, 83: 0.5, 84: 0.5909090909090909, 85: 0.6875, 86: 0.5555555555555556, 87: 0.2631578947368421, 88: 0.5, 89: 0.7619047619047619, 90: 0.5263157894736842, 91: 0.75, 92: 0.5454545454545454, 93: 0.7, 94: 0.5882352941176471, 95: 0.543859649122807, 96: 0.23529411764705882, 97: 0.65, 98: 0.4375, 99: 0.3333333333333333, 100: 0.5925925925925926, 101: 0.5882352941176471, 102: 0.4090909090909091, 103: 0.6842105263157895, 104: 0.4444444444444444, 105: 0.47058823529411764, 106: 0.5294117647058824, 107: 0.23529411764705882, 108: 0.6451612903225806, 109: 0.29411764705882354, 110: 0.4375, 111: 0.6875, 112: 0.4782608695652174, 113: 0.7083333333333334, 114: 0.4117647058823529, 115: 0.19047619047619047, 116: 0.4583333333333333, 117: 0.47619047619047616, 118: 0.058823529411764705, 119: 0.34615384615384615, 120: 0.875, 121: 0.2, 122: 0.9545454545454546, 123: 0.5555555555555556, 124: 0.3, 125: 0.3125, 126: 0.28, 127: 0.23809523809523808, 128: 0.8157894736842105, 129: 0.6666666666666666, 130: 0.4444444444444444, 131: 0.6052631578947368, 132: 0.6666666666666666, 133: 0.5217391304347826, 134: 0.16666666666666666, 135: 0.4444444444444444, 136: 0.7096774193548387, 137: 0.5, 138: 0.35294117647058826, 139: 0.7058823529411765, 140: 0.6521739130434783, 141: 0.23809523809523808, 142: 0.5, 143: 0.4375, 144: 0.9874213836477987, 145: 0.3125, 146: 0.325, 147: 0.3235294117647059, 148: 0.4, 149: 0.4090909090909091, 150: 0.2857142857142857, 151: 0.6666666666666666, 152: 0.5555555555555556, 153: 0.7, 154: 0.05555555555555555, 155: 0.631578947368421, 156: 0.5714285714285714, 157: 0.4827586206896552, 158: 0.4146341463414634, 159: 0.8125, 160: 0.45, 161: 0.3333333333333333, 162: 0.2222222222222222, 163: 0.55, 164: 0.23529411764705882, 165: 0.3333333333333333, 166: 0.4117647058823529, 167: 0.75, 168: 0.2777777777777778, 169: 0.65, 170: 0.4375, 171: 0.3684210526315789, 172: 0.0, 173: 0.3125, 174: 0.5625, 175: 0.45454545454545453, 176: 0.5789473684210527, 177: 0.7894736842105263, 178: 0.3125, 179: 0.2, 180: 0.55, 181: 0.8333333333333334, 182: 0.7, 183: 0.5, 184: 0.0, 185: 0.8125, 186: 0.3157894736842105, 187: 0.35294117647058826, 188: 0.6086956521739131, 189: 0.36363636363636365, 190: 0.3181818181818182, 191: 0.6818181818181818, 192: 0.3235294117647059, 193: 0.3181818181818182, 194: 0.058823529411764705, 195: 0.5, 196: 0.2, 197: 0.38095238095238093, 198: 0.09523809523809523, 199: 0.4, 200: 0.625, 201: 0.631578947368421, 202: 0.2777777777777778, 203: 0.9375, 204: 0.4117647058823529, 205: 0.3157894736842105, 206: 0.13043478260869565, 207: 0.5714285714285714, 208: 0.1, 209: 0.13636363636363635, 210: 0.42105263157894735, 211: 0.6296296296296297, 212: 0.55, 213: 0.7407407407407407, 214: 0.5625, 215: 0.42105263157894735, 216: 0.5714285714285714, 217: 0.5625, 218: 0.375, 219: 0.5, 220: 0.7, 221: 0.5555555555555556, 222: 0.3125, 223: 0.5, 224: 0.7777777777777778, 225: 0.42105263157894735, 226: 0.8275862068965517, 227: 0.3684210526315789, 228: 0.3684210526315789, 229: 0.6111111111111112, 230: 0.5, 231: 0.5633802816901409, 232: 0.25, 233: 0.375, 234: 0.6363636363636364, 235: 0.42105263157894735, 236: 0.6666666666666666, 237: 0.42105263157894735, 238: 0.375, 239: 0.725, 240: 0.6842105263157895, 241: 0.5555555555555556, 242: 0.3333333333333333, 243: 0.2777777777777778, 244: 0.3333333333333333, 245: 0.7, 246: 0.4444444444444444, 247: 0.4375, 248: 0.25, 249: 0.8421052631578947, 250: 0.94375, 251: 1.0, 252: 0.9310344827586207, 253: 0.5263157894736842, 254: 0.55, 255: 0.7619047619047619}
