INFO:__main__: Using device: cuda
INFO:__main__: Initial configuration: len(du): 21527, len(dl): 2391 
INFO:model.alexnet: The code is running on cuda:0 
INFO:__main__: Initialize training the model on `dl` and test on `dtest`
Train Epoch: 0 [0/2391 (0%)]	Loss: 5.513723
====> Epoch: 0 Average loss: 0.2608
Train Epoch: 1 [0/2391 (0%)]	Loss: 1.388242
====> Epoch: 1 Average loss: 0.1005
Train Epoch: 2 [0/2391 (0%)]	Loss: 1.167183
====> Epoch: 2 Average loss: 0.0525
Train Epoch: 3 [0/2391 (0%)]	Loss: 0.699706
====> Epoch: 3 Average loss: 0.0318
Train Epoch: 4 [0/2391 (0%)]	Loss: 0.198718
====> Epoch: 4 Average loss: 0.0213
Train Epoch: 5 [0/2391 (0%)]	Loss: 0.309612
====> Epoch: 5 Average loss: 0.0149
Train Epoch: 6 [0/2391 (0%)]	Loss: 0.256559
====> Epoch: 6 Average loss: 0.0116
Train Epoch: 7 [0/2391 (0%)]	Loss: 0.136164
====> Epoch: 7 Average loss: 0.0097
Train Epoch: 8 [0/2391 (0%)]	Loss: 0.163307
====> Epoch: 8 Average loss: 0.0080
Train Epoch: 9 [0/2391 (0%)]	Loss: 0.091812
====> Epoch: 9 Average loss: 0.0066
Train Epoch: 10 [0/2391 (0%)]	Loss: 0.072896
====> Epoch: 10 Average loss: 0.0060
Train Epoch: 11 [0/2391 (0%)]	Loss: 0.101608
====> Epoch: 11 Average loss: 0.0055
Train Epoch: 12 [0/2391 (0%)]	Loss: 0.038052
====> Epoch: 12 Average loss: 0.0047
Train Epoch: 13 [0/2391 (0%)]	Loss: 0.093597
====> Epoch: 13 Average loss: 0.0047
Train Epoch: 14 [0/2391 (0%)]	Loss: 0.032788
====> Epoch: 14 Average loss: 0.0040
INFO:__main__: Iteration: 0: run prediction on unlabeled data `du` 
====> Initial accuracy: 51.23%
====> Initial per-class accuracies: {0: 0.21052631578947367, 1: 0.631578947368421, 2: 0.7333333333333333, 3: 0.24, 4: 0.6896551724137931, 5: 0.2222222222222222, 6: 0.23809523809523808, 7: 0.6086956521739131, 8: 0.1, 9: 0.6111111111111112, 10: 0.8181818181818182, 11: 0.8372093023255814, 12: 0.10526315789473684, 13: 0.23529411764705882, 14: 0.9166666666666666, 15: 0.1111111111111111, 16: 0.3, 17: 0.3, 18: 0.5416666666666666, 19: 0.75, 20: 0.5357142857142857, 21: 0.3684210526315789, 22: 0.2727272727272727, 23: 0.6363636363636364, 24: 0.5454545454545454, 25: 0.0, 26: 0.65, 27: 0.45454545454545453, 28: 0.45, 29: 0.0, 30: 0.3888888888888889, 31: 0.65, 32: 0.65, 33: 0.55, 34: 0.23529411764705882, 35: 0.5238095238095238, 36: 0.625, 37: 0.13636363636363635, 38: 0.11764705882352941, 39: 0.375, 40: 0.4117647058823529, 41: 0.11764705882352941, 42: 0.25, 43: 0.6666666666666666, 44: 0.47058823529411764, 45: 0.4230769230769231, 46: 0.05555555555555555, 47: 0.55, 48: 0.47619047619047616, 49: 0.47368421052631576, 50: 0.2727272727272727, 51: 0.29411764705882354, 52: 0.75, 53: 0.4782608695652174, 54: 0.3157894736842105, 55: 0.2, 56: 0.7619047619047619, 57: 0.0, 58: 0.25, 59: 0.4117647058823529, 60: 0.35, 61: 0.6875, 62: 0.3333333333333333, 63: 0.6923076923076923, 64: 0.7, 65: 0.5, 66: 0.6875, 67: 0.36363636363636365, 68: 0.10526315789473684, 69: 0.3125, 70: 0.3157894736842105, 71: 0.8695652173913043, 72: 0.75, 73: 0.30434782608695654, 74: 0.375, 75: 0.4375, 76: 1.0, 77: 0.2222222222222222, 78: 0.3157894736842105, 79: 0.21739130434782608, 80: 0.631578947368421, 81: 0.5625, 82: 0.42105263157894735, 83: 0.0, 84: 0.5909090909090909, 85: 0.8125, 86: 0.1111111111111111, 87: 0.21052631578947367, 88: 0.045454545454545456, 89: 0.8809523809523809, 90: 0.5789473684210527, 91: 0.775, 92: 0.3181818181818182, 93: 0.85, 94: 0.6470588235294118, 95: 0.5087719298245614, 96: 0.4117647058823529, 97: 0.65, 98: 0.5, 99: 0.6666666666666666, 100: 0.5185185185185185, 101: 0.5294117647058824, 102: 0.4090909090909091, 103: 0.8947368421052632, 104: 0.3888888888888889, 105: 0.29411764705882354, 106: 0.47058823529411764, 107: 0.058823529411764705, 108: 0.6129032258064516, 109: 0.6470588235294118, 110: 0.125, 111: 0.4375, 112: 0.34782608695652173, 113: 0.6666666666666666, 114: 0.058823529411764705, 115: 0.19047619047619047, 116: 0.5, 117: 0.7142857142857143, 118: 0.058823529411764705, 119: 0.15384615384615385, 120: 0.9375, 121: 0.1, 122: 0.9545454545454546, 123: 0.5555555555555556, 124: 0.2, 125: 0.2916666666666667, 126: 0.52, 127: 0.23809523809523808, 128: 0.9473684210526315, 129: 0.6666666666666666, 130: 0.4444444444444444, 131: 0.8947368421052632, 132: 0.7407407407407407, 133: 0.6086956521739131, 134: 0.05555555555555555, 135: 0.3333333333333333, 136: 0.8387096774193549, 137: 0.47368421052631576, 138: 0.4117647058823529, 139: 0.7647058823529411, 140: 0.4782608695652174, 141: 0.6666666666666666, 142: 0.5, 143: 0.375, 144: 1.0, 145: 0.375, 146: 0.325, 147: 0.35294117647058826, 148: 0.25, 149: 0.45454545454545453, 150: 0.2857142857142857, 151: 0.6666666666666666, 152: 0.5555555555555556, 153: 0.7, 154: 0.1111111111111111, 155: 0.7368421052631579, 156: 0.5714285714285714, 157: 0.5172413793103449, 158: 0.6097560975609756, 159: 0.8125, 160: 0.7, 161: 0.3333333333333333, 162: 0.16666666666666666, 163: 0.4, 164: 0.23529411764705882, 165: 0.2222222222222222, 166: 0.11764705882352941, 167: 0.75, 168: 0.16666666666666666, 169: 0.7, 170: 0.5625, 171: 0.42105263157894735, 172: 0.0, 173: 0.3125, 174: 0.5, 175: 0.5454545454545454, 176: 0.7368421052631579, 177: 0.8421052631578947, 178: 0.375, 179: 0.2, 180: 0.55, 181: 0.8333333333333334, 182: 0.8, 183: 0.375, 184: 0.1, 185: 0.875, 186: 0.21052631578947367, 187: 0.35294117647058826, 188: 0.391304347826087, 189: 0.2727272727272727, 190: 0.18181818181818182, 191: 0.6363636363636364, 192: 0.29411764705882354, 193: 0.45454545454545453, 194: 0.11764705882352941, 195: 0.45, 196: 0.15, 197: 0.3333333333333333, 198: 0.2857142857142857, 199: 0.1, 200: 0.4375, 201: 0.21052631578947367, 202: 0.5, 203: 0.9375, 204: 0.29411764705882354, 205: 0.47368421052631576, 206: 0.5217391304347826, 207: 0.6190476190476191, 208: 0.05, 209: 0.18181818181818182, 210: 0.3157894736842105, 211: 0.5185185185185185, 212: 0.5, 213: 0.7777777777777778, 214: 0.625, 215: 0.47368421052631576, 216: 0.6190476190476191, 217: 0.5, 218: 0.0, 219: 0.3333333333333333, 220: 0.8, 221: 0.4444444444444444, 222: 0.375, 223: 0.5909090909090909, 224: 0.6111111111111112, 225: 0.3684210526315789, 226: 0.896551724137931, 227: 0.15789473684210525, 228: 0.42105263157894735, 229: 0.8333333333333334, 230: 0.5909090909090909, 231: 0.7887323943661971, 232: 0.45, 233: 0.5, 234: 0.5909090909090909, 235: 0.3684210526315789, 236: 0.5, 237: 0.6842105263157895, 238: 0.375, 239: 0.85, 240: 0.42105263157894735, 241: 0.2777777777777778, 242: 0.16666666666666666, 243: 0.0, 244: 0.16666666666666666, 245: 0.65, 246: 0.3888888888888889, 247: 0.4375, 248: 0.1, 249: 0.9473684210526315, 250: 1.0, 251: 1.0, 252: 1.0, 253: 0.47368421052631576, 254: 0.45, 255: 0.38095238095238093}
====> Initial sd of accuracies: 0.2479
