INFO:__main__: Using device: cuda
INFO:__main__: Initial configuration: len(du): 21527, len(dl): 2391 
INFO:model.alexnet: The code is running on cuda:0 
INFO:__main__: Initialize training the model on `dl` and test on `dtest`
Train Epoch: 0 [0/2391 (0%)]	Loss: 5.451625
====> Epoch: 0 Average loss: 0.2606
Train Epoch: 1 [0/2391 (0%)]	Loss: 1.512761
====> Epoch: 1 Average loss: 0.1006
Train Epoch: 2 [0/2391 (0%)]	Loss: 1.230984
====> Epoch: 2 Average loss: 0.0518
Train Epoch: 3 [0/2391 (0%)]	Loss: 0.531305
====> Epoch: 3 Average loss: 0.0316
Train Epoch: 4 [0/2391 (0%)]	Loss: 0.291453
====> Epoch: 4 Average loss: 0.0211
Train Epoch: 5 [0/2391 (0%)]	Loss: 0.202771
====> Epoch: 5 Average loss: 0.0146
Train Epoch: 6 [0/2391 (0%)]	Loss: 0.191316
====> Epoch: 6 Average loss: 0.0111
Train Epoch: 7 [0/2391 (0%)]	Loss: 0.127233
====> Epoch: 7 Average loss: 0.0098
Train Epoch: 8 [0/2391 (0%)]	Loss: 0.235847
====> Epoch: 8 Average loss: 0.0082
Train Epoch: 9 [0/2391 (0%)]	Loss: 0.055889
====> Epoch: 9 Average loss: 0.0070
Train Epoch: 10 [0/2391 (0%)]	Loss: 0.053638
====> Epoch: 10 Average loss: 0.0059
Train Epoch: 11 [0/2391 (0%)]	Loss: 0.095773
====> Epoch: 11 Average loss: 0.0053
Train Epoch: 12 [0/2391 (0%)]	Loss: 0.211453
====> Epoch: 12 Average loss: 0.0047
Train Epoch: 13 [0/2391 (0%)]	Loss: 0.064567
====> Epoch: 13 Average loss: 0.0046
Train Epoch: 14 [0/2391 (0%)]	Loss: 0.053768
====> Epoch: 14 Average loss: 0.0044
INFO:__main__: Iteration: 0: run prediction on unlabeled data `du` 
====> Initial accuracy: 51.33%
====> Initial per-class accuracies: {0: 0.47368421052631576, 1: 0.631578947368421, 2: 0.7666666666666667, 3: 0.12, 4: 0.6206896551724138, 5: 0.16666666666666666, 6: 0.23809523809523808, 7: 0.5652173913043478, 8: 0.1, 9: 0.5555555555555556, 10: 0.8363636363636363, 11: 0.8372093023255814, 12: 0.15789473684210525, 13: 0.29411764705882354, 14: 0.8333333333333334, 15: 0.1111111111111111, 16: 0.3, 17: 0.25, 18: 0.5, 19: 0.625, 20: 0.7142857142857143, 21: 0.3684210526315789, 22: 0.36363636363636365, 23: 0.6363636363636364, 24: 0.36363636363636365, 25: 0.0, 26: 0.7, 27: 0.5, 28: 0.35, 29: 0.0, 30: 0.3888888888888889, 31: 0.55, 32: 0.6, 33: 0.55, 34: 0.11764705882352941, 35: 0.5714285714285714, 36: 0.5416666666666666, 37: 0.18181818181818182, 38: 0.0, 39: 0.4166666666666667, 40: 0.4117647058823529, 41: 0.11764705882352941, 42: 0.20833333333333334, 43: 0.7083333333333334, 44: 0.5294117647058824, 45: 0.38461538461538464, 46: 0.05555555555555555, 47: 0.55, 48: 0.38095238095238093, 49: 0.42105263157894735, 50: 0.22727272727272727, 51: 0.11764705882352941, 52: 0.75, 53: 0.6086956521739131, 54: 0.3684210526315789, 55: 0.15, 56: 0.8095238095238095, 57: 0.0, 58: 0.3125, 59: 0.4117647058823529, 60: 0.35, 61: 0.6875, 62: 0.4583333333333333, 63: 0.7307692307692307, 64: 0.65, 65: 0.5, 66: 0.75, 67: 0.4090909090909091, 68: 0.21052631578947367, 69: 0.375, 70: 0.47368421052631576, 71: 0.9565217391304348, 72: 0.7, 73: 0.34782608695652173, 74: 0.4375, 75: 0.4375, 76: 0.8888888888888888, 77: 0.2777777777777778, 78: 0.21052631578947367, 79: 0.21739130434782608, 80: 0.631578947368421, 81: 0.625, 82: 0.2631578947368421, 83: 0.0, 84: 0.45454545454545453, 85: 0.625, 86: 0.1111111111111111, 87: 0.3157894736842105, 88: 0.09090909090909091, 89: 0.8095238095238095, 90: 0.7368421052631579, 91: 0.75, 92: 0.4090909090909091, 93: 0.85, 94: 0.5294117647058824, 95: 0.5614035087719298, 96: 0.4117647058823529, 97: 0.6, 98: 0.4375, 99: 0.5, 100: 0.5555555555555556, 101: 0.47058823529411764, 102: 0.4090909090909091, 103: 0.9473684210526315, 104: 0.37037037037037035, 105: 0.35294117647058826, 106: 0.4117647058823529, 107: 0.0, 108: 0.7096774193548387, 109: 0.5882352941176471, 110: 0.1875, 111: 0.4375, 112: 0.4782608695652174, 113: 0.625, 114: 0.058823529411764705, 115: 0.19047619047619047, 116: 0.5416666666666666, 117: 0.7619047619047619, 118: 0.058823529411764705, 119: 0.2692307692307692, 120: 0.9375, 121: 0.15, 122: 0.9090909090909091, 123: 0.5555555555555556, 124: 0.1, 125: 0.2916666666666667, 126: 0.48, 127: 0.14285714285714285, 128: 0.9736842105263158, 129: 0.7222222222222222, 130: 0.6111111111111112, 131: 0.8947368421052632, 132: 0.7777777777777778, 133: 0.782608695652174, 134: 0.0, 135: 0.3888888888888889, 136: 0.8387096774193549, 137: 0.5, 138: 0.4117647058823529, 139: 0.8235294117647058, 140: 0.5217391304347826, 141: 0.7142857142857143, 142: 0.4230769230769231, 143: 0.5, 144: 1.0, 145: 0.4375, 146: 0.275, 147: 0.38235294117647056, 148: 0.3, 149: 0.5, 150: 0.19047619047619047, 151: 0.6666666666666666, 152: 0.5, 153: 0.75, 154: 0.1111111111111111, 155: 0.631578947368421, 156: 0.5714285714285714, 157: 0.4827586206896552, 158: 0.5853658536585366, 159: 0.75, 160: 0.7, 161: 0.5, 162: 0.2222222222222222, 163: 0.35, 164: 0.23529411764705882, 165: 0.2777777777777778, 166: 0.23529411764705882, 167: 0.7857142857142857, 168: 0.1111111111111111, 169: 0.6, 170: 0.5, 171: 0.3684210526315789, 172: 0.0, 173: 0.3125, 174: 0.5, 175: 0.5, 176: 0.7368421052631579, 177: 0.8421052631578947, 178: 0.3125, 179: 0.3, 180: 0.4, 181: 0.7916666666666666, 182: 0.75, 183: 0.5625, 184: 0.05, 185: 0.8125, 186: 0.21052631578947367, 187: 0.23529411764705882, 188: 0.34782608695652173, 189: 0.45454545454545453, 190: 0.45454545454545453, 191: 0.5909090909090909, 192: 0.2647058823529412, 193: 0.36363636363636365, 194: 0.058823529411764705, 195: 0.55, 196: 0.15, 197: 0.3333333333333333, 198: 0.3333333333333333, 199: 0.1, 200: 0.5625, 201: 0.10526315789473684, 202: 0.5, 203: 0.9375, 204: 0.29411764705882354, 205: 0.3684210526315789, 206: 0.5652173913043478, 207: 0.5714285714285714, 208: 0.1, 209: 0.18181818181818182, 210: 0.3684210526315789, 211: 0.5185185185185185, 212: 0.5, 213: 0.7037037037037037, 214: 0.6875, 215: 0.631578947368421, 216: 0.7619047619047619, 217: 0.4375, 218: 0.0, 219: 0.16666666666666666, 220: 0.9, 221: 0.4444444444444444, 222: 0.375, 223: 0.6363636363636364, 224: 0.6666666666666666, 225: 0.3157894736842105, 226: 0.7931034482758621, 227: 0.21052631578947367, 228: 0.3684210526315789, 229: 0.8333333333333334, 230: 0.7272727272727273, 231: 0.7605633802816901, 232: 0.4, 233: 0.5416666666666666, 234: 0.5909090909090909, 235: 0.3684210526315789, 236: 0.5, 237: 0.7368421052631579, 238: 0.4375, 239: 0.875, 240: 0.3157894736842105, 241: 0.3888888888888889, 242: 0.1111111111111111, 243: 0.0, 244: 0.2222222222222222, 245: 0.6, 246: 0.3333333333333333, 247: 0.3125, 248: 0.05, 249: 0.9473684210526315, 250: 0.99375, 251: 1.0, 252: 1.0, 253: 0.47368421052631576, 254: 0.3, 255: 0.47619047619047616}
====> Initial sd of accuracies: 0.2495
INFO:__main__: Update size of `dl`  and `du` by adding uncertain 1000 samples in `dl` len(dl): 3391, len(du) 21527
INFO:__main__: Update size of `dl`  and `du` by adding 791 hcs samples in `dl` len(dl): 4182, len(du) 21527
INFO:__main__: Iteration: 0 fine-tune the model on dh U dl
Train Epoch: 0 [0/4182 (0%)]	Loss: 1.977453
====> Epoch: 0 Average loss: 0.1224
Train Epoch: 1 [0/4182 (0%)]	Loss: 0.865375
====> Epoch: 1 Average loss: 0.0741
Train Epoch: 2 [0/4182 (0%)]	Loss: 0.694912
====> Epoch: 2 Average loss: 0.0505
Train Epoch: 3 [0/4182 (0%)]	Loss: 0.579358
====> Epoch: 3 Average loss: 0.0391
Train Epoch: 4 [0/4182 (0%)]	Loss: 0.440995
====> Epoch: 4 Average loss: 0.0304
Train Epoch: 5 [0/4182 (0%)]	Loss: 0.571324
====> Epoch: 5 Average loss: 0.0256
Train Epoch: 6 [0/4182 (0%)]	Loss: 0.406710
====> Epoch: 6 Average loss: 0.0210
Train Epoch: 7 [0/4182 (0%)]	Loss: 0.436160
====> Epoch: 7 Average loss: 0.0192
Train Epoch: 8 [0/4182 (0%)]	Loss: 0.132437
====> Epoch: 8 Average loss: 0.0175
Train Epoch: 9 [0/4182 (0%)]	Loss: 0.122979
====> Epoch: 9 Average loss: 0.0154
Train Epoch: 10 [0/4182 (0%)]	Loss: 0.145695
====> Epoch: 10 Average loss: 0.0141
Train Epoch: 11 [0/4182 (0%)]	Loss: 0.065973
====> Epoch: 11 Average loss: 0.0129
Train Epoch: 12 [0/4182 (0%)]	Loss: 0.318538
====> Epoch: 12 Average loss: 0.0122
Train Epoch: 13 [0/4182 (0%)]	Loss: 0.150735
====> Epoch: 13 Average loss: 0.0119
Train Epoch: 14 [0/4182 (0%)]	Loss: 0.070637
====> Epoch: 14 Average loss: 0.0111
INFO:__main__: Iteration: 1: run prediction on unlabeled data `du` 
Iteration: 0, len(dl): 4182, len(du): 19736, len(dh) 791
acc: 0.4604230638007506, sd of accuracies: 0.23082150646313235, per-class accuracies: {0: 0.3157894736842105, 1: 0.3157894736842105, 2: 0.5333333333333333, 3: 0.16, 4: 0.4827586206896552, 5: 0.1111111111111111, 6: 0.047619047619047616, 7: 0.45652173913043476, 8: 0.35, 9: 0.5555555555555556, 10: 0.7272727272727273, 11: 0.6511627906976745, 12: 0.05263157894736842, 13: 0.35294117647058826, 14: 0.5416666666666666, 15: 0.2222222222222222, 16: 0.2, 17: 0.3, 18: 0.3333333333333333, 19: 0.6875, 20: 0.5357142857142857, 21: 0.2631578947368421, 22: 0.18181818181818182, 23: 0.5454545454545454, 24: 0.3181818181818182, 25: 0.0, 26: 0.4, 27: 0.2727272727272727, 28: 0.25, 29: 0.0, 30: 0.3888888888888889, 31: 0.6, 32: 0.4, 33: 0.5, 34: 0.17647058823529413, 35: 0.5714285714285714, 36: 0.5416666666666666, 37: 0.045454545454545456, 38: 0.23529411764705882, 39: 0.08333333333333333, 40: 0.7058823529411765, 41: 0.058823529411764705, 42: 0.4166666666666667, 43: 0.75, 44: 0.47058823529411764, 45: 0.3076923076923077, 46: 0.2777777777777778, 47: 0.4, 48: 0.38095238095238093, 49: 0.42105263157894735, 50: 0.09090909090909091, 51: 0.23529411764705882, 52: 0.8125, 53: 0.4782608695652174, 54: 0.3157894736842105, 55: 0.3, 56: 0.7619047619047619, 57: 0.0, 58: 0.125, 59: 0.4117647058823529, 60: 0.3, 61: 0.5625, 62: 0.25, 63: 0.6538461538461539, 64: 0.5, 65: 0.5625, 66: 0.5, 67: 0.22727272727272727, 68: 0.21052631578947367, 69: 0.375, 70: 0.3684210526315789, 71: 0.7391304347826086, 72: 0.6, 73: 0.2608695652173913, 74: 0.3125, 75: 0.1875, 76: 0.8888888888888888, 77: 0.2777777777777778, 78: 0.42105263157894735, 79: 0.17391304347826086, 80: 0.5789473684210527, 81: 0.25, 82: 0.42105263157894735, 83: 0.0625, 84: 0.36363636363636365, 85: 0.625, 86: 0.05555555555555555, 87: 0.3157894736842105, 88: 0.2727272727272727, 89: 0.7380952380952381, 90: 0.6842105263157895, 91: 0.625, 92: 0.45454545454545453, 93: 0.85, 94: 0.5882352941176471, 95: 0.49122807017543857, 96: 0.23529411764705882, 97: 0.65, 98: 0.4375, 99: 0.3888888888888889, 100: 0.5555555555555556, 101: 0.058823529411764705, 102: 0.2727272727272727, 103: 0.6842105263157895, 104: 0.37037037037037035, 105: 0.23529411764705882, 106: 0.35294117647058826, 107: 0.0, 108: 0.5483870967741935, 109: 0.5882352941176471, 110: 0.5, 111: 0.375, 112: 0.30434782608695654, 113: 0.625, 114: 0.058823529411764705, 115: 0.19047619047619047, 116: 0.5, 117: 0.5238095238095238, 118: 0.058823529411764705, 119: 0.23076923076923078, 120: 0.9375, 121: 0.3, 122: 0.9090909090909091, 123: 0.8333333333333334, 124: 0.1, 125: 0.16666666666666666, 126: 0.52, 127: 0.2857142857142857, 128: 0.8947368421052632, 129: 0.05555555555555555, 130: 0.4444444444444444, 131: 0.6842105263157895, 132: 0.7037037037037037, 133: 0.6086956521739131, 134: 0.0, 135: 0.5, 136: 0.6129032258064516, 137: 0.4473684210526316, 138: 0.4117647058823529, 139: 0.5882352941176471, 140: 0.30434782608695654, 141: 0.6666666666666666, 142: 0.38461538461538464, 143: 0.125, 144: 0.9874213836477987, 145: 0.1875, 146: 0.2, 147: 0.20588235294117646, 148: 0.55, 149: 0.2727272727272727, 150: 0.5238095238095238, 151: 0.4583333333333333, 152: 0.4444444444444444, 153: 0.65, 154: 0.1111111111111111, 155: 0.5789473684210527, 156: 0.47619047619047616, 157: 0.5172413793103449, 158: 0.5121951219512195, 159: 0.6875, 160: 0.6, 161: 0.4444444444444444, 162: 0.16666666666666666, 163: 0.65, 164: 0.17647058823529413, 165: 0.3333333333333333, 166: 0.29411764705882354, 167: 0.75, 168: 0.16666666666666666, 169: 0.5, 170: 0.4375, 171: 0.5789473684210527, 172: 0.047619047619047616, 173: 0.5, 174: 0.75, 175: 0.5, 176: 0.6842105263157895, 177: 0.631578947368421, 178: 0.3125, 179: 0.25, 180: 0.5, 181: 0.7916666666666666, 182: 0.3, 183: 0.3125, 184: 0.0, 185: 0.6875, 186: 0.2631578947368421, 187: 0.29411764705882354, 188: 0.30434782608695654, 189: 0.18181818181818182, 190: 0.13636363636363635, 191: 0.5909090909090909, 192: 0.2647058823529412, 193: 0.18181818181818182, 194: 0.0, 195: 0.45, 196: 0.4, 197: 0.38095238095238093, 198: 0.19047619047619047, 199: 0.2, 200: 0.5, 201: 0.21052631578947367, 202: 0.3888888888888889, 203: 0.875, 204: 0.4117647058823529, 205: 0.47368421052631576, 206: 0.4782608695652174, 207: 0.42857142857142855, 208: 0.05, 209: 0.13636363636363635, 210: 0.3684210526315789, 211: 0.4074074074074074, 212: 0.55, 213: 0.5925925925925926, 214: 0.5625, 215: 0.631578947368421, 216: 0.7619047619047619, 217: 0.5, 218: 0.0625, 219: 0.4444444444444444, 220: 0.55, 221: 0.3888888888888889, 222: 0.3125, 223: 0.7727272727272727, 224: 0.5, 225: 0.3684210526315789, 226: 0.6896551724137931, 227: 0.05263157894736842, 228: 0.3684210526315789, 229: 0.9444444444444444, 230: 0.5909090909090909, 231: 0.6901408450704225, 232: 0.3, 233: 0.16666666666666666, 234: 0.6363636363636364, 235: 0.2631578947368421, 236: 0.4444444444444444, 237: 0.6842105263157895, 238: 0.25, 239: 0.825, 240: 0.3684210526315789, 241: 0.2222222222222222, 242: 0.05555555555555555, 243: 0.0, 244: 0.1111111111111111, 245: 0.45, 246: 0.3888888888888889, 247: 0.5625, 248: 0.05, 249: 0.8421052631578947, 250: 0.98125, 251: 0.8695652173913043, 252: 0.9770114942528736, 253: 0.3157894736842105, 254: 0.4, 255: 0.6666666666666666}
INFO:__main__: Update size of `dl`  and `du` by adding uncertain 1000 samples in `dl` len(dl): 5182, len(du) 19736
INFO:__main__: Update size of `dl`  and `du` by adding 258 hcs samples in `dl` len(dl): 5440, len(du) 19736
INFO:__main__: Iteration: 1 fine-tune the model on dh U dl
Train Epoch: 0 [0/5440 (0%)]	Loss: 0.867258
Train Epoch: 0 [4800/5440 (88%)]	Loss: 0.891742
====> Epoch: 0 Average loss: 0.0729
Train Epoch: 1 [0/5440 (0%)]	Loss: 0.885533
Train Epoch: 1 [4800/5440 (88%)]	Loss: 0.930454
====> Epoch: 1 Average loss: 0.0500
Train Epoch: 2 [0/5440 (0%)]	Loss: 0.981871
Train Epoch: 2 [4800/5440 (88%)]	Loss: 0.556926
====> Epoch: 2 Average loss: 0.0364
Train Epoch: 3 [0/5440 (0%)]	Loss: 0.261364
Train Epoch: 3 [4800/5440 (88%)]	Loss: 0.743639
====> Epoch: 3 Average loss: 0.0278
Train Epoch: 4 [0/5440 (0%)]	Loss: 0.300186
Train Epoch: 4 [4800/5440 (88%)]	Loss: 0.165483
====> Epoch: 4 Average loss: 0.0228
Train Epoch: 5 [0/5440 (0%)]	Loss: 0.458650
Train Epoch: 5 [4800/5440 (88%)]	Loss: 0.304981
====> Epoch: 5 Average loss: 0.0192
Train Epoch: 6 [0/5440 (0%)]	Loss: 0.157365
Train Epoch: 6 [4800/5440 (88%)]	Loss: 0.326747
====> Epoch: 6 Average loss: 0.0164
Train Epoch: 7 [0/5440 (0%)]	Loss: 0.168686
Train Epoch: 7 [4800/5440 (88%)]	Loss: 0.615147
====> Epoch: 7 Average loss: 0.0149
Train Epoch: 8 [0/5440 (0%)]	Loss: 0.106141
Train Epoch: 8 [4800/5440 (88%)]	Loss: 0.234174
====> Epoch: 8 Average loss: 0.0136
Train Epoch: 9 [0/5440 (0%)]	Loss: 0.233177
Train Epoch: 9 [4800/5440 (88%)]	Loss: 0.569365
====> Epoch: 9 Average loss: 0.0127
Train Epoch: 10 [0/5440 (0%)]	Loss: 0.486377
Train Epoch: 10 [4800/5440 (88%)]	Loss: 0.057252
====> Epoch: 10 Average loss: 0.0123
Train Epoch: 11 [0/5440 (0%)]	Loss: 0.144875
Train Epoch: 11 [4800/5440 (88%)]	Loss: 0.278025
====> Epoch: 11 Average loss: 0.0113
Train Epoch: 12 [0/5440 (0%)]	Loss: 0.095468
Train Epoch: 12 [4800/5440 (88%)]	Loss: 0.430501
====> Epoch: 12 Average loss: 0.0112
Train Epoch: 13 [0/5440 (0%)]	Loss: 0.203712
Train Epoch: 13 [4800/5440 (88%)]	Loss: 0.265728
====> Epoch: 13 Average loss: 0.0109
Train Epoch: 14 [0/5440 (0%)]	Loss: 0.071436
Train Epoch: 14 [4800/5440 (88%)]	Loss: 0.284984
====> Epoch: 14 Average loss: 0.0097
INFO:__main__: Iteration: 2: run prediction on unlabeled data `du` 
Iteration: 1, len(dl): 5440, len(du): 18478, len(dh) 258
acc: 0.4950528829750938, sd of accuracies: 0.22599201403544447, per-class accuracies: {0: 0.47368421052631576, 1: 0.42105263157894735, 2: 0.7666666666666667, 3: 0.24, 4: 0.4482758620689655, 5: 0.1111111111111111, 6: 0.38095238095238093, 7: 0.5652173913043478, 8: 0.35, 9: 0.5555555555555556, 10: 0.7272727272727273, 11: 0.627906976744186, 12: 0.10526315789473684, 13: 0.47058823529411764, 14: 0.8333333333333334, 15: 0.16666666666666666, 16: 0.3, 17: 0.25, 18: 0.2916666666666667, 19: 0.5625, 20: 0.6428571428571429, 21: 0.5789473684210527, 22: 0.18181818181818182, 23: 0.5, 24: 0.22727272727272727, 25: 0.2857142857142857, 26: 0.45, 27: 0.45454545454545453, 28: 0.2, 29: 0.05, 30: 0.3333333333333333, 31: 0.75, 32: 0.4, 33: 0.5, 34: 0.058823529411764705, 35: 0.5238095238095238, 36: 0.6666666666666666, 37: 0.4090909090909091, 38: 0.23529411764705882, 39: 0.16666666666666666, 40: 0.6470588235294118, 41: 0.17647058823529413, 42: 0.375, 43: 0.7916666666666666, 44: 0.47058823529411764, 45: 0.2692307692307692, 46: 0.16666666666666666, 47: 0.45, 48: 0.5714285714285714, 49: 0.47368421052631576, 50: 0.13636363636363635, 51: 0.29411764705882354, 52: 0.6875, 53: 0.34782608695652173, 54: 0.3684210526315789, 55: 0.4, 56: 0.8095238095238095, 57: 0.0, 58: 0.25, 59: 0.4117647058823529, 60: 0.3, 61: 0.4375, 62: 0.4166666666666667, 63: 0.5, 64: 0.55, 65: 0.4375, 66: 0.5, 67: 0.3181818181818182, 68: 0.21052631578947367, 69: 0.1875, 70: 0.42105263157894735, 71: 0.6521739130434783, 72: 0.65, 73: 0.21739130434782608, 74: 0.3125, 75: 0.3125, 76: 1.0, 77: 0.2777777777777778, 78: 0.47368421052631576, 79: 0.21739130434782608, 80: 0.5263157894736842, 81: 0.3125, 82: 0.47368421052631576, 83: 0.3125, 84: 0.4090909090909091, 85: 0.75, 86: 0.2777777777777778, 87: 0.21052631578947367, 88: 0.18181818181818182, 89: 0.8571428571428571, 90: 0.7368421052631579, 91: 0.675, 92: 0.4090909090909091, 93: 0.75, 94: 0.5294117647058824, 95: 0.49122807017543857, 96: 0.29411764705882354, 97: 0.7, 98: 0.5, 99: 0.5555555555555556, 100: 0.6296296296296297, 101: 0.35294117647058826, 102: 0.3181818181818182, 103: 0.8421052631578947, 104: 0.3148148148148148, 105: 0.5294117647058824, 106: 0.7058823529411765, 107: 0.35294117647058826, 108: 0.5806451612903226, 109: 0.47058823529411764, 110: 0.5, 111: 0.5625, 112: 0.5217391304347826, 113: 0.6666666666666666, 114: 0.29411764705882354, 115: 0.14285714285714285, 116: 0.4583333333333333, 117: 0.5238095238095238, 118: 0.0, 119: 0.34615384615384615, 120: 0.8125, 121: 0.2, 122: 0.8636363636363636, 123: 0.7777777777777778, 124: 0.1, 125: 0.2708333333333333, 126: 0.44, 127: 0.3333333333333333, 128: 0.9210526315789473, 129: 0.2777777777777778, 130: 0.4444444444444444, 131: 0.6842105263157895, 132: 0.7407407407407407, 133: 0.5652173913043478, 134: 0.0, 135: 0.4444444444444444, 136: 0.7741935483870968, 137: 0.5, 138: 0.35294117647058826, 139: 0.7647058823529411, 140: 0.30434782608695654, 141: 0.6190476190476191, 142: 0.34615384615384615, 143: 0.1875, 144: 0.9308176100628931, 145: 0.4375, 146: 0.175, 147: 0.2647058823529412, 148: 0.5, 149: 0.36363636363636365, 150: 0.38095238095238093, 151: 0.5, 152: 0.5, 153: 0.85, 154: 0.1111111111111111, 155: 0.7894736842105263, 156: 0.6666666666666666, 157: 0.5172413793103449, 158: 0.3902439024390244, 159: 0.8125, 160: 0.7, 161: 0.5, 162: 0.16666666666666666, 163: 0.75, 164: 0.23529411764705882, 165: 0.5555555555555556, 166: 0.17647058823529413, 167: 0.8214285714285714, 168: 0.05555555555555555, 169: 0.65, 170: 0.4375, 171: 0.6842105263157895, 172: 0.0, 173: 0.5625, 174: 0.625, 175: 0.4090909090909091, 176: 0.5789473684210527, 177: 0.7368421052631579, 178: 0.4375, 179: 0.25, 180: 0.6, 181: 0.7916666666666666, 182: 0.65, 183: 0.4375, 184: 0.0, 185: 0.75, 186: 0.2631578947368421, 187: 0.4117647058823529, 188: 0.4782608695652174, 189: 0.22727272727272727, 190: 0.09090909090909091, 191: 0.6818181818181818, 192: 0.2647058823529412, 193: 0.2727272727272727, 194: 0.058823529411764705, 195: 0.65, 196: 0.25, 197: 0.38095238095238093, 198: 0.2857142857142857, 199: 0.3, 200: 0.625, 201: 0.2631578947368421, 202: 0.3333333333333333, 203: 0.9375, 204: 0.47058823529411764, 205: 0.47368421052631576, 206: 0.5217391304347826, 207: 0.47619047619047616, 208: 0.05, 209: 0.13636363636363635, 210: 0.5263157894736842, 211: 0.6296296296296297, 212: 0.5, 213: 0.5925925925925926, 214: 0.5625, 215: 0.42105263157894735, 216: 0.8095238095238095, 217: 0.75, 218: 0.125, 219: 0.3888888888888889, 220: 0.55, 221: 0.4444444444444444, 222: 0.3125, 223: 0.5454545454545454, 224: 0.7222222222222222, 225: 0.42105263157894735, 226: 0.7241379310344828, 227: 0.21052631578947367, 228: 0.3157894736842105, 229: 0.8333333333333334, 230: 0.5, 231: 0.6338028169014085, 232: 0.35, 233: 0.20833333333333334, 234: 0.6363636363636364, 235: 0.3157894736842105, 236: 0.5555555555555556, 237: 0.7368421052631579, 238: 0.125, 239: 0.725, 240: 0.5789473684210527, 241: 0.3333333333333333, 242: 0.16666666666666666, 243: 0.1111111111111111, 244: 0.2222222222222222, 245: 0.4, 246: 0.4444444444444444, 247: 0.625, 248: 0.05, 249: 0.9473684210526315, 250: 0.95625, 251: 0.9565217391304348, 252: 1.0, 253: 0.3684210526315789, 254: 0.45, 255: 0.5714285714285714}
INFO:__main__: Update size of `dl`  and `du` by adding uncertain 1000 samples in `dl` len(dl): 6440, len(du) 18478
INFO:__main__: Update size of `dl`  and `du` by adding 398 hcs samples in `dl` len(dl): 6838, len(du) 18478
INFO:__main__: Iteration: 2 fine-tune the model on dh U dl
Train Epoch: 0 [0/6838 (0%)]	Loss: 1.120262
Train Epoch: 0 [4800/6838 (70%)]	Loss: 1.541086
====> Epoch: 0 Average loss: 0.0726
Train Epoch: 1 [0/6838 (0%)]	Loss: 0.369161
Train Epoch: 1 [4800/6838 (70%)]	Loss: 1.102213
====> Epoch: 1 Average loss: 0.0518
Train Epoch: 2 [0/6838 (0%)]	Loss: 0.628348
Train Epoch: 2 [4800/6838 (70%)]	Loss: 1.143337
====> Epoch: 2 Average loss: 0.0388
Train Epoch: 3 [0/6838 (0%)]	Loss: 0.568994
Train Epoch: 3 [4800/6838 (70%)]	Loss: 0.452331
====> Epoch: 3 Average loss: 0.0300
Train Epoch: 4 [0/6838 (0%)]	Loss: 0.206192
Train Epoch: 4 [4800/6838 (70%)]	Loss: 0.457320
====> Epoch: 4 Average loss: 0.0245
Train Epoch: 5 [0/6838 (0%)]	Loss: 0.381195
Train Epoch: 5 [4800/6838 (70%)]	Loss: 0.354821
====> Epoch: 5 Average loss: 0.0206
Train Epoch: 6 [0/6838 (0%)]	Loss: 0.318642
Train Epoch: 6 [4800/6838 (70%)]	Loss: 0.216543
====> Epoch: 6 Average loss: 0.0180
Train Epoch: 7 [0/6838 (0%)]	Loss: 0.128628
Train Epoch: 7 [4800/6838 (70%)]	Loss: 0.192173
====> Epoch: 7 Average loss: 0.0160
Train Epoch: 8 [0/6838 (0%)]	Loss: 0.276347
Train Epoch: 8 [4800/6838 (70%)]	Loss: 0.160088
====> Epoch: 8 Average loss: 0.0154
Train Epoch: 9 [0/6838 (0%)]	Loss: 0.602313
Train Epoch: 9 [4800/6838 (70%)]	Loss: 0.119611
====> Epoch: 9 Average loss: 0.0144
Train Epoch: 10 [0/6838 (0%)]	Loss: 0.106026
Train Epoch: 10 [4800/6838 (70%)]	Loss: 0.152358
====> Epoch: 10 Average loss: 0.0128
Train Epoch: 11 [0/6838 (0%)]	Loss: 0.067010
Train Epoch: 11 [4800/6838 (70%)]	Loss: 0.378997
====> Epoch: 11 Average loss: 0.0129
Train Epoch: 12 [0/6838 (0%)]	Loss: 0.044793
Train Epoch: 12 [4800/6838 (70%)]	Loss: 0.238644
====> Epoch: 12 Average loss: 0.0130
Train Epoch: 13 [0/6838 (0%)]	Loss: 0.264366
Train Epoch: 13 [4800/6838 (70%)]	Loss: 0.474073
====> Epoch: 13 Average loss: 0.0121
Train Epoch: 14 [0/6838 (0%)]	Loss: 0.082584
Train Epoch: 14 [4800/6838 (70%)]	Loss: 0.101979
====> Epoch: 14 Average loss: 0.0111
INFO:__main__: Iteration: 3: run prediction on unlabeled data `du` 
Iteration: 2, len(dl): 6838, len(du): 17080, len(dh) 398
acc: 0.5006823609689526, sd of accuracies: 0.21097190071619643, per-class accuracies: {0: 0.47368421052631576, 1: 0.2631578947368421, 2: 0.6, 3: 0.36, 4: 0.5517241379310345, 5: 0.16666666666666666, 6: 0.2857142857142857, 7: 0.391304347826087, 8: 0.5, 9: 0.7777777777777778, 10: 0.7090909090909091, 11: 0.7209302325581395, 12: 0.15789473684210525, 13: 0.5882352941176471, 14: 0.7083333333333334, 15: 0.2222222222222222, 16: 0.25, 17: 0.3, 18: 0.4166666666666667, 19: 0.8125, 20: 0.5714285714285714, 21: 0.631578947368421, 22: 0.36363636363636365, 23: 0.45454545454545453, 24: 0.3181818181818182, 25: 0.23809523809523808, 26: 0.55, 27: 0.36363636363636365, 28: 0.25, 29: 0.05, 30: 0.3333333333333333, 31: 0.85, 32: 0.5, 33: 0.4, 34: 0.23529411764705882, 35: 0.23809523809523808, 36: 0.7083333333333334, 37: 0.22727272727272727, 38: 0.23529411764705882, 39: 0.20833333333333334, 40: 0.5882352941176471, 41: 0.11764705882352941, 42: 0.4583333333333333, 43: 0.8333333333333334, 44: 0.23529411764705882, 45: 0.38461538461538464, 46: 0.4444444444444444, 47: 0.5, 48: 0.42857142857142855, 49: 0.47368421052631576, 50: 0.22727272727272727, 51: 0.17647058823529413, 52: 0.6875, 53: 0.6956521739130435, 54: 0.3684210526315789, 55: 0.25, 56: 0.7142857142857143, 57: 0.05555555555555555, 58: 0.25, 59: 0.47058823529411764, 60: 0.2, 61: 0.375, 62: 0.4583333333333333, 63: 0.6538461538461539, 64: 0.5, 65: 0.3125, 66: 0.4375, 67: 0.4090909090909091, 68: 0.15789473684210525, 69: 0.25, 70: 0.3157894736842105, 71: 0.5652173913043478, 72: 0.7, 73: 0.2608695652173913, 74: 0.4375, 75: 0.4375, 76: 1.0, 77: 0.3333333333333333, 78: 0.3684210526315789, 79: 0.21739130434782608, 80: 0.47368421052631576, 81: 0.3125, 82: 0.631578947368421, 83: 0.3125, 84: 0.45454545454545453, 85: 0.6875, 86: 0.3333333333333333, 87: 0.15789473684210525, 88: 0.3181818181818182, 89: 0.7857142857142857, 90: 0.7368421052631579, 91: 0.75, 92: 0.5909090909090909, 93: 0.85, 94: 0.7058823529411765, 95: 0.43859649122807015, 96: 0.35294117647058826, 97: 0.7, 98: 0.625, 99: 0.5555555555555556, 100: 0.5185185185185185, 101: 0.23529411764705882, 102: 0.09090909090909091, 103: 0.8421052631578947, 104: 0.37037037037037035, 105: 0.47058823529411764, 106: 0.7058823529411765, 107: 0.17647058823529413, 108: 0.5806451612903226, 109: 0.6470588235294118, 110: 0.3125, 111: 0.375, 112: 0.5217391304347826, 113: 0.4583333333333333, 114: 0.5294117647058824, 115: 0.2857142857142857, 116: 0.4583333333333333, 117: 0.5238095238095238, 118: 0.0, 119: 0.46153846153846156, 120: 0.6875, 121: 0.1, 122: 0.7727272727272727, 123: 0.7777777777777778, 124: 0.3, 125: 0.2708333333333333, 126: 0.52, 127: 0.19047619047619047, 128: 0.8421052631578947, 129: 0.5, 130: 0.3888888888888889, 131: 0.5526315789473685, 132: 0.6296296296296297, 133: 0.6086956521739131, 134: 0.05555555555555555, 135: 0.3333333333333333, 136: 0.7741935483870968, 137: 0.6052631578947368, 138: 0.35294117647058826, 139: 0.7647058823529411, 140: 0.34782608695652173, 141: 0.6190476190476191, 142: 0.38461538461538464, 143: 0.3125, 144: 0.9622641509433962, 145: 0.375, 146: 0.225, 147: 0.29411764705882354, 148: 0.5, 149: 0.3181818181818182, 150: 0.38095238095238093, 151: 0.6666666666666666, 152: 0.5, 153: 0.7, 154: 0.1111111111111111, 155: 0.47368421052631576, 156: 0.38095238095238093, 157: 0.5517241379310345, 158: 0.36585365853658536, 159: 0.75, 160: 0.4, 161: 0.4444444444444444, 162: 0.2222222222222222, 163: 0.7, 164: 0.35294117647058826, 165: 0.2222222222222222, 166: 0.35294117647058826, 167: 0.6785714285714286, 168: 0.3888888888888889, 169: 0.6, 170: 0.4375, 171: 0.631578947368421, 172: 0.0, 173: 0.6875, 174: 0.75, 175: 0.45454545454545453, 176: 0.5789473684210527, 177: 0.6842105263157895, 178: 0.25, 179: 0.2, 180: 0.65, 181: 0.7916666666666666, 182: 0.4, 183: 0.5625, 184: 0.0, 185: 0.75, 186: 0.2631578947368421, 187: 0.47058823529411764, 188: 0.43478260869565216, 189: 0.2727272727272727, 190: 0.045454545454545456, 191: 0.6818181818181818, 192: 0.3235294117647059, 193: 0.22727272727272727, 194: 0.0, 195: 0.6, 196: 0.35, 197: 0.3333333333333333, 198: 0.3333333333333333, 199: 0.4, 200: 0.5625, 201: 0.3157894736842105, 202: 0.4444444444444444, 203: 0.8125, 204: 0.47058823529411764, 205: 0.42105263157894735, 206: 0.43478260869565216, 207: 0.3333333333333333, 208: 0.15, 209: 0.22727272727272727, 210: 0.5789473684210527, 211: 0.6666666666666666, 212: 0.6, 213: 0.5925925925925926, 214: 0.625, 215: 0.3684210526315789, 216: 0.8095238095238095, 217: 0.625, 218: 0.4375, 219: 0.5, 220: 0.7, 221: 0.6111111111111112, 222: 0.4375, 223: 0.7727272727272727, 224: 0.4444444444444444, 225: 0.47368421052631576, 226: 0.6896551724137931, 227: 0.21052631578947367, 228: 0.3157894736842105, 229: 0.8888888888888888, 230: 0.5454545454545454, 231: 0.6619718309859155, 232: 0.25, 233: 0.375, 234: 0.5454545454545454, 235: 0.3157894736842105, 236: 0.5555555555555556, 237: 0.6842105263157895, 238: 0.375, 239: 0.85, 240: 0.47368421052631576, 241: 0.3888888888888889, 242: 0.4444444444444444, 243: 0.2222222222222222, 244: 0.2777777777777778, 245: 0.55, 246: 0.3888888888888889, 247: 0.625, 248: 0.1, 249: 0.8947368421052632, 250: 0.93125, 251: 0.6956521739130435, 252: 1.0, 253: 0.47368421052631576, 254: 0.35, 255: 0.6190476190476191}
INFO:__main__: Update size of `dl`  and `du` by adding uncertain 1000 samples in `dl` len(dl): 7838, len(du) 17080
INFO:__main__: Update size of `dl`  and `du` by adding 331 hcs samples in `dl` len(dl): 8169, len(du) 17080
INFO:__main__: Iteration: 3 fine-tune the model on dh U dl
Train Epoch: 0 [0/8169 (0%)]	Loss: 0.432320
Train Epoch: 0 [4800/8169 (59%)]	Loss: 0.964368
====> Epoch: 0 Average loss: 0.0574
