INFO:__main__: Using device: cuda
INFO:__main__: Initial configuration: len(du): 21528, len(dl): 2391 
INFO:model.alexnet: The code is running on cuda 
INFO:__main__: Intialize training the model on `dl` and test on `dtest`
Train Epoch: 0 [0/2391 (0%)]	Loss: 5.466183
====> Epoch: 0 Average loss: 0.2601
Train Epoch: 1 [0/2391 (0%)]	Loss: 1.443415
====> Epoch: 1 Average loss: 0.0989
Train Epoch: 2 [0/2391 (0%)]	Loss: 0.700303
====> Epoch: 2 Average loss: 0.0513
Train Epoch: 3 [0/2391 (0%)]	Loss: 0.372025
====> Epoch: 3 Average loss: 0.0305
Train Epoch: 4 [0/2391 (0%)]	Loss: 0.186342
====> Epoch: 4 Average loss: 0.0205
Train Epoch: 5 [0/2391 (0%)]	Loss: 0.341801
====> Epoch: 5 Average loss: 0.0142
Train Epoch: 6 [0/2391 (0%)]	Loss: 0.162587
====> Epoch: 6 Average loss: 0.0116
Train Epoch: 7 [0/2391 (0%)]	Loss: 0.193242
====> Epoch: 7 Average loss: 0.0095
Train Epoch: 8 [0/2391 (0%)]	Loss: 0.108609
====> Epoch: 8 Average loss: 0.0076
Train Epoch: 9 [0/2391 (0%)]	Loss: 0.089950
====> Epoch: 9 Average loss: 0.0070
INFO:__main__: Iteration: 0: run prediction on unlabeled data `du` 
====> Initial accuracy: 47.858727179662175 
INFO:__main__: Update size of `dl`  and `du` by adding uncertain 1000 samples in `dl` len(dl): 3391, len(du) 21528
INFO:__main__: Update size of `dl`  and `du` by adding 586 hcs samples in `dl` len(dl): 3977, len(du) 21528
INFO:__main__: Iteration: 0 fine-tune the model on dh U dl
Train Epoch: 0 [0/3977 (0%)]	Loss: 1.793894
====> Epoch: 0 Average loss: 0.1111
Train Epoch: 1 [0/3977 (0%)]	Loss: 0.752588
====> Epoch: 1 Average loss: 0.0679
Train Epoch: 2 [0/3977 (0%)]	Loss: 1.460910
====> Epoch: 2 Average loss: 0.0474
Train Epoch: 3 [0/3977 (0%)]	Loss: 0.407105
====> Epoch: 3 Average loss: 0.0361
Train Epoch: 4 [0/3977 (0%)]	Loss: 0.682578
====> Epoch: 4 Average loss: 0.0284
Train Epoch: 5 [0/3977 (0%)]	Loss: 0.182422
====> Epoch: 5 Average loss: 0.0233
Train Epoch: 6 [0/3977 (0%)]	Loss: 0.254705
====> Epoch: 6 Average loss: 0.0197
Train Epoch: 7 [0/3977 (0%)]	Loss: 0.252624
====> Epoch: 7 Average loss: 0.0181
Train Epoch: 8 [0/3977 (0%)]	Loss: 0.174697
====> Epoch: 8 Average loss: 0.0158
INFO:__main__: remove 1000 uncertain samples from du
Train Epoch: 9 [0/3977 (0%)]	Loss: 0.157712
====> Epoch: 9 Average loss: 0.0150
INFO:__main__: Iteration: 1: run prediction on unlabeled data `du` 
Iteration: 0, len(dl): 3977, len(du): 20528, len(dh) 586, acc: 43.78092475686743 
INFO:__main__: Update size of `dl`  and `du` by adding uncertain 1000 samples in `dl` len(dl): 4977, len(du) 20528
INFO:__main__: Update size of `dl`  and `du` by adding 187 hcs samples in `dl` len(dl): 5164, len(du) 20528
INFO:__main__: Iteration: 1 fine-tune the model on dh U dl
Train Epoch: 0 [0/5164 (0%)]	Loss: 0.865765
Train Epoch: 0 [4800/5164 (93%)]	Loss: 0.776305
====> Epoch: 0 Average loss: 0.0664
Train Epoch: 1 [0/5164 (0%)]	Loss: 0.210212
Train Epoch: 1 [4800/5164 (93%)]	Loss: 1.386716
====> Epoch: 1 Average loss: 0.0457
Train Epoch: 2 [0/5164 (0%)]	Loss: 0.637546
Train Epoch: 2 [4800/5164 (93%)]	Loss: 0.333701
====> Epoch: 2 Average loss: 0.0335
Train Epoch: 3 [0/5164 (0%)]	Loss: 0.422004
Train Epoch: 3 [4800/5164 (93%)]	Loss: 0.229551
====> Epoch: 3 Average loss: 0.0256
Train Epoch: 4 [0/5164 (0%)]	Loss: 0.202243
Train Epoch: 4 [4800/5164 (93%)]	Loss: 0.291635
====> Epoch: 4 Average loss: 0.0207
Train Epoch: 5 [0/5164 (0%)]	Loss: 0.187659
Train Epoch: 5 [4800/5164 (93%)]	Loss: 0.141497
====> Epoch: 5 Average loss: 0.0167
Train Epoch: 6 [0/5164 (0%)]	Loss: 0.108895
Train Epoch: 6 [4800/5164 (93%)]	Loss: 0.391942
====> Epoch: 6 Average loss: 0.0158
Train Epoch: 7 [0/5164 (0%)]	Loss: 0.249772
Train Epoch: 7 [4800/5164 (93%)]	Loss: 0.203954
====> Epoch: 7 Average loss: 0.0139
Train Epoch: 8 [0/5164 (0%)]	Loss: 0.170507
Train Epoch: 8 [4800/5164 (93%)]	Loss: 0.414977
====> Epoch: 8 Average loss: 0.0127
INFO:__main__: remove 1000 uncertain samples from du
Train Epoch: 9 [0/5164 (0%)]	Loss: 0.068734
Train Epoch: 9 [4800/5164 (93%)]	Loss: 0.066204
====> Epoch: 9 Average loss: 0.0114
INFO:__main__: Iteration: 2: run prediction on unlabeled data `du` 
Iteration: 1, len(dl): 5164, len(du): 19528, len(dh) 187, acc: 47.44924074390036 
INFO:__main__: Update size of `dl`  and `du` by adding uncertain 1000 samples in `dl` len(dl): 6164, len(du) 19528
INFO:__main__: Update size of `dl`  and `du` by adding 316 hcs samples in `dl` len(dl): 6480, len(du) 19528
INFO:__main__: Iteration: 2 fine-tune the model on dh U dl
Train Epoch: 0 [0/6480 (0%)]	Loss: 1.282686
Train Epoch: 0 [4800/6480 (74%)]	Loss: 2.002324
====> Epoch: 0 Average loss: 0.0634
Train Epoch: 1 [0/6480 (0%)]	Loss: 0.906695
Train Epoch: 1 [4800/6480 (74%)]	Loss: 0.449016
====> Epoch: 1 Average loss: 0.0462
Train Epoch: 2 [0/6480 (0%)]	Loss: 0.338767
Train Epoch: 2 [4800/6480 (74%)]	Loss: 0.413545
====> Epoch: 2 Average loss: 0.0344
Train Epoch: 3 [0/6480 (0%)]	Loss: 0.505376
Train Epoch: 3 [4800/6480 (74%)]	Loss: 0.584369
====> Epoch: 3 Average loss: 0.0270
Train Epoch: 4 [0/6480 (0%)]	Loss: 0.304678
Train Epoch: 4 [4800/6480 (74%)]	Loss: 0.277018
====> Epoch: 4 Average loss: 0.0226
Train Epoch: 5 [0/6480 (0%)]	Loss: 0.294086
Train Epoch: 5 [4800/6480 (74%)]	Loss: 0.266238
====> Epoch: 5 Average loss: 0.0197
Train Epoch: 6 [0/6480 (0%)]	Loss: 0.086095
Train Epoch: 6 [4800/6480 (74%)]	Loss: 0.367321
====> Epoch: 6 Average loss: 0.0174
Train Epoch: 7 [0/6480 (0%)]	Loss: 0.651962
Train Epoch: 7 [4800/6480 (74%)]	Loss: 0.222007
====> Epoch: 7 Average loss: 0.0146
Train Epoch: 8 [0/6480 (0%)]	Loss: 0.374611
Train Epoch: 8 [4800/6480 (74%)]	Loss: 0.317017
====> Epoch: 8 Average loss: 0.0143
INFO:__main__: remove 1000 uncertain samples from du
Train Epoch: 9 [0/6480 (0%)]	Loss: 0.197733
Train Epoch: 9 [4800/6480 (74%)]	Loss: 0.063228
====> Epoch: 9 Average loss: 0.0131
INFO:__main__: Iteration: 3: run prediction on unlabeled data `du` 
Iteration: 2, len(dl): 6480, len(du): 18528, len(dh) 316, acc: 47.07387817778536 
INFO:__main__: Update size of `dl`  and `du` by adding uncertain 1000 samples in `dl` len(dl): 7480, len(du) 18528
INFO:__main__: Update size of `dl`  and `du` by adding 277 hcs samples in `dl` len(dl): 7757, len(du) 18528
INFO:__main__: Iteration: 3 fine-tune the model on dh U dl
Train Epoch: 0 [0/7757 (0%)]	Loss: 0.569018
Train Epoch: 0 [4800/7757 (62%)]	Loss: 1.326461
====> Epoch: 0 Average loss: 0.0561
Train Epoch: 1 [0/7757 (0%)]	Loss: 0.729721
Train Epoch: 1 [4800/7757 (62%)]	Loss: 0.297832
====> Epoch: 1 Average loss: 0.0415
Train Epoch: 2 [0/7757 (0%)]	Loss: 0.336809
Train Epoch: 2 [4800/7757 (62%)]	Loss: 0.480962
====> Epoch: 2 Average loss: 0.0318
Train Epoch: 3 [0/7757 (0%)]	Loss: 0.188940
Train Epoch: 3 [4800/7757 (62%)]	Loss: 0.206484
====> Epoch: 3 Average loss: 0.0256
Train Epoch: 4 [0/7757 (0%)]	Loss: 0.381592
Train Epoch: 4 [4800/7757 (62%)]	Loss: 0.208063
====> Epoch: 4 Average loss: 0.0213
Train Epoch: 5 [0/7757 (0%)]	Loss: 0.225699
Train Epoch: 5 [4800/7757 (62%)]	Loss: 0.392793
====> Epoch: 5 Average loss: 0.0181
Train Epoch: 6 [0/7757 (0%)]	Loss: 0.137228
Train Epoch: 6 [4800/7757 (62%)]	Loss: 0.093436
====> Epoch: 6 Average loss: 0.0163
Train Epoch: 7 [0/7757 (0%)]	Loss: 0.351635
Train Epoch: 7 [4800/7757 (62%)]	Loss: 0.138476
====> Epoch: 7 Average loss: 0.0151
Train Epoch: 8 [0/7757 (0%)]	Loss: 0.352140
Train Epoch: 8 [4800/7757 (62%)]	Loss: 0.626778
====> Epoch: 8 Average loss: 0.0147
INFO:__main__: remove 1000 uncertain samples from du
Train Epoch: 9 [0/7757 (0%)]	Loss: 0.166160
Train Epoch: 9 [4800/7757 (62%)]	Loss: 0.285498
====> Epoch: 9 Average loss: 0.0136
INFO:__main__: Iteration: 4: run prediction on unlabeled data `du` 
Iteration: 3, len(dl): 7757, len(du): 17528, len(dh) 277, acc: 45.6236137177956 
INFO:__main__: Update size of `dl`  and `du` by adding uncertain 1000 samples in `dl` len(dl): 8757, len(du) 17528
INFO:__main__: Update size of `dl`  and `du` by adding 272 hcs samples in `dl` len(dl): 9029, len(du) 17528
INFO:__main__: Iteration: 4 fine-tune the model on dh U dl
Train Epoch: 0 [0/9029 (0%)]	Loss: 0.304653
Train Epoch: 0 [4800/9029 (53%)]	Loss: 0.343609
====> Epoch: 0 Average loss: 0.0513
Train Epoch: 1 [0/9029 (0%)]	Loss: 0.840307
Train Epoch: 1 [4800/9029 (53%)]	Loss: 0.332200
====> Epoch: 1 Average loss: 0.0374
Train Epoch: 2 [0/9029 (0%)]	Loss: 0.204914
Train Epoch: 2 [4800/9029 (53%)]	Loss: 0.320723
====> Epoch: 2 Average loss: 0.0305
Train Epoch: 3 [0/9029 (0%)]	Loss: 0.232372
Train Epoch: 3 [4800/9029 (53%)]	Loss: 0.888687
====> Epoch: 3 Average loss: 0.0247
Train Epoch: 4 [0/9029 (0%)]	Loss: 0.571645
Train Epoch: 4 [4800/9029 (53%)]	Loss: 0.621630
====> Epoch: 4 Average loss: 0.0206
Train Epoch: 5 [0/9029 (0%)]	Loss: 0.273552
Train Epoch: 5 [4800/9029 (53%)]	Loss: 0.832872
====> Epoch: 5 Average loss: 0.0181
Train Epoch: 6 [0/9029 (0%)]	Loss: 0.239204
Train Epoch: 6 [4800/9029 (53%)]	Loss: 0.417076
====> Epoch: 6 Average loss: 0.0160
Train Epoch: 7 [0/9029 (0%)]	Loss: 0.315403
Train Epoch: 7 [4800/9029 (53%)]	Loss: 0.149266
====> Epoch: 7 Average loss: 0.0159
Train Epoch: 8 [0/9029 (0%)]	Loss: 0.230319
Train Epoch: 8 [4800/9029 (53%)]	Loss: 0.179738
====> Epoch: 8 Average loss: 0.0141
INFO:__main__: remove 1000 uncertain samples from du
Train Epoch: 9 [0/9029 (0%)]	Loss: 0.465634
Train Epoch: 9 [4800/9029 (53%)]	Loss: 0.279382
====> Epoch: 9 Average loss: 0.0137
INFO:__main__: Iteration: 5: run prediction on unlabeled data `du` 
Iteration: 4, len(dl): 9029, len(du): 16528, len(dh) 272, acc: 47.790479440368536 
INFO:__main__: Update size of `dl`  and `du` by adding uncertain 1000 samples in `dl` len(dl): 10029, len(du) 16528
INFO:__main__: Update size of `dl`  and `du` by adding 296 hcs samples in `dl` len(dl): 10325, len(du) 16528
INFO:__main__: Iteration: 5 fine-tune the model on dh U dl
Train Epoch: 0 [0/10325 (0%)]	Loss: 0.130017
Train Epoch: 0 [4800/10325 (46%)]	Loss: 0.797755
Train Epoch: 0 [9600/10325 (93%)]	Loss: 0.644536
====> Epoch: 0 Average loss: 0.0465
Train Epoch: 1 [0/10325 (0%)]	Loss: 0.661095
Train Epoch: 1 [4800/10325 (46%)]	Loss: 0.080195
Train Epoch: 1 [9600/10325 (93%)]	Loss: 1.030683
====> Epoch: 1 Average loss: 0.0363
Train Epoch: 2 [0/10325 (0%)]	Loss: 0.093164
Train Epoch: 2 [4800/10325 (46%)]	Loss: 0.477698
Train Epoch: 2 [9600/10325 (93%)]	Loss: 0.321270
====> Epoch: 2 Average loss: 0.0289
Train Epoch: 3 [0/10325 (0%)]	Loss: 0.537571
Train Epoch: 3 [4800/10325 (46%)]	Loss: 0.393655
Train Epoch: 3 [9600/10325 (93%)]	Loss: 0.197367
====> Epoch: 3 Average loss: 0.0238
Train Epoch: 4 [0/10325 (0%)]	Loss: 0.423821
Train Epoch: 4 [4800/10325 (46%)]	Loss: 0.327097
Train Epoch: 4 [9600/10325 (93%)]	Loss: 0.245016
====> Epoch: 4 Average loss: 0.0212
Train Epoch: 5 [0/10325 (0%)]	Loss: 0.133048
Train Epoch: 5 [4800/10325 (46%)]	Loss: 0.292902
Train Epoch: 5 [9600/10325 (93%)]	Loss: 0.432141
====> Epoch: 5 Average loss: 0.0191
Train Epoch: 6 [0/10325 (0%)]	Loss: 0.166646
Train Epoch: 6 [4800/10325 (46%)]	Loss: 0.277757
Train Epoch: 6 [9600/10325 (93%)]	Loss: 0.303456
====> Epoch: 6 Average loss: 0.0169
Train Epoch: 7 [0/10325 (0%)]	Loss: 0.202143
Train Epoch: 7 [4800/10325 (46%)]	Loss: 0.223190
Train Epoch: 7 [9600/10325 (93%)]	Loss: 0.249011
====> Epoch: 7 Average loss: 0.0163
Train Epoch: 8 [0/10325 (0%)]	Loss: 0.155661
Train Epoch: 8 [4800/10325 (46%)]	Loss: 0.466558
Train Epoch: 8 [9600/10325 (93%)]	Loss: 0.236519
====> Epoch: 8 Average loss: 0.0155
INFO:__main__: remove 1000 uncertain samples from du
Train Epoch: 9 [0/10325 (0%)]	Loss: 0.107502
Train Epoch: 9 [4800/10325 (46%)]	Loss: 0.369207
Train Epoch: 9 [9600/10325 (93%)]	Loss: 0.170157
====> Epoch: 9 Average loss: 0.0142
INFO:__main__: Iteration: 6: run prediction on unlabeled data `du` 
Iteration: 5, len(dl): 10325, len(du): 15528, len(dh) 296, acc: 47.892851049308995 
INFO:__main__: Update size of `dl`  and `du` by adding uncertain 1000 samples in `dl` len(dl): 11325, len(du) 15528
INFO:__main__: Update size of `dl`  and `du` by adding 43 hcs samples in `dl` len(dl): 11368, len(du) 15528
INFO:__main__: Iteration: 6 fine-tune the model on dh U dl
Train Epoch: 0 [0/11368 (0%)]	Loss: 0.069702
Train Epoch: 0 [4800/11368 (42%)]	Loss: 0.251883
Train Epoch: 0 [9600/11368 (84%)]	Loss: 0.950368
====> Epoch: 0 Average loss: 0.0282
Train Epoch: 1 [0/11368 (0%)]	Loss: 0.719920
Train Epoch: 1 [4800/11368 (42%)]	Loss: 0.374794
Train Epoch: 1 [9600/11368 (84%)]	Loss: 0.268405
====> Epoch: 1 Average loss: 0.0234
Train Epoch: 2 [0/11368 (0%)]	Loss: 0.348587
Train Epoch: 2 [4800/11368 (42%)]	Loss: 0.270707
Train Epoch: 2 [9600/11368 (84%)]	Loss: 0.366654
====> Epoch: 2 Average loss: 0.0201
Train Epoch: 3 [0/11368 (0%)]	Loss: 0.270048
Train Epoch: 3 [4800/11368 (42%)]	Loss: 0.070165
Train Epoch: 3 [9600/11368 (84%)]	Loss: 0.168246
====> Epoch: 3 Average loss: 0.0181
Train Epoch: 4 [0/11368 (0%)]	Loss: 0.117221
Train Epoch: 4 [4800/11368 (42%)]	Loss: 0.548312
Train Epoch: 4 [9600/11368 (84%)]	Loss: 0.068462
====> Epoch: 4 Average loss: 0.0163
Train Epoch: 5 [0/11368 (0%)]	Loss: 0.049508
Train Epoch: 5 [4800/11368 (42%)]	Loss: 0.371389
Train Epoch: 5 [9600/11368 (84%)]	Loss: 0.233121
====> Epoch: 5 Average loss: 0.0148
Train Epoch: 6 [0/11368 (0%)]	Loss: 0.092426
Train Epoch: 6 [4800/11368 (42%)]	Loss: 0.219177
Train Epoch: 6 [9600/11368 (84%)]	Loss: 0.079387
====> Epoch: 6 Average loss: 0.0138
Train Epoch: 7 [0/11368 (0%)]	Loss: 0.488137
Train Epoch: 7 [4800/11368 (42%)]	Loss: 0.195928
Train Epoch: 7 [9600/11368 (84%)]	Loss: 0.086158
====> Epoch: 7 Average loss: 0.0134
Train Epoch: 8 [0/11368 (0%)]	Loss: 0.069651
Train Epoch: 8 [4800/11368 (42%)]	Loss: 0.257890
Train Epoch: 8 [9600/11368 (84%)]	Loss: 0.105746
====> Epoch: 8 Average loss: 0.0132
INFO:__main__: remove 1000 uncertain samples from du
Train Epoch: 9 [0/11368 (0%)]	Loss: 0.095334
Train Epoch: 9 [4800/11368 (42%)]	Loss: 0.396560
Train Epoch: 9 [9600/11368 (84%)]	Loss: 0.067840
====> Epoch: 9 Average loss: 0.0124
INFO:__main__: Iteration: 7: run prediction on unlabeled data `du` 
Iteration: 6, len(dl): 11368, len(du): 14528, len(dh) 43, acc: 49.343115509298755 
INFO:__main__: Update size of `dl`  and `du` by adding uncertain 1000 samples in `dl` len(dl): 12368, len(du) 14528
INFO:__main__: Update size of `dl`  and `du` by adding 0 hcs samples in `dl` len(dl): 12368, len(du) 14528
INFO:__main__: Iteration: 7 fine-tune the model on dh U dl
Train Epoch: 0 [0/12368 (0%)]	Loss: 0.598778
Train Epoch: 0 [4800/12368 (39%)]	Loss: 0.121968
Train Epoch: 0 [9600/12368 (78%)]	Loss: 0.304870
====> Epoch: 0 Average loss: 0.0240
Train Epoch: 1 [0/12368 (0%)]	Loss: 0.199924
Train Epoch: 1 [4800/12368 (39%)]	Loss: 0.076317
Train Epoch: 1 [9600/12368 (78%)]	Loss: 0.136576
====> Epoch: 1 Average loss: 0.0193
Train Epoch: 2 [0/12368 (0%)]	Loss: 0.269435
Train Epoch: 2 [4800/12368 (39%)]	Loss: 0.167326
Train Epoch: 2 [9600/12368 (78%)]	Loss: 0.257585
====> Epoch: 2 Average loss: 0.0174
Train Epoch: 3 [0/12368 (0%)]	Loss: 0.090306
Train Epoch: 3 [4800/12368 (39%)]	Loss: 0.201568
Train Epoch: 3 [9600/12368 (78%)]	Loss: 0.215262
====> Epoch: 3 Average loss: 0.0151
Train Epoch: 4 [0/12368 (0%)]	Loss: 0.048884
Train Epoch: 4 [4800/12368 (39%)]	Loss: 0.067450
Train Epoch: 4 [9600/12368 (78%)]	Loss: 0.065293
====> Epoch: 4 Average loss: 0.0138
Train Epoch: 5 [0/12368 (0%)]	Loss: 0.081925
Train Epoch: 5 [4800/12368 (39%)]	Loss: 0.575873
Train Epoch: 5 [9600/12368 (78%)]	Loss: 0.158265
====> Epoch: 5 Average loss: 0.0132
Train Epoch: 6 [0/12368 (0%)]	Loss: 0.069749
Train Epoch: 6 [4800/12368 (39%)]	Loss: 0.105217
Train Epoch: 6 [9600/12368 (78%)]	Loss: 0.163342
====> Epoch: 6 Average loss: 0.0129
Train Epoch: 7 [0/12368 (0%)]	Loss: 0.263115
Train Epoch: 7 [4800/12368 (39%)]	Loss: 0.138047
Train Epoch: 7 [9600/12368 (78%)]	Loss: 0.563957
====> Epoch: 7 Average loss: 0.0120
Train Epoch: 8 [0/12368 (0%)]	Loss: 0.143876
Train Epoch: 8 [4800/12368 (39%)]	Loss: 0.041963
Train Epoch: 8 [9600/12368 (78%)]	Loss: 0.144605
====> Epoch: 8 Average loss: 0.0120
INFO:__main__: remove 1000 uncertain samples from du
Train Epoch: 9 [0/12368 (0%)]	Loss: 0.334476
Train Epoch: 9 [4800/12368 (39%)]	Loss: 0.139422
Train Epoch: 9 [9600/12368 (78%)]	Loss: 0.245039
====> Epoch: 9 Average loss: 0.0112
INFO:__main__: Iteration: 8: run prediction on unlabeled data `du` 
Iteration: 7, len(dl): 12368, len(du): 13528, len(dh) 0, acc: 50.827503838935336 
INFO:__main__: Update size of `dl`  and `du` by adding uncertain 1000 samples in `dl` len(dl): 13368, len(du) 13528
INFO:__main__: Update size of `dl`  and `du` by adding 0 hcs samples in `dl` len(dl): 13368, len(du) 13528
INFO:__main__: Iteration: 8 fine-tune the model on dh U dl
Train Epoch: 0 [0/13368 (0%)]	Loss: 0.328347
Train Epoch: 0 [4800/13368 (36%)]	Loss: 0.076612
Train Epoch: 0 [9600/13368 (72%)]	Loss: 0.096012
====> Epoch: 0 Average loss: 0.0213
Train Epoch: 1 [0/13368 (0%)]	Loss: 0.138939
Train Epoch: 1 [4800/13368 (36%)]	Loss: 0.053692
Train Epoch: 1 [9600/13368 (72%)]	Loss: 0.077838
====> Epoch: 1 Average loss: 0.0173
Train Epoch: 2 [0/13368 (0%)]	Loss: 0.304096
Train Epoch: 2 [4800/13368 (36%)]	Loss: 0.482092
Train Epoch: 2 [9600/13368 (72%)]	Loss: 0.418398
====> Epoch: 2 Average loss: 0.0150
Train Epoch: 3 [0/13368 (0%)]	Loss: 0.198039
Train Epoch: 3 [4800/13368 (36%)]	Loss: 0.735161
Train Epoch: 3 [9600/13368 (72%)]	Loss: 0.187997
====> Epoch: 3 Average loss: 0.0139
Train Epoch: 4 [0/13368 (0%)]	Loss: 0.213578
Train Epoch: 4 [4800/13368 (36%)]	Loss: 0.416472
Train Epoch: 4 [9600/13368 (72%)]	Loss: 0.291969
====> Epoch: 4 Average loss: 0.0131
Train Epoch: 5 [0/13368 (0%)]	Loss: 0.111687
Train Epoch: 5 [4800/13368 (36%)]	Loss: 0.314391
Train Epoch: 5 [9600/13368 (72%)]	Loss: 0.124982
====> Epoch: 5 Average loss: 0.0122
Train Epoch: 6 [0/13368 (0%)]	Loss: 0.514843
Train Epoch: 6 [4800/13368 (36%)]	Loss: 0.067928
Train Epoch: 6 [9600/13368 (72%)]	Loss: 0.339658
====> Epoch: 6 Average loss: 0.0120
Train Epoch: 7 [0/13368 (0%)]	Loss: 0.175079
Train Epoch: 7 [4800/13368 (36%)]	Loss: 0.198841
Train Epoch: 7 [9600/13368 (72%)]	Loss: 0.120753
====> Epoch: 7 Average loss: 0.0114
Train Epoch: 8 [0/13368 (0%)]	Loss: 0.242452
Train Epoch: 8 [4800/13368 (36%)]	Loss: 0.233843
Train Epoch: 8 [9600/13368 (72%)]	Loss: 0.023399
====> Epoch: 8 Average loss: 0.0099
INFO:__main__: remove 1000 uncertain samples from du
Train Epoch: 9 [0/13368 (0%)]	Loss: 0.061318
Train Epoch: 9 [4800/13368 (36%)]	Loss: 0.258140
Train Epoch: 9 [9600/13368 (72%)]	Loss: 0.131348
====> Epoch: 9 Average loss: 0.0098
INFO:__main__: Iteration: 9: run prediction on unlabeled data `du` 
Iteration: 8, len(dl): 13368, len(du): 12528, len(dh) 0, acc: 52.346016038218735 
INFO:__main__: Update size of `dl`  and `du` by adding uncertain 1000 samples in `dl` len(dl): 14368, len(du) 12528
INFO:__main__: Update size of `dl`  and `du` by adding 0 hcs samples in `dl` len(dl): 14368, len(du) 12528
INFO:__main__: Iteration: 9 fine-tune the model on dh U dl
Train Epoch: 0 [0/14368 (0%)]	Loss: 0.958043
Train Epoch: 0 [4800/14368 (33%)]	Loss: 0.112632
Train Epoch: 0 [9600/14368 (67%)]	Loss: 0.148552
====> Epoch: 0 Average loss: 0.0197
Train Epoch: 1 [0/14368 (0%)]	Loss: 0.556564
Train Epoch: 1 [4800/14368 (33%)]	Loss: 0.218013
Train Epoch: 1 [9600/14368 (67%)]	Loss: 0.395358
====> Epoch: 1 Average loss: 0.0172
Train Epoch: 2 [0/14368 (0%)]	Loss: 0.133939
Train Epoch: 2 [4800/14368 (33%)]	Loss: 0.302360
Train Epoch: 2 [9600/14368 (67%)]	Loss: 0.496755
====> Epoch: 2 Average loss: 0.0149
Train Epoch: 3 [0/14368 (0%)]	Loss: 0.467705
Train Epoch: 3 [4800/14368 (33%)]	Loss: 0.154333
Train Epoch: 3 [9600/14368 (67%)]	Loss: 0.062562
====> Epoch: 3 Average loss: 0.0136
Train Epoch: 4 [0/14368 (0%)]	Loss: 0.345748
Train Epoch: 4 [4800/14368 (33%)]	Loss: 0.383220
Train Epoch: 4 [9600/14368 (67%)]	Loss: 0.175082
====> Epoch: 4 Average loss: 0.0129
Train Epoch: 5 [0/14368 (0%)]	Loss: 0.055434
Train Epoch: 5 [4800/14368 (33%)]	Loss: 0.420596
Train Epoch: 5 [9600/14368 (67%)]	Loss: 0.367404
====> Epoch: 5 Average loss: 0.0115
Train Epoch: 6 [0/14368 (0%)]	Loss: 0.100566
Train Epoch: 6 [4800/14368 (33%)]	Loss: 0.152945
Train Epoch: 6 [9600/14368 (67%)]	Loss: 0.188647
====> Epoch: 6 Average loss: 0.0115
Train Epoch: 7 [0/14368 (0%)]	Loss: 0.176524
Train Epoch: 7 [4800/14368 (33%)]	Loss: 0.082561
Train Epoch: 7 [9600/14368 (67%)]	Loss: 0.354486
====> Epoch: 7 Average loss: 0.0108
Train Epoch: 8 [0/14368 (0%)]	Loss: 0.036130
Train Epoch: 8 [4800/14368 (33%)]	Loss: 0.169040
Train Epoch: 8 [9600/14368 (67%)]	Loss: 0.091223
====> Epoch: 8 Average loss: 0.0105
INFO:__main__: remove 1000 uncertain samples from du
Train Epoch: 9 [0/14368 (0%)]	Loss: 0.048093
Train Epoch: 9 [4800/14368 (33%)]	Loss: 0.471475
Train Epoch: 9 [9600/14368 (67%)]	Loss: 0.061570
====> Epoch: 9 Average loss: 0.0102
INFO:__main__: Iteration: 10: run prediction on unlabeled data `du` 
Iteration: 9, len(dl): 14368, len(du): 11528, len(dh) 0, acc: 52.75550247398055 
INFO:__main__: Update size of `dl`  and `du` by adding uncertain 1000 samples in `dl` len(dl): 15368, len(du) 11528
INFO:__main__: Update size of `dl`  and `du` by adding 0 hcs samples in `dl` len(dl): 15368, len(du) 11528
INFO:__main__: Iteration: 10 fine-tune the model on dh U dl
Train Epoch: 0 [0/15368 (0%)]	Loss: 0.191349
Train Epoch: 0 [4800/15368 (31%)]	Loss: 0.103960
Train Epoch: 0 [9600/15368 (62%)]	Loss: 0.111032
Train Epoch: 0 [14400/15368 (94%)]	Loss: 0.053221
====> Epoch: 0 Average loss: 0.0191
Train Epoch: 1 [0/15368 (0%)]	Loss: 0.090678
Train Epoch: 1 [4800/15368 (31%)]	Loss: 0.465835
Train Epoch: 1 [9600/15368 (62%)]	Loss: 0.112627
Train Epoch: 1 [14400/15368 (94%)]	Loss: 0.065689
====> Epoch: 1 Average loss: 0.0163
Train Epoch: 2 [0/15368 (0%)]	Loss: 0.464338
Train Epoch: 2 [4800/15368 (31%)]	Loss: 0.392726
Train Epoch: 2 [9600/15368 (62%)]	Loss: 0.324375
Train Epoch: 2 [14400/15368 (94%)]	Loss: 0.252921
====> Epoch: 2 Average loss: 0.0147
Train Epoch: 3 [0/15368 (0%)]	Loss: 0.037827
Train Epoch: 3 [4800/15368 (31%)]	Loss: 0.087659
Train Epoch: 3 [9600/15368 (62%)]	Loss: 0.101192
Train Epoch: 3 [14400/15368 (94%)]	Loss: 0.138551
====> Epoch: 3 Average loss: 0.0133
Train Epoch: 4 [0/15368 (0%)]	Loss: 0.034309
Train Epoch: 4 [4800/15368 (31%)]	Loss: 0.038985
Train Epoch: 4 [9600/15368 (62%)]	Loss: 0.108218
Train Epoch: 4 [14400/15368 (94%)]	Loss: 0.230950
====> Epoch: 4 Average loss: 0.0123
Train Epoch: 5 [0/15368 (0%)]	Loss: 0.081888
Train Epoch: 5 [4800/15368 (31%)]	Loss: 0.134909
Train Epoch: 5 [9600/15368 (62%)]	Loss: 0.082833
Train Epoch: 5 [14400/15368 (94%)]	Loss: 0.100944
====> Epoch: 5 Average loss: 0.0117
Train Epoch: 6 [0/15368 (0%)]	Loss: 0.191498
Train Epoch: 6 [4800/15368 (31%)]	Loss: 0.235384
Train Epoch: 6 [9600/15368 (62%)]	Loss: 0.069646
Train Epoch: 6 [14400/15368 (94%)]	Loss: 0.074292
====> Epoch: 6 Average loss: 0.0114
Train Epoch: 7 [0/15368 (0%)]	Loss: 0.044128
Train Epoch: 7 [4800/15368 (31%)]	Loss: 0.117113
Train Epoch: 7 [9600/15368 (62%)]	Loss: 0.097260
Train Epoch: 7 [14400/15368 (94%)]	Loss: 0.054076
====> Epoch: 7 Average loss: 0.0107
Train Epoch: 8 [0/15368 (0%)]	Loss: 0.066917
Train Epoch: 8 [4800/15368 (31%)]	Loss: 0.031686
Train Epoch: 8 [9600/15368 (62%)]	Loss: 0.129363
Train Epoch: 8 [14400/15368 (94%)]	Loss: 0.081240
====> Epoch: 8 Average loss: 0.0098
INFO:__main__: remove 1000 uncertain samples from du
Train Epoch: 9 [0/15368 (0%)]	Loss: 0.070280
Train Epoch: 9 [4800/15368 (31%)]	Loss: 0.288151
Train Epoch: 9 [9600/15368 (62%)]	Loss: 0.150739
Train Epoch: 9 [14400/15368 (94%)]	Loss: 0.128946
====> Epoch: 9 Average loss: 0.0100
INFO:__main__: Iteration: 11: run prediction on unlabeled data `du` 
Iteration: 10, len(dl): 15368, len(du): 10528, len(dh) 0, acc: 54.05220952055963 
INFO:__main__: Update size of `dl`  and `du` by adding uncertain 1000 samples in `dl` len(dl): 16368, len(du) 10528
INFO:__main__: Update size of `dl`  and `du` by adding 0 hcs samples in `dl` len(dl): 16368, len(du) 10528
INFO:__main__: Iteration: 11 fine-tune the model on dh U dl
Train Epoch: 0 [0/16368 (0%)]	Loss: 0.234556
Train Epoch: 0 [4800/16368 (29%)]	Loss: 0.330360
Train Epoch: 0 [9600/16368 (59%)]	Loss: 0.076764
Train Epoch: 0 [14400/16368 (88%)]	Loss: 0.083999
====> Epoch: 0 Average loss: 0.0186
Train Epoch: 1 [0/16368 (0%)]	Loss: 0.527510
Train Epoch: 1 [4800/16368 (29%)]	Loss: 0.185160
Train Epoch: 1 [9600/16368 (59%)]	Loss: 0.486925
Train Epoch: 1 [14400/16368 (88%)]	Loss: 0.216025
====> Epoch: 1 Average loss: 0.0155
Train Epoch: 2 [0/16368 (0%)]	Loss: 0.122250
Train Epoch: 2 [4800/16368 (29%)]	Loss: 0.486763
Train Epoch: 2 [9600/16368 (59%)]	Loss: 0.124414
Train Epoch: 2 [14400/16368 (88%)]	Loss: 0.319892
====> Epoch: 2 Average loss: 0.0140
Train Epoch: 3 [0/16368 (0%)]	Loss: 0.153329
Train Epoch: 3 [4800/16368 (29%)]	Loss: 0.058755
Train Epoch: 3 [9600/16368 (59%)]	Loss: 0.470552
Train Epoch: 3 [14400/16368 (88%)]	Loss: 0.938403
====> Epoch: 3 Average loss: 0.0125
Train Epoch: 4 [0/16368 (0%)]	Loss: 0.498422
Train Epoch: 4 [4800/16368 (29%)]	Loss: 0.043019
Train Epoch: 4 [9600/16368 (59%)]	Loss: 0.029869
Train Epoch: 4 [14400/16368 (88%)]	Loss: 0.211195
====> Epoch: 4 Average loss: 0.0116
Train Epoch: 5 [0/16368 (0%)]	Loss: 0.049588
Train Epoch: 5 [4800/16368 (29%)]	Loss: 0.020822
Train Epoch: 5 [9600/16368 (59%)]	Loss: 0.049345
Train Epoch: 5 [14400/16368 (88%)]	Loss: 0.029176
====> Epoch: 5 Average loss: 0.0111
Train Epoch: 6 [0/16368 (0%)]	Loss: 0.071857
Train Epoch: 6 [4800/16368 (29%)]	Loss: 0.129684
Train Epoch: 6 [9600/16368 (59%)]	Loss: 0.292383
Train Epoch: 6 [14400/16368 (88%)]	Loss: 0.227533
====> Epoch: 6 Average loss: 0.0103
Train Epoch: 7 [0/16368 (0%)]	Loss: 0.180294
Train Epoch: 7 [4800/16368 (29%)]	Loss: 0.094307
Train Epoch: 7 [9600/16368 (59%)]	Loss: 0.037268
Train Epoch: 7 [14400/16368 (88%)]	Loss: 0.039248
====> Epoch: 7 Average loss: 0.0103
Train Epoch: 8 [0/16368 (0%)]	Loss: 0.065193
Train Epoch: 8 [4800/16368 (29%)]	Loss: 0.055236
Train Epoch: 8 [9600/16368 (59%)]	Loss: 0.158167
Train Epoch: 8 [14400/16368 (88%)]	Loss: 0.322715
====> Epoch: 8 Average loss: 0.0098
INFO:__main__: remove 1000 uncertain samples from du
Train Epoch: 9 [0/16368 (0%)]	Loss: 0.025924
Train Epoch: 9 [4800/16368 (29%)]	Loss: 0.039841
Train Epoch: 9 [9600/16368 (59%)]	Loss: 0.106514
Train Epoch: 9 [14400/16368 (88%)]	Loss: 0.144707
====> Epoch: 9 Average loss: 0.0099
INFO:__main__: Iteration: 12: run prediction on unlabeled data `du` 
Iteration: 11, len(dl): 16368, len(du): 9528, len(dh) 0, acc: 53.847466302678725 
INFO:__main__: Update size of `dl`  and `du` by adding uncertain 1000 samples in `dl` len(dl): 17368, len(du) 9528
INFO:__main__: Update size of `dl`  and `du` by adding 0 hcs samples in `dl` len(dl): 17368, len(du) 9528
INFO:__main__: Iteration: 12 fine-tune the model on dh U dl
Train Epoch: 0 [0/17368 (0%)]	Loss: 0.083780
Train Epoch: 0 [4800/17368 (28%)]	Loss: 0.034916
Train Epoch: 0 [9600/17368 (55%)]	Loss: 0.081678
Train Epoch: 0 [14400/17368 (83%)]	Loss: 0.046541
====> Epoch: 0 Average loss: 0.0172
Train Epoch: 1 [0/17368 (0%)]	Loss: 0.669822
Train Epoch: 1 [4800/17368 (28%)]	Loss: 0.304183
Train Epoch: 1 [9600/17368 (55%)]	Loss: 0.176137
Train Epoch: 1 [14400/17368 (83%)]	Loss: 0.442808
====> Epoch: 1 Average loss: 0.0149
Train Epoch: 2 [0/17368 (0%)]	Loss: 0.095311
Train Epoch: 2 [4800/17368 (28%)]	Loss: 0.294483
Train Epoch: 2 [9600/17368 (55%)]	Loss: 0.115932
Train Epoch: 2 [14400/17368 (83%)]	Loss: 0.089144
====> Epoch: 2 Average loss: 0.0128
Train Epoch: 3 [0/17368 (0%)]	Loss: 0.075941
Train Epoch: 3 [4800/17368 (28%)]	Loss: 0.063188
Train Epoch: 3 [9600/17368 (55%)]	Loss: 0.040340
Train Epoch: 3 [14400/17368 (83%)]	Loss: 0.121274
====> Epoch: 3 Average loss: 0.0122
Train Epoch: 4 [0/17368 (0%)]	Loss: 0.369518
Train Epoch: 4 [4800/17368 (28%)]	Loss: 0.026689
Train Epoch: 4 [9600/17368 (55%)]	Loss: 0.081990
Train Epoch: 4 [14400/17368 (83%)]	Loss: 0.028503
====> Epoch: 4 Average loss: 0.0114
Train Epoch: 5 [0/17368 (0%)]	Loss: 0.315478
Train Epoch: 5 [4800/17368 (28%)]	Loss: 0.088174
Train Epoch: 5 [9600/17368 (55%)]	Loss: 0.140801
Train Epoch: 5 [14400/17368 (83%)]	Loss: 0.068587
====> Epoch: 5 Average loss: 0.0104
Train Epoch: 6 [0/17368 (0%)]	Loss: 0.277412
Train Epoch: 6 [4800/17368 (28%)]	Loss: 0.280780
Train Epoch: 6 [9600/17368 (55%)]	Loss: 0.016151
Train Epoch: 6 [14400/17368 (83%)]	Loss: 0.277946
====> Epoch: 6 Average loss: 0.0102
Train Epoch: 7 [0/17368 (0%)]	Loss: 0.032199
Train Epoch: 7 [4800/17368 (28%)]	Loss: 0.182183
Train Epoch: 7 [9600/17368 (55%)]	Loss: 0.164431
Train Epoch: 7 [14400/17368 (83%)]	Loss: 0.047010
====> Epoch: 7 Average loss: 0.0097
Train Epoch: 8 [0/17368 (0%)]	Loss: 0.183603
Train Epoch: 8 [4800/17368 (28%)]	Loss: 0.232759
Train Epoch: 8 [9600/17368 (55%)]	Loss: 0.309356
Train Epoch: 8 [14400/17368 (83%)]	Loss: 0.469825
====> Epoch: 8 Average loss: 0.0095
INFO:__main__: remove 1000 uncertain samples from du
Train Epoch: 9 [0/17368 (0%)]	Loss: 0.204626
Train Epoch: 9 [4800/17368 (28%)]	Loss: 0.247767
Train Epoch: 9 [9600/17368 (55%)]	Loss: 0.535800
Train Epoch: 9 [14400/17368 (83%)]	Loss: 0.360657
====> Epoch: 9 Average loss: 0.0097
INFO:__main__: Iteration: 13: run prediction on unlabeled data `du` 
Iteration: 12, len(dl): 17368, len(du): 8528, len(dh) 0, acc: 54.990615935847124 
INFO:__main__: Update size of `dl`  and `du` by adding uncertain 1000 samples in `dl` len(dl): 18368, len(du) 8528
INFO:__main__: Update size of `dl`  and `du` by adding 0 hcs samples in `dl` len(dl): 18368, len(du) 8528
INFO:__main__: Iteration: 13 fine-tune the model on dh U dl
Train Epoch: 0 [0/18368 (0%)]	Loss: 0.061020
Train Epoch: 0 [4800/18368 (26%)]	Loss: 0.577209
Train Epoch: 0 [9600/18368 (52%)]	Loss: 0.126410
Train Epoch: 0 [14400/18368 (78%)]	Loss: 0.593316
====> Epoch: 0 Average loss: 0.0170
Train Epoch: 1 [0/18368 (0%)]	Loss: 0.506528
Train Epoch: 1 [4800/18368 (26%)]	Loss: 0.683855
Train Epoch: 1 [9600/18368 (52%)]	Loss: 0.206132
Train Epoch: 1 [14400/18368 (78%)]	Loss: 0.295770
====> Epoch: 1 Average loss: 0.0146
Train Epoch: 2 [0/18368 (0%)]	Loss: 0.074283
Train Epoch: 2 [4800/18368 (26%)]	Loss: 0.071143
Train Epoch: 2 [9600/18368 (52%)]	Loss: 0.349328
Train Epoch: 2 [14400/18368 (78%)]	Loss: 0.065714
====> Epoch: 2 Average loss: 0.0133
Train Epoch: 3 [0/18368 (0%)]	Loss: 0.022336
Train Epoch: 3 [4800/18368 (26%)]	Loss: 0.282380
Train Epoch: 3 [9600/18368 (52%)]	Loss: 0.192246
Train Epoch: 3 [14400/18368 (78%)]	Loss: 0.377679
====> Epoch: 3 Average loss: 0.0119
Train Epoch: 4 [0/18368 (0%)]	Loss: 0.312526
Train Epoch: 4 [4800/18368 (26%)]	Loss: 0.109220
Train Epoch: 4 [9600/18368 (52%)]	Loss: 0.101766
Train Epoch: 4 [14400/18368 (78%)]	Loss: 0.311600
====> Epoch: 4 Average loss: 0.0116
Train Epoch: 5 [0/18368 (0%)]	Loss: 0.110553
Train Epoch: 5 [4800/18368 (26%)]	Loss: 0.043475
Train Epoch: 5 [9600/18368 (52%)]	Loss: 0.149786
Train Epoch: 5 [14400/18368 (78%)]	Loss: 0.346985
====> Epoch: 5 Average loss: 0.0112
Train Epoch: 6 [0/18368 (0%)]	Loss: 0.312657
Train Epoch: 6 [4800/18368 (26%)]	Loss: 0.108990
Train Epoch: 6 [9600/18368 (52%)]	Loss: 0.339183
Train Epoch: 6 [14400/18368 (78%)]	Loss: 0.102234
====> Epoch: 6 Average loss: 0.0096
Train Epoch: 7 [0/18368 (0%)]	Loss: 0.129247
Train Epoch: 7 [4800/18368 (26%)]	Loss: 0.069770
Train Epoch: 7 [9600/18368 (52%)]	Loss: 0.282081
Train Epoch: 7 [14400/18368 (78%)]	Loss: 0.283635
====> Epoch: 7 Average loss: 0.0096
Train Epoch: 8 [0/18368 (0%)]	Loss: 0.167944
Train Epoch: 8 [4800/18368 (26%)]	Loss: 0.223306
Train Epoch: 8 [9600/18368 (52%)]	Loss: 0.198709
Train Epoch: 8 [14400/18368 (78%)]	Loss: 0.053307
====> Epoch: 8 Average loss: 0.0097
INFO:__main__: remove 1000 uncertain samples from du
Train Epoch: 9 [0/18368 (0%)]	Loss: 0.067932
Train Epoch: 9 [4800/18368 (26%)]	Loss: 0.333235
Train Epoch: 9 [9600/18368 (52%)]	Loss: 0.076159
Train Epoch: 9 [14400/18368 (78%)]	Loss: 0.259449
====> Epoch: 9 Average loss: 0.0095
INFO:__main__: Iteration: 14: run prediction on unlabeled data `du` 
Iteration: 13, len(dl): 18368, len(du): 7528, len(dh) 0, acc: 55.178297218904625 
INFO:__main__: Update size of `dl`  and `du` by adding uncertain 1000 samples in `dl` len(dl): 19368, len(du) 7528
INFO:__main__: Update size of `dl`  and `du` by adding 0 hcs samples in `dl` len(dl): 19368, len(du) 7528
INFO:__main__: Iteration: 14 fine-tune the model on dh U dl
Train Epoch: 0 [0/19368 (0%)]	Loss: 0.361672
Train Epoch: 0 [4800/19368 (25%)]	Loss: 0.122577
Train Epoch: 0 [9600/19368 (50%)]	Loss: 0.243509
Train Epoch: 0 [14400/19368 (74%)]	Loss: 0.550552
Train Epoch: 0 [19200/19368 (99%)]	Loss: 0.283898
====> Epoch: 0 Average loss: 0.0163
Train Epoch: 1 [0/19368 (0%)]	Loss: 0.145196
Train Epoch: 1 [4800/19368 (25%)]	Loss: 0.035926
Train Epoch: 1 [9600/19368 (50%)]	Loss: 0.011425
Train Epoch: 1 [14400/19368 (74%)]	Loss: 0.288494
Train Epoch: 1 [19200/19368 (99%)]	Loss: 0.018482
====> Epoch: 1 Average loss: 0.0141
Train Epoch: 2 [0/19368 (0%)]	Loss: 0.631035
Train Epoch: 2 [4800/19368 (25%)]	Loss: 0.086307
Train Epoch: 2 [9600/19368 (50%)]	Loss: 0.154527
Train Epoch: 2 [14400/19368 (74%)]	Loss: 0.447708
Train Epoch: 2 [19200/19368 (99%)]	Loss: 0.293366
====> Epoch: 2 Average loss: 0.0125
Train Epoch: 3 [0/19368 (0%)]	Loss: 0.338907
Train Epoch: 3 [4800/19368 (25%)]	Loss: 0.242928
Train Epoch: 3 [9600/19368 (50%)]	Loss: 0.033900
Train Epoch: 3 [14400/19368 (74%)]	Loss: 0.093288
Train Epoch: 3 [19200/19368 (99%)]	Loss: 0.326364
====> Epoch: 3 Average loss: 0.0118
Train Epoch: 4 [0/19368 (0%)]	Loss: 0.233853
Train Epoch: 4 [4800/19368 (25%)]	Loss: 0.132941
Train Epoch: 4 [9600/19368 (50%)]	Loss: 0.028710
Train Epoch: 4 [14400/19368 (74%)]	Loss: 0.142594
Train Epoch: 4 [19200/19368 (99%)]	Loss: 0.070004
====> Epoch: 4 Average loss: 0.0109
Train Epoch: 5 [0/19368 (0%)]	Loss: 0.051400
Train Epoch: 5 [4800/19368 (25%)]	Loss: 0.039572
Train Epoch: 5 [9600/19368 (50%)]	Loss: 0.084216
Train Epoch: 5 [14400/19368 (74%)]	Loss: 0.045222
Train Epoch: 5 [19200/19368 (99%)]	Loss: 0.219732
====> Epoch: 5 Average loss: 0.0102
Train Epoch: 6 [0/19368 (0%)]	Loss: 0.092299
Train Epoch: 6 [4800/19368 (25%)]	Loss: 0.266431
Train Epoch: 6 [9600/19368 (50%)]	Loss: 0.308474
Train Epoch: 6 [14400/19368 (74%)]	Loss: 0.052911
Train Epoch: 6 [19200/19368 (99%)]	Loss: 0.148363
====> Epoch: 6 Average loss: 0.0103
Train Epoch: 7 [0/19368 (0%)]	Loss: 0.100954
Train Epoch: 7 [4800/19368 (25%)]	Loss: 0.043794
Train Epoch: 7 [9600/19368 (50%)]	Loss: 0.222597
Train Epoch: 7 [14400/19368 (74%)]	Loss: 0.078903
Train Epoch: 7 [19200/19368 (99%)]	Loss: 0.174174
====> Epoch: 7 Average loss: 0.0099
Train Epoch: 8 [0/19368 (0%)]	Loss: 0.014892
Train Epoch: 8 [4800/19368 (25%)]	Loss: 0.052134
Train Epoch: 8 [9600/19368 (50%)]	Loss: 0.055056
Train Epoch: 8 [14400/19368 (74%)]	Loss: 0.201923
Train Epoch: 8 [19200/19368 (99%)]	Loss: 0.187549
====> Epoch: 8 Average loss: 0.0092
INFO:__main__: remove 1000 uncertain samples from du
Train Epoch: 9 [0/19368 (0%)]	Loss: 0.033091
Train Epoch: 9 [4800/19368 (25%)]	Loss: 0.121033
Train Epoch: 9 [9600/19368 (50%)]	Loss: 0.384255
Train Epoch: 9 [14400/19368 (74%)]	Loss: 0.336739
Train Epoch: 9 [19200/19368 (99%)]	Loss: 0.210394
====> Epoch: 9 Average loss: 0.0092
INFO:__main__: Iteration: 15: run prediction on unlabeled data `du` 
Iteration: 14, len(dl): 19368, len(du): 6528, len(dh) 0, acc: 55.69015526360689 
INFO:__main__: Update size of `dl`  and `du` by adding uncertain 1000 samples in `dl` len(dl): 20368, len(du) 6528
INFO:__main__: Update size of `dl`  and `du` by adding 0 hcs samples in `dl` len(dl): 20368, len(du) 6528
INFO:__main__: Iteration: 15 fine-tune the model on dh U dl
Train Epoch: 0 [0/20368 (0%)]	Loss: 0.704729
Train Epoch: 0 [4800/20368 (24%)]	Loss: 0.157249
Train Epoch: 0 [9600/20368 (47%)]	Loss: 0.129473
Train Epoch: 0 [14400/20368 (71%)]	Loss: 0.834392
Train Epoch: 0 [19200/20368 (94%)]	Loss: 0.076032
====> Epoch: 0 Average loss: 0.0156
Train Epoch: 1 [0/20368 (0%)]	Loss: 0.717236
Train Epoch: 1 [4800/20368 (24%)]	Loss: 0.971362
Train Epoch: 1 [9600/20368 (47%)]	Loss: 0.496801
Train Epoch: 1 [14400/20368 (71%)]	Loss: 0.246898
Train Epoch: 1 [19200/20368 (94%)]	Loss: 0.046215
====> Epoch: 1 Average loss: 0.0139
Train Epoch: 2 [0/20368 (0%)]	Loss: 0.051249
Train Epoch: 2 [4800/20368 (24%)]	Loss: 0.049799
Train Epoch: 2 [9600/20368 (47%)]	Loss: 0.035606
Train Epoch: 2 [14400/20368 (71%)]	Loss: 0.051053
Train Epoch: 2 [19200/20368 (94%)]	Loss: 0.197167
====> Epoch: 2 Average loss: 0.0126
Train Epoch: 3 [0/20368 (0%)]	Loss: 0.152439
Train Epoch: 3 [4800/20368 (24%)]	Loss: 0.237351
Train Epoch: 3 [9600/20368 (47%)]	Loss: 0.148463
Train Epoch: 3 [14400/20368 (71%)]	Loss: 0.134599
Train Epoch: 3 [19200/20368 (94%)]	Loss: 0.228534
====> Epoch: 3 Average loss: 0.0114
Train Epoch: 4 [0/20368 (0%)]	Loss: 0.094690
Train Epoch: 4 [4800/20368 (24%)]	Loss: 0.120114
Train Epoch: 4 [9600/20368 (47%)]	Loss: 0.216853
Train Epoch: 4 [14400/20368 (71%)]	Loss: 0.177844
Train Epoch: 4 [19200/20368 (94%)]	Loss: 0.020655
====> Epoch: 4 Average loss: 0.0110
Train Epoch: 5 [0/20368 (0%)]	Loss: 0.096226
Train Epoch: 5 [4800/20368 (24%)]	Loss: 0.350885
Train Epoch: 5 [9600/20368 (47%)]	Loss: 0.265192
Train Epoch: 5 [14400/20368 (71%)]	Loss: 0.146120
Train Epoch: 5 [19200/20368 (94%)]	Loss: 0.119692
====> Epoch: 5 Average loss: 0.0106
Train Epoch: 6 [0/20368 (0%)]	Loss: 0.258791
Train Epoch: 6 [4800/20368 (24%)]	Loss: 0.127161
Train Epoch: 6 [9600/20368 (47%)]	Loss: 0.097481
Train Epoch: 6 [14400/20368 (71%)]	Loss: 0.102629
Train Epoch: 6 [19200/20368 (94%)]	Loss: 0.052141
====> Epoch: 6 Average loss: 0.0103
Train Epoch: 7 [0/20368 (0%)]	Loss: 0.131478
Train Epoch: 7 [4800/20368 (24%)]	Loss: 0.305748
Train Epoch: 7 [9600/20368 (47%)]	Loss: 0.395883
Train Epoch: 7 [14400/20368 (71%)]	Loss: 0.230003
Train Epoch: 7 [19200/20368 (94%)]	Loss: 0.034893
====> Epoch: 7 Average loss: 0.0095
Train Epoch: 8 [0/20368 (0%)]	Loss: 0.022512
Train Epoch: 8 [4800/20368 (24%)]	Loss: 0.089881
Train Epoch: 8 [9600/20368 (47%)]	Loss: 0.343671
Train Epoch: 8 [14400/20368 (71%)]	Loss: 0.354244
Train Epoch: 8 [19200/20368 (94%)]	Loss: 0.223620
====> Epoch: 8 Average loss: 0.0092
INFO:__main__: remove 1000 uncertain samples from du
Train Epoch: 9 [0/20368 (0%)]	Loss: 0.435013
Train Epoch: 9 [4800/20368 (24%)]	Loss: 0.029314
Train Epoch: 9 [9600/20368 (47%)]	Loss: 0.028834
Train Epoch: 9 [14400/20368 (71%)]	Loss: 0.340914
Train Epoch: 9 [19200/20368 (94%)]	Loss: 0.149766
====> Epoch: 9 Average loss: 0.0092
INFO:__main__: Iteration: 16: run prediction on unlabeled data `du` 
Iteration: 15, len(dl): 20368, len(du): 5528, len(dh) 0, acc: 56.42381846101348 
INFO:__main__: Update size of `dl`  and `du` by adding uncertain 1000 samples in `dl` len(dl): 21368, len(du) 5528
INFO:__main__: Update size of `dl`  and `du` by adding 0 hcs samples in `dl` len(dl): 21368, len(du) 5528
INFO:__main__: Iteration: 16 fine-tune the model on dh U dl
Train Epoch: 0 [0/21368 (0%)]	Loss: 0.359392
Train Epoch: 0 [4800/21368 (22%)]	Loss: 0.023546
Train Epoch: 0 [9600/21368 (45%)]	Loss: 0.041684
Train Epoch: 0 [14400/21368 (67%)]	Loss: 0.138768
Train Epoch: 0 [19200/21368 (90%)]	Loss: 0.084648
====> Epoch: 0 Average loss: 0.0161
Train Epoch: 1 [0/21368 (0%)]	Loss: 0.057618
Train Epoch: 1 [4800/21368 (22%)]	Loss: 0.025723
Train Epoch: 1 [9600/21368 (45%)]	Loss: 0.292715
Train Epoch: 1 [14400/21368 (67%)]	Loss: 0.229727
Train Epoch: 1 [19200/21368 (90%)]	Loss: 0.075782
====> Epoch: 1 Average loss: 0.0139
Train Epoch: 2 [0/21368 (0%)]	Loss: 0.011608
Train Epoch: 2 [4800/21368 (22%)]	Loss: 0.051822
Train Epoch: 2 [9600/21368 (45%)]	Loss: 0.195020
Train Epoch: 2 [14400/21368 (67%)]	Loss: 0.124396
Train Epoch: 2 [19200/21368 (90%)]	Loss: 0.300229
====> Epoch: 2 Average loss: 0.0124
Train Epoch: 3 [0/21368 (0%)]	Loss: 0.646407
Train Epoch: 3 [4800/21368 (22%)]	Loss: 0.013200
Train Epoch: 3 [9600/21368 (45%)]	Loss: 0.145955
Train Epoch: 3 [14400/21368 (67%)]	Loss: 0.017407
Train Epoch: 3 [19200/21368 (90%)]	Loss: 0.113135
====> Epoch: 3 Average loss: 0.0112
Train Epoch: 4 [0/21368 (0%)]	Loss: 0.192957
Train Epoch: 4 [4800/21368 (22%)]	Loss: 0.332077
Train Epoch: 4 [9600/21368 (45%)]	Loss: 0.189462
Train Epoch: 4 [14400/21368 (67%)]	Loss: 0.190818
Train Epoch: 4 [19200/21368 (90%)]	Loss: 0.073478
====> Epoch: 4 Average loss: 0.0112
Train Epoch: 5 [0/21368 (0%)]	Loss: 0.167039
Train Epoch: 5 [4800/21368 (22%)]	Loss: 0.346124
Train Epoch: 5 [9600/21368 (45%)]	Loss: 0.376381
Train Epoch: 5 [14400/21368 (67%)]	Loss: 0.129926
Train Epoch: 5 [19200/21368 (90%)]	Loss: 0.137092
====> Epoch: 5 Average loss: 0.0108
Train Epoch: 6 [0/21368 (0%)]	Loss: 0.070289
Train Epoch: 6 [4800/21368 (22%)]	Loss: 0.124587
Train Epoch: 6 [9600/21368 (45%)]	Loss: 0.099900
Train Epoch: 6 [14400/21368 (67%)]	Loss: 0.024959
Train Epoch: 6 [19200/21368 (90%)]	Loss: 0.293081
====> Epoch: 6 Average loss: 0.0100
Train Epoch: 7 [0/21368 (0%)]	Loss: 0.065404
Train Epoch: 7 [4800/21368 (22%)]	Loss: 0.138228
Train Epoch: 7 [9600/21368 (45%)]	Loss: 0.042718
Train Epoch: 7 [14400/21368 (67%)]	Loss: 0.198110
Train Epoch: 7 [19200/21368 (90%)]	Loss: 0.155912
====> Epoch: 7 Average loss: 0.0098
Train Epoch: 8 [0/21368 (0%)]	Loss: 0.074098
Train Epoch: 8 [4800/21368 (22%)]	Loss: 0.186770
Train Epoch: 8 [9600/21368 (45%)]	Loss: 0.132065
Train Epoch: 8 [14400/21368 (67%)]	Loss: 0.366002
Train Epoch: 8 [19200/21368 (90%)]	Loss: 0.038732
====> Epoch: 8 Average loss: 0.0099
INFO:__main__: remove 1000 uncertain samples from du
Train Epoch: 9 [0/21368 (0%)]	Loss: 0.102661
Train Epoch: 9 [4800/21368 (22%)]	Loss: 0.133682
Train Epoch: 9 [9600/21368 (45%)]	Loss: 0.082971
Train Epoch: 9 [14400/21368 (67%)]	Loss: 0.033704
Train Epoch: 9 [19200/21368 (90%)]	Loss: 0.124384
====> Epoch: 9 Average loss: 0.0092
INFO:__main__: Iteration: 17: run prediction on unlabeled data `du` 
Iteration: 16, len(dl): 21368, len(du): 4528, len(dh) 0, acc: 56.594437809247566 
INFO:__main__: Update size of `dl`  and `du` by adding uncertain 1000 samples in `dl` len(dl): 22368, len(du) 4528
INFO:__main__: Update size of `dl`  and `du` by adding 0 hcs samples in `dl` len(dl): 22368, len(du) 4528
INFO:__main__: Iteration: 17 fine-tune the model on dh U dl
Train Epoch: 0 [0/22368 (0%)]	Loss: 0.238390
Train Epoch: 0 [4800/22368 (21%)]	Loss: 0.109661
Train Epoch: 0 [9600/22368 (43%)]	Loss: 0.531823
Train Epoch: 0 [14400/22368 (64%)]	Loss: 0.202643
Train Epoch: 0 [19200/22368 (86%)]	Loss: 0.878854
====> Epoch: 0 Average loss: 0.0149
Train Epoch: 1 [0/22368 (0%)]	Loss: 0.048845
Train Epoch: 1 [4800/22368 (21%)]	Loss: 0.219843
Train Epoch: 1 [9600/22368 (43%)]	Loss: 0.128555
Train Epoch: 1 [14400/22368 (64%)]	Loss: 0.362219
Train Epoch: 1 [19200/22368 (86%)]	Loss: 0.240791
====> Epoch: 1 Average loss: 0.0133
Train Epoch: 2 [0/22368 (0%)]	Loss: 0.045773
Train Epoch: 2 [4800/22368 (21%)]	Loss: 0.225991
Train Epoch: 2 [9600/22368 (43%)]	Loss: 0.054501
Train Epoch: 2 [14400/22368 (64%)]	Loss: 0.060433
Train Epoch: 2 [19200/22368 (86%)]	Loss: 0.072347
====> Epoch: 2 Average loss: 0.0119
Train Epoch: 3 [0/22368 (0%)]	Loss: 0.111002
Train Epoch: 3 [4800/22368 (21%)]	Loss: 0.182649
Train Epoch: 3 [9600/22368 (43%)]	Loss: 0.340200
Train Epoch: 3 [14400/22368 (64%)]	Loss: 0.320291
Train Epoch: 3 [19200/22368 (86%)]	Loss: 0.230580
====> Epoch: 3 Average loss: 0.0112
Train Epoch: 4 [0/22368 (0%)]	Loss: 0.219617
Train Epoch: 4 [4800/22368 (21%)]	Loss: 0.125836
Train Epoch: 4 [9600/22368 (43%)]	Loss: 0.242025
Train Epoch: 4 [14400/22368 (64%)]	Loss: 0.292003
Train Epoch: 4 [19200/22368 (86%)]	Loss: 0.390297
====> Epoch: 4 Average loss: 0.0109
Train Epoch: 5 [0/22368 (0%)]	Loss: 0.048617
Train Epoch: 5 [4800/22368 (21%)]	Loss: 0.063653
Train Epoch: 5 [9600/22368 (43%)]	Loss: 0.275190
Train Epoch: 5 [14400/22368 (64%)]	Loss: 0.104407
Train Epoch: 5 [19200/22368 (86%)]	Loss: 0.139579
====> Epoch: 5 Average loss: 0.0103
Train Epoch: 6 [0/22368 (0%)]	Loss: 0.038259
Train Epoch: 6 [4800/22368 (21%)]	Loss: 0.015257
Train Epoch: 6 [9600/22368 (43%)]	Loss: 0.012784
Train Epoch: 6 [14400/22368 (64%)]	Loss: 0.299612
Train Epoch: 6 [19200/22368 (86%)]	Loss: 0.045739
====> Epoch: 6 Average loss: 0.0100
Train Epoch: 7 [0/22368 (0%)]	Loss: 0.453754
Train Epoch: 7 [4800/22368 (21%)]	Loss: 0.195658
Train Epoch: 7 [9600/22368 (43%)]	Loss: 0.151546
Train Epoch: 7 [14400/22368 (64%)]	Loss: 0.223032
Train Epoch: 7 [19200/22368 (86%)]	Loss: 0.139540
====> Epoch: 7 Average loss: 0.0098
Train Epoch: 8 [0/22368 (0%)]	Loss: 0.098877
Train Epoch: 8 [4800/22368 (21%)]	Loss: 0.179255
Train Epoch: 8 [9600/22368 (43%)]	Loss: 0.225320
Train Epoch: 8 [14400/22368 (64%)]	Loss: 0.087025
Train Epoch: 8 [19200/22368 (86%)]	Loss: 0.367581
====> Epoch: 8 Average loss: 0.0092
INFO:__main__: remove 1000 uncertain samples from du
Train Epoch: 9 [0/22368 (0%)]	Loss: 0.151084
Train Epoch: 9 [4800/22368 (21%)]	Loss: 0.026924
Train Epoch: 9 [9600/22368 (43%)]	Loss: 0.113466
Train Epoch: 9 [14400/22368 (64%)]	Loss: 0.123477
Train Epoch: 9 [19200/22368 (86%)]	Loss: 0.016032
====> Epoch: 9 Average loss: 0.0092
INFO:__main__: Iteration: 18: run prediction on unlabeled data `du` 
Iteration: 17, len(dl): 22368, len(du): 3528, len(dh) 0, acc: 57.25985326736052 
INFO:__main__: Update size of `dl`  and `du` by adding uncertain 1000 samples in `dl` len(dl): 23368, len(du) 3528
INFO:__main__: Update size of `dl`  and `du` by adding 0 hcs samples in `dl` len(dl): 23368, len(du) 3528
INFO:__main__: Iteration: 18 fine-tune the model on dh U dl
Train Epoch: 0 [0/23368 (0%)]	Loss: 1.989641
Train Epoch: 0 [4800/23368 (21%)]	Loss: 0.178643
Train Epoch: 0 [9600/23368 (41%)]	Loss: 0.324783
Train Epoch: 0 [14400/23368 (62%)]	Loss: 0.105938
Train Epoch: 0 [19200/23368 (82%)]	Loss: 0.722293
====> Epoch: 0 Average loss: 0.0147
Train Epoch: 1 [0/23368 (0%)]	Loss: 0.036203
Train Epoch: 1 [4800/23368 (21%)]	Loss: 0.101887
Train Epoch: 1 [9600/23368 (41%)]	Loss: 0.485538
Train Epoch: 1 [14400/23368 (62%)]	Loss: 0.085798
Train Epoch: 1 [19200/23368 (82%)]	Loss: 0.092343
====> Epoch: 1 Average loss: 0.0131
Train Epoch: 2 [0/23368 (0%)]	Loss: 0.183841
Train Epoch: 2 [4800/23368 (21%)]	Loss: 0.029608
Train Epoch: 2 [9600/23368 (41%)]	Loss: 0.165759
Train Epoch: 2 [14400/23368 (62%)]	Loss: 0.064042
Train Epoch: 2 [19200/23368 (82%)]	Loss: 0.005417
====> Epoch: 2 Average loss: 0.0125
Train Epoch: 3 [0/23368 (0%)]	Loss: 0.105101
Train Epoch: 3 [4800/23368 (21%)]	Loss: 0.045117
Train Epoch: 3 [9600/23368 (41%)]	Loss: 0.131689
Train Epoch: 3 [14400/23368 (62%)]	Loss: 0.250230
Train Epoch: 3 [19200/23368 (82%)]	Loss: 0.146661
====> Epoch: 3 Average loss: 0.0114
Train Epoch: 4 [0/23368 (0%)]	Loss: 0.271339
Train Epoch: 4 [4800/23368 (21%)]	Loss: 0.064508
Train Epoch: 4 [9600/23368 (41%)]	Loss: 0.575045
Train Epoch: 4 [14400/23368 (62%)]	Loss: 0.322117
Train Epoch: 4 [19200/23368 (82%)]	Loss: 0.033854
====> Epoch: 4 Average loss: 0.0108
Train Epoch: 5 [0/23368 (0%)]	Loss: 0.090953
Train Epoch: 5 [4800/23368 (21%)]	Loss: 0.057100
Train Epoch: 5 [9600/23368 (41%)]	Loss: 0.027773
Train Epoch: 5 [14400/23368 (62%)]	Loss: 0.248138
Train Epoch: 5 [19200/23368 (82%)]	Loss: 0.572120
====> Epoch: 5 Average loss: 0.0104
Train Epoch: 6 [0/23368 (0%)]	Loss: 0.041470
Train Epoch: 6 [4800/23368 (21%)]	Loss: 0.217665
Train Epoch: 6 [9600/23368 (41%)]	Loss: 0.173885
Train Epoch: 6 [14400/23368 (62%)]	Loss: 0.116856
Train Epoch: 6 [19200/23368 (82%)]	Loss: 0.234353
====> Epoch: 6 Average loss: 0.0099
Train Epoch: 7 [0/23368 (0%)]	Loss: 0.115405
Train Epoch: 7 [4800/23368 (21%)]	Loss: 0.092030
Train Epoch: 7 [9600/23368 (41%)]	Loss: 0.025036
Train Epoch: 7 [14400/23368 (62%)]	Loss: 0.013575
Train Epoch: 7 [19200/23368 (82%)]	Loss: 0.204950
====> Epoch: 7 Average loss: 0.0098
Train Epoch: 8 [0/23368 (0%)]	Loss: 0.069810
Train Epoch: 8 [4800/23368 (21%)]	Loss: 0.008332
Train Epoch: 8 [9600/23368 (41%)]	Loss: 0.425976
Train Epoch: 8 [14400/23368 (62%)]	Loss: 0.061434
Train Epoch: 8 [19200/23368 (82%)]	Loss: 0.031784
====> Epoch: 8 Average loss: 0.0092
INFO:__main__: remove 1000 uncertain samples from du
Train Epoch: 9 [0/23368 (0%)]	Loss: 0.047608
Train Epoch: 9 [4800/23368 (21%)]	Loss: 0.040896
Train Epoch: 9 [9600/23368 (41%)]	Loss: 0.114723
Train Epoch: 9 [14400/23368 (62%)]	Loss: 0.122238
Train Epoch: 9 [19200/23368 (82%)]	Loss: 0.046062
====> Epoch: 9 Average loss: 0.0089
INFO:__main__: Iteration: 19: run prediction on unlabeled data `du` 
Iteration: 18, len(dl): 23368, len(du): 2528, len(dh) 0, acc: 57.24279133253711 
INFO:__main__: Update size of `dl`  and `du` by adding uncertain 1000 samples in `dl` len(dl): 24368, len(du) 2528
INFO:__main__: Update size of `dl`  and `du` by adding 0 hcs samples in `dl` len(dl): 24368, len(du) 2528
INFO:__main__: Iteration: 19 fine-tune the model on dh U dl
Train Epoch: 0 [0/24368 (0%)]	Loss: 0.209433
Train Epoch: 0 [4800/24368 (20%)]	Loss: 0.006134
Train Epoch: 0 [9600/24368 (39%)]	Loss: 0.090586
Train Epoch: 0 [14400/24368 (59%)]	Loss: 0.107260
Train Epoch: 0 [19200/24368 (79%)]	Loss: 0.057770
Train Epoch: 0 [24000/24368 (98%)]	Loss: 0.052301
====> Epoch: 0 Average loss: 0.0149
Train Epoch: 1 [0/24368 (0%)]	Loss: 0.145853
Train Epoch: 1 [4800/24368 (20%)]	Loss: 0.264742
Train Epoch: 1 [9600/24368 (39%)]	Loss: 0.045644
Train Epoch: 1 [14400/24368 (59%)]	Loss: 0.104559
Train Epoch: 1 [19200/24368 (79%)]	Loss: 0.821389
Train Epoch: 1 [24000/24368 (98%)]	Loss: 0.113982
====> Epoch: 1 Average loss: 0.0132
Train Epoch: 2 [0/24368 (0%)]	Loss: 0.281266
Train Epoch: 2 [4800/24368 (20%)]	Loss: 0.143931
Train Epoch: 2 [9600/24368 (39%)]	Loss: 0.231321
Train Epoch: 2 [14400/24368 (59%)]	Loss: 0.451516
Train Epoch: 2 [19200/24368 (79%)]	Loss: 0.012306
Train Epoch: 2 [24000/24368 (98%)]	Loss: 0.540724
====> Epoch: 2 Average loss: 0.0124
Train Epoch: 3 [0/24368 (0%)]	Loss: 0.115483
Train Epoch: 3 [4800/24368 (20%)]	Loss: 0.093025
Train Epoch: 3 [9600/24368 (39%)]	Loss: 0.131270
Train Epoch: 3 [14400/24368 (59%)]	Loss: 0.045485
Train Epoch: 3 [19200/24368 (79%)]	Loss: 0.254571
Train Epoch: 3 [24000/24368 (98%)]	Loss: 0.099819
====> Epoch: 3 Average loss: 0.0113
Train Epoch: 4 [0/24368 (0%)]	Loss: 0.214756
Train Epoch: 4 [4800/24368 (20%)]	Loss: 0.146740
Train Epoch: 4 [9600/24368 (39%)]	Loss: 0.095326
Train Epoch: 4 [14400/24368 (59%)]	Loss: 0.226185
Train Epoch: 4 [19200/24368 (79%)]	Loss: 0.099456
Train Epoch: 4 [24000/24368 (98%)]	Loss: 0.089376
====> Epoch: 4 Average loss: 0.0112
Train Epoch: 5 [0/24368 (0%)]	Loss: 0.198897
Train Epoch: 5 [4800/24368 (20%)]	Loss: 0.030606
Train Epoch: 5 [9600/24368 (39%)]	Loss: 0.038918
Train Epoch: 5 [14400/24368 (59%)]	Loss: 0.109085
Train Epoch: 5 [19200/24368 (79%)]	Loss: 0.110775
Train Epoch: 5 [24000/24368 (98%)]	Loss: 0.210140
====> Epoch: 5 Average loss: 0.0101
Train Epoch: 6 [0/24368 (0%)]	Loss: 0.269138
Train Epoch: 6 [4800/24368 (20%)]	Loss: 0.175600
Train Epoch: 6 [9600/24368 (39%)]	Loss: 0.085731
Train Epoch: 6 [14400/24368 (59%)]	Loss: 0.136891
Train Epoch: 6 [19200/24368 (79%)]	Loss: 0.023121
Train Epoch: 6 [24000/24368 (98%)]	Loss: 0.067119
====> Epoch: 6 Average loss: 0.0102
Train Epoch: 7 [0/24368 (0%)]	Loss: 0.091330
Train Epoch: 7 [4800/24368 (20%)]	Loss: 0.050757
Train Epoch: 7 [9600/24368 (39%)]	Loss: 0.065947
Train Epoch: 7 [14400/24368 (59%)]	Loss: 0.134934
Train Epoch: 7 [19200/24368 (79%)]	Loss: 0.109501
Train Epoch: 7 [24000/24368 (98%)]	Loss: 0.072594
====> Epoch: 7 Average loss: 0.0097
Train Epoch: 8 [0/24368 (0%)]	Loss: 0.169058
Train Epoch: 8 [4800/24368 (20%)]	Loss: 0.546145
Train Epoch: 8 [9600/24368 (39%)]	Loss: 0.084740
Train Epoch: 8 [14400/24368 (59%)]	Loss: 0.048533
Train Epoch: 8 [19200/24368 (79%)]	Loss: 0.074358
Train Epoch: 8 [24000/24368 (98%)]	Loss: 0.130977
====> Epoch: 8 Average loss: 0.0090
INFO:__main__: remove 1000 uncertain samples from du
Train Epoch: 9 [0/24368 (0%)]	Loss: 0.310759
Train Epoch: 9 [4800/24368 (20%)]	Loss: 0.059325
Train Epoch: 9 [9600/24368 (39%)]	Loss: 0.093782
Train Epoch: 9 [14400/24368 (59%)]	Loss: 0.447559
Train Epoch: 9 [19200/24368 (79%)]	Loss: 0.014891
Train Epoch: 9 [24000/24368 (98%)]	Loss: 0.366865
====> Epoch: 9 Average loss: 0.0098
INFO:__main__: Iteration: 20: run prediction on unlabeled data `du` 
Iteration: 19, len(dl): 24368, len(du): 1528, len(dh) 0, acc: 57.4134106807712 
INFO:__main__: Update size of `dl`  and `du` by adding uncertain 1000 samples in `dl` len(dl): 25368, len(du) 1528
INFO:__main__: Update size of `dl`  and `du` by adding 0 hcs samples in `dl` len(dl): 25368, len(du) 1528
INFO:__main__: Iteration: 20 fine-tune the model on dh U dl
Train Epoch: 0 [0/25368 (0%)]	Loss: 0.392524
Train Epoch: 0 [4800/25368 (19%)]	Loss: 0.291402
Train Epoch: 0 [9600/25368 (38%)]	Loss: 0.017991
Train Epoch: 0 [14400/25368 (57%)]	Loss: 0.076086
Train Epoch: 0 [19200/25368 (76%)]	Loss: 0.415008
Train Epoch: 0 [24000/25368 (95%)]	Loss: 0.162929
====> Epoch: 0 Average loss: 0.0149
Train Epoch: 1 [0/25368 (0%)]	Loss: 0.272720
Train Epoch: 1 [4800/25368 (19%)]	Loss: 0.208147
Train Epoch: 1 [9600/25368 (38%)]	Loss: 0.071720
Train Epoch: 1 [14400/25368 (57%)]	Loss: 0.122614
Train Epoch: 1 [19200/25368 (76%)]	Loss: 0.167526
Train Epoch: 1 [24000/25368 (95%)]	Loss: 0.118395
====> Epoch: 1 Average loss: 0.0135
Train Epoch: 2 [0/25368 (0%)]	Loss: 0.186558
Train Epoch: 2 [4800/25368 (19%)]	Loss: 0.145852
Train Epoch: 2 [9600/25368 (38%)]	Loss: 0.246656
Train Epoch: 2 [14400/25368 (57%)]	Loss: 0.146120
Train Epoch: 2 [19200/25368 (76%)]	Loss: 0.073480
Train Epoch: 2 [24000/25368 (95%)]	Loss: 0.365608
====> Epoch: 2 Average loss: 0.0124
Train Epoch: 3 [0/25368 (0%)]	Loss: 0.187830
Train Epoch: 3 [4800/25368 (19%)]	Loss: 0.035861
Train Epoch: 3 [9600/25368 (38%)]	Loss: 0.222008
Train Epoch: 3 [14400/25368 (57%)]	Loss: 0.131298
Train Epoch: 3 [19200/25368 (76%)]	Loss: 0.122117
Train Epoch: 3 [24000/25368 (95%)]	Loss: 0.116073
====> Epoch: 3 Average loss: 0.0114
Train Epoch: 4 [0/25368 (0%)]	Loss: 0.093087
Train Epoch: 4 [4800/25368 (19%)]	Loss: 0.042751
Train Epoch: 4 [9600/25368 (38%)]	Loss: 0.060128
Train Epoch: 4 [14400/25368 (57%)]	Loss: 0.145534
Train Epoch: 4 [19200/25368 (76%)]	Loss: 0.062866
Train Epoch: 4 [24000/25368 (95%)]	Loss: 0.289924
====> Epoch: 4 Average loss: 0.0107
Train Epoch: 5 [0/25368 (0%)]	Loss: 0.110160
Train Epoch: 5 [4800/25368 (19%)]	Loss: 0.033156
Train Epoch: 5 [9600/25368 (38%)]	Loss: 0.047631
Train Epoch: 5 [14400/25368 (57%)]	Loss: 0.655121
Train Epoch: 5 [19200/25368 (76%)]	Loss: 0.167101
Train Epoch: 5 [24000/25368 (95%)]	Loss: 0.421605
====> Epoch: 5 Average loss: 0.0105
Train Epoch: 6 [0/25368 (0%)]	Loss: 0.165860
Train Epoch: 6 [4800/25368 (19%)]	Loss: 0.198279
Train Epoch: 6 [9600/25368 (38%)]	Loss: 0.062784
Train Epoch: 6 [14400/25368 (57%)]	Loss: 0.018273
Train Epoch: 6 [19200/25368 (76%)]	Loss: 0.170066
Train Epoch: 6 [24000/25368 (95%)]	Loss: 0.246165
====> Epoch: 6 Average loss: 0.0102
Train Epoch: 7 [0/25368 (0%)]	Loss: 0.029955
Train Epoch: 7 [4800/25368 (19%)]	Loss: 0.124608
Train Epoch: 7 [9600/25368 (38%)]	Loss: 0.139597
Train Epoch: 7 [14400/25368 (57%)]	Loss: 0.181397
Train Epoch: 7 [19200/25368 (76%)]	Loss: 0.121713
Train Epoch: 7 [24000/25368 (95%)]	Loss: 0.025042
====> Epoch: 7 Average loss: 0.0098
Train Epoch: 8 [0/25368 (0%)]	Loss: 0.095124
Train Epoch: 8 [4800/25368 (19%)]	Loss: 0.207845
Train Epoch: 8 [9600/25368 (38%)]	Loss: 0.139554
Train Epoch: 8 [14400/25368 (57%)]	Loss: 0.249963
Train Epoch: 8 [19200/25368 (76%)]	Loss: 0.101853
Train Epoch: 8 [24000/25368 (95%)]	Loss: 0.052925
====> Epoch: 8 Average loss: 0.0095
INFO:__main__: remove 1000 uncertain samples from du
Train Epoch: 9 [0/25368 (0%)]	Loss: 0.064563
Train Epoch: 9 [4800/25368 (19%)]	Loss: 0.031157
Train Epoch: 9 [9600/25368 (38%)]	Loss: 0.253675
Train Epoch: 9 [14400/25368 (57%)]	Loss: 0.244087
Train Epoch: 9 [19200/25368 (76%)]	Loss: 0.503565
Train Epoch: 9 [24000/25368 (95%)]	Loss: 0.116466
====> Epoch: 9 Average loss: 0.0097
INFO:__main__: Iteration: 21: run prediction on unlabeled data `du` 
Iteration: 20, len(dl): 25368, len(du): 528, len(dh) 0, acc: 57.53284422453506 
Traceback (most recent call last):
  File "run_ceal/ceal_learning_algorithm.py", line 195, in <module>
    ceal_learning_algorithm(du=du, dl=dl, dtest=dtest)
  File "run_ceal/ceal_learning_algorithm.py", line 90, in ceal_learning_algorithm
    criteria=criteria)
  File "/root/CEAL/utils/samples_selection.py", line 52, in get_uncertain_samples
    uncertain_samples = least_confidence(pred_prob=pred_prob, k=k)
  File "/root/CEAL/utils/criteria.py", line 31, in least_confidence
    assert 0 < k <= pred_prob.shape[0], "invalid k value k should be >0 &" \
AssertionError: invalid k value k should be >0 &k <=  pred_prob.shape[0
