logs/gs_0.05_0.1.log
0.572978448766064
0.19946056969546758

logs/gs_0.05_0.2.log
0.5754518643076473
0.2005119510010664

logs/gs_0.0_0.0.log
0.5758000487400692
0.19694963683564687

logs/gs_0.0_1.0.log
0.5771614092378677
0.1975584263491931

logs/gs_0.1_0.1.log
0.5840766210134686
0.2013519460629198

logs/gs_0.1_0.2.log
0.5733277525954087
0.19990463557196445

logs/gs_0.2_0.1.log
0.5764022972819287
0.1994671584740305

logs/gs_0.2_0.2.log
0.5696971747006546
0.20471635492585444

logs/gs_0.5_0.1.log
0.5756919253952008
0.20361900809649602

logs/gs_0.5_0.2.log
0.5709008318305145
0.1981542159498573

logs/gs_0.5_3.0.log
0.5761160159867428
0.19668108933551012

logs/gs_0.5_5.0.log
0.5757412259752076
0.19839921228070023

logs/gs_1.0_0.0.log
0.5770493639420968
0.1969159302150701

logs/gs_1.0_1.0.log
0.5727523955744018
0.19747980953868435

logs/gs_1.0_3.0.log
0.5727294243797827
0.1967213449885598

logs/gs_1.0_5.0.log
0.5799673214082629
0.19400939923499924

logs/gs_3.0_0.0.log
0.5777412487205732
0.20231947039205594

logs/gs_3.0_1.0.log
0.583660644018781
0.1962017920116425

