==================================================
logs/gs_0.05_0.1.log

worst 5 classes in baseline:     {29: 0.081, 58: 0.0863, 124: 0.1214, 41: 0.1232, 198: 0.1315}
current acc on 5 worst classes:  {29: 0.1405, 58: 0.2619, 124: 0.2476, 41: 0.2801, 198: 0.3152}
acc diff on 5 worst classes:     {29: 0.0595, 58: 0.1756, 124: 0.1262, 41: 0.1569, 198: 0.1837}
5 classes with largest diff:     {180: 0.319, 210: 0.2857, 203: 0.2827, 93: 0.2643, 103: 0.2556}
5 classes with largest impv:     {58: 2.0345, 198: 1.3968, 41: 1.273, 124: 1.0393, 210: 0.8702}

==================================================
logs/gs_0.05_0.2.log

worst 5 classes in baseline:     {29: 0.081, 58: 0.0863, 124: 0.1214, 41: 0.1232, 198: 0.1315}
current acc on 5 worst classes:  {29: 0.1452, 58: 0.3214, 124: 0.1619, 41: 0.3081, 198: 0.3084}
acc diff on 5 worst classes:     {29: 0.0643, 58: 0.2351, 124: 0.0405, 41: 0.1849, 198: 0.1769}
5 classes with largest diff:     {93: 0.3167, 180: 0.2881, 81: 0.2589, 210: 0.2556, 203: 0.2411}
5 classes with largest impv:     {58: 2.7239, 41: 1.5002, 198: 1.3451, 29: 0.7943, 210: 0.7785}

==================================================
logs/gs_0.0_0.0.log

worst 5 classes in baseline:     {29: 0.081, 58: 0.0863, 124: 0.1214, 41: 0.1232, 198: 0.1315}
current acc on 5 worst classes:  {29: 0.081, 58: 0.0863, 124: 0.1214, 41: 0.1232, 198: 0.1315}
acc diff on 5 worst classes:     {29: 0.0, 58: 0.0, 124: 0.0, 41: 0.0, 198: 0.0}
5 classes with largest diff:     {0: 0.0, 1: 0.0, 2: 0.0, 3: 0.0, 4: 0.0}
5 classes with largest impv:     {0: 0.0, 1: 0.0, 2: 0.0, 3: 0.0, 4: 0.0}

==================================================
logs/gs_0.0_1.0.log

worst 5 classes in baseline:     {29: 0.081, 58: 0.0863, 124: 0.1214, 41: 0.1232, 198: 0.1315}
current acc on 5 worst classes:  {29: 0.0857, 58: 0.1012, 124: 0.1571, 41: 0.112, 198: 0.22}
acc diff on 5 worst classes:     {29: 0.0048, 58: 0.0149, 124: 0.0357, 41: -0.0112, 198: 0.0884}
5 classes with largest diff:     {203: 0.2083, 180: 0.1714, 38: 0.1597, 30: 0.1429, 133: 0.1139}
5 classes with largest impv:     {198: 0.6721, 38: 0.5045, 189: 0.4064, 180: 0.3809, 203: 0.3181}

==================================================
logs/gs_0.1_0.1.log

worst 5 classes in baseline:     {29: 0.081, 58: 0.0863, 124: 0.1214, 41: 0.1232, 198: 0.1315}
current acc on 5 worst classes:  {29: 0.1952, 58: 0.256, 124: 0.1786, 41: 0.1933, 198: 0.2608}
acc diff on 5 worst classes:     {29: 0.1143, 58: 0.1696, 124: 0.0571, 41: 0.07, 198: 0.1293}
5 classes with largest diff:     {210: 0.3409, 93: 0.3286, 180: 0.3238, 203: 0.3065, 16: 0.2286}
5 classes with largest impv:     {58: 1.965, 29: 1.4119, 210: 1.0383, 198: 0.9831, 16: 0.762}

==================================================
logs/gs_0.1_0.2.log

worst 5 classes in baseline:     {29: 0.081, 58: 0.0863, 124: 0.1214, 41: 0.1232, 198: 0.1315}
current acc on 5 worst classes:  {29: 0.1405, 58: 0.3155, 124: 0.2071, 41: 0.2885, 198: 0.3016}
acc diff on 5 worst classes:     {29: 0.0595, 58: 0.2292, 124: 0.0857, 41: 0.1653, 198: 0.1701}
5 classes with largest diff:     {210: 0.3409, 203: 0.3095, 180: 0.2762, 24: 0.2532, 103: 0.2406}
5 classes with largest impv:     {58: 2.6556, 41: 1.3412, 198: 1.2933, 210: 1.0383, 24: 0.7596}

==================================================
logs/gs_0.2_0.1.log

worst 5 classes in baseline:     {29: 0.081, 58: 0.0863, 124: 0.1214, 41: 0.1232, 198: 0.1315}
current acc on 5 worst classes:  {29: 0.1619, 58: 0.2679, 124: 0.2381, 41: 0.2017, 198: 0.3152}
acc diff on 5 worst classes:     {29: 0.081, 58: 0.1815, 124: 0.1167, 41: 0.0784, 198: 0.1837}
5 classes with largest diff:     {203: 0.3214, 210: 0.3133, 221: 0.2831, 180: 0.25, 103: 0.2381}
5 classes with largest impv:     {58: 2.1029, 198: 1.3968, 29: 1.0006, 124: 0.9611, 210: 0.9542}

==================================================
logs/gs_0.2_0.2.log

worst 5 classes in baseline:     {29: 0.081, 58: 0.0863, 124: 0.1214, 41: 0.1232, 198: 0.1315}
current acc on 5 worst classes:  {29: 0.1429, 58: 0.2827, 124: 0.2262, 41: 0.3081, 198: 0.3129}
acc diff on 5 worst classes:     {29: 0.0619, 58: 0.1964, 124: 0.1048, 41: 0.1849, 198: 0.1814}
5 classes with largest diff:     {203: 0.3185, 210: 0.2857, 180: 0.2452, 221: 0.2407, 103: 0.2406}
5 classes with largest impv:     {58: 2.2755, 41: 1.5002, 198: 1.3793, 210: 0.8702, 124: 0.8631}

==================================================
logs/gs_0.5_0.1.log

worst 5 classes in baseline:     {29: 0.081, 58: 0.0863, 124: 0.1214, 41: 0.1232, 198: 0.1315}
current acc on 5 worst classes:  {29: 0.1667, 58: 0.2143, 124: 0.1452, 41: 0.2381, 198: 0.2562}
acc diff on 5 worst classes:     {29: 0.0857, 58: 0.128, 124: 0.0238, 41: 0.1148, 198: 0.1247}
5 classes with largest diff:     {203: 0.3274, 210: 0.3183, 93: 0.3167, 180: 0.2548, 221: 0.246}
5 classes with largest impv:     {58: 1.483, 29: 1.0586, 210: 0.9695, 198: 0.9482, 41: 0.9314}

==================================================
logs/gs_0.5_0.2.log

worst 5 classes in baseline:     {29: 0.081, 58: 0.0863, 124: 0.1214, 41: 0.1232, 198: 0.1315}
current acc on 5 worst classes:  {29: 0.1405, 58: 0.3393, 124: 0.2143, 41: 0.3417, 198: 0.3061}
acc diff on 5 worst classes:     {29: 0.0595, 58: 0.253, 124: 0.0929, 41: 0.2185, 198: 0.1746}
5 classes with largest diff:     {103: 0.3058, 93: 0.2952, 180: 0.2738, 210: 0.2632, 58: 0.253}
5 classes with largest impv:     {58: 2.9313, 41: 1.7728, 198: 1.3276, 107: 0.9845, 210: 0.8017}

==================================================
logs/gs_0.5_3.0.log

worst 5 classes in baseline:     {29: 0.081, 58: 0.0863, 124: 0.1214, 41: 0.1232, 198: 0.1315}
current acc on 5 worst classes:  {29: 0.0619, 58: 0.2024, 124: 0.1929, 41: 0.1317, 198: 0.1995}
acc diff on 5 worst classes:     {29: -0.019, 58: 0.1161, 124: 0.0714, 41: 0.0084, 198: 0.068}
5 classes with largest diff:     {203: 0.2143, 99: 0.1455, 81: 0.1399, 180: 0.1357, 145: 0.128}
5 classes with largest impv:     {58: 1.3452, 124: 0.588, 198: 0.517, 189: 0.4714, 46: 0.4513}

==================================================
logs/gs_0.5_5.0.log

worst 5 classes in baseline:     {29: 0.081, 58: 0.0863, 124: 0.1214, 41: 0.1232, 198: 0.1315}
current acc on 5 worst classes:  {29: 0.1071, 58: 0.1042, 124: 0.1286, 41: 0.1737, 198: 0.1905}
acc diff on 5 worst classes:     {29: 0.0262, 58: 0.0179, 124: 0.0071, 41: 0.0504, 198: 0.059}
5 classes with largest diff:     {203: 0.1667, 26: 0.1476, 86: 0.1376, 105: 0.1373, 99: 0.1323}
5 classes with largest impv:     {198: 0.4486, 41: 0.4089, 248: 0.3931, 105: 0.3578, 184: 0.3493}

==================================================
logs/gs_1.0_0.0.log

worst 5 classes in baseline:     {29: 0.081, 58: 0.0863, 124: 0.1214, 41: 0.1232, 198: 0.1315}
current acc on 5 worst classes:  {29: 0.119, 58: 0.0863, 124: 0.181, 41: 0.1261, 198: 0.1973}
acc diff on 5 worst classes:     {29: 0.0381, 58: -0.0, 124: 0.0595, 41: 0.0028, 198: 0.0658}
5 classes with largest diff:     {221: 0.2196, 203: 0.1756, 200: 0.1667, 133: 0.1366, 30: 0.1323}
5 classes with largest impv:     {221: 0.5254, 198: 0.5003, 124: 0.49, 29: 0.4706, 243: 0.4022}

==================================================
logs/gs_1.0_1.0.log

worst 5 classes in baseline:     {29: 0.081, 58: 0.0863, 124: 0.1214, 41: 0.1232, 198: 0.1315}
current acc on 5 worst classes:  {29: 0.1452, 58: 0.1161, 124: 0.1833, 41: 0.1345, 198: 0.1927}
acc diff on 5 worst classes:     {29: 0.0643, 58: 0.0298, 124: 0.0619, 41: 0.0112, 198: 0.0612}
5 classes with largest diff:     {203: 0.2679, 30: 0.1958, 221: 0.1825, 200: 0.1696, 46: 0.1561}
5 classes with largest impv:     {29: 0.7943, 46: 0.7196, 124: 0.5098, 198: 0.4653, 16: 0.4523}

==================================================
logs/gs_1.0_3.0.log

worst 5 classes in baseline:     {29: 0.081, 58: 0.0863, 124: 0.1214, 41: 0.1232, 198: 0.1315}
current acc on 5 worst classes:  {29: 0.1095, 58: 0.0804, 124: 0.1571, 41: 0.1457, 198: 0.2313}
acc diff on 5 worst classes:     {29: 0.0286, 58: -0.006, 124: 0.0357, 41: 0.0224, 198: 0.0998}
5 classes with largest diff:     {203: 0.2411, 200: 0.1875, 75: 0.1518, 46: 0.1402, 9: 0.119}
5 classes with largest impv:     {198: 0.7588, 46: 0.6463, 203: 0.3682, 184: 0.3653, 29: 0.3533}

==================================================
logs/gs_1.0_5.0.log

worst 5 classes in baseline:     {29: 0.081, 58: 0.0863, 124: 0.1214, 41: 0.1232, 198: 0.1315}
current acc on 5 worst classes:  {29: 0.1119, 58: 0.1964, 124: 0.1762, 41: 0.1485, 198: 0.229}
acc diff on 5 worst classes:     {29: 0.031, 58: 0.1101, 124: 0.0548, 41: 0.0252, 198: 0.0975}
5 classes with largest diff:     {203: 0.2351, 180: 0.1976, 221: 0.1852, 38: 0.1737, 86: 0.1455}
5 classes with largest impv:     {58: 1.2756, 198: 0.7413, 184: 0.5713, 38: 0.5488, 46: 0.4757}

==================================================
logs/gs_15e_0.0_0.0.log

worst 5 classes in baseline:     {29: 0.081, 58: 0.0863, 124: 0.1214, 41: 0.1232, 198: 0.1315}
current acc on 5 worst classes:  {29: 0.0762, 58: 0.2024, 124: 0.2905, 41: 0.1961, 198: 0.2812}
acc diff on 5 worst classes:     {29: -0.0048, 58: 0.1161, 124: 0.169, 41: 0.0728, 198: 0.1497}
5 classes with largest diff:     {139: 0.3557, 235: 0.2456, 93: 0.2429, 203: 0.2351, 13: 0.2213}
5 classes with largest impv:     {124: 1.3918, 58: 1.3452, 198: 1.1382, 235: 0.9799, 46: 0.9754}

==================================================
logs/gs_15e_0.0_0.4.log

worst 5 classes in baseline:     {29: 0.081, 58: 0.0863, 124: 0.1214, 41: 0.1232, 198: 0.1315}
current acc on 5 worst classes:  {29: 0.1048, 58: 0.2113, 124: 0.219, 41: 0.2045, 198: 0.2812}
acc diff on 5 worst classes:     {29: 0.0238, 58: 0.125, 124: 0.0976, 41: 0.0812, 198: 0.1497}
5 classes with largest diff:     {139: 0.3249, 46: 0.3095, 203: 0.2708, 93: 0.2452, 235: 0.2381}
5 classes with largest impv:     {58: 1.4483, 46: 1.4267, 107: 1.1563, 198: 1.1382, 235: 0.95}

==================================================
logs/gs_15e_0.2_0.2.log

worst 5 classes in baseline:     {29: 0.081, 58: 0.0863, 124: 0.1214, 41: 0.1232, 198: 0.1315}
current acc on 5 worst classes:  {29: 0.1, 58: 0.2232, 124: 0.2071, 41: 0.1681, 198: 0.3946}
acc diff on 5 worst classes:     {29: 0.019, 58: 0.1369, 124: 0.0857, 41: 0.0448, 198: 0.263}
5 classes with largest diff:     {139: 0.3193, 31: 0.2714, 198: 0.263, 203: 0.256, 93: 0.25}
5 classes with largest impv:     {198: 1.9997, 58: 1.5862, 235: 0.8802, 107: 0.7815, 46: 0.7316}

==================================================
logs/gs_15e_0.4_0.0.log

worst 5 classes in baseline:     {29: 0.081, 58: 0.0863, 124: 0.1214, 41: 0.1232, 198: 0.1315}
current acc on 5 worst classes:  {29: 0.069, 58: 0.2292, 124: 0.2262, 41: 0.1485, 198: 0.3492}
acc diff on 5 worst classes:     {29: -0.0119, 58: 0.1429, 124: 0.1048, 41: 0.0252, 198: 0.2177}
5 classes with largest diff:     {139: 0.3361, 93: 0.2976, 203: 0.2946, 46: 0.2778, 235: 0.2607}
5 classes with largest impv:     {58: 1.6557, 198: 1.6553, 46: 1.2806, 235: 1.0402, 124: 0.8631}

==================================================
logs/gs_3.0_0.0.log

worst 5 classes in baseline:     {29: 0.081, 58: 0.0863, 124: 0.1214, 41: 0.1232, 198: 0.1315}
current acc on 5 worst classes:  {29: 0.0857, 58: 0.119, 124: 0.1071, 41: 0.1232, 198: 0.2154}
acc diff on 5 worst classes:     {29: 0.0048, 58: 0.0327, 124: -0.0143, 41: 0.0, 198: 0.0839}
5 classes with largest diff:     {203: 0.253, 180: 0.169, 86: 0.1455, 26: 0.1238, 221: 0.1217}
5 classes with largest impv:     {198: 0.6379, 203: 0.3864, 58: 0.3789, 180: 0.3756, 86: 0.3503}

==================================================
logs/gs_3.0_1.0.log

worst 5 classes in baseline:     {29: 0.081, 58: 0.0863, 124: 0.1214, 41: 0.1232, 198: 0.1315}
current acc on 5 worst classes:  {29: 0.0881, 58: 0.2054, 124: 0.169, 41: 0.1681, 198: 0.2109}
acc diff on 5 worst classes:     {29: 0.0071, 58: 0.119, 124: 0.0476, 41: 0.0448, 198: 0.0794}
5 classes with largest diff:     {200: 0.1696, 145: 0.1458, 219: 0.1402, 86: 0.1376, 171: 0.1303}
5 classes with largest impv:     {58: 1.3788, 198: 0.6037, 46: 0.5974, 184: 0.54, 134: 0.531}

