==================================================
logs/gs_0.05_0.1.log

worst 5 classes in baseline:     {29: 0.0548, 172: 0.0816, 58: 0.125, 41: 0.1317, 124: 0.169}
current acc on 5 worst classes:  {29: 0.1405, 172: 0.2154, 58: 0.2619, 41: 0.2801, 124: 0.2476}
acc diff on 5 worst classes:     {29: 0.0857, 172: 0.1338, 58: 0.1369, 41: 0.1485, 124: 0.0786}
5 classes with largest diff:     {210: 0.2832, 206: 0.236, 238: 0.2262, 161: 0.2196, 47: 0.2071}
5 classes with largest impv:     {172: 1.639, 29: 1.565, 41: 1.128, 58: 1.0952, 210: 0.856}
-1.7667000000000013

==================================================
logs/gs_0.05_0.2.log

worst 5 classes in baseline:     {29: 0.0548, 172: 0.0816, 58: 0.125, 41: 0.1317, 124: 0.169}
current acc on 5 worst classes:  {29: 0.1452, 172: 0.1678, 58: 0.3214, 41: 0.3081, 124: 0.1619}
acc diff on 5 worst classes:     {29: 0.0905, 172: 0.0862, 58: 0.1964, 41: 0.1765, 124: -0.0071}
5 classes with largest diff:     {77: 0.2672, 210: 0.2531, 93: 0.2429, 238: 0.2143, 47: 0.2119}
5 classes with largest impv:     {29: 1.6526, 58: 1.5712, 41: 1.3406, 172: 1.0559, 198: 0.7663}
-1.1474000000000002

==================================================
logs/gs_0.0_0.0.log

worst 5 classes in baseline:     {29: 0.0548, 172: 0.0816, 58: 0.125, 41: 0.1317, 124: 0.169}
current acc on 5 worst classes:  {29: 0.081, 172: 0.161, 58: 0.0863, 41: 0.1232, 124: 0.1214}
acc diff on 5 worst classes:     {29: 0.0262, 172: 0.0794, 58: -0.0387, 41: -0.0084, 124: -0.0476}
5 classes with largest diff:     {77: 0.2434, 74: 0.2024, 67: 0.1385, 36: 0.1369, 110: 0.1369}
5 classes with largest impv:     {172: 0.9726, 74: 0.6072, 77: 0.5974, 29: 0.4784, 114: 0.3738}
-0.5599999999999995

==================================================
logs/gs_0.0_1.0.log

worst 5 classes in baseline:     {29: 0.0548, 172: 0.0816, 58: 0.125, 41: 0.1317, 124: 0.169}
current acc on 5 worst classes:  {29: 0.0857, 172: 0.1066, 58: 0.1012, 41: 0.112, 124: 0.1571}
acc diff on 5 worst classes:     {29: 0.031, 172: 0.0249, 58: -0.0238, 41: -0.0196, 124: -0.0119}
5 classes with largest diff:     {171: 0.218, 77: 0.1746, 30: 0.1614, 133: 0.1573, 170: 0.1429}
5 classes with largest impv:     {29: 0.5661, 77: 0.4286, 162: 0.3926, 243: 0.3924, 171: 0.3565}
-0.27200000000000024

==================================================
logs/gs_0.1_0.1.log

worst 5 classes in baseline:     {29: 0.0548, 172: 0.0816, 58: 0.125, 41: 0.1317, 124: 0.169}
current acc on 5 worst classes:  {29: 0.1952, 172: 0.2041, 58: 0.256, 41: 0.1933, 124: 0.1786}
acc diff on 5 worst classes:     {29: 0.1405, 172: 0.1224, 58: 0.131, 41: 0.0616, 124: 0.0095}
5 classes with largest diff:     {210: 0.3383, 77: 0.2831, 93: 0.2548, 16: 0.2381, 18: 0.2361}
5 classes with largest impv:     {29: 2.5657, 172: 1.4994, 58: 1.048, 210: 1.0226, 16: 0.8197}
1.0966999999999993

==================================================
logs/gs_0.1_0.2.log

worst 5 classes in baseline:     {29: 0.0548, 172: 0.0816, 58: 0.125, 41: 0.1317, 124: 0.169}
current acc on 5 worst classes:  {29: 0.1405, 172: 0.1973, 58: 0.3155, 41: 0.2885, 124: 0.2071}
acc diff on 5 worst classes:     {29: 0.0857, 172: 0.1156, 58: 0.1905, 41: 0.1569, 124: 0.0381}
5 classes with largest diff:     {210: 0.3383, 77: 0.328, 96: 0.2297, 24: 0.2294, 139: 0.2045}
5 classes with largest impv:     {29: 1.565, 58: 1.524, 172: 1.4161, 41: 1.1918, 210: 1.0226}
-1.757099999999998

==================================================
logs/gs_0.2_0.1.log

worst 5 classes in baseline:     {29: 0.0548, 172: 0.0816, 58: 0.125, 41: 0.1317, 124: 0.169}
current acc on 5 worst classes:  {29: 0.1619, 172: 0.1383, 58: 0.2679, 41: 0.2017, 124: 0.2381}
acc diff on 5 worst classes:     {29: 0.1071, 172: 0.0567, 58: 0.1429, 41: 0.07, 124: 0.069}
5 classes with largest diff:     {210: 0.3108, 77: 0.2751, 243: 0.2328, 230: 0.2251, 221: 0.1984}
5 classes with largest impv:     {29: 1.9557, 58: 1.1432, 243: 1.1139, 210: 0.9395, 198: 0.8053}
-0.7541000000000001

==================================================
logs/gs_0.2_0.2.log

worst 5 classes in baseline:     {29: 0.0548, 172: 0.0816, 58: 0.125, 41: 0.1317, 124: 0.169}
current acc on 5 worst classes:  {29: 0.1429, 172: 0.1338, 58: 0.2827, 41: 0.3081, 124: 0.2262}
acc diff on 5 worst classes:     {29: 0.0881, 172: 0.0522, 58: 0.1577, 41: 0.1765, 124: 0.0571}
5 classes with largest diff:     {210: 0.2832, 77: 0.2646, 230: 0.2489, 199: 0.2214, 206: 0.2195}
5 classes with largest impv:     {29: 1.6088, 41: 1.3406, 58: 1.2616, 210: 0.856, 198: 0.7921}
-2.858199999999998

==================================================
logs/gs_0.5_0.1.log

worst 5 classes in baseline:     {29: 0.0548, 172: 0.0816, 58: 0.125, 41: 0.1317, 124: 0.169}
current acc on 5 worst classes:  {29: 0.1667, 172: 0.1995, 58: 0.2143, 41: 0.2381, 124: 0.1452}
acc diff on 5 worst classes:     {29: 0.1119, 172: 0.1179, 58: 0.0893, 41: 0.1064, 124: -0.0238}
5 classes with largest diff:     {210: 0.3158, 77: 0.246, 93: 0.2429, 243: 0.2222, 30: 0.2116}
5 classes with largest impv:     {29: 2.0434, 172: 1.4443, 243: 1.0632, 210: 0.9546, 41: 0.8082}
-1.4778000000000002

==================================================
logs/gs_0.5_0.2.log

worst 5 classes in baseline:     {29: 0.0548, 172: 0.0816, 58: 0.125, 41: 0.1317, 124: 0.169}
current acc on 5 worst classes:  {29: 0.1405, 172: 0.1633, 58: 0.3393, 41: 0.3417, 124: 0.2143}
acc diff on 5 worst classes:     {29: 0.0857, 172: 0.0816, 58: 0.2143, 41: 0.2101, 124: 0.0452}
5 classes with largest diff:     {77: 0.3333, 210: 0.2607, 103: 0.2406, 96: 0.2325, 93: 0.2214}
5 classes with largest impv:     {58: 1.7144, 41: 1.5959, 29: 1.565, 172: 0.9996, 77: 0.8181}
-2.3846000000000016

==================================================
logs/gs_0.5_3.0.log

worst 5 classes in baseline:     {29: 0.0548, 172: 0.0816, 58: 0.125, 41: 0.1317, 124: 0.169}
current acc on 5 worst classes:  {29: 0.0619, 172: 0.0998, 58: 0.2024, 41: 0.1317, 124: 0.1929}
acc diff on 5 worst classes:     {29: 0.0071, 172: 0.0181, 58: 0.0774, 41: 0.0, 124: 0.0238}
5 classes with largest diff:     {140: 0.1801, 77: 0.1614, 5: 0.1402, 170: 0.1399, 74: 0.125}
5 classes with largest impv:     {58: 0.6192, 179: 0.5948, 140: 0.4103, 154: 0.4074, 77: 0.3962}
-0.5833999999999999

==================================================
logs/gs_0.5_5.0.log

worst 5 classes in baseline:     {29: 0.0548, 172: 0.0816, 58: 0.125, 41: 0.1317, 124: 0.169}
current acc on 5 worst classes:  {29: 0.1071, 172: 0.0771, 58: 0.1042, 41: 0.1737, 124: 0.1286}
acc diff on 5 worst classes:     {29: 0.0524, 172: -0.0045, 58: -0.0208, 41: 0.042, 124: -0.0405}
5 classes with largest diff:     {140: 0.1946, 110: 0.1756, 230: 0.1645, 211: 0.1393, 133: 0.1346}
5 classes with largest impv:     {29: 0.9569, 140: 0.4434, 164: 0.3954, 110: 0.3576, 230: 0.3518}
-0.5659000000000004

==================================================
logs/gs_1.0_0.0.log

worst 5 classes in baseline:     {29: 0.0548, 172: 0.0816, 58: 0.125, 41: 0.1317, 124: 0.169}
current acc on 5 worst classes:  {29: 0.119, 172: 0.1315, 58: 0.0863, 41: 0.1261, 124: 0.181}
acc diff on 5 worst classes:     {29: 0.0643, 172: 0.0499, 58: -0.0387, 41: -0.0056, 124: 0.0119}
5 classes with largest diff:     {230: 0.1991, 77: 0.1852, 133: 0.1801, 171: 0.1629, 30: 0.1508}
5 classes with largest impv:     {29: 1.1742, 243: 0.7215, 172: 0.6113, 77: 0.4546, 164: 0.4504}
-0.36789999999999934

==================================================
logs/gs_1.0_1.0.log

worst 5 classes in baseline:     {29: 0.0548, 172: 0.0816, 58: 0.125, 41: 0.1317, 124: 0.169}
current acc on 5 worst classes:  {29: 0.1452, 172: 0.1383, 58: 0.1161, 41: 0.1345, 124: 0.1833}
acc diff on 5 worst classes:     {29: 0.0905, 172: 0.0567, 58: -0.0089, 41: 0.0028, 124: 0.0143}
5 classes with largest diff:     {30: 0.2143, 171: 0.1905, 230: 0.1667, 77: 0.1455, 16: 0.1452}
5 classes with largest impv:     {29: 1.6526, 172: 0.6946, 16: 0.4999, 30: 0.4603, 196: 0.4257}
-1.0397999999999998

==================================================
logs/gs_1.0_3.0.log

worst 5 classes in baseline:     {29: 0.0548, 172: 0.0816, 58: 0.125, 41: 0.1317, 124: 0.169}
current acc on 5 worst classes:  {29: 0.1095, 172: 0.0998, 58: 0.0804, 41: 0.1457, 124: 0.1571}
acc diff on 5 worst classes:     {29: 0.0548, 172: 0.0181, 58: -0.0446, 41: 0.014, 124: -0.0119}
5 classes with largest diff:     {171: 0.188, 110: 0.1429, 255: 0.1315, 254: 0.131, 175: 0.119}
5 classes with largest impv:     {29: 1.0007, 179: 0.4461, 154: 0.3703, 210: 0.3334, 164: 0.3295}
-1.6177000000000008

==================================================
logs/gs_1.0_5.0.log

worst 5 classes in baseline:     {29: 0.0548, 172: 0.0816, 58: 0.125, 41: 0.1317, 124: 0.169}
current acc on 5 worst classes:  {29: 0.1119, 172: 0.127, 58: 0.1964, 41: 0.1485, 124: 0.1762}
acc diff on 5 worst classes:     {29: 0.0571, 172: 0.0454, 58: 0.0714, 41: 0.0168, 124: 0.0071}
5 classes with largest diff:     {140: 0.2133, 114: 0.1653, 164: 0.1485, 255: 0.1429, 31: 0.131}
5 classes with largest impv:     {29: 1.0427, 164: 0.5826, 58: 0.5712, 172: 0.5562, 114: 0.5131}
0.8643000000000006

==================================================
logs/gs_15e_0.0_0.0.log

worst 5 classes in baseline:     {29: 0.0548, 172: 0.0816, 58: 0.125, 41: 0.1317, 124: 0.169}
current acc on 5 worst classes:  {29: 0.0762, 172: 0.0816, 58: 0.2024, 41: 0.1961, 124: 0.2905}
acc diff on 5 worst classes:     {29: 0.0214, 172: 0.0, 58: 0.0774, 41: 0.0644, 124: 0.1214}
5 classes with largest diff:     {139: 0.3585, 13: 0.2885, 255: 0.2381, 230: 0.2338, 114: 0.2185}
5 classes with largest impv:     {179: 0.9461, 235: 0.7521, 139: 0.7355, 124: 0.7181, 114: 0.6783}
-1.7500000000000009

==================================================
logs/gs_15e_0.0_0.4.log

worst 5 classes in baseline:     {29: 0.0548, 172: 0.0816, 58: 0.125, 41: 0.1317, 124: 0.169}
current acc on 5 worst classes:  {29: 0.1048, 172: 0.0952, 58: 0.2113, 41: 0.2045, 124: 0.219}
acc diff on 5 worst classes:     {29: 0.05, 172: 0.0136, 58: 0.0863, 41: 0.0728, 124: 0.05}
5 classes with largest diff:     {139: 0.3277, 114: 0.2745, 13: 0.2493, 46: 0.2407, 74: 0.2321}
5 classes with largest impv:     {29: 0.913, 114: 0.8521, 46: 0.8425, 235: 0.7256, 74: 0.6963}
-3.1039000000000017

==================================================
logs/gs_15e_0.2_0.2.log

worst 5 classes in baseline:     {29: 0.0548, 172: 0.0816, 58: 0.125, 41: 0.1317, 124: 0.169}
current acc on 5 worst classes:  {29: 0.1, 172: 0.0952, 58: 0.2232, 41: 0.1681, 124: 0.2071}
acc diff on 5 worst classes:     {29: 0.0452, 172: 0.0136, 58: 0.0982, 41: 0.0364, 124: 0.0381}
5 classes with largest diff:     {139: 0.3221, 31: 0.2667, 114: 0.2493, 120: 0.2292, 77: 0.2249}
5 classes with largest impv:     {198: 1.26, 29: 0.8254, 58: 0.7856, 114: 0.7739, 179: 0.689}
-3.2524999999999973

==================================================
logs/gs_15e_0.4_0.0.log

worst 5 classes in baseline:     {29: 0.0548, 172: 0.0816, 58: 0.125, 41: 0.1317, 124: 0.169}
current acc on 5 worst classes:  {29: 0.069, 172: 0.0408, 58: 0.2292, 41: 0.1485, 124: 0.2262}
acc diff on 5 worst classes:     {29: 0.0143, 172: -0.0408, 58: 0.1042, 41: 0.0168, 124: 0.0571}
5 classes with largest diff:     {139: 0.3389, 19: 0.2827, 13: 0.2773, 255: 0.254, 235: 0.2281}
5 classes with largest impv:     {198: 1.0, 58: 0.8336, 235: 0.8054, 46: 0.7315, 139: 0.6953}
-4.232100000000003

==================================================
logs/gs_3.0_0.0.log

worst 5 classes in baseline:     {29: 0.0548, 172: 0.0816, 58: 0.125, 41: 0.1317, 124: 0.169}
current acc on 5 worst classes:  {29: 0.0857, 172: 0.068, 58: 0.119, 41: 0.1232, 124: 0.1071}
acc diff on 5 worst classes:     {29: 0.031, 172: -0.0136, 58: -0.006, 41: -0.0084, 124: -0.0619}
5 classes with largest diff:     {173: 0.1726, 230: 0.1602, 94: 0.1317, 220: 0.131, 204: 0.1289}
5 classes with largest impv:     {29: 0.5661, 179: 0.5403, 173: 0.3694, 230: 0.3427, 77: 0.3051}
-0.7111000000000005

==================================================
logs/gs_3.0_1.0.log

worst 5 classes in baseline:     {29: 0.0548, 172: 0.0816, 58: 0.125, 41: 0.1317, 124: 0.169}
current acc on 5 worst classes:  {29: 0.0881, 172: 0.1497, 58: 0.2054, 41: 0.1681, 124: 0.169}
acc diff on 5 worst classes:     {29: 0.0333, 172: 0.068, 58: 0.0804, 41: 0.0364, 124: 0.0}
5 classes with largest diff:     {171: 0.2632, 140: 0.1781, 255: 0.1587, 120: 0.1548, 78: 0.1504}
5 classes with largest impv:     {172: 0.833, 58: 0.6432, 29: 0.6081, 243: 0.4555, 171: 0.4304}
1.5145999999999993

