INFO:__main__: Using device: cuda
INFO:__main__: Initial configuration: len(du): 21528, len(dl): 2391 
INFO:model.alexnet: The code is running on cuda:0 
INFO:__main__: Intialize training the model on `dl` and test on `dtest`
Train Epoch: 0 [0/2391 (0%)]	Loss: 5.646360
====> Epoch: 0 Average loss: 0.2633
Train Epoch: 1 [0/2391 (0%)]	Loss: 1.170758
====> Epoch: 1 Average loss: 0.1003
Train Epoch: 2 [0/2391 (0%)]	Loss: 0.699362
====> Epoch: 2 Average loss: 0.0514
Train Epoch: 3 [0/2391 (0%)]	Loss: 0.604851
====> Epoch: 3 Average loss: 0.0311
Train Epoch: 4 [0/2391 (0%)]	Loss: 0.281553
====> Epoch: 4 Average loss: 0.0201
Train Epoch: 5 [0/2391 (0%)]	Loss: 0.245083
====> Epoch: 5 Average loss: 0.0146
Train Epoch: 6 [0/2391 (0%)]	Loss: 0.081247
====> Epoch: 6 Average loss: 0.0118
Train Epoch: 7 [0/2391 (0%)]	Loss: 0.098345
====> Epoch: 7 Average loss: 0.0092
Train Epoch: 8 [0/2391 (0%)]	Loss: 0.094365
====> Epoch: 8 Average loss: 0.0083
Train Epoch: 9 [0/2391 (0%)]	Loss: 0.138035
====> Epoch: 9 Average loss: 0.0066
INFO:__main__: Iteration: 0: run prediction on unlabeled data `du` 
====> Initial accuracy: 47.671045896604674 
INFO:__main__: Update size of `dl`  and `du` by adding uncertain 1000 samples in `dl` len(dl): 3391, len(du) 21528
INFO:__main__: Update size of `dl`  and `du` by adding 618 hcs samples in `dl` len(dl): 4009, len(du) 21528
INFO:__main__: Iteration: 0 fine-tune the model on dh U dl
Train Epoch: 0 [0/4009 (0%)]	Loss: 1.786279
====> Epoch: 0 Average loss: 0.1076
Train Epoch: 1 [0/4009 (0%)]	Loss: 0.215463
====> Epoch: 1 Average loss: 0.0652
Train Epoch: 2 [0/4009 (0%)]	Loss: 0.537956
====> Epoch: 2 Average loss: 0.0464
Train Epoch: 3 [0/4009 (0%)]	Loss: 0.336275
====> Epoch: 3 Average loss: 0.0336
Train Epoch: 4 [0/4009 (0%)]	Loss: 0.191210
====> Epoch: 4 Average loss: 0.0264
Train Epoch: 5 [0/4009 (0%)]	Loss: 0.212663
====> Epoch: 5 Average loss: 0.0234
Train Epoch: 6 [0/4009 (0%)]	Loss: 0.255912
====> Epoch: 6 Average loss: 0.0196
Train Epoch: 7 [0/4009 (0%)]	Loss: 0.273247
====> Epoch: 7 Average loss: 0.0173
Train Epoch: 8 [0/4009 (0%)]	Loss: 0.149137
====> Epoch: 8 Average loss: 0.0153
INFO:__main__: remove 1000 uncertain samples from du
Train Epoch: 9 [0/4009 (0%)]	Loss: 0.059963
====> Epoch: 9 Average loss: 0.0135
INFO:__main__: Iteration: 1: run prediction on unlabeled data `du` 
Iteration: 0, len(dl): 4009, len(du): 20528, len(dh) 618, acc: 41.73349257805835 
INFO:__main__: Update size of `dl`  and `du` by adding uncertain 1000 samples in `dl` len(dl): 5009, len(du) 20528
INFO:__main__: Update size of `dl`  and `du` by adding 202 hcs samples in `dl` len(dl): 5211, len(du) 20528
INFO:__main__: Iteration: 1 fine-tune the model on dh U dl
Train Epoch: 0 [0/5211 (0%)]	Loss: 2.467798
Train Epoch: 0 [4800/5211 (92%)]	Loss: 0.503494
====> Epoch: 0 Average loss: 0.0654
Train Epoch: 1 [0/5211 (0%)]	Loss: 1.426862
Train Epoch: 1 [4800/5211 (92%)]	Loss: 0.087208
====> Epoch: 1 Average loss: 0.0444
Train Epoch: 2 [0/5211 (0%)]	Loss: 0.209623
Train Epoch: 2 [4800/5211 (92%)]	Loss: 0.546419
====> Epoch: 2 Average loss: 0.0329
Train Epoch: 3 [0/5211 (0%)]	Loss: 0.685013
Train Epoch: 3 [4800/5211 (92%)]	Loss: 0.591982
====> Epoch: 3 Average loss: 0.0257
Train Epoch: 4 [0/5211 (0%)]	Loss: 0.227170
Train Epoch: 4 [4800/5211 (92%)]	Loss: 0.304205
====> Epoch: 4 Average loss: 0.0206
Train Epoch: 5 [0/5211 (0%)]	Loss: 0.379032
Train Epoch: 5 [4800/5211 (92%)]	Loss: 0.288525
====> Epoch: 5 Average loss: 0.0177
Train Epoch: 6 [0/5211 (0%)]	Loss: 0.165138
Train Epoch: 6 [4800/5211 (92%)]	Loss: 0.259793
====> Epoch: 6 Average loss: 0.0148
Train Epoch: 7 [0/5211 (0%)]	Loss: 0.095701
Train Epoch: 7 [4800/5211 (92%)]	Loss: 0.178515
====> Epoch: 7 Average loss: 0.0141
Train Epoch: 8 [0/5211 (0%)]	Loss: 0.155460
Train Epoch: 8 [4800/5211 (92%)]	Loss: 0.114446
====> Epoch: 8 Average loss: 0.0128
INFO:__main__: remove 1000 uncertain samples from du
Train Epoch: 9 [0/5211 (0%)]	Loss: 0.258314
Train Epoch: 9 [4800/5211 (92%)]	Loss: 0.142082
====> Epoch: 9 Average loss: 0.0121
INFO:__main__: Iteration: 2: run prediction on unlabeled data `du` 
Iteration: 1, len(dl): 5211, len(du): 19528, len(dh) 202, acc: 46.493772393789456 
INFO:__main__: Update size of `dl`  and `du` by adding uncertain 1000 samples in `dl` len(dl): 6211, len(du) 19528
INFO:__main__: Update size of `dl`  and `du` by adding 348 hcs samples in `dl` len(dl): 6559, len(du) 19528
INFO:__main__: Iteration: 2 fine-tune the model on dh U dl
Train Epoch: 0 [0/6559 (0%)]	Loss: 0.254595
Train Epoch: 0 [4800/6559 (73%)]	Loss: 1.383497
====> Epoch: 0 Average loss: 0.0668
Train Epoch: 1 [0/6559 (0%)]	Loss: 0.323459
Train Epoch: 1 [4800/6559 (73%)]	Loss: 1.067276
====> Epoch: 1 Average loss: 0.0470
Train Epoch: 2 [0/6559 (0%)]	Loss: 0.760967
Train Epoch: 2 [4800/6559 (73%)]	Loss: 0.377612
====> Epoch: 2 Average loss: 0.0359
Train Epoch: 3 [0/6559 (0%)]	Loss: 0.251925
Train Epoch: 3 [4800/6559 (73%)]	Loss: 0.859621
====> Epoch: 3 Average loss: 0.0276
Train Epoch: 4 [0/6559 (0%)]	Loss: 0.262091
Train Epoch: 4 [4800/6559 (73%)]	Loss: 1.403454
====> Epoch: 4 Average loss: 0.0221
Train Epoch: 5 [0/6559 (0%)]	Loss: 0.186135
Train Epoch: 5 [4800/6559 (73%)]	Loss: 0.108006
====> Epoch: 5 Average loss: 0.0195
Train Epoch: 6 [0/6559 (0%)]	Loss: 0.053747
Train Epoch: 6 [4800/6559 (73%)]	Loss: 0.090065
====> Epoch: 6 Average loss: 0.0169
Train Epoch: 7 [0/6559 (0%)]	Loss: 0.534812
Train Epoch: 7 [4800/6559 (73%)]	Loss: 0.185109
====> Epoch: 7 Average loss: 0.0160
Train Epoch: 8 [0/6559 (0%)]	Loss: 0.132903
Train Epoch: 8 [4800/6559 (73%)]	Loss: 0.097230
====> Epoch: 8 Average loss: 0.0151
INFO:__main__: remove 1000 uncertain samples from du
Train Epoch: 9 [0/6559 (0%)]	Loss: 0.084326
Train Epoch: 9 [4800/6559 (73%)]	Loss: 0.277115
====> Epoch: 9 Average loss: 0.0136
INFO:__main__: Iteration: 3: run prediction on unlabeled data `du` 
Iteration: 2, len(dl): 6559, len(du): 18528, len(dh) 348, acc: 46.45964852414264 
INFO:__main__: Update size of `dl`  and `du` by adding uncertain 1000 samples in `dl` len(dl): 7559, len(du) 18528
INFO:__main__: Update size of `dl`  and `du` by adding 343 hcs samples in `dl` len(dl): 7902, len(du) 18528
INFO:__main__: Iteration: 3 fine-tune the model on dh U dl
Train Epoch: 0 [0/7902 (0%)]	Loss: 0.353821
Train Epoch: 0 [4800/7902 (61%)]	Loss: 0.699106
====> Epoch: 0 Average loss: 0.0602
Train Epoch: 1 [0/7902 (0%)]	Loss: 0.551555
Train Epoch: 1 [4800/7902 (61%)]	Loss: 1.581273
====> Epoch: 1 Average loss: 0.0447
Train Epoch: 2 [0/7902 (0%)]	Loss: 0.384677
Train Epoch: 2 [4800/7902 (61%)]	Loss: 0.122995
====> Epoch: 2 Average loss: 0.0360
Train Epoch: 3 [0/7902 (0%)]	Loss: 0.513173
Train Epoch: 3 [4800/7902 (61%)]	Loss: 0.280769
====> Epoch: 3 Average loss: 0.0285
Train Epoch: 4 [0/7902 (0%)]	Loss: 0.289417
Train Epoch: 4 [4800/7902 (61%)]	Loss: 0.256194
====> Epoch: 4 Average loss: 0.0240
Train Epoch: 5 [0/7902 (0%)]	Loss: 0.274037
Train Epoch: 5 [4800/7902 (61%)]	Loss: 0.423007
====> Epoch: 5 Average loss: 0.0211
Train Epoch: 6 [0/7902 (0%)]	Loss: 0.234272
Train Epoch: 6 [4800/7902 (61%)]	Loss: 0.279808
====> Epoch: 6 Average loss: 0.0187
Train Epoch: 7 [0/7902 (0%)]	Loss: 0.270984
Train Epoch: 7 [4800/7902 (61%)]	Loss: 0.173474
====> Epoch: 7 Average loss: 0.0171
Train Epoch: 8 [0/7902 (0%)]	Loss: 0.326520
Train Epoch: 8 [4800/7902 (61%)]	Loss: 0.277653
====> Epoch: 8 Average loss: 0.0157
INFO:__main__: remove 1000 uncertain samples from du
Train Epoch: 9 [0/7902 (0%)]	Loss: 0.063604
Train Epoch: 9 [4800/7902 (61%)]	Loss: 0.154740
====> Epoch: 9 Average loss: 0.0149
INFO:__main__: Iteration: 4: run prediction on unlabeled data `du` 
Iteration: 3, len(dl): 7902, len(du): 17528, len(dh) 343, acc: 47.10800204743218 
INFO:__main__: Update size of `dl`  and `du` by adding uncertain 1000 samples in `dl` len(dl): 8902, len(du) 17528
INFO:__main__: Update size of `dl`  and `du` by adding 295 hcs samples in `dl` len(dl): 9197, len(du) 17528
INFO:__main__: Iteration: 4 fine-tune the model on dh U dl
Train Epoch: 0 [0/9197 (0%)]	Loss: 0.509155
Train Epoch: 0 [4800/9197 (52%)]	Loss: 0.891371
====> Epoch: 0 Average loss: 0.0518
Train Epoch: 1 [0/9197 (0%)]	Loss: 0.114466
Train Epoch: 1 [4800/9197 (52%)]	Loss: 1.165601
====> Epoch: 1 Average loss: 0.0387
Train Epoch: 2 [0/9197 (0%)]	Loss: 0.412030
Train Epoch: 2 [4800/9197 (52%)]	Loss: 0.328669
====> Epoch: 2 Average loss: 0.0303
Train Epoch: 3 [0/9197 (0%)]	Loss: 0.093534
Train Epoch: 3 [4800/9197 (52%)]	Loss: 0.554649
====> Epoch: 3 Average loss: 0.0251
Train Epoch: 4 [0/9197 (0%)]	Loss: 0.485640
Train Epoch: 4 [4800/9197 (52%)]	Loss: 0.158124
====> Epoch: 4 Average loss: 0.0219
Train Epoch: 5 [0/9197 (0%)]	Loss: 0.468901
Train Epoch: 5 [4800/9197 (52%)]	Loss: 0.785055
====> Epoch: 5 Average loss: 0.0196
Train Epoch: 6 [0/9197 (0%)]	Loss: 0.137655
Train Epoch: 6 [4800/9197 (52%)]	Loss: 0.191182
====> Epoch: 6 Average loss: 0.0173
Train Epoch: 7 [0/9197 (0%)]	Loss: 0.373147
Train Epoch: 7 [4800/9197 (52%)]	Loss: 0.260477
====> Epoch: 7 Average loss: 0.0154
Train Epoch: 8 [0/9197 (0%)]	Loss: 0.217834
Train Epoch: 8 [4800/9197 (52%)]	Loss: 0.098776
====> Epoch: 8 Average loss: 0.0145
INFO:__main__: remove 1000 uncertain samples from du
Train Epoch: 9 [0/9197 (0%)]	Loss: 0.119945
Train Epoch: 9 [4800/9197 (52%)]	Loss: 0.247274
====> Epoch: 9 Average loss: 0.0144
INFO:__main__: Iteration: 5: run prediction on unlabeled data `du` 
Iteration: 4, len(dl): 9197, len(du): 16528, len(dh) 295, acc: 47.466302678723764 
INFO:__main__: Update size of `dl`  and `du` by adding uncertain 1000 samples in `dl` len(dl): 10197, len(du) 16528
INFO:__main__: Update size of `dl`  and `du` by adding 227 hcs samples in `dl` len(dl): 10424, len(du) 16528
INFO:__main__: Iteration: 5 fine-tune the model on dh U dl
Train Epoch: 0 [0/10424 (0%)]	Loss: 0.140715
Train Epoch: 0 [4800/10424 (46%)]	Loss: 0.796491
Train Epoch: 0 [9600/10424 (92%)]	Loss: 0.153548
====> Epoch: 0 Average loss: 0.0427
Train Epoch: 1 [0/10424 (0%)]	Loss: 0.107151
Train Epoch: 1 [4800/10424 (46%)]	Loss: 1.650836
Train Epoch: 1 [9600/10424 (92%)]	Loss: 0.667462
====> Epoch: 1 Average loss: 0.0340
Train Epoch: 2 [0/10424 (0%)]	Loss: 0.143197
Train Epoch: 2 [4800/10424 (46%)]	Loss: 0.614650
Train Epoch: 2 [9600/10424 (92%)]	Loss: 0.412238
====> Epoch: 2 Average loss: 0.0273
Train Epoch: 3 [0/10424 (0%)]	Loss: 0.087519
Train Epoch: 3 [4800/10424 (46%)]	Loss: 0.283168
Train Epoch: 3 [9600/10424 (92%)]	Loss: 0.346957
====> Epoch: 3 Average loss: 0.0233
Train Epoch: 4 [0/10424 (0%)]	Loss: 0.612913
Train Epoch: 4 [4800/10424 (46%)]	Loss: 0.300912
Train Epoch: 4 [9600/10424 (92%)]	Loss: 0.122687
====> Epoch: 4 Average loss: 0.0206
Train Epoch: 5 [0/10424 (0%)]	Loss: 0.061652
Train Epoch: 5 [4800/10424 (46%)]	Loss: 0.154084
Train Epoch: 5 [9600/10424 (92%)]	Loss: 0.390439
====> Epoch: 5 Average loss: 0.0182
Train Epoch: 6 [0/10424 (0%)]	Loss: 0.319825
Train Epoch: 6 [4800/10424 (46%)]	Loss: 0.267735
Train Epoch: 6 [9600/10424 (92%)]	Loss: 0.237069
====> Epoch: 6 Average loss: 0.0162
Train Epoch: 7 [0/10424 (0%)]	Loss: 0.053460
Train Epoch: 7 [4800/10424 (46%)]	Loss: 0.089996
Train Epoch: 7 [9600/10424 (92%)]	Loss: 0.418994
====> Epoch: 7 Average loss: 0.0155
Train Epoch: 8 [0/10424 (0%)]	Loss: 0.359125
Train Epoch: 8 [4800/10424 (46%)]	Loss: 0.500312
Train Epoch: 8 [9600/10424 (92%)]	Loss: 0.146866
====> Epoch: 8 Average loss: 0.0146
INFO:__main__: remove 1000 uncertain samples from du
Train Epoch: 9 [0/10424 (0%)]	Loss: 0.241684
Train Epoch: 9 [4800/10424 (46%)]	Loss: 0.133621
Train Epoch: 9 [9600/10424 (92%)]	Loss: 0.259779
====> Epoch: 9 Average loss: 0.0145
INFO:__main__: Iteration: 6: run prediction on unlabeled data `du` 
Iteration: 5, len(dl): 10424, len(du): 15528, len(dh) 227, acc: 48.60945231189217 
INFO:__main__: Update size of `dl`  and `du` by adding uncertain 1000 samples in `dl` len(dl): 11424, len(du) 15528
INFO:__main__: Update size of `dl`  and `du` by adding 37 hcs samples in `dl` len(dl): 11461, len(du) 15528
INFO:__main__: Iteration: 6 fine-tune the model on dh U dl
Train Epoch: 0 [0/11461 (0%)]	Loss: 0.403397
Train Epoch: 0 [4800/11461 (42%)]	Loss: 0.968940
Train Epoch: 0 [9600/11461 (84%)]	Loss: 0.421834
====> Epoch: 0 Average loss: 0.0286
Train Epoch: 1 [0/11461 (0%)]	Loss: 0.452389
Train Epoch: 1 [4800/11461 (42%)]	Loss: 0.142584
Train Epoch: 1 [9600/11461 (84%)]	Loss: 0.652966
====> Epoch: 1 Average loss: 0.0227
Train Epoch: 2 [0/11461 (0%)]	Loss: 0.533055
Train Epoch: 2 [4800/11461 (42%)]	Loss: 0.200034
Train Epoch: 2 [9600/11461 (84%)]	Loss: 0.250789
====> Epoch: 2 Average loss: 0.0201
Train Epoch: 3 [0/11461 (0%)]	Loss: 0.571905
Train Epoch: 3 [4800/11461 (42%)]	Loss: 0.177370
Train Epoch: 3 [9600/11461 (84%)]	Loss: 0.198329
====> Epoch: 3 Average loss: 0.0175
Train Epoch: 4 [0/11461 (0%)]	Loss: 0.184060
Train Epoch: 4 [4800/11461 (42%)]	Loss: 0.046620
Train Epoch: 4 [9600/11461 (84%)]	Loss: 0.296274
====> Epoch: 4 Average loss: 0.0167
Train Epoch: 5 [0/11461 (0%)]	Loss: 0.141133
Train Epoch: 5 [4800/11461 (42%)]	Loss: 0.113181
Train Epoch: 5 [9600/11461 (84%)]	Loss: 0.170123
====> Epoch: 5 Average loss: 0.0148
Train Epoch: 6 [0/11461 (0%)]	Loss: 0.400351
Train Epoch: 6 [4800/11461 (42%)]	Loss: 0.129711
Train Epoch: 6 [9600/11461 (84%)]	Loss: 0.311747
====> Epoch: 6 Average loss: 0.0141
Train Epoch: 7 [0/11461 (0%)]	Loss: 0.084697
Train Epoch: 7 [4800/11461 (42%)]	Loss: 0.138097
Train Epoch: 7 [9600/11461 (84%)]	Loss: 0.220363
====> Epoch: 7 Average loss: 0.0135
Train Epoch: 8 [0/11461 (0%)]	Loss: 0.080191
Train Epoch: 8 [4800/11461 (42%)]	Loss: 0.127842
Train Epoch: 8 [9600/11461 (84%)]	Loss: 0.122559
====> Epoch: 8 Average loss: 0.0121
INFO:__main__: remove 1000 uncertain samples from du
Train Epoch: 9 [0/11461 (0%)]	Loss: 0.139089
Train Epoch: 9 [4800/11461 (42%)]	Loss: 0.209176
Train Epoch: 9 [9600/11461 (84%)]	Loss: 0.094532
====> Epoch: 9 Average loss: 0.0123
INFO:__main__: Iteration: 7: run prediction on unlabeled data `du` 
Iteration: 6, len(dl): 11461, len(du): 14528, len(dh) 37, acc: 49.44548711823921 
INFO:__main__: Update size of `dl`  and `du` by adding uncertain 1000 samples in `dl` len(dl): 12461, len(du) 14528
INFO:__main__: Update size of `dl`  and `du` by adding 0 hcs samples in `dl` len(dl): 12461, len(du) 14528
INFO:__main__: Iteration: 7 fine-tune the model on dh U dl
Train Epoch: 0 [0/12461 (0%)]	Loss: 0.118740
Train Epoch: 0 [4800/12461 (39%)]	Loss: 0.482490
Train Epoch: 0 [9600/12461 (77%)]	Loss: 0.203627
====> Epoch: 0 Average loss: 0.0239
Train Epoch: 1 [0/12461 (0%)]	Loss: 0.447853
Train Epoch: 1 [4800/12461 (39%)]	Loss: 0.551938
Train Epoch: 1 [9600/12461 (77%)]	Loss: 0.957485
====> Epoch: 1 Average loss: 0.0200
Train Epoch: 2 [0/12461 (0%)]	Loss: 0.874945
Train Epoch: 2 [4800/12461 (39%)]	Loss: 0.614645
Train Epoch: 2 [9600/12461 (77%)]	Loss: 0.242543
====> Epoch: 2 Average loss: 0.0174
Train Epoch: 3 [0/12461 (0%)]	Loss: 0.285763
Train Epoch: 3 [4800/12461 (39%)]	Loss: 0.275148
Train Epoch: 3 [9600/12461 (77%)]	Loss: 0.091761
====> Epoch: 3 Average loss: 0.0154
Train Epoch: 4 [0/12461 (0%)]	Loss: 0.042612
Train Epoch: 4 [4800/12461 (39%)]	Loss: 0.160444
Train Epoch: 4 [9600/12461 (77%)]	Loss: 0.454001
====> Epoch: 4 Average loss: 0.0136
Train Epoch: 5 [0/12461 (0%)]	Loss: 0.175851
Train Epoch: 5 [4800/12461 (39%)]	Loss: 0.372805
Train Epoch: 5 [9600/12461 (77%)]	Loss: 0.130311
====> Epoch: 5 Average loss: 0.0134
Train Epoch: 6 [0/12461 (0%)]	Loss: 0.095582
Train Epoch: 6 [4800/12461 (39%)]	Loss: 0.056339
Train Epoch: 6 [9600/12461 (77%)]	Loss: 0.125151
====> Epoch: 6 Average loss: 0.0127
Train Epoch: 7 [0/12461 (0%)]	Loss: 0.348217
Train Epoch: 7 [4800/12461 (39%)]	Loss: 0.563189
Train Epoch: 7 [9600/12461 (77%)]	Loss: 0.153833
====> Epoch: 7 Average loss: 0.0123
Train Epoch: 8 [0/12461 (0%)]	Loss: 0.115504
Train Epoch: 8 [4800/12461 (39%)]	Loss: 0.060153
Train Epoch: 8 [9600/12461 (77%)]	Loss: 0.111961
====> Epoch: 8 Average loss: 0.0112
INFO:__main__: remove 1000 uncertain samples from du
Train Epoch: 9 [0/12461 (0%)]	Loss: 0.068914
Train Epoch: 9 [4800/12461 (39%)]	Loss: 0.394100
Train Epoch: 9 [9600/12461 (77%)]	Loss: 0.095506
====> Epoch: 9 Average loss: 0.0114
INFO:__main__: Iteration: 8: run prediction on unlabeled data `du` 
Iteration: 7, len(dl): 12461, len(du): 13528, len(dh) 0, acc: 51.35642381846101 
INFO:__main__: Update size of `dl`  and `du` by adding uncertain 1000 samples in `dl` len(dl): 13461, len(du) 13528
INFO:__main__: Update size of `dl`  and `du` by adding 0 hcs samples in `dl` len(dl): 13461, len(du) 13528
INFO:__main__: Iteration: 8 fine-tune the model on dh U dl
Train Epoch: 0 [0/13461 (0%)]	Loss: 1.421521
Train Epoch: 0 [4800/13461 (36%)]	Loss: 0.566706
Train Epoch: 0 [9600/13461 (71%)]	Loss: 0.116551
====> Epoch: 0 Average loss: 0.0218
Train Epoch: 1 [0/13461 (0%)]	Loss: 0.166968
Train Epoch: 1 [4800/13461 (36%)]	Loss: 0.342950
Train Epoch: 1 [9600/13461 (71%)]	Loss: 0.503802
====> Epoch: 1 Average loss: 0.0187
Train Epoch: 2 [0/13461 (0%)]	Loss: 0.061700
Train Epoch: 2 [4800/13461 (36%)]	Loss: 0.457040
Train Epoch: 2 [9600/13461 (71%)]	Loss: 0.313045
====> Epoch: 2 Average loss: 0.0168
Train Epoch: 3 [0/13461 (0%)]	Loss: 0.192085
Train Epoch: 3 [4800/13461 (36%)]	Loss: 0.224152
Train Epoch: 3 [9600/13461 (71%)]	Loss: 0.121921
====> Epoch: 3 Average loss: 0.0145
Train Epoch: 4 [0/13461 (0%)]	Loss: 0.142498
Train Epoch: 4 [4800/13461 (36%)]	Loss: 0.276441
Train Epoch: 4 [9600/13461 (71%)]	Loss: 0.028111
====> Epoch: 4 Average loss: 0.0140
Train Epoch: 5 [0/13461 (0%)]	Loss: 0.210449
Train Epoch: 5 [4800/13461 (36%)]	Loss: 0.104121
Train Epoch: 5 [9600/13461 (71%)]	Loss: 0.192260
====> Epoch: 5 Average loss: 0.0129
Train Epoch: 6 [0/13461 (0%)]	Loss: 0.293349
Train Epoch: 6 [4800/13461 (36%)]	Loss: 0.072495
Train Epoch: 6 [9600/13461 (71%)]	Loss: 0.113982
====> Epoch: 6 Average loss: 0.0120
Train Epoch: 7 [0/13461 (0%)]	Loss: 0.093256
Train Epoch: 7 [4800/13461 (36%)]	Loss: 0.268334
Train Epoch: 7 [9600/13461 (71%)]	Loss: 0.062127
====> Epoch: 7 Average loss: 0.0116
Train Epoch: 8 [0/13461 (0%)]	Loss: 0.115678
Train Epoch: 8 [4800/13461 (36%)]	Loss: 0.053175
Train Epoch: 8 [9600/13461 (71%)]	Loss: 0.173808
====> Epoch: 8 Average loss: 0.0111
INFO:__main__: remove 1000 uncertain samples from du
Train Epoch: 9 [0/13461 (0%)]	Loss: 0.076234
Train Epoch: 9 [4800/13461 (36%)]	Loss: 0.156477
Train Epoch: 9 [9600/13461 (71%)]	Loss: 0.124228
====> Epoch: 9 Average loss: 0.0111
INFO:__main__: Iteration: 9: run prediction on unlabeled data `du` 
Iteration: 8, len(dl): 13461, len(du): 12528, len(dh) 0, acc: 51.86828186316328 
INFO:__main__: Update size of `dl`  and `du` by adding uncertain 1000 samples in `dl` len(dl): 14461, len(du) 12528
INFO:__main__: Update size of `dl`  and `du` by adding 0 hcs samples in `dl` len(dl): 14461, len(du) 12528
INFO:__main__: Iteration: 9 fine-tune the model on dh U dl
Train Epoch: 0 [0/14461 (0%)]	Loss: 0.626623
Train Epoch: 0 [4800/14461 (33%)]	Loss: 0.089878
Train Epoch: 0 [9600/14461 (66%)]	Loss: 0.963170
Train Epoch: 0 [14400/14461 (100%)]	Loss: 0.189514
====> Epoch: 0 Average loss: 0.0201
Train Epoch: 1 [0/14461 (0%)]	Loss: 0.109748
Train Epoch: 1 [4800/14461 (33%)]	Loss: 0.176756
Train Epoch: 1 [9600/14461 (66%)]	Loss: 0.124677
Train Epoch: 1 [14400/14461 (100%)]	Loss: 0.313265
====> Epoch: 1 Average loss: 0.0166
Train Epoch: 2 [0/14461 (0%)]	Loss: 0.173689
Train Epoch: 2 [4800/14461 (33%)]	Loss: 0.540272
Train Epoch: 2 [9600/14461 (66%)]	Loss: 0.115766
Train Epoch: 2 [14400/14461 (100%)]	Loss: 0.439949
====> Epoch: 2 Average loss: 0.0153
Train Epoch: 3 [0/14461 (0%)]	Loss: 0.310570
Train Epoch: 3 [4800/14461 (33%)]	Loss: 0.372105
Train Epoch: 3 [9600/14461 (66%)]	Loss: 0.491882
Train Epoch: 3 [14400/14461 (100%)]	Loss: 0.494909
====> Epoch: 3 Average loss: 0.0134
Train Epoch: 4 [0/14461 (0%)]	Loss: 0.077293
Train Epoch: 4 [4800/14461 (33%)]	Loss: 0.358160
Train Epoch: 4 [9600/14461 (66%)]	Loss: 0.138523
Train Epoch: 4 [14400/14461 (100%)]	Loss: 0.518958
====> Epoch: 4 Average loss: 0.0125
Train Epoch: 5 [0/14461 (0%)]	Loss: 0.228240
Train Epoch: 5 [4800/14461 (33%)]	Loss: 0.179974
Train Epoch: 5 [9600/14461 (66%)]	Loss: 0.302925
Train Epoch: 5 [14400/14461 (100%)]	Loss: 0.174833
====> Epoch: 5 Average loss: 0.0121
Train Epoch: 6 [0/14461 (0%)]	Loss: 0.034060
Train Epoch: 6 [4800/14461 (33%)]	Loss: 0.067033
Train Epoch: 6 [9600/14461 (66%)]	Loss: 0.385610
Train Epoch: 6 [14400/14461 (100%)]	Loss: 0.090719
====> Epoch: 6 Average loss: 0.0109
Train Epoch: 7 [0/14461 (0%)]	Loss: 0.225126
Train Epoch: 7 [4800/14461 (33%)]	Loss: 0.161399
Train Epoch: 7 [9600/14461 (66%)]	Loss: 0.289395
Train Epoch: 7 [14400/14461 (100%)]	Loss: 0.124387
====> Epoch: 7 Average loss: 0.0105
Train Epoch: 8 [0/14461 (0%)]	Loss: 0.102621
Train Epoch: 8 [4800/14461 (33%)]	Loss: 0.147635
Train Epoch: 8 [9600/14461 (66%)]	Loss: 0.150164
Train Epoch: 8 [14400/14461 (100%)]	Loss: 0.035486
====> Epoch: 8 Average loss: 0.0105
INFO:__main__: remove 1000 uncertain samples from du
Train Epoch: 9 [0/14461 (0%)]	Loss: 0.252581
Train Epoch: 9 [4800/14461 (33%)]	Loss: 0.047814
Train Epoch: 9 [9600/14461 (66%)]	Loss: 0.099335
Train Epoch: 9 [14400/14461 (100%)]	Loss: 0.090249
====> Epoch: 9 Average loss: 0.0101
INFO:__main__: Iteration: 10: run prediction on unlabeled data `du` 
Iteration: 9, len(dl): 14461, len(du): 11528, len(dh) 0, acc: 52.55075925609964 
INFO:__main__: Update size of `dl`  and `du` by adding uncertain 1000 samples in `dl` len(dl): 15461, len(du) 11528
INFO:__main__: Update size of `dl`  and `du` by adding 0 hcs samples in `dl` len(dl): 15461, len(du) 11528
INFO:__main__: Iteration: 10 fine-tune the model on dh U dl
Train Epoch: 0 [0/15461 (0%)]	Loss: 0.209716
Train Epoch: 0 [4800/15461 (31%)]	Loss: 0.077019
Train Epoch: 0 [9600/15461 (62%)]	Loss: 0.812754
Train Epoch: 0 [14400/15461 (93%)]	Loss: 0.296418
====> Epoch: 0 Average loss: 0.0196
Train Epoch: 1 [0/15461 (0%)]	Loss: 0.043771
Train Epoch: 1 [4800/15461 (31%)]	Loss: 0.048429
Train Epoch: 1 [9600/15461 (62%)]	Loss: 0.205118
Train Epoch: 1 [14400/15461 (93%)]	Loss: 0.184488
====> Epoch: 1 Average loss: 0.0162
Train Epoch: 2 [0/15461 (0%)]	Loss: 0.127592
Train Epoch: 2 [4800/15461 (31%)]	Loss: 0.309116
Train Epoch: 2 [9600/15461 (62%)]	Loss: 0.036121
Train Epoch: 2 [14400/15461 (93%)]	Loss: 0.137590
====> Epoch: 2 Average loss: 0.0147
Train Epoch: 3 [0/15461 (0%)]	Loss: 0.134437
Train Epoch: 3 [4800/15461 (31%)]	Loss: 0.349615
Train Epoch: 3 [9600/15461 (62%)]	Loss: 0.062322
Train Epoch: 3 [14400/15461 (93%)]	Loss: 0.225178
====> Epoch: 3 Average loss: 0.0128
Train Epoch: 4 [0/15461 (0%)]	Loss: 0.153481
Train Epoch: 4 [4800/15461 (31%)]	Loss: 0.007707
Train Epoch: 4 [9600/15461 (62%)]	Loss: 0.253779
Train Epoch: 4 [14400/15461 (93%)]	Loss: 0.249250
====> Epoch: 4 Average loss: 0.0124
Train Epoch: 5 [0/15461 (0%)]	Loss: 0.123675
Train Epoch: 5 [4800/15461 (31%)]	Loss: 0.117880
Train Epoch: 5 [9600/15461 (62%)]	Loss: 0.047879
Train Epoch: 5 [14400/15461 (93%)]	Loss: 0.065199
====> Epoch: 5 Average loss: 0.0115
Train Epoch: 6 [0/15461 (0%)]	Loss: 0.067968
Train Epoch: 6 [4800/15461 (31%)]	Loss: 0.203941
Train Epoch: 6 [9600/15461 (62%)]	Loss: 0.131295
Train Epoch: 6 [14400/15461 (93%)]	Loss: 0.314233
====> Epoch: 6 Average loss: 0.0109
Train Epoch: 7 [0/15461 (0%)]	Loss: 0.334298
Train Epoch: 7 [4800/15461 (31%)]	Loss: 0.051830
Train Epoch: 7 [9600/15461 (62%)]	Loss: 0.053344
Train Epoch: 7 [14400/15461 (93%)]	Loss: 0.251887
====> Epoch: 7 Average loss: 0.0106
Train Epoch: 8 [0/15461 (0%)]	Loss: 0.095211
Train Epoch: 8 [4800/15461 (31%)]	Loss: 0.434424
Train Epoch: 8 [9600/15461 (62%)]	Loss: 0.046135
Train Epoch: 8 [14400/15461 (93%)]	Loss: 0.058104
====> Epoch: 8 Average loss: 0.0100
INFO:__main__: remove 1000 uncertain samples from du
Train Epoch: 9 [0/15461 (0%)]	Loss: 0.147443
Train Epoch: 9 [4800/15461 (31%)]	Loss: 0.205257
Train Epoch: 9 [9600/15461 (62%)]	Loss: 0.017548
Train Epoch: 9 [14400/15461 (93%)]	Loss: 0.057995
====> Epoch: 9 Average loss: 0.0103
INFO:__main__: Iteration: 11: run prediction on unlabeled data `du` 
Iteration: 10, len(dl): 15461, len(du): 10528, len(dh) 0, acc: 52.60194506056987 
INFO:__main__: Update size of `dl`  and `du` by adding uncertain 1000 samples in `dl` len(dl): 16461, len(du) 10528
INFO:__main__: Update size of `dl`  and `du` by adding 0 hcs samples in `dl` len(dl): 16461, len(du) 10528
INFO:__main__: Iteration: 11 fine-tune the model on dh U dl
Train Epoch: 0 [0/16461 (0%)]	Loss: 0.072074
Train Epoch: 0 [4800/16461 (29%)]	Loss: 0.209795
Train Epoch: 0 [9600/16461 (58%)]	Loss: 0.249969
Train Epoch: 0 [14400/16461 (87%)]	Loss: 0.744388
====> Epoch: 0 Average loss: 0.0185
Train Epoch: 1 [0/16461 (0%)]	Loss: 0.148122
Train Epoch: 1 [4800/16461 (29%)]	Loss: 0.114251
Train Epoch: 1 [9600/16461 (58%)]	Loss: 0.252237
Train Epoch: 1 [14400/16461 (87%)]	Loss: 0.331891
====> Epoch: 1 Average loss: 0.0153
Train Epoch: 2 [0/16461 (0%)]	Loss: 0.059233
Train Epoch: 2 [4800/16461 (29%)]	Loss: 0.328953
Train Epoch: 2 [9600/16461 (58%)]	Loss: 0.150529
Train Epoch: 2 [14400/16461 (87%)]	Loss: 0.522875
====> Epoch: 2 Average loss: 0.0139
Train Epoch: 3 [0/16461 (0%)]	Loss: 0.179467
Train Epoch: 3 [4800/16461 (29%)]	Loss: 0.100725
Train Epoch: 3 [9600/16461 (58%)]	Loss: 0.042739
Train Epoch: 3 [14400/16461 (87%)]	Loss: 0.219239
====> Epoch: 3 Average loss: 0.0127
Train Epoch: 4 [0/16461 (0%)]	Loss: 0.160396
Train Epoch: 4 [4800/16461 (29%)]	Loss: 0.108117
Train Epoch: 4 [9600/16461 (58%)]	Loss: 0.141091
Train Epoch: 4 [14400/16461 (87%)]	Loss: 0.508304
====> Epoch: 4 Average loss: 0.0118
Train Epoch: 5 [0/16461 (0%)]	Loss: 0.255253
Train Epoch: 5 [4800/16461 (29%)]	Loss: 0.097301
Train Epoch: 5 [9600/16461 (58%)]	Loss: 0.113495
Train Epoch: 5 [14400/16461 (87%)]	Loss: 0.079159
====> Epoch: 5 Average loss: 0.0108
Train Epoch: 6 [0/16461 (0%)]	Loss: 0.190651
Train Epoch: 6 [4800/16461 (29%)]	Loss: 0.304503
Train Epoch: 6 [9600/16461 (58%)]	Loss: 0.143479
Train Epoch: 6 [14400/16461 (87%)]	Loss: 0.037576
====> Epoch: 6 Average loss: 0.0105
Train Epoch: 7 [0/16461 (0%)]	Loss: 0.367010
Train Epoch: 7 [4800/16461 (29%)]	Loss: 0.096559
Train Epoch: 7 [9600/16461 (58%)]	Loss: 0.245513
Train Epoch: 7 [14400/16461 (87%)]	Loss: 0.054405
====> Epoch: 7 Average loss: 0.0107
Train Epoch: 8 [0/16461 (0%)]	Loss: 0.391776
Train Epoch: 8 [4800/16461 (29%)]	Loss: 0.036060
Train Epoch: 8 [9600/16461 (58%)]	Loss: 0.155995
Train Epoch: 8 [14400/16461 (87%)]	Loss: 0.042449
====> Epoch: 8 Average loss: 0.0099
INFO:__main__: remove 1000 uncertain samples from du
Train Epoch: 9 [0/16461 (0%)]	Loss: 0.095462
Train Epoch: 9 [4800/16461 (29%)]	Loss: 0.067404
Train Epoch: 9 [9600/16461 (58%)]	Loss: 0.283073
Train Epoch: 9 [14400/16461 (87%)]	Loss: 0.108392
====> Epoch: 9 Average loss: 0.0099
INFO:__main__: Iteration: 12: run prediction on unlabeled data `du` 
Iteration: 11, len(dl): 16461, len(du): 9528, len(dh) 0, acc: 53.608599215150996 
INFO:__main__: Update size of `dl`  and `du` by adding uncertain 1000 samples in `dl` len(dl): 17461, len(du) 9528
INFO:__main__: Update size of `dl`  and `du` by adding 0 hcs samples in `dl` len(dl): 17461, len(du) 9528
INFO:__main__: Iteration: 12 fine-tune the model on dh U dl
Train Epoch: 0 [0/17461 (0%)]	Loss: 0.064898
Train Epoch: 0 [4800/17461 (27%)]	Loss: 0.018935
Train Epoch: 0 [9600/17461 (55%)]	Loss: 0.848932
Train Epoch: 0 [14400/17461 (82%)]	Loss: 0.176892
====> Epoch: 0 Average loss: 0.0175
Train Epoch: 1 [0/17461 (0%)]	Loss: 0.251927
Train Epoch: 1 [4800/17461 (27%)]	Loss: 0.993066
Train Epoch: 1 [9600/17461 (55%)]	Loss: 0.374586
Train Epoch: 1 [14400/17461 (82%)]	Loss: 0.049735
====> Epoch: 1 Average loss: 0.0156
Train Epoch: 2 [0/17461 (0%)]	Loss: 0.132022
Train Epoch: 2 [4800/17461 (27%)]	Loss: 0.163123
Train Epoch: 2 [9600/17461 (55%)]	Loss: 0.168929
Train Epoch: 2 [14400/17461 (82%)]	Loss: 0.075863
====> Epoch: 2 Average loss: 0.0137
Train Epoch: 3 [0/17461 (0%)]	Loss: 0.273426
Train Epoch: 3 [4800/17461 (27%)]	Loss: 0.345809
Train Epoch: 3 [9600/17461 (55%)]	Loss: 0.181140
Train Epoch: 3 [14400/17461 (82%)]	Loss: 0.050774
====> Epoch: 3 Average loss: 0.0126
Train Epoch: 4 [0/17461 (0%)]	Loss: 0.068666
Train Epoch: 4 [4800/17461 (27%)]	Loss: 0.095504
Train Epoch: 4 [9600/17461 (55%)]	Loss: 0.137292
Train Epoch: 4 [14400/17461 (82%)]	Loss: 0.246277
====> Epoch: 4 Average loss: 0.0117
Train Epoch: 5 [0/17461 (0%)]	Loss: 0.106487
Train Epoch: 5 [4800/17461 (27%)]	Loss: 0.034987
Train Epoch: 5 [9600/17461 (55%)]	Loss: 0.242762
Train Epoch: 5 [14400/17461 (82%)]	Loss: 0.095673
====> Epoch: 5 Average loss: 0.0113
Train Epoch: 6 [0/17461 (0%)]	Loss: 0.108003
Train Epoch: 6 [4800/17461 (27%)]	Loss: 0.103197
Train Epoch: 6 [9600/17461 (55%)]	Loss: 0.077865
Train Epoch: 6 [14400/17461 (82%)]	Loss: 0.247292
====> Epoch: 6 Average loss: 0.0109
Train Epoch: 7 [0/17461 (0%)]	Loss: 0.183591
Train Epoch: 7 [4800/17461 (27%)]	Loss: 0.117098
Train Epoch: 7 [9600/17461 (55%)]	Loss: 0.265050
Train Epoch: 7 [14400/17461 (82%)]	Loss: 0.345756
====> Epoch: 7 Average loss: 0.0107
Train Epoch: 8 [0/17461 (0%)]	Loss: 0.017141
Train Epoch: 8 [4800/17461 (27%)]	Loss: 0.142973
Train Epoch: 8 [9600/17461 (55%)]	Loss: 0.053453
Train Epoch: 8 [14400/17461 (82%)]	Loss: 0.236556
====> Epoch: 8 Average loss: 0.0098
INFO:__main__: remove 1000 uncertain samples from du
Train Epoch: 9 [0/17461 (0%)]	Loss: 0.343062
Train Epoch: 9 [4800/17461 (27%)]	Loss: 0.107274
Train Epoch: 9 [9600/17461 (55%)]	Loss: 0.242738
Train Epoch: 9 [14400/17461 (82%)]	Loss: 0.111198
====> Epoch: 9 Average loss: 0.0097
INFO:__main__: Iteration: 13: run prediction on unlabeled data `du` 
Iteration: 12, len(dl): 17461, len(du): 8528, len(dh) 0, acc: 54.70056304384917 
INFO:__main__: Update size of `dl`  and `du` by adding uncertain 1000 samples in `dl` len(dl): 18461, len(du) 8528
INFO:__main__: Update size of `dl`  and `du` by adding 0 hcs samples in `dl` len(dl): 18461, len(du) 8528
INFO:__main__: Iteration: 13 fine-tune the model on dh U dl
Train Epoch: 0 [0/18461 (0%)]	Loss: 0.401839
Train Epoch: 0 [4800/18461 (26%)]	Loss: 0.064097
Train Epoch: 0 [9600/18461 (52%)]	Loss: 0.020189
Train Epoch: 0 [14400/18461 (78%)]	Loss: 0.059035
====> Epoch: 0 Average loss: 0.0167
Train Epoch: 1 [0/18461 (0%)]	Loss: 0.021532
Train Epoch: 1 [4800/18461 (26%)]	Loss: 0.137103
Train Epoch: 1 [9600/18461 (52%)]	Loss: 0.194425
Train Epoch: 1 [14400/18461 (78%)]	Loss: 0.083084
====> Epoch: 1 Average loss: 0.0147
Train Epoch: 2 [0/18461 (0%)]	Loss: 0.100880
Train Epoch: 2 [4800/18461 (26%)]	Loss: 0.102174
Train Epoch: 2 [9600/18461 (52%)]	Loss: 0.115843
Train Epoch: 2 [14400/18461 (78%)]	Loss: 0.095348
====> Epoch: 2 Average loss: 0.0135
Train Epoch: 3 [0/18461 (0%)]	Loss: 0.129017
Train Epoch: 3 [4800/18461 (26%)]	Loss: 0.267653
Train Epoch: 3 [9600/18461 (52%)]	Loss: 0.057942
Train Epoch: 3 [14400/18461 (78%)]	Loss: 0.048347
====> Epoch: 3 Average loss: 0.0119
Train Epoch: 4 [0/18461 (0%)]	Loss: 0.118671
Train Epoch: 4 [4800/18461 (26%)]	Loss: 0.112504
Train Epoch: 4 [9600/18461 (52%)]	Loss: 0.227193
Train Epoch: 4 [14400/18461 (78%)]	Loss: 0.274330
====> Epoch: 4 Average loss: 0.0112
Train Epoch: 5 [0/18461 (0%)]	Loss: 0.044628
Train Epoch: 5 [4800/18461 (26%)]	Loss: 0.049103
Train Epoch: 5 [9600/18461 (52%)]	Loss: 0.045925
Train Epoch: 5 [14400/18461 (78%)]	Loss: 0.333603
====> Epoch: 5 Average loss: 0.0108
Train Epoch: 6 [0/18461 (0%)]	Loss: 0.393580
Train Epoch: 6 [4800/18461 (26%)]	Loss: 0.351887
Train Epoch: 6 [9600/18461 (52%)]	Loss: 0.062179
Train Epoch: 6 [14400/18461 (78%)]	Loss: 0.642833
====> Epoch: 6 Average loss: 0.0101
Train Epoch: 7 [0/18461 (0%)]	Loss: 0.068610
Train Epoch: 7 [4800/18461 (26%)]	Loss: 0.119424
Train Epoch: 7 [9600/18461 (52%)]	Loss: 0.224431
Train Epoch: 7 [14400/18461 (78%)]	Loss: 0.059925
====> Epoch: 7 Average loss: 0.0101
Train Epoch: 8 [0/18461 (0%)]	Loss: 0.102810
Train Epoch: 8 [4800/18461 (26%)]	Loss: 0.058994
Train Epoch: 8 [9600/18461 (52%)]	Loss: 0.338946
Train Epoch: 8 [14400/18461 (78%)]	Loss: 0.158247
====> Epoch: 8 Average loss: 0.0099
INFO:__main__: remove 1000 uncertain samples from du
Train Epoch: 9 [0/18461 (0%)]	Loss: 0.051731
Train Epoch: 9 [4800/18461 (26%)]	Loss: 0.104853
Train Epoch: 9 [9600/18461 (52%)]	Loss: 0.066827
Train Epoch: 9 [14400/18461 (78%)]	Loss: 0.149964
====> Epoch: 9 Average loss: 0.0090
INFO:__main__: Iteration: 14: run prediction on unlabeled data `du` 
Iteration: 13, len(dl): 18461, len(du): 7528, len(dh) 0, acc: 54.76881078314281 
INFO:__main__: Update size of `dl`  and `du` by adding uncertain 1000 samples in `dl` len(dl): 19461, len(du) 7528
INFO:__main__: Update size of `dl`  and `du` by adding 0 hcs samples in `dl` len(dl): 19461, len(du) 7528
INFO:__main__: Iteration: 14 fine-tune the model on dh U dl
Train Epoch: 0 [0/19461 (0%)]	Loss: 0.371088
Train Epoch: 0 [4800/19461 (25%)]	Loss: 0.348840
Train Epoch: 0 [9600/19461 (49%)]	Loss: 0.375059
Train Epoch: 0 [14400/19461 (74%)]	Loss: 0.486349
Train Epoch: 0 [19200/19461 (99%)]	Loss: 0.217245
====> Epoch: 0 Average loss: 0.0166
Train Epoch: 1 [0/19461 (0%)]	Loss: 0.574128
Train Epoch: 1 [4800/19461 (25%)]	Loss: 0.106207
Train Epoch: 1 [9600/19461 (49%)]	Loss: 0.028168
Train Epoch: 1 [14400/19461 (74%)]	Loss: 0.055146
Train Epoch: 1 [19200/19461 (99%)]	Loss: 0.262979
====> Epoch: 1 Average loss: 0.0141
Train Epoch: 2 [0/19461 (0%)]	Loss: 0.041476
Train Epoch: 2 [4800/19461 (25%)]	Loss: 0.412984
Train Epoch: 2 [9600/19461 (49%)]	Loss: 0.117998
Train Epoch: 2 [14400/19461 (74%)]	Loss: 0.108532
Train Epoch: 2 [19200/19461 (99%)]	Loss: 0.374980
====> Epoch: 2 Average loss: 0.0130
Train Epoch: 3 [0/19461 (0%)]	Loss: 0.188144
Train Epoch: 3 [4800/19461 (25%)]	Loss: 0.158438
Train Epoch: 3 [9600/19461 (49%)]	Loss: 0.023271
Train Epoch: 3 [14400/19461 (74%)]	Loss: 0.052409
Train Epoch: 3 [19200/19461 (99%)]	Loss: 0.090780
====> Epoch: 3 Average loss: 0.0119
Train Epoch: 4 [0/19461 (0%)]	Loss: 0.015958
Train Epoch: 4 [4800/19461 (25%)]	Loss: 0.414581
Train Epoch: 4 [9600/19461 (49%)]	Loss: 0.230759
Train Epoch: 4 [14400/19461 (74%)]	Loss: 0.047788
Train Epoch: 4 [19200/19461 (99%)]	Loss: 0.125386
====> Epoch: 4 Average loss: 0.0112
Train Epoch: 5 [0/19461 (0%)]	Loss: 0.044880
Train Epoch: 5 [4800/19461 (25%)]	Loss: 0.069604
Train Epoch: 5 [9600/19461 (49%)]	Loss: 0.034596
Train Epoch: 5 [14400/19461 (74%)]	Loss: 0.503992
Train Epoch: 5 [19200/19461 (99%)]	Loss: 0.260533
====> Epoch: 5 Average loss: 0.0113
Train Epoch: 6 [0/19461 (0%)]	Loss: 0.083492
Train Epoch: 6 [4800/19461 (25%)]	Loss: 0.078996
Train Epoch: 6 [9600/19461 (49%)]	Loss: 0.331135
Train Epoch: 6 [14400/19461 (74%)]	Loss: 0.493115
Train Epoch: 6 [19200/19461 (99%)]	Loss: 0.048500
====> Epoch: 6 Average loss: 0.0103
Train Epoch: 7 [0/19461 (0%)]	Loss: 0.189583
Train Epoch: 7 [4800/19461 (25%)]	Loss: 0.026208
Train Epoch: 7 [9600/19461 (49%)]	Loss: 0.645786
Train Epoch: 7 [14400/19461 (74%)]	Loss: 0.062799
Train Epoch: 7 [19200/19461 (99%)]	Loss: 0.066208
====> Epoch: 7 Average loss: 0.0099
Train Epoch: 8 [0/19461 (0%)]	Loss: 0.225272
Train Epoch: 8 [4800/19461 (25%)]	Loss: 0.032628
Train Epoch: 8 [9600/19461 (49%)]	Loss: 0.129678
Train Epoch: 8 [14400/19461 (74%)]	Loss: 0.274694
Train Epoch: 8 [19200/19461 (99%)]	Loss: 0.318240
====> Epoch: 8 Average loss: 0.0097
INFO:__main__: remove 1000 uncertain samples from du
Train Epoch: 9 [0/19461 (0%)]	Loss: 0.021787
Train Epoch: 9 [4800/19461 (25%)]	Loss: 0.344422
Train Epoch: 9 [9600/19461 (49%)]	Loss: 0.166479
Train Epoch: 9 [14400/19461 (74%)]	Loss: 0.106652
Train Epoch: 9 [19200/19461 (99%)]	Loss: 0.063905
====> Epoch: 9 Average loss: 0.0097
INFO:__main__: Iteration: 15: run prediction on unlabeled data `du` 
Iteration: 14, len(dl): 19461, len(du): 6528, len(dh) 0, acc: 55.348916567138716 
INFO:__main__: Update size of `dl`  and `du` by adding uncertain 1000 samples in `dl` len(dl): 20461, len(du) 6528
INFO:__main__: Update size of `dl`  and `du` by adding 0 hcs samples in `dl` len(dl): 20461, len(du) 6528
INFO:__main__: Iteration: 15 fine-tune the model on dh U dl
Train Epoch: 0 [0/20461 (0%)]	Loss: 0.281883
Train Epoch: 0 [4800/20461 (23%)]	Loss: 0.285812
Train Epoch: 0 [9600/20461 (47%)]	Loss: 0.142946
Train Epoch: 0 [14400/20461 (70%)]	Loss: 0.021890
Train Epoch: 0 [19200/20461 (94%)]	Loss: 0.255526
====> Epoch: 0 Average loss: 0.0157
Train Epoch: 1 [0/20461 (0%)]	Loss: 0.168515
Train Epoch: 1 [4800/20461 (23%)]	Loss: 0.246464
Train Epoch: 1 [9600/20461 (47%)]	Loss: 0.200745
Train Epoch: 1 [14400/20461 (70%)]	Loss: 0.047309
Train Epoch: 1 [19200/20461 (94%)]	Loss: 0.282835
====> Epoch: 1 Average loss: 0.0140
Train Epoch: 2 [0/20461 (0%)]	Loss: 0.111805
Train Epoch: 2 [4800/20461 (23%)]	Loss: 0.276934
Train Epoch: 2 [9600/20461 (47%)]	Loss: 0.260382
Train Epoch: 2 [14400/20461 (70%)]	Loss: 0.092349
Train Epoch: 2 [19200/20461 (94%)]	Loss: 0.096095
====> Epoch: 2 Average loss: 0.0124
Train Epoch: 3 [0/20461 (0%)]	Loss: 0.268356
Train Epoch: 3 [4800/20461 (23%)]	Loss: 0.020436
Train Epoch: 3 [9600/20461 (47%)]	Loss: 0.128483
Train Epoch: 3 [14400/20461 (70%)]	Loss: 0.077177
Train Epoch: 3 [19200/20461 (94%)]	Loss: 0.137456
====> Epoch: 3 Average loss: 0.0109
Train Epoch: 4 [0/20461 (0%)]	Loss: 0.100823
Train Epoch: 4 [4800/20461 (23%)]	Loss: 0.189129
Train Epoch: 4 [9600/20461 (47%)]	Loss: 0.305041
Train Epoch: 4 [14400/20461 (70%)]	Loss: 0.169543
Train Epoch: 4 [19200/20461 (94%)]	Loss: 0.579387
====> Epoch: 4 Average loss: 0.0106
Train Epoch: 5 [0/20461 (0%)]	Loss: 0.136340
Train Epoch: 5 [4800/20461 (23%)]	Loss: 0.128845
Train Epoch: 5 [9600/20461 (47%)]	Loss: 0.055599
Train Epoch: 5 [14400/20461 (70%)]	Loss: 0.114187
Train Epoch: 5 [19200/20461 (94%)]	Loss: 0.403542
====> Epoch: 5 Average loss: 0.0106
Train Epoch: 6 [0/20461 (0%)]	Loss: 0.060810
Train Epoch: 6 [4800/20461 (23%)]	Loss: 0.107830
Train Epoch: 6 [9600/20461 (47%)]	Loss: 0.173985
Train Epoch: 6 [14400/20461 (70%)]	Loss: 0.109197
Train Epoch: 6 [19200/20461 (94%)]	Loss: 0.036745
====> Epoch: 6 Average loss: 0.0100
Train Epoch: 7 [0/20461 (0%)]	Loss: 0.090294
Train Epoch: 7 [4800/20461 (23%)]	Loss: 0.127012
Train Epoch: 7 [9600/20461 (47%)]	Loss: 0.214913
Train Epoch: 7 [14400/20461 (70%)]	Loss: 0.024129
Train Epoch: 7 [19200/20461 (94%)]	Loss: 0.183078
====> Epoch: 7 Average loss: 0.0099
Train Epoch: 8 [0/20461 (0%)]	Loss: 0.786928
Train Epoch: 8 [4800/20461 (23%)]	Loss: 0.079479
Train Epoch: 8 [9600/20461 (47%)]	Loss: 0.297299
Train Epoch: 8 [14400/20461 (70%)]	Loss: 0.137313
Train Epoch: 8 [19200/20461 (94%)]	Loss: 0.177647
====> Epoch: 8 Average loss: 0.0100
INFO:__main__: remove 1000 uncertain samples from du
Train Epoch: 9 [0/20461 (0%)]	Loss: 0.098056
Train Epoch: 9 [4800/20461 (23%)]	Loss: 0.092601
Train Epoch: 9 [9600/20461 (47%)]	Loss: 0.056911
Train Epoch: 9 [14400/20461 (70%)]	Loss: 0.043333
Train Epoch: 9 [19200/20461 (94%)]	Loss: 0.134411
====> Epoch: 9 Average loss: 0.0096
INFO:__main__: Iteration: 16: run prediction on unlabeled data `du` 
Iteration: 15, len(dl): 20461, len(du): 5528, len(dh) 0, acc: 55.67309332878349 
INFO:__main__: Update size of `dl`  and `du` by adding uncertain 1000 samples in `dl` len(dl): 21461, len(du) 5528
INFO:__main__: Update size of `dl`  and `du` by adding 0 hcs samples in `dl` len(dl): 21461, len(du) 5528
INFO:__main__: Iteration: 16 fine-tune the model on dh U dl
Train Epoch: 0 [0/21461 (0%)]	Loss: 0.062148
Train Epoch: 0 [4800/21461 (22%)]	Loss: 1.021357
Train Epoch: 0 [9600/21461 (45%)]	Loss: 0.141011
Train Epoch: 0 [14400/21461 (67%)]	Loss: 0.131376
Train Epoch: 0 [19200/21461 (89%)]	Loss: 0.062516
====> Epoch: 0 Average loss: 0.0156
Train Epoch: 1 [0/21461 (0%)]	Loss: 0.070448
Train Epoch: 1 [4800/21461 (22%)]	Loss: 0.062797
Train Epoch: 1 [9600/21461 (45%)]	Loss: 0.060020
Train Epoch: 1 [14400/21461 (67%)]	Loss: 0.055556
Train Epoch: 1 [19200/21461 (89%)]	Loss: 0.212207
====> Epoch: 1 Average loss: 0.0136
Train Epoch: 2 [0/21461 (0%)]	Loss: 0.174873
Train Epoch: 2 [4800/21461 (22%)]	Loss: 0.638361
Train Epoch: 2 [9600/21461 (45%)]	Loss: 0.022217
Train Epoch: 2 [14400/21461 (67%)]	Loss: 0.165438
Train Epoch: 2 [19200/21461 (89%)]	Loss: 0.071095
====> Epoch: 2 Average loss: 0.0124
